{"/home/runner/work/crm-inventory-missreceipt/crm-inventory-missreceipt/backend/src/controllers/adminController.js": {"path":"/home/runner/work/crm-inventory-missreceipt/crm-inventory-missreceipt/backend/src/controllers/adminController.js","statementMap":{"0":{"start":{"line":6,"column":15},"end":{"line":6,"column":34}},"1":{"start":{"line":7,"column":15},"end":{"line":7,"column":32}},"2":{"start":{"line":8,"column":15},"end":{"line":8,"column":44}},"3":{"start":{"line":15,"column":2},"end":{"line":35,"column":3}},"4":{"start":{"line":16,"column":38},"end":{"line":16,"column":46}},"5":{"start":{"line":18,"column":4},"end":{"line":20,"column":5}},"6":{"start":{"line":19,"column":6},"end":{"line":19,"column":81}},"7":{"start":{"line":22,"column":23},"end":{"line":22,"column":51}},"8":{"start":{"line":23,"column":21},"end":{"line":23,"column":70}},"9":{"start":{"line":25,"column":25},"end":{"line":25,"column":56}},"10":{"start":{"line":27,"column":17},"end":{"line":30,"column":6}},"11":{"start":{"line":32,"column":4},"end":{"line":32,"column":38}},"12":{"start":{"line":34,"column":4},"end":{"line":34,"column":14}},"13":{"start":{"line":43,"column":2},"end":{"line":61,"column":3}},"14":{"start":{"line":44,"column":17},"end":{"line":44,"column":59}},"15":{"start":{"line":45,"column":18},"end":{"line":45,"column":64}},"16":{"start":{"line":46,"column":17},"end":{"line":46,"column":35}},"17":{"start":{"line":48,"column":27},"end":{"line":56,"column":6}},"18":{"start":{"line":58,"column":4},"end":{"line":58,"column":51}},"19":{"start":{"line":60,"column":4},"end":{"line":60,"column":14}},"20":{"start":{"line":69,"column":2},"end":{"line":92,"column":3}},"21":{"start":{"line":70,"column":19},"end":{"line":70,"column":42}},"22":{"start":{"line":71,"column":38},"end":{"line":71,"column":46}},"23":{"start":{"line":73,"column":23},"end":{"line":73,"column":51}},"24":{"start":{"line":74,"column":17},"end":{"line":74,"column":19}},"25":{"start":{"line":75,"column":4},"end":{"line":75,"column":34}},"26":{"start":{"line":75,"column":15},"end":{"line":75,"column":34}},"27":{"start":{"line":76,"column":4},"end":{"line":76,"column":60}},"28":{"start":{"line":76,"column":43},"end":{"line":76,"column":60}},"29":{"start":{"line":77,"column":4},"end":{"line":77,"column":64}},"30":{"start":{"line":77,"column":39},"end":{"line":77,"column":64}},"31":{"start":{"line":79,"column":4},"end":{"line":81,"column":5}},"32":{"start":{"line":80,"column":6},"end":{"line":80,"column":85}},"33":{"start":{"line":83,"column":17},"end":{"line":87,"column":6}},"34":{"start":{"line":89,"column":4},"end":{"line":89,"column":26}},"35":{"start":{"line":91,"column":4},"end":{"line":91,"column":14}},"36":{"start":{"line":101,"column":2},"end":{"line":131,"column":3}},"37":{"start":{"line":102,"column":19},"end":{"line":102,"column":42}},"38":{"start":{"line":105,"column":4},"end":{"line":107,"column":5}},"39":{"start":{"line":106,"column":6},"end":{"line":106,"column":81}},"40":{"start":{"line":110,"column":23},"end":{"line":110,"column":78}},"41":{"start":{"line":111,"column":4},"end":{"line":113,"column":5}},"42":{"start":{"line":112,"column":6},"end":{"line":112,"column":64}},"43":{"start":{"line":114,"column":4},"end":{"line":121,"column":5}},"44":{"start":{"line":115,"column":25},"end":{"line":117,"column":8}},"45":{"start":{"line":118,"column":6},"end":{"line":120,"column":7}},"46":{"start":{"line":119,"column":8},"end":{"line":119,"column":88}},"47":{"start":{"line":123,"column":4},"end":{"line":126,"column":7}},"48":{"start":{"line":128,"column":4},"end":{"line":128,"column":64}},"49":{"start":{"line":130,"column":4},"end":{"line":130,"column":14}},"50":{"start":{"line":139,"column":2},"end":{"line":157,"column":3}},"51":{"start":{"line":140,"column":19},"end":{"line":140,"column":42}},"52":{"start":{"line":143,"column":24},"end":{"line":143,"column":61}},"53":{"start":{"line":144,"column":25},"end":{"line":144,"column":59}},"54":{"start":{"line":146,"column":4},"end":{"line":149,"column":7}},"55":{"start":{"line":151,"column":4},"end":{"line":154,"column":7}},"56":{"start":{"line":156,"column":4},"end":{"line":156,"column":14}},"57":{"start":{"line":160,"column":0},"end":{"line":160,"column":82}}},"fnMap":{"0":{"name":"createUser","decl":{"start":{"line":14,"column":15},"end":{"line":14,"column":25}},"loc":{"start":{"line":14,"column":42},"end":{"line":36,"column":1}},"line":14},"1":{"name":"listUsers","decl":{"start":{"line":42,"column":15},"end":{"line":42,"column":24}},"loc":{"start":{"line":42,"column":41},"end":{"line":62,"column":1}},"line":42},"2":{"name":"updateUser","decl":{"start":{"line":68,"column":15},"end":{"line":68,"column":25}},"loc":{"start":{"line":68,"column":42},"end":{"line":93,"column":1}},"line":68},"3":{"name":"deleteUser","decl":{"start":{"line":100,"column":15},"end":{"line":100,"column":25}},"loc":{"start":{"line":100,"column":42},"end":{"line":132,"column":1}},"line":100},"4":{"name":"resetPassword","decl":{"start":{"line":138,"column":15},"end":{"line":138,"column":28}},"loc":{"start":{"line":138,"column":45},"end":{"line":158,"column":1}},"line":138}},"branchMap":{"0":{"loc":{"start":{"line":18,"column":4},"end":{"line":20,"column":5}},"type":"if","locations":[{"start":{"line":18,"column":4},"end":{"line":20,"column":5}},{"start":{},"end":{}}],"line":18},"1":{"loc":{"start":{"line":18,"column":8},"end":{"line":18,"column":27}},"type":"binary-expr","locations":[{"start":{"line":18,"column":8},"end":{"line":18,"column":14}},{"start":{"line":18,"column":18},"end":{"line":18,"column":27}}],"line":18},"2":{"loc":{"start":{"line":23,"column":21},"end":{"line":23,"column":70}},"type":"cond-expr","locations":[{"start":{"line":23,"column":57},"end":{"line":23,"column":61}},{"start":{"line":23,"column":64},"end":{"line":23,"column":70}}],"line":23},"3":{"loc":{"start":{"line":23,"column":21},"end":{"line":23,"column":54}},"type":"binary-expr","locations":[{"start":{"line":23,"column":21},"end":{"line":23,"column":25}},{"start":{"line":23,"column":29},"end":{"line":23,"column":54}}],"line":23},"4":{"loc":{"start":{"line":44,"column":29},"end":{"line":44,"column":58}},"type":"binary-expr","locations":[{"start":{"line":44,"column":29},"end":{"line":44,"column":53}},{"start":{"line":44,"column":57},"end":{"line":44,"column":58}}],"line":44},"5":{"loc":{"start":{"line":45,"column":32},"end":{"line":45,"column":63}},"type":"binary-expr","locations":[{"start":{"line":45,"column":32},"end":{"line":45,"column":57}},{"start":{"line":45,"column":61},"end":{"line":45,"column":63}}],"line":45},"6":{"loc":{"start":{"line":75,"column":4},"end":{"line":75,"column":34}},"type":"if","locations":[{"start":{"line":75,"column":4},"end":{"line":75,"column":34}},{"start":{},"end":{}}],"line":75},"7":{"loc":{"start":{"line":76,"column":4},"end":{"line":76,"column":60}},"type":"if","locations":[{"start":{"line":76,"column":4},"end":{"line":76,"column":60}},{"start":{},"end":{}}],"line":76},"8":{"loc":{"start":{"line":76,"column":8},"end":{"line":76,"column":41}},"type":"binary-expr","locations":[{"start":{"line":76,"column":8},"end":{"line":76,"column":12}},{"start":{"line":76,"column":16},"end":{"line":76,"column":41}}],"line":76},"9":{"loc":{"start":{"line":77,"column":4},"end":{"line":77,"column":64}},"type":"if","locations":[{"start":{"line":77,"column":4},"end":{"line":77,"column":64}},{"start":{},"end":{}}],"line":77},"10":{"loc":{"start":{"line":79,"column":4},"end":{"line":81,"column":5}},"type":"if","locations":[{"start":{"line":79,"column":4},"end":{"line":81,"column":5}},{"start":{},"end":{}}],"line":79},"11":{"loc":{"start":{"line":105,"column":4},"end":{"line":107,"column":5}},"type":"if","locations":[{"start":{"line":105,"column":4},"end":{"line":107,"column":5}},{"start":{},"end":{}}],"line":105},"12":{"loc":{"start":{"line":111,"column":4},"end":{"line":113,"column":5}},"type":"if","locations":[{"start":{"line":111,"column":4},"end":{"line":113,"column":5}},{"start":{},"end":{}}],"line":111},"13":{"loc":{"start":{"line":114,"column":4},"end":{"line":121,"column":5}},"type":"if","locations":[{"start":{"line":114,"column":4},"end":{"line":121,"column":5}},{"start":{},"end":{}}],"line":114},"14":{"loc":{"start":{"line":118,"column":6},"end":{"line":120,"column":7}},"type":"if","locations":[{"start":{"line":118,"column":6},"end":{"line":120,"column":7}},{"start":{},"end":{}}],"line":118}},"s":{"0":0,"1":0,"2":0,"3":0,"4":0,"5":0,"6":0,"7":0,"8":0,"9":0,"10":0,"11":0,"12":0,"13":0,"14":0,"15":0,"16":0,"17":0,"18":0,"19":0,"20":0,"21":0,"22":0,"23":0,"24":0,"25":0,"26":0,"27":0,"28":0,"29":0,"30":0,"31":0,"32":0,"33":0,"34":0,"35":0,"36":0,"37":0,"38":0,"39":0,"40":0,"41":0,"42":0,"43":0,"44":0,"45":0,"46":0,"47":0,"48":0,"49":0,"50":0,"51":0,"52":0,"53":0,"54":0,"55":0,"56":0,"57":0},"f":{"0":0,"1":0,"2":0,"3":0,"4":0},"b":{"0":[0,0],"1":[0,0],"2":[0,0],"3":[0,0],"4":[0,0],"5":[0,0],"6":[0,0],"7":[0,0],"8":[0,0],"9":[0,0],"10":[0,0],"11":[0,0],"12":[0,0],"13":[0,0],"14":[0,0]}}
,"/home/runner/work/crm-inventory-missreceipt/crm-inventory-missreceipt/backend/src/controllers/authController.js": {"path":"/home/runner/work/crm-inventory-missreceipt/crm-inventory-missreceipt/backend/src/controllers/authController.js","statementMap":{"0":{"start":{"line":6,"column":15},"end":{"line":6,"column":34}},"1":{"start":{"line":7,"column":12},"end":{"line":7,"column":35}},"2":{"start":{"line":8,"column":15},"end":{"line":8,"column":44}},"3":{"start":{"line":15,"column":2},"end":{"line":62,"column":3}},"4":{"start":{"line":16,"column":32},"end":{"line":16,"column":40}},"5":{"start":{"line":18,"column":4},"end":{"line":20,"column":5}},"6":{"start":{"line":19,"column":6},"end":{"line":19,"column":81}},"7":{"start":{"line":23,"column":17},"end":{"line":23,"column":67}},"8":{"start":{"line":24,"column":4},"end":{"line":26,"column":5}},"9":{"start":{"line":25,"column":6},"end":{"line":25,"column":69}},"10":{"start":{"line":29,"column":4},"end":{"line":31,"column":5}},"11":{"start":{"line":30,"column":6},"end":{"line":30,"column":97}},"12":{"start":{"line":34,"column":18},"end":{"line":34,"column":67}},"13":{"start":{"line":35,"column":4},"end":{"line":37,"column":5}},"14":{"start":{"line":36,"column":6},"end":{"line":36,"column":69}},"15":{"start":{"line":40,"column":18},"end":{"line":44,"column":5}},"16":{"start":{"line":47,"column":4},"end":{"line":54,"column":7}},"17":{"start":{"line":56,"column":4},"end":{"line":59,"column":7}},"18":{"start":{"line":61,"column":4},"end":{"line":61,"column":14}},"19":{"start":{"line":70,"column":2},"end":{"line":84,"column":3}},"20":{"start":{"line":71,"column":4},"end":{"line":80,"column":5}},"21":{"start":{"line":72,"column":6},"end":{"line":79,"column":9}},"22":{"start":{"line":81,"column":4},"end":{"line":81,"column":61}},"23":{"start":{"line":83,"column":4},"end":{"line":83,"column":14}},"24":{"start":{"line":92,"column":2},"end":{"line":105,"column":3}},"25":{"start":{"line":93,"column":17},"end":{"line":96,"column":6}},"26":{"start":{"line":98,"column":4},"end":{"line":100,"column":5}},"27":{"start":{"line":99,"column":6},"end":{"line":99,"column":64}},"28":{"start":{"line":102,"column":4},"end":{"line":102,"column":26}},"29":{"start":{"line":104,"column":4},"end":{"line":104,"column":14}},"30":{"start":{"line":108,"column":0},"end":{"line":108,"column":39}}},"fnMap":{"0":{"name":"login","decl":{"start":{"line":14,"column":15},"end":{"line":14,"column":20}},"loc":{"start":{"line":14,"column":37},"end":{"line":63,"column":1}},"line":14},"1":{"name":"logout","decl":{"start":{"line":69,"column":15},"end":{"line":69,"column":21}},"loc":{"start":{"line":69,"column":38},"end":{"line":85,"column":1}},"line":69},"2":{"name":"me","decl":{"start":{"line":91,"column":15},"end":{"line":91,"column":17}},"loc":{"start":{"line":91,"column":34},"end":{"line":106,"column":1}},"line":91}},"branchMap":{"0":{"loc":{"start":{"line":18,"column":4},"end":{"line":20,"column":5}},"type":"if","locations":[{"start":{"line":18,"column":4},"end":{"line":20,"column":5}},{"start":{},"end":{}}],"line":18},"1":{"loc":{"start":{"line":18,"column":8},"end":{"line":18,"column":27}},"type":"binary-expr","locations":[{"start":{"line":18,"column":8},"end":{"line":18,"column":14}},{"start":{"line":18,"column":18},"end":{"line":18,"column":27}}],"line":18},"2":{"loc":{"start":{"line":24,"column":4},"end":{"line":26,"column":5}},"type":"if","locations":[{"start":{"line":24,"column":4},"end":{"line":26,"column":5}},{"start":{},"end":{}}],"line":24},"3":{"loc":{"start":{"line":29,"column":4},"end":{"line":31,"column":5}},"type":"if","locations":[{"start":{"line":29,"column":4},"end":{"line":31,"column":5}},{"start":{},"end":{}}],"line":29},"4":{"loc":{"start":{"line":35,"column":4},"end":{"line":37,"column":5}},"type":"if","locations":[{"start":{"line":35,"column":4},"end":{"line":37,"column":5}},{"start":{},"end":{}}],"line":35},"5":{"loc":{"start":{"line":43,"column":19},"end":{"line":43,"column":54}},"type":"binary-expr","locations":[{"start":{"line":43,"column":19},"end":{"line":43,"column":45}},{"start":{"line":43,"column":49},"end":{"line":43,"column":54}}],"line":43},"6":{"loc":{"start":{"line":71,"column":4},"end":{"line":80,"column":5}},"type":"if","locations":[{"start":{"line":71,"column":4},"end":{"line":80,"column":5}},{"start":{},"end":{}}],"line":71},"7":{"loc":{"start":{"line":98,"column":4},"end":{"line":100,"column":5}},"type":"if","locations":[{"start":{"line":98,"column":4},"end":{"line":100,"column":5}},{"start":{},"end":{}}],"line":98}},"s":{"0":0,"1":0,"2":0,"3":0,"4":0,"5":0,"6":0,"7":0,"8":0,"9":0,"10":0,"11":0,"12":0,"13":0,"14":0,"15":0,"16":0,"17":0,"18":0,"19":0,"20":0,"21":0,"22":0,"23":0,"24":0,"25":0,"26":0,"27":0,"28":0,"29":0,"30":0},"f":{"0":0,"1":0,"2":0},"b":{"0":[0,0],"1":[0,0],"2":[0,0],"3":[0,0],"4":[0,0],"5":[0,0],"6":[0,0],"7":[0,0]}}
,"/home/runner/work/crm-inventory-missreceipt/crm-inventory-missreceipt/backend/src/controllers/inventoryController.js": {"path":"/home/runner/work/crm-inventory-missreceipt/crm-inventory-missreceipt/backend/src/controllers/inventoryController.js","statementMap":{"0":{"start":{"line":6,"column":18},"end":{"line":6,"column":43}},"1":{"start":{"line":7,"column":14},"end":{"line":7,"column":30}},"2":{"start":{"line":8,"column":15},"end":{"line":8,"column":44}},"3":{"start":{"line":11,"column":32},"end":{"line":11,"column":46}},"4":{"start":{"line":12,"column":30},"end":{"line":12,"column":59}},"5":{"start":{"line":16,"column":24},"end":{"line":24,"column":1}},"6":{"start":{"line":29,"column":23},"end":{"line":56,"column":1}},"7":{"start":{"line":66,"column":21},"end":{"line":66,"column":23}},"8":{"start":{"line":67,"column":2},"end":{"line":88,"column":3}},"9":{"start":{"line":68,"column":21},"end":{"line":68,"column":45}},"10":{"start":{"line":69,"column":4},"end":{"line":79,"column":5}},"11":{"start":{"line":70,"column":21},"end":{"line":70,"column":32}},"12":{"start":{"line":71,"column":21},"end":{"line":71,"column":35}},"13":{"start":{"line":72,"column":27},"end":{"line":72,"column":72}},"14":{"start":{"line":73,"column":6},"end":{"line":75,"column":7}},"15":{"start":{"line":74,"column":8},"end":{"line":74,"column":51}},"16":{"start":{"line":76,"column":6},"end":{"line":78,"column":7}},"17":{"start":{"line":77,"column":8},"end":{"line":77,"column":49}},"18":{"start":{"line":80,"column":22},"end":{"line":80,"column":46}},"19":{"start":{"line":81,"column":4},"end":{"line":83,"column":5}},"20":{"start":{"line":82,"column":6},"end":{"line":82,"column":36}},"21":{"start":{"line":85,"column":4},"end":{"line":87,"column":5}},"22":{"start":{"line":86,"column":6},"end":{"line":86,"column":30}},"23":{"start":{"line":89,"column":2},"end":{"line":89,"column":20}},"24":{"start":{"line":103,"column":2},"end":{"line":105,"column":3}},"25":{"start":{"line":104,"column":4},"end":{"line":104,"column":33}},"26":{"start":{"line":106,"column":2},"end":{"line":108,"column":3}},"27":{"start":{"line":107,"column":4},"end":{"line":107,"column":36}},"28":{"start":{"line":109,"column":14},"end":{"line":109,"column":49}},"29":{"start":{"line":110,"column":2},"end":{"line":112,"column":3}},"30":{"start":{"line":111,"column":4},"end":{"line":111,"column":50}},"31":{"start":{"line":113,"column":53},"end":{"line":113,"column":89}},"32":{"start":{"line":114,"column":2},"end":{"line":116,"column":3}},"33":{"start":{"line":115,"column":4},"end":{"line":115,"column":21}},"34":{"start":{"line":118,"column":2},"end":{"line":118,"column":49}},"35":{"start":{"line":120,"column":21},"end":{"line":120,"column":49}},"36":{"start":{"line":121,"column":2},"end":{"line":126,"column":3}},"37":{"start":{"line":122,"column":4},"end":{"line":122,"column":66}},"38":{"start":{"line":123,"column":4},"end":{"line":125,"column":5}},"39":{"start":{"line":124,"column":6},"end":{"line":124,"column":42}},"40":{"start":{"line":127,"column":2},"end":{"line":129,"column":3}},"41":{"start":{"line":128,"column":4},"end":{"line":128,"column":44}},"42":{"start":{"line":130,"column":2},"end":{"line":130,"column":14}},"43":{"start":{"line":138,"column":2},"end":{"line":138,"column":24}},"44":{"start":{"line":138,"column":12},"end":{"line":138,"column":24}},"45":{"start":{"line":139,"column":16},"end":{"line":139,"column":30}},"46":{"start":{"line":140,"column":2},"end":{"line":140,"column":52}},"47":{"start":{"line":148,"column":2},"end":{"line":148,"column":22}},"48":{"start":{"line":148,"column":12},"end":{"line":148,"column":22}},"49":{"start":{"line":149,"column":18},"end":{"line":149,"column":28}},"50":{"start":{"line":150,"column":16},"end":{"line":150,"column":36}},"51":{"start":{"line":151,"column":2},"end":{"line":151,"column":29}},"52":{"start":{"line":166,"column":14},"end":{"line":166,"column":42}},"53":{"start":{"line":167,"column":2},"end":{"line":167,"column":55}},"54":{"start":{"line":167,"column":12},"end":{"line":167,"column":55}},"55":{"start":{"line":170,"column":19},"end":{"line":170,"column":40}},"56":{"start":{"line":171,"column":14},"end":{"line":171,"column":48}},"57":{"start":{"line":172,"column":16},"end":{"line":172,"column":35}},"58":{"start":{"line":173,"column":2},"end":{"line":175,"column":3}},"59":{"start":{"line":174,"column":4},"end":{"line":174,"column":64}},"60":{"start":{"line":177,"column":15},"end":{"line":177,"column":42}},"61":{"start":{"line":177,"column":32},"end":{"line":177,"column":41}},"62":{"start":{"line":178,"column":2},"end":{"line":180,"column":3}},"63":{"start":{"line":178,"column":23},"end":{"line":178,"column":42}},"64":{"start":{"line":179,"column":4},"end":{"line":179,"column":64}},"65":{"start":{"line":182,"column":18},"end":{"line":182,"column":22}},"66":{"start":{"line":187,"column":2},"end":{"line":207,"column":3}},"67":{"start":{"line":189,"column":4},"end":{"line":189,"column":13}},"68":{"start":{"line":190,"column":4},"end":{"line":196,"column":5}},"69":{"start":{"line":191,"column":6},"end":{"line":191,"column":14}},"70":{"start":{"line":192,"column":6},"end":{"line":192,"column":16}},"71":{"start":{"line":194,"column":6},"end":{"line":194,"column":16}},"72":{"start":{"line":195,"column":6},"end":{"line":195,"column":14}},"73":{"start":{"line":199,"column":4},"end":{"line":199,"column":13}},"74":{"start":{"line":200,"column":4},"end":{"line":206,"column":5}},"75":{"start":{"line":201,"column":6},"end":{"line":201,"column":16}},"76":{"start":{"line":202,"column":6},"end":{"line":202,"column":14}},"77":{"start":{"line":204,"column":6},"end":{"line":204,"column":14}},"78":{"start":{"line":205,"column":6},"end":{"line":205,"column":16}},"79":{"start":{"line":209,"column":2},"end":{"line":211,"column":3}},"80":{"start":{"line":210,"column":4},"end":{"line":210,"column":64}},"81":{"start":{"line":213,"column":18},"end":{"line":213,"column":50}},"82":{"start":{"line":214,"column":19},"end":{"line":214,"column":52}},"83":{"start":{"line":215,"column":17},"end":{"line":215,"column":48}},"84":{"start":{"line":217,"column":18},"end":{"line":217,"column":58}},"85":{"start":{"line":219,"column":4},"end":{"line":221,"column":32}},"86":{"start":{"line":222,"column":2},"end":{"line":224,"column":3}},"87":{"start":{"line":223,"column":4},"end":{"line":223,"column":54}},"88":{"start":{"line":226,"column":2},"end":{"line":226,"column":74}},"89":{"start":{"line":240,"column":21},"end":{"line":240,"column":49}},"90":{"start":{"line":241,"column":2},"end":{"line":243,"column":3}},"91":{"start":{"line":242,"column":4},"end":{"line":242,"column":72}},"92":{"start":{"line":246,"column":17},"end":{"line":246,"column":99}},"93":{"start":{"line":249,"column":14},"end":{"line":249,"column":60}},"94":{"start":{"line":254,"column":16},"end":{"line":254,"column":54}},"95":{"start":{"line":256,"column":16},"end":{"line":256,"column":56}},"96":{"start":{"line":258,"column":2},"end":{"line":275,"column":4}},"97":{"start":{"line":280,"column":20},"end":{"line":280,"column":22}},"98":{"start":{"line":283,"column":22},"end":{"line":283,"column":25}},"99":{"start":{"line":294,"column":15},"end":{"line":294,"column":27}},"100":{"start":{"line":295,"column":2},"end":{"line":301,"column":3}},"101":{"start":{"line":296,"column":4},"end":{"line":300,"column":5}},"102":{"start":{"line":297,"column":6},"end":{"line":297,"column":40}},"103":{"start":{"line":299,"column":6},"end":{"line":299,"column":28}},"104":{"start":{"line":303,"column":2},"end":{"line":330,"column":3}},"105":{"start":{"line":307,"column":26},"end":{"line":307,"column":92}},"106":{"start":{"line":308,"column":4},"end":{"line":321,"column":5}},"107":{"start":{"line":309,"column":24},"end":{"line":309,"column":66}},"108":{"start":{"line":310,"column":31},"end":{"line":310,"column":80}},"109":{"start":{"line":311,"column":6},"end":{"line":313,"column":7}},"110":{"start":{"line":312,"column":8},"end":{"line":312,"column":52}},"111":{"start":{"line":314,"column":6},"end":{"line":316,"column":7}},"112":{"start":{"line":315,"column":8},"end":{"line":315,"column":49}},"113":{"start":{"line":317,"column":6},"end":{"line":319,"column":7}},"114":{"start":{"line":318,"column":8},"end":{"line":318,"column":32}},"115":{"start":{"line":320,"column":6},"end":{"line":320,"column":61}},"116":{"start":{"line":324,"column":22},"end":{"line":324,"column":64}},"117":{"start":{"line":325,"column":29},"end":{"line":325,"column":78}},"118":{"start":{"line":326,"column":4},"end":{"line":329,"column":5}},"119":{"start":{"line":327,"column":21},"end":{"line":327,"column":67}},"120":{"start":{"line":328,"column":6},"end":{"line":328,"column":39}},"121":{"start":{"line":334,"column":4},"end":{"line":334,"column":55}},"122":{"start":{"line":334,"column":43},"end":{"line":334,"column":55}},"123":{"start":{"line":335,"column":4},"end":{"line":339,"column":5}},"124":{"start":{"line":336,"column":22},"end":{"line":336,"column":32}},"125":{"start":{"line":337,"column":6},"end":{"line":337,"column":71}},"126":{"start":{"line":337,"column":59},"end":{"line":337,"column":71}},"127":{"start":{"line":338,"column":6},"end":{"line":338,"column":21}},"128":{"start":{"line":340,"column":4},"end":{"line":346,"column":5}},"129":{"start":{"line":341,"column":6},"end":{"line":344,"column":7}},"130":{"start":{"line":342,"column":22},"end":{"line":342,"column":38}},"131":{"start":{"line":343,"column":8},"end":{"line":343,"column":32}},"132":{"start":{"line":343,"column":19},"end":{"line":343,"column":32}},"133":{"start":{"line":345,"column":6},"end":{"line":345,"column":18}},"134":{"start":{"line":347,"column":4},"end":{"line":356,"column":5}},"135":{"start":{"line":348,"column":21},"end":{"line":348,"column":110}},"136":{"start":{"line":349,"column":6},"end":{"line":354,"column":7}},"137":{"start":{"line":350,"column":8},"end":{"line":353,"column":9}},"138":{"start":{"line":351,"column":24},"end":{"line":351,"column":45}},"139":{"start":{"line":352,"column":10},"end":{"line":352,"column":34}},"140":{"start":{"line":352,"column":21},"end":{"line":352,"column":34}},"141":{"start":{"line":355,"column":6},"end":{"line":355,"column":18}},"142":{"start":{"line":357,"column":4},"end":{"line":357,"column":16}},"143":{"start":{"line":360,"column":2},"end":{"line":360,"column":27}},"144":{"start":{"line":367,"column":2},"end":{"line":367,"column":59}},"145":{"start":{"line":367,"column":43},"end":{"line":367,"column":59}},"146":{"start":{"line":368,"column":2},"end":{"line":371,"column":3}},"147":{"start":{"line":369,"column":20},"end":{"line":369,"column":31}},"148":{"start":{"line":370,"column":4},"end":{"line":370,"column":45}},"149":{"start":{"line":372,"column":2},"end":{"line":379,"column":3}},"150":{"start":{"line":373,"column":17},"end":{"line":373,"column":37}},"151":{"start":{"line":374,"column":4},"end":{"line":374,"column":51}},"152":{"start":{"line":374,"column":35},"end":{"line":374,"column":51}},"153":{"start":{"line":375,"column":4},"end":{"line":375,"column":16}},"154":{"start":{"line":377,"column":21},"end":{"line":377,"column":33}},"155":{"start":{"line":378,"column":4},"end":{"line":378,"column":49}},"156":{"start":{"line":389,"column":21},"end":{"line":389,"column":22}},"157":{"start":{"line":390,"column":21},"end":{"line":390,"column":22}},"158":{"start":{"line":391,"column":25},"end":{"line":391,"column":27}},"159":{"start":{"line":392,"column":24},"end":{"line":392,"column":26}},"160":{"start":{"line":393,"column":23},"end":{"line":393,"column":32}},"161":{"start":{"line":397,"column":28},"end":{"line":405,"column":4}},"162":{"start":{"line":406,"column":2},"end":{"line":408,"column":3}},"163":{"start":{"line":407,"column":4},"end":{"line":407,"column":30}},"164":{"start":{"line":411,"column":21},"end":{"line":413,"column":22}},"165":{"start":{"line":417,"column":4},"end":{"line":420,"column":5}},"166":{"start":{"line":418,"column":6},"end":{"line":418,"column":81}},"167":{"start":{"line":419,"column":6},"end":{"line":419,"column":28}},"168":{"start":{"line":421,"column":4},"end":{"line":424,"column":5}},"169":{"start":{"line":422,"column":6},"end":{"line":422,"column":80}},"170":{"start":{"line":423,"column":6},"end":{"line":423,"column":27}},"171":{"start":{"line":429,"column":28},"end":{"line":429,"column":44}},"172":{"start":{"line":430,"column":4},"end":{"line":441,"column":5}},"173":{"start":{"line":431,"column":6},"end":{"line":434,"column":7}},"174":{"start":{"line":432,"column":8},"end":{"line":432,"column":99}},"175":{"start":{"line":433,"column":8},"end":{"line":433,"column":59}},"176":{"start":{"line":435,"column":6},"end":{"line":440,"column":8}},"177":{"start":{"line":443,"column":20},"end":{"line":443,"column":58}},"178":{"start":{"line":444,"column":24},"end":{"line":444,"column":47}},"179":{"start":{"line":446,"column":4},"end":{"line":448,"column":5}},"180":{"start":{"line":447,"column":6},"end":{"line":447,"column":51}},"181":{"start":{"line":450,"column":4},"end":{"line":509,"column":5}},"182":{"start":{"line":451,"column":26},"end":{"line":457,"column":8}},"183":{"start":{"line":458,"column":27},"end":{"line":461,"column":7}},"184":{"start":{"line":462,"column":28},"end":{"line":462,"column":64}},"185":{"start":{"line":463,"column":6},"end":{"line":481,"column":7}},"186":{"start":{"line":464,"column":32},"end":{"line":464,"column":93}},"187":{"start":{"line":465,"column":36},"end":{"line":467,"column":16}},"188":{"start":{"line":468,"column":8},"end":{"line":470,"column":10}},"189":{"start":{"line":471,"column":8},"end":{"line":480,"column":10}},"190":{"start":{"line":482,"column":6},"end":{"line":482,"column":184}},"191":{"start":{"line":483,"column":6},"end":{"line":489,"column":8}},"192":{"start":{"line":492,"column":8},"end":{"line":495,"column":26}},"193":{"start":{"line":496,"column":24},"end":{"line":499,"column":7}},"194":{"start":{"line":500,"column":6},"end":{"line":500,"column":213}},"195":{"start":{"line":501,"column":6},"end":{"line":508,"column":8}},"196":{"start":{"line":513,"column":2},"end":{"line":564,"column":3}},"197":{"start":{"line":513,"column":24},"end":{"line":513,"column":25}},"198":{"start":{"line":514,"column":21},"end":{"line":514,"column":71}},"199":{"start":{"line":515,"column":18},"end":{"line":515,"column":53}},"200":{"start":{"line":517,"column":25},"end":{"line":519,"column":5}},"201":{"start":{"line":518,"column":30},"end":{"line":518,"column":67}},"202":{"start":{"line":521,"column":4},"end":{"line":552,"column":5}},"203":{"start":{"line":522,"column":6},"end":{"line":551,"column":7}},"204":{"start":{"line":523,"column":8},"end":{"line":523,"column":23}},"205":{"start":{"line":524,"column":8},"end":{"line":530,"column":11}},"206":{"start":{"line":531,"column":8},"end":{"line":531,"column":41}},"207":{"start":{"line":532,"column":13},"end":{"line":551,"column":7}},"208":{"start":{"line":535,"column":8},"end":{"line":535,"column":23}},"209":{"start":{"line":536,"column":13},"end":{"line":551,"column":7}},"210":{"start":{"line":538,"column":8},"end":{"line":538,"column":23}},"211":{"start":{"line":540,"column":8},"end":{"line":540,"column":23}},"212":{"start":{"line":541,"column":8},"end":{"line":550,"column":11}},"213":{"start":{"line":555,"column":4},"end":{"line":557,"column":5}},"214":{"start":{"line":556,"column":6},"end":{"line":556,"column":27}},"215":{"start":{"line":560,"column":4},"end":{"line":563,"column":7}},"216":{"start":{"line":567,"column":2},"end":{"line":567,"column":23}},"217":{"start":{"line":570,"column":22},"end":{"line":570,"column":98}},"218":{"start":{"line":571,"column":2},"end":{"line":578,"column":5}},"219":{"start":{"line":580,"column":2},"end":{"line":580,"column":164}},"220":{"start":{"line":590,"column":2},"end":{"line":650,"column":3}},"221":{"start":{"line":591,"column":4},"end":{"line":593,"column":5}},"222":{"start":{"line":592,"column":6},"end":{"line":592,"column":70}},"223":{"start":{"line":595,"column":29},"end":{"line":595,"column":62}},"224":{"start":{"line":596,"column":4},"end":{"line":598,"column":5}},"225":{"start":{"line":597,"column":6},"end":{"line":597,"column":79}},"226":{"start":{"line":601,"column":20},"end":{"line":606,"column":6}},"227":{"start":{"line":608,"column":4},"end":{"line":610,"column":5}},"228":{"start":{"line":609,"column":6},"end":{"line":609,"column":67}},"229":{"start":{"line":613,"column":4},"end":{"line":615,"column":5}},"230":{"start":{"line":613,"column":17},"end":{"line":613,"column":18}},"231":{"start":{"line":614,"column":6},"end":{"line":614,"column":44}},"232":{"start":{"line":618,"column":19},"end":{"line":626,"column":6}},"233":{"start":{"line":630,"column":4},"end":{"line":636,"column":7}},"234":{"start":{"line":639,"column":4},"end":{"line":647,"column":7}},"235":{"start":{"line":640,"column":6},"end":{"line":640,"column":79}},"236":{"start":{"line":641,"column":6},"end":{"line":646,"column":9}},"237":{"start":{"line":645,"column":8},"end":{"line":645,"column":113}},"238":{"start":{"line":649,"column":4},"end":{"line":649,"column":14}},"239":{"start":{"line":659,"column":2},"end":{"line":682,"column":3}},"240":{"start":{"line":660,"column":17},"end":{"line":660,"column":59}},"241":{"start":{"line":661,"column":18},"end":{"line":661,"column":64}},"242":{"start":{"line":662,"column":17},"end":{"line":662,"column":35}},"243":{"start":{"line":666,"column":6},"end":{"line":666,"column":61}},"244":{"start":{"line":668,"column":29},"end":{"line":677,"column":6}},"245":{"start":{"line":679,"column":4},"end":{"line":679,"column":53}},"246":{"start":{"line":681,"column":4},"end":{"line":681,"column":14}},"247":{"start":{"line":690,"column":2},"end":{"line":719,"column":3}},"248":{"start":{"line":691,"column":21},"end":{"line":691,"column":44}},"249":{"start":{"line":692,"column":4},"end":{"line":694,"column":5}},"250":{"start":{"line":693,"column":6},"end":{"line":693,"column":67}},"251":{"start":{"line":697,"column":19},"end":{"line":697,"column":87}},"252":{"start":{"line":698,"column":4},"end":{"line":700,"column":5}},"253":{"start":{"line":699,"column":6},"end":{"line":699,"column":66}},"254":{"start":{"line":701,"column":4},"end":{"line":703,"column":5}},"255":{"start":{"line":702,"column":6},"end":{"line":702,"column":63}},"256":{"start":{"line":705,"column":21},"end":{"line":708,"column":6}},"257":{"start":{"line":711,"column":27},"end":{"line":714,"column":7}},"258":{"start":{"line":711,"column":48},"end":{"line":714,"column":5}},"259":{"start":{"line":713,"column":24},"end":{"line":713,"column":89}},"260":{"start":{"line":713,"column":30},"end":{"line":713,"column":59}},"261":{"start":{"line":713,"column":70},"end":{"line":713,"column":87}},"262":{"start":{"line":716,"column":4},"end":{"line":716,"column":58}},"263":{"start":{"line":718,"column":4},"end":{"line":718,"column":14}},"264":{"start":{"line":727,"column":2},"end":{"line":903,"column":3}},"265":{"start":{"line":728,"column":21},"end":{"line":728,"column":44}},"266":{"start":{"line":729,"column":4},"end":{"line":731,"column":5}},"267":{"start":{"line":730,"column":6},"end":{"line":730,"column":67}},"268":{"start":{"line":733,"column":19},"end":{"line":733,"column":87}},"269":{"start":{"line":734,"column":4},"end":{"line":736,"column":5}},"270":{"start":{"line":735,"column":6},"end":{"line":735,"column":66}},"271":{"start":{"line":737,"column":4},"end":{"line":739,"column":5}},"272":{"start":{"line":738,"column":6},"end":{"line":738,"column":63}},"273":{"start":{"line":741,"column":21},"end":{"line":741,"column":90}},"274":{"start":{"line":742,"column":4},"end":{"line":744,"column":5}},"275":{"start":{"line":743,"column":6},"end":{"line":743,"column":60}},"276":{"start":{"line":746,"column":23},"end":{"line":748,"column":24}},"277":{"start":{"line":751,"column":25},"end":{"line":751,"column":34}},"278":{"start":{"line":752,"column":22},"end":{"line":752,"column":45}},"279":{"start":{"line":753,"column":30},"end":{"line":761,"column":6}},"280":{"start":{"line":762,"column":4},"end":{"line":764,"column":5}},"281":{"start":{"line":763,"column":6},"end":{"line":763,"column":32}},"282":{"start":{"line":766,"column":23},"end":{"line":766,"column":24}},"283":{"start":{"line":767,"column":20},"end":{"line":767,"column":21}},"284":{"start":{"line":768,"column":25},"end":{"line":768,"column":27}},"285":{"start":{"line":771,"column":4},"end":{"line":886,"column":5}},"286":{"start":{"line":771,"column":26},"end":{"line":771,"column":27}},"287":{"start":{"line":772,"column":20},"end":{"line":772,"column":99}},"288":{"start":{"line":774,"column":27},"end":{"line":842,"column":9}},"289":{"start":{"line":775,"column":27},"end":{"line":775,"column":118}},"290":{"start":{"line":775,"column":36},"end":{"line":775,"column":113}},"291":{"start":{"line":775,"column":42},"end":{"line":775,"column":77}},"292":{"start":{"line":775,"column":88},"end":{"line":775,"column":111}},"293":{"start":{"line":778,"column":8},"end":{"line":780,"column":9}},"294":{"start":{"line":779,"column":10},"end":{"line":779,"column":45}},"295":{"start":{"line":783,"column":8},"end":{"line":785,"column":9}},"296":{"start":{"line":784,"column":10},"end":{"line":784,"column":55}},"297":{"start":{"line":787,"column":8},"end":{"line":841,"column":9}},"298":{"start":{"line":788,"column":30},"end":{"line":794,"column":12}},"299":{"start":{"line":795,"column":31},"end":{"line":798,"column":11}},"300":{"start":{"line":799,"column":32},"end":{"line":799,"column":68}},"301":{"start":{"line":800,"column":10},"end":{"line":815,"column":11}},"302":{"start":{"line":801,"column":36},"end":{"line":801,"column":97}},"303":{"start":{"line":802,"column":40},"end":{"line":804,"column":20}},"304":{"start":{"line":805,"column":12},"end":{"line":805,"column":343}},"305":{"start":{"line":806,"column":12},"end":{"line":814,"column":14}},"306":{"start":{"line":816,"column":10},"end":{"line":816,"column":213}},"307":{"start":{"line":817,"column":10},"end":{"line":822,"column":12}},"308":{"start":{"line":825,"column":12},"end":{"line":828,"column":30}},"309":{"start":{"line":829,"column":31},"end":{"line":832,"column":11}},"310":{"start":{"line":833,"column":10},"end":{"line":833,"column":193}},"311":{"start":{"line":834,"column":10},"end":{"line":840,"column":12}},"312":{"start":{"line":844,"column":6},"end":{"line":885,"column":7}},"313":{"start":{"line":845,"column":8},"end":{"line":884,"column":9}},"314":{"start":{"line":846,"column":10},"end":{"line":846,"column":25}},"315":{"start":{"line":847,"column":10},"end":{"line":847,"column":91}},"316":{"start":{"line":849,"column":10},"end":{"line":857,"column":13}},"317":{"start":{"line":858,"column":10},"end":{"line":858,"column":51}},"318":{"start":{"line":859,"column":15},"end":{"line":884,"column":9}},"319":{"start":{"line":860,"column":10},"end":{"line":860,"column":22}},"320":{"start":{"line":861,"column":10},"end":{"line":861,"column":94}},"321":{"start":{"line":862,"column":15},"end":{"line":884,"column":9}},"322":{"start":{"line":864,"column":10},"end":{"line":864,"column":91}},"323":{"start":{"line":865,"column":10},"end":{"line":865,"column":25}},"324":{"start":{"line":867,"column":10},"end":{"line":867,"column":22}},"325":{"start":{"line":868,"column":10},"end":{"line":877,"column":13}},"326":{"start":{"line":878,"column":10},"end":{"line":883,"column":13}},"327":{"start":{"line":889,"column":4},"end":{"line":896,"column":7}},"328":{"start":{"line":898,"column":4},"end":{"line":898,"column":153}},"329":{"start":{"line":900,"column":4},"end":{"line":900,"column":63}},"330":{"start":{"line":902,"column":4},"end":{"line":902,"column":14}},"331":{"start":{"line":911,"column":17},"end":{"line":911,"column":42}},"332":{"start":{"line":912,"column":17},"end":{"line":912,"column":68}},"333":{"start":{"line":914,"column":14},"end":{"line":914,"column":22}},"334":{"start":{"line":915,"column":14},"end":{"line":915,"column":44}},"335":{"start":{"line":917,"column":2},"end":{"line":917,"column":59}},"336":{"start":{"line":918,"column":2},"end":{"line":918,"column":88}},"337":{"start":{"line":919,"column":2},"end":{"line":919,"column":23}},"338":{"start":{"line":928,"column":2},"end":{"line":952,"column":3}},"339":{"start":{"line":929,"column":21},"end":{"line":929,"column":44}},"340":{"start":{"line":930,"column":4},"end":{"line":932,"column":5}},"341":{"start":{"line":931,"column":6},"end":{"line":931,"column":67}},"342":{"start":{"line":934,"column":19},"end":{"line":934,"column":87}},"343":{"start":{"line":935,"column":4},"end":{"line":937,"column":5}},"344":{"start":{"line":936,"column":6},"end":{"line":936,"column":66}},"345":{"start":{"line":938,"column":4},"end":{"line":940,"column":5}},"346":{"start":{"line":939,"column":6},"end":{"line":939,"column":63}},"347":{"start":{"line":942,"column":4},"end":{"line":949,"column":7}},"348":{"start":{"line":951,"column":4},"end":{"line":951,"column":14}},"349":{"start":{"line":961,"column":2},"end":{"line":1031,"column":3}},"350":{"start":{"line":962,"column":21},"end":{"line":962,"column":44}},"351":{"start":{"line":963,"column":4},"end":{"line":965,"column":5}},"352":{"start":{"line":964,"column":6},"end":{"line":964,"column":67}},"353":{"start":{"line":967,"column":19},"end":{"line":970,"column":6}},"354":{"start":{"line":971,"column":4},"end":{"line":973,"column":5}},"355":{"start":{"line":972,"column":6},"end":{"line":972,"column":66}},"356":{"start":{"line":974,"column":4},"end":{"line":976,"column":5}},"357":{"start":{"line":975,"column":6},"end":{"line":975,"column":63}},"358":{"start":{"line":978,"column":17},"end":{"line":978,"column":59}},"359":{"start":{"line":979,"column":18},"end":{"line":979,"column":64}},"360":{"start":{"line":980,"column":17},"end":{"line":980,"column":35}},"361":{"start":{"line":981,"column":23},"end":{"line":981,"column":46}},"362":{"start":{"line":983,"column":20},"end":{"line":983,"column":22}},"363":{"start":{"line":984,"column":19},"end":{"line":984,"column":21}},"364":{"start":{"line":985,"column":30},"end":{"line":985,"column":31}},"365":{"start":{"line":986,"column":30},"end":{"line":986,"column":31}},"366":{"start":{"line":988,"column":4},"end":{"line":1002,"column":5}},"367":{"start":{"line":989,"column":6},"end":{"line":997,"column":9}},"368":{"start":{"line":998,"column":6},"end":{"line":1001,"column":10}},"369":{"start":{"line":998,"column":40},"end":{"line":1001,"column":7}},"370":{"start":{"line":1000,"column":26},"end":{"line":1000,"column":91}},"371":{"start":{"line":1000,"column":32},"end":{"line":1000,"column":61}},"372":{"start":{"line":1000,"column":72},"end":{"line":1000,"column":89}},"373":{"start":{"line":1004,"column":4},"end":{"line":1018,"column":5}},"374":{"start":{"line":1005,"column":6},"end":{"line":1013,"column":9}},"375":{"start":{"line":1014,"column":6},"end":{"line":1017,"column":10}},"376":{"start":{"line":1014,"column":38},"end":{"line":1017,"column":7}},"377":{"start":{"line":1016,"column":26},"end":{"line":1016,"column":91}},"378":{"start":{"line":1016,"column":32},"end":{"line":1016,"column":61}},"379":{"start":{"line":1016,"column":72},"end":{"line":1016,"column":89}},"380":{"start":{"line":1020,"column":4},"end":{"line":1028,"column":7}},"381":{"start":{"line":1030,"column":4},"end":{"line":1030,"column":14}},"382":{"start":{"line":1041,"column":2},"end":{"line":1111,"column":3}},"383":{"start":{"line":1042,"column":21},"end":{"line":1042,"column":44}},"384":{"start":{"line":1043,"column":4},"end":{"line":1045,"column":5}},"385":{"start":{"line":1044,"column":6},"end":{"line":1044,"column":67}},"386":{"start":{"line":1047,"column":19},"end":{"line":1050,"column":6}},"387":{"start":{"line":1051,"column":4},"end":{"line":1053,"column":5}},"388":{"start":{"line":1052,"column":6},"end":{"line":1052,"column":66}},"389":{"start":{"line":1054,"column":4},"end":{"line":1056,"column":5}},"390":{"start":{"line":1055,"column":6},"end":{"line":1055,"column":63}},"391":{"start":{"line":1058,"column":17},"end":{"line":1058,"column":59}},"392":{"start":{"line":1059,"column":18},"end":{"line":1059,"column":65}},"393":{"start":{"line":1060,"column":19},"end":{"line":1060,"column":37}},"394":{"start":{"line":1062,"column":55},"end":{"line":1065,"column":6}},"395":{"start":{"line":1066,"column":25},"end":{"line":1066,"column":66}},"396":{"start":{"line":1068,"column":23},"end":{"line":1082,"column":5}},"397":{"start":{"line":1084,"column":22},"end":{"line":1092,"column":5}},"398":{"start":{"line":1085,"column":6},"end":{"line":1085,"column":56}},"399":{"start":{"line":1085,"column":45},"end":{"line":1085,"column":56}},"400":{"start":{"line":1086,"column":6},"end":{"line":1086,"column":46}},"401":{"start":{"line":1086,"column":35},"end":{"line":1086,"column":46}},"402":{"start":{"line":1087,"column":6},"end":{"line":1091,"column":7}},"403":{"start":{"line":1088,"column":8},"end":{"line":1088,"column":31}},"404":{"start":{"line":1090,"column":8},"end":{"line":1090,"column":19}},"405":{"start":{"line":1094,"column":20},"end":{"line":1098,"column":7}},"406":{"start":{"line":1094,"column":43},"end":{"line":1098,"column":5}},"407":{"start":{"line":1100,"column":4},"end":{"line":1108,"column":7}},"408":{"start":{"line":1110,"column":4},"end":{"line":1110,"column":14}},"409":{"start":{"line":1119,"column":2},"end":{"line":1155,"column":3}},"410":{"start":{"line":1120,"column":21},"end":{"line":1120,"column":44}},"411":{"start":{"line":1121,"column":4},"end":{"line":1123,"column":5}},"412":{"start":{"line":1122,"column":6},"end":{"line":1122,"column":67}},"413":{"start":{"line":1125,"column":19},"end":{"line":1125,"column":87}},"414":{"start":{"line":1126,"column":4},"end":{"line":1128,"column":5}},"415":{"start":{"line":1127,"column":6},"end":{"line":1127,"column":66}},"416":{"start":{"line":1129,"column":4},"end":{"line":1131,"column":5}},"417":{"start":{"line":1130,"column":6},"end":{"line":1130,"column":63}},"418":{"start":{"line":1133,"column":17},"end":{"line":1133,"column":59}},"419":{"start":{"line":1134,"column":18},"end":{"line":1134,"column":64}},"420":{"start":{"line":1135,"column":17},"end":{"line":1135,"column":35}},"421":{"start":{"line":1137,"column":31},"end":{"line":1145,"column":6}},"422":{"start":{"line":1147,"column":19},"end":{"line":1150,"column":7}},"423":{"start":{"line":1147,"column":41},"end":{"line":1150,"column":5}},"424":{"start":{"line":1149,"column":24},"end":{"line":1149,"column":89}},"425":{"start":{"line":1149,"column":30},"end":{"line":1149,"column":59}},"426":{"start":{"line":1149,"column":70},"end":{"line":1149,"column":87}},"427":{"start":{"line":1152,"column":4},"end":{"line":1152,"column":71}},"428":{"start":{"line":1154,"column":4},"end":{"line":1154,"column":14}},"429":{"start":{"line":1158,"column":0},"end":{"line":1158,"column":157}}},"fnMap":{"0":{"name":"normalizeRow","decl":{"start":{"line":65,"column":9},"end":{"line":65,"column":21}},"loc":{"start":{"line":65,"column":27},"end":{"line":90,"column":1}},"line":65},"1":{"name":"validateRow","decl":{"start":{"line":102,"column":9},"end":{"line":102,"column":20}},"loc":{"start":{"line":102,"column":26},"end":{"line":131,"column":1}},"line":102},"2":{"name":"extractBranchFromRef","decl":{"start":{"line":137,"column":9},"end":{"line":137,"column":29}},"loc":{"start":{"line":137,"column":35},"end":{"line":141,"column":1}},"line":137},"3":{"name":"cleanReference","decl":{"start":{"line":147,"column":9},"end":{"line":147,"column":23}},"loc":{"start":{"line":147,"column":29},"end":{"line":152,"column":1}},"line":147},"4":{"name":"formatDateToISO","decl":{"start":{"line":165,"column":9},"end":{"line":165,"column":24}},"loc":{"start":{"line":165,"column":34},"end":{"line":227,"column":1}},"line":165},"5":{"name":"(anonymous_5)","decl":{"start":{"line":177,"column":25},"end":{"line":177,"column":26}},"loc":{"start":{"line":177,"column":32},"end":{"line":177,"column":41}},"line":177},"6":{"name":"(anonymous_6)","decl":{"start":{"line":178,"column":16},"end":{"line":178,"column":17}},"loc":{"start":{"line":178,"column":23},"end":{"line":178,"column":42}},"line":178},"7":{"name":"mapRowToPayload","decl":{"start":{"line":238,"column":9},"end":{"line":238,"column":24}},"loc":{"start":{"line":238,"column":48},"end":{"line":276,"column":1}},"line":238},"8":{"name":"extractOracleError","decl":{"start":{"line":293,"column":9},"end":{"line":293,"column":27}},"loc":{"start":{"line":293,"column":42},"end":{"line":361,"column":1}},"line":293},"9":{"name":"normalize","decl":{"start":{"line":333,"column":11},"end":{"line":333,"column":20}},"loc":{"start":{"line":333,"column":26},"end":{"line":358,"column":3}},"line":333},"10":{"name":"stringifyResponseBody","decl":{"start":{"line":366,"column":9},"end":{"line":366,"column":30}},"loc":{"start":{"line":366,"column":52},"end":{"line":380,"column":1}},"line":366},"11":{"name":"processUploadRows","decl":{"start":{"line":388,"column":15},"end":{"line":388,"column":32}},"loc":{"start":{"line":388,"column":68},"end":{"line":581,"column":1}},"line":388},"12":{"name":"flushRecords","decl":{"start":{"line":416,"column":17},"end":{"line":416,"column":29}},"loc":{"start":{"line":416,"column":32},"end":{"line":425,"column":3}},"line":416},"13":{"name":"processRow","decl":{"start":{"line":428,"column":17},"end":{"line":428,"column":27}},"loc":{"start":{"line":428,"column":44},"end":{"line":510,"column":3}},"line":428},"14":{"name":"(anonymous_14)","decl":{"start":{"line":518,"column":16},"end":{"line":518,"column":17}},"loc":{"start":{"line":518,"column":30},"end":{"line":518,"column":67}},"line":518},"15":{"name":"bulkUpload","decl":{"start":{"line":589,"column":15},"end":{"line":589,"column":25}},"loc":{"start":{"line":589,"column":42},"end":{"line":651,"column":1}},"line":589},"16":{"name":"(anonymous_16)","decl":{"start":{"line":639,"column":63},"end":{"line":639,"column":64}},"loc":{"start":{"line":639,"column":72},"end":{"line":647,"column":5}},"line":639},"17":{"name":"(anonymous_17)","decl":{"start":{"line":644,"column":15},"end":{"line":644,"column":16}},"loc":{"start":{"line":644,"column":26},"end":{"line":646,"column":7}},"line":644},"18":{"name":"listUploads","decl":{"start":{"line":658,"column":15},"end":{"line":658,"column":26}},"loc":{"start":{"line":658,"column":43},"end":{"line":683,"column":1}},"line":658},"19":{"name":"getFailures","decl":{"start":{"line":689,"column":15},"end":{"line":689,"column":26}},"loc":{"start":{"line":689,"column":43},"end":{"line":720,"column":1}},"line":689},"20":{"name":"(anonymous_20)","decl":{"start":{"line":711,"column":40},"end":{"line":711,"column":41}},"loc":{"start":{"line":711,"column":48},"end":{"line":714,"column":5}},"line":711},"21":{"name":"(anonymous_21)","decl":{"start":{"line":713,"column":16},"end":{"line":713,"column":17}},"loc":{"start":{"line":713,"column":22},"end":{"line":713,"column":91}},"line":713},"22":{"name":"retryUpload","decl":{"start":{"line":726,"column":15},"end":{"line":726,"column":26}},"loc":{"start":{"line":726,"column":43},"end":{"line":904,"column":1}},"line":726},"23":{"name":"(anonymous_23)","decl":{"start":{"line":774,"column":55},"end":{"line":774,"column":56}},"loc":{"start":{"line":774,"column":74},"end":{"line":842,"column":7}},"line":774},"24":{"name":"(anonymous_24)","decl":{"start":{"line":775,"column":28},"end":{"line":775,"column":29}},"loc":{"start":{"line":775,"column":34},"end":{"line":775,"column":115}},"line":775},"25":{"name":"downloadTemplate","decl":{"start":{"line":910,"column":9},"end":{"line":910,"column":25}},"loc":{"start":{"line":910,"column":37},"end":{"line":920,"column":1}},"line":910},"26":{"name":"getUploadProgress","decl":{"start":{"line":927,"column":15},"end":{"line":927,"column":32}},"loc":{"start":{"line":927,"column":49},"end":{"line":953,"column":1}},"line":927},"27":{"name":"getUploadDetail","decl":{"start":{"line":960,"column":15},"end":{"line":960,"column":30}},"loc":{"start":{"line":960,"column":47},"end":{"line":1032,"column":1}},"line":960},"28":{"name":"(anonymous_28)","decl":{"start":{"line":998,"column":32},"end":{"line":998,"column":33}},"loc":{"start":{"line":998,"column":40},"end":{"line":1001,"column":7}},"line":998},"29":{"name":"(anonymous_29)","decl":{"start":{"line":1000,"column":18},"end":{"line":1000,"column":19}},"loc":{"start":{"line":1000,"column":24},"end":{"line":1000,"column":93}},"line":1000},"30":{"name":"(anonymous_30)","decl":{"start":{"line":1014,"column":30},"end":{"line":1014,"column":31}},"loc":{"start":{"line":1014,"column":38},"end":{"line":1017,"column":7}},"line":1014},"31":{"name":"(anonymous_31)","decl":{"start":{"line":1016,"column":18},"end":{"line":1016,"column":19}},"loc":{"start":{"line":1016,"column":24},"end":{"line":1016,"column":93}},"line":1016},"32":{"name":"getDebugLog","decl":{"start":{"line":1040,"column":15},"end":{"line":1040,"column":26}},"loc":{"start":{"line":1040,"column":43},"end":{"line":1112,"column":1}},"line":1040},"33":{"name":"(anonymous_33)","decl":{"start":{"line":1084,"column":22},"end":{"line":1084,"column":23}},"loc":{"start":{"line":1084,"column":31},"end":{"line":1092,"column":5}},"line":1084},"34":{"name":"(anonymous_34)","decl":{"start":{"line":1094,"column":35},"end":{"line":1094,"column":36}},"loc":{"start":{"line":1094,"column":43},"end":{"line":1098,"column":5}},"line":1094},"35":{"name":"getSuccessRecords","decl":{"start":{"line":1118,"column":15},"end":{"line":1118,"column":32}},"loc":{"start":{"line":1118,"column":49},"end":{"line":1156,"column":1}},"line":1118},"36":{"name":"(anonymous_36)","decl":{"start":{"line":1147,"column":33},"end":{"line":1147,"column":34}},"loc":{"start":{"line":1147,"column":41},"end":{"line":1150,"column":5}},"line":1147},"37":{"name":"(anonymous_37)","decl":{"start":{"line":1149,"column":16},"end":{"line":1149,"column":17}},"loc":{"start":{"line":1149,"column":22},"end":{"line":1149,"column":91}},"line":1149}},"branchMap":{"0":{"loc":{"start":{"line":69,"column":4},"end":{"line":79,"column":5}},"type":"if","locations":[{"start":{"line":69,"column":4},"end":{"line":79,"column":5}},{"start":{},"end":{}}],"line":69},"1":{"loc":{"start":{"line":70,"column":21},"end":{"line":70,"column":32}},"type":"binary-expr","locations":[{"start":{"line":70,"column":21},"end":{"line":70,"column":26}},{"start":{"line":70,"column":30},"end":{"line":70,"column":32}}],"line":70},"2":{"loc":{"start":{"line":72,"column":27},"end":{"line":72,"column":72}},"type":"binary-expr","locations":[{"start":{"line":72,"column":27},"end":{"line":72,"column":55}},{"start":{"line":72,"column":59},"end":{"line":72,"column":72}}],"line":72},"3":{"loc":{"start":{"line":73,"column":6},"end":{"line":75,"column":7}},"type":"if","locations":[{"start":{"line":73,"column":6},"end":{"line":75,"column":7}},{"start":{},"end":{}}],"line":73},"4":{"loc":{"start":{"line":73,"column":10},"end":{"line":73,"column":61}},"type":"binary-expr","locations":[{"start":{"line":73,"column":10},"end":{"line":73,"column":22}},{"start":{"line":73,"column":26},"end":{"line":73,"column":61}}],"line":73},"5":{"loc":{"start":{"line":76,"column":6},"end":{"line":78,"column":7}},"type":"if","locations":[{"start":{"line":76,"column":6},"end":{"line":78,"column":7}},{"start":{},"end":{}}],"line":76},"6":{"loc":{"start":{"line":81,"column":4},"end":{"line":83,"column":5}},"type":"if","locations":[{"start":{"line":81,"column":4},"end":{"line":83,"column":5}},{"start":{},"end":{}}],"line":81},"7":{"loc":{"start":{"line":81,"column":8},"end":{"line":81,"column":47}},"type":"binary-expr","locations":[{"start":{"line":81,"column":8},"end":{"line":81,"column":17}},{"start":{"line":81,"column":21},"end":{"line":81,"column":47}}],"line":81},"8":{"loc":{"start":{"line":85,"column":4},"end":{"line":87,"column":5}},"type":"if","locations":[{"start":{"line":85,"column":4},"end":{"line":87,"column":5}},{"start":{},"end":{}}],"line":85},"9":{"loc":{"start":{"line":103,"column":2},"end":{"line":105,"column":3}},"type":"if","locations":[{"start":{"line":103,"column":2},"end":{"line":105,"column":3}},{"start":{},"end":{}}],"line":103},"10":{"loc":{"start":{"line":103,"column":6},"end":{"line":103,"column":53}},"type":"binary-expr","locations":[{"start":{"line":103,"column":6},"end":{"line":103,"column":21}},{"start":{"line":103,"column":25},"end":{"line":103,"column":53}}],"line":103},"11":{"loc":{"start":{"line":106,"column":2},"end":{"line":108,"column":3}},"type":"if","locations":[{"start":{"line":106,"column":2},"end":{"line":108,"column":3}},{"start":{},"end":{}}],"line":106},"12":{"loc":{"start":{"line":106,"column":6},"end":{"line":106,"column":71}},"type":"binary-expr","locations":[{"start":{"line":106,"column":6},"end":{"line":106,"column":30}},{"start":{"line":106,"column":34},"end":{"line":106,"column":71}}],"line":106},"13":{"loc":{"start":{"line":110,"column":2},"end":{"line":112,"column":3}},"type":"if","locations":[{"start":{"line":110,"column":2},"end":{"line":112,"column":3}},{"start":{},"end":{}}],"line":110},"14":{"loc":{"start":{"line":110,"column":6},"end":{"line":110,"column":29}},"type":"binary-expr","locations":[{"start":{"line":110,"column":6},"end":{"line":110,"column":16}},{"start":{"line":110,"column":20},"end":{"line":110,"column":29}}],"line":110},"15":{"loc":{"start":{"line":114,"column":2},"end":{"line":116,"column":3}},"type":"if","locations":[{"start":{"line":114,"column":2},"end":{"line":116,"column":3}},{"start":{},"end":{}}],"line":114},"16":{"loc":{"start":{"line":121,"column":2},"end":{"line":126,"column":3}},"type":"if","locations":[{"start":{"line":121,"column":2},"end":{"line":126,"column":3}},{"start":{},"end":{}}],"line":121},"17":{"loc":{"start":{"line":121,"column":6},"end":{"line":121,"column":47}},"type":"binary-expr","locations":[{"start":{"line":121,"column":6},"end":{"line":121,"column":19}},{"start":{"line":121,"column":23},"end":{"line":121,"column":47}}],"line":121},"18":{"loc":{"start":{"line":123,"column":4},"end":{"line":125,"column":5}},"type":"if","locations":[{"start":{"line":123,"column":4},"end":{"line":125,"column":5}},{"start":{},"end":{}}],"line":123},"19":{"loc":{"start":{"line":127,"column":2},"end":{"line":129,"column":3}},"type":"if","locations":[{"start":{"line":127,"column":2},"end":{"line":129,"column":3}},{"start":{},"end":{}}],"line":127},"20":{"loc":{"start":{"line":138,"column":2},"end":{"line":138,"column":24}},"type":"if","locations":[{"start":{"line":138,"column":2},"end":{"line":138,"column":24}},{"start":{},"end":{}}],"line":138},"21":{"loc":{"start":{"line":140,"column":9},"end":{"line":140,"column":51}},"type":"cond-expr","locations":[{"start":{"line":140,"column":29},"end":{"line":140,"column":44}},{"start":{"line":140,"column":47},"end":{"line":140,"column":51}}],"line":140},"22":{"loc":{"start":{"line":148,"column":2},"end":{"line":148,"column":22}},"type":"if","locations":[{"start":{"line":148,"column":2},"end":{"line":148,"column":22}},{"start":{},"end":{}}],"line":148},"23":{"loc":{"start":{"line":151,"column":9},"end":{"line":151,"column":28}},"type":"binary-expr","locations":[{"start":{"line":151,"column":9},"end":{"line":151,"column":17}},{"start":{"line":151,"column":21},"end":{"line":151,"column":28}}],"line":151},"24":{"loc":{"start":{"line":166,"column":21},"end":{"line":166,"column":34}},"type":"binary-expr","locations":[{"start":{"line":166,"column":21},"end":{"line":166,"column":28}},{"start":{"line":166,"column":32},"end":{"line":166,"column":34}}],"line":166},"25":{"loc":{"start":{"line":167,"column":2},"end":{"line":167,"column":55}},"type":"if","locations":[{"start":{"line":167,"column":2},"end":{"line":167,"column":55}},{"start":{},"end":{}}],"line":167},"26":{"loc":{"start":{"line":171,"column":14},"end":{"line":171,"column":48}},"type":"cond-expr","locations":[{"start":{"line":171,"column":39},"end":{"line":171,"column":42}},{"start":{"line":171,"column":45},"end":{"line":171,"column":48}}],"line":171},"27":{"loc":{"start":{"line":173,"column":2},"end":{"line":175,"column":3}},"type":"if","locations":[{"start":{"line":173,"column":2},"end":{"line":175,"column":3}},{"start":{},"end":{}}],"line":173},"28":{"loc":{"start":{"line":178,"column":2},"end":{"line":180,"column":3}},"type":"if","locations":[{"start":{"line":178,"column":2},"end":{"line":180,"column":3}},{"start":{},"end":{}}],"line":178},"29":{"loc":{"start":{"line":187,"column":2},"end":{"line":207,"column":3}},"type":"if","locations":[{"start":{"line":187,"column":2},"end":{"line":207,"column":3}},{"start":{"line":197,"column":9},"end":{"line":207,"column":3}}],"line":187},"30":{"loc":{"start":{"line":190,"column":4},"end":{"line":196,"column":5}},"type":"if","locations":[{"start":{"line":190,"column":4},"end":{"line":196,"column":5}},{"start":{"line":193,"column":11},"end":{"line":196,"column":5}}],"line":190},"31":{"loc":{"start":{"line":190,"column":8},"end":{"line":190,"column":25}},"type":"binary-expr","locations":[{"start":{"line":190,"column":8},"end":{"line":190,"column":14}},{"start":{"line":190,"column":18},"end":{"line":190,"column":25}}],"line":190},"32":{"loc":{"start":{"line":200,"column":4},"end":{"line":206,"column":5}},"type":"if","locations":[{"start":{"line":200,"column":4},"end":{"line":206,"column":5}},{"start":{"line":203,"column":11},"end":{"line":206,"column":5}}],"line":200},"33":{"loc":{"start":{"line":200,"column":8},"end":{"line":200,"column":25}},"type":"binary-expr","locations":[{"start":{"line":200,"column":8},"end":{"line":200,"column":14}},{"start":{"line":200,"column":18},"end":{"line":200,"column":25}}],"line":200},"34":{"loc":{"start":{"line":209,"column":2},"end":{"line":211,"column":3}},"type":"if","locations":[{"start":{"line":209,"column":2},"end":{"line":211,"column":3}},{"start":{},"end":{}}],"line":209},"35":{"loc":{"start":{"line":209,"column":6},"end":{"line":209,"column":29}},"type":"binary-expr","locations":[{"start":{"line":209,"column":6},"end":{"line":209,"column":11}},{"start":{"line":209,"column":15},"end":{"line":209,"column":21}},{"start":{"line":209,"column":25},"end":{"line":209,"column":29}}],"line":209},"36":{"loc":{"start":{"line":219,"column":4},"end":{"line":221,"column":32}},"type":"binary-expr","locations":[{"start":{"line":219,"column":4},"end":{"line":219,"column":37}},{"start":{"line":220,"column":4},"end":{"line":220,"column":39}},{"start":{"line":221,"column":4},"end":{"line":221,"column":32}}],"line":219},"37":{"loc":{"start":{"line":222,"column":2},"end":{"line":224,"column":3}},"type":"if","locations":[{"start":{"line":222,"column":2},"end":{"line":224,"column":3}},{"start":{},"end":{}}],"line":222},"38":{"loc":{"start":{"line":241,"column":2},"end":{"line":243,"column":3}},"type":"if","locations":[{"start":{"line":241,"column":2},"end":{"line":243,"column":3}},{"start":{},"end":{}}],"line":241},"39":{"loc":{"start":{"line":241,"column":6},"end":{"line":241,"column":47}},"type":"binary-expr","locations":[{"start":{"line":241,"column":6},"end":{"line":241,"column":19}},{"start":{"line":241,"column":23},"end":{"line":241,"column":47}}],"line":241},"40":{"loc":{"start":{"line":242,"column":19},"end":{"line":242,"column":71}},"type":"binary-expr","locations":[{"start":{"line":242,"column":19},"end":{"line":242,"column":65}},{"start":{"line":242,"column":69},"end":{"line":242,"column":71}}],"line":242},"41":{"loc":{"start":{"line":246,"column":17},"end":{"line":246,"column":99}},"type":"binary-expr","locations":[{"start":{"line":246,"column":17},"end":{"line":246,"column":47}},{"start":{"line":246,"column":51},"end":{"line":246,"column":93}},{"start":{"line":246,"column":97},"end":{"line":246,"column":99}}],"line":246},"42":{"loc":{"start":{"line":249,"column":14},"end":{"line":249,"column":60}},"type":"binary-expr","locations":[{"start":{"line":249,"column":14},"end":{"line":249,"column":50}},{"start":{"line":249,"column":54},"end":{"line":249,"column":60}}],"line":249},"43":{"loc":{"start":{"line":254,"column":16},"end":{"line":254,"column":54}},"type":"binary-expr","locations":[{"start":{"line":254,"column":16},"end":{"line":254,"column":47}},{"start":{"line":254,"column":51},"end":{"line":254,"column":54}}],"line":254},"44":{"loc":{"start":{"line":295,"column":2},"end":{"line":301,"column":3}},"type":"if","locations":[{"start":{"line":295,"column":2},"end":{"line":301,"column":3}},{"start":{},"end":{}}],"line":295},"45":{"loc":{"start":{"line":303,"column":2},"end":{"line":330,"column":3}},"type":"if","locations":[{"start":{"line":303,"column":2},"end":{"line":330,"column":3}},{"start":{},"end":{}}],"line":303},"46":{"loc":{"start":{"line":303,"column":6},"end":{"line":303,"column":68}},"type":"binary-expr","locations":[{"start":{"line":303,"column":6},"end":{"line":303,"column":12}},{"start":{"line":303,"column":16},"end":{"line":303,"column":42}},{"start":{"line":303,"column":46},"end":{"line":303,"column":68}}],"line":303},"47":{"loc":{"start":{"line":307,"column":26},"end":{"line":307,"column":92}},"type":"cond-expr","locations":[{"start":{"line":307,"column":57},"end":{"line":307,"column":85}},{"start":{"line":307,"column":88},"end":{"line":307,"column":92}}],"line":307},"48":{"loc":{"start":{"line":308,"column":4},"end":{"line":321,"column":5}},"type":"if","locations":[{"start":{"line":308,"column":4},"end":{"line":321,"column":5}},{"start":{},"end":{}}],"line":308},"49":{"loc":{"start":{"line":309,"column":25},"end":{"line":309,"column":47}},"type":"binary-expr","locations":[{"start":{"line":309,"column":25},"end":{"line":309,"column":41}},{"start":{"line":309,"column":45},"end":{"line":309,"column":47}}],"line":309},"50":{"loc":{"start":{"line":310,"column":32},"end":{"line":310,"column":61}},"type":"binary-expr","locations":[{"start":{"line":310,"column":32},"end":{"line":310,"column":55}},{"start":{"line":310,"column":59},"end":{"line":310,"column":61}}],"line":310},"51":{"loc":{"start":{"line":311,"column":6},"end":{"line":313,"column":7}},"type":"if","locations":[{"start":{"line":311,"column":6},"end":{"line":313,"column":7}},{"start":{},"end":{}}],"line":311},"52":{"loc":{"start":{"line":311,"column":10},"end":{"line":311,"column":39}},"type":"binary-expr","locations":[{"start":{"line":311,"column":10},"end":{"line":311,"column":19}},{"start":{"line":311,"column":23},"end":{"line":311,"column":39}}],"line":311},"53":{"loc":{"start":{"line":314,"column":6},"end":{"line":316,"column":7}},"type":"if","locations":[{"start":{"line":314,"column":6},"end":{"line":316,"column":7}},{"start":{},"end":{}}],"line":314},"54":{"loc":{"start":{"line":317,"column":6},"end":{"line":319,"column":7}},"type":"if","locations":[{"start":{"line":317,"column":6},"end":{"line":319,"column":7}},{"start":{},"end":{}}],"line":317},"55":{"loc":{"start":{"line":324,"column":23},"end":{"line":324,"column":45}},"type":"binary-expr","locations":[{"start":{"line":324,"column":23},"end":{"line":324,"column":39}},{"start":{"line":324,"column":43},"end":{"line":324,"column":45}}],"line":324},"56":{"loc":{"start":{"line":325,"column":30},"end":{"line":325,"column":59}},"type":"binary-expr","locations":[{"start":{"line":325,"column":30},"end":{"line":325,"column":53}},{"start":{"line":325,"column":57},"end":{"line":325,"column":59}}],"line":325},"57":{"loc":{"start":{"line":326,"column":4},"end":{"line":329,"column":5}},"type":"if","locations":[{"start":{"line":326,"column":4},"end":{"line":329,"column":5}},{"start":{},"end":{}}],"line":326},"58":{"loc":{"start":{"line":327,"column":21},"end":{"line":327,"column":67}},"type":"cond-expr","locations":[{"start":{"line":327,"column":40},"end":{"line":327,"column":62}},{"start":{"line":327,"column":65},"end":{"line":327,"column":67}}],"line":327},"59":{"loc":{"start":{"line":334,"column":4},"end":{"line":334,"column":55}},"type":"if","locations":[{"start":{"line":334,"column":4},"end":{"line":334,"column":55}},{"start":{},"end":{}}],"line":334},"60":{"loc":{"start":{"line":334,"column":8},"end":{"line":334,"column":41}},"type":"binary-expr","locations":[{"start":{"line":334,"column":8},"end":{"line":334,"column":20}},{"start":{"line":334,"column":24},"end":{"line":334,"column":41}}],"line":334},"61":{"loc":{"start":{"line":335,"column":4},"end":{"line":339,"column":5}},"type":"if","locations":[{"start":{"line":335,"column":4},"end":{"line":339,"column":5}},{"start":{},"end":{}}],"line":335},"62":{"loc":{"start":{"line":337,"column":6},"end":{"line":337,"column":71}},"type":"if","locations":[{"start":{"line":337,"column":6},"end":{"line":337,"column":71}},{"start":{},"end":{}}],"line":337},"63":{"loc":{"start":{"line":337,"column":10},"end":{"line":337,"column":57}},"type":"binary-expr","locations":[{"start":{"line":337,"column":10},"end":{"line":337,"column":18}},{"start":{"line":337,"column":22},"end":{"line":337,"column":57}}],"line":337},"64":{"loc":{"start":{"line":340,"column":4},"end":{"line":346,"column":5}},"type":"if","locations":[{"start":{"line":340,"column":4},"end":{"line":346,"column":5}},{"start":{},"end":{}}],"line":340},"65":{"loc":{"start":{"line":343,"column":8},"end":{"line":343,"column":32}},"type":"if","locations":[{"start":{"line":343,"column":8},"end":{"line":343,"column":32}},{"start":{},"end":{}}],"line":343},"66":{"loc":{"start":{"line":347,"column":4},"end":{"line":356,"column":5}},"type":"if","locations":[{"start":{"line":347,"column":4},"end":{"line":356,"column":5}},{"start":{},"end":{}}],"line":347},"67":{"loc":{"start":{"line":350,"column":8},"end":{"line":353,"column":9}},"type":"if","locations":[{"start":{"line":350,"column":8},"end":{"line":353,"column":9}},{"start":{},"end":{}}],"line":350},"68":{"loc":{"start":{"line":352,"column":10},"end":{"line":352,"column":34}},"type":"if","locations":[{"start":{"line":352,"column":10},"end":{"line":352,"column":34}},{"start":{},"end":{}}],"line":352},"69":{"loc":{"start":{"line":366,"column":37},"end":{"line":366,"column":50}},"type":"default-arg","locations":[{"start":{"line":366,"column":48},"end":{"line":366,"column":50}}],"line":366},"70":{"loc":{"start":{"line":367,"column":2},"end":{"line":367,"column":59}},"type":"if","locations":[{"start":{"line":367,"column":2},"end":{"line":367,"column":59}},{"start":{},"end":{}}],"line":367},"71":{"loc":{"start":{"line":367,"column":6},"end":{"line":367,"column":41}},"type":"binary-expr","locations":[{"start":{"line":367,"column":6},"end":{"line":367,"column":24}},{"start":{"line":367,"column":28},"end":{"line":367,"column":41}}],"line":367},"72":{"loc":{"start":{"line":368,"column":2},"end":{"line":371,"column":3}},"type":"if","locations":[{"start":{"line":368,"column":2},"end":{"line":371,"column":3}},{"start":{},"end":{}}],"line":368},"73":{"loc":{"start":{"line":370,"column":11},"end":{"line":370,"column":44}},"type":"cond-expr","locations":[{"start":{"line":370,"column":21},"end":{"line":370,"column":25}},{"start":{"line":370,"column":28},"end":{"line":370,"column":44}}],"line":370},"74":{"loc":{"start":{"line":370,"column":28},"end":{"line":370,"column":44}},"type":"binary-expr","locations":[{"start":{"line":370,"column":28},"end":{"line":370,"column":36}},{"start":{"line":370,"column":40},"end":{"line":370,"column":44}}],"line":370},"75":{"loc":{"start":{"line":374,"column":4},"end":{"line":374,"column":51}},"type":"if","locations":[{"start":{"line":374,"column":4},"end":{"line":374,"column":51}},{"start":{},"end":{}}],"line":374},"76":{"loc":{"start":{"line":374,"column":8},"end":{"line":374,"column":33}},"type":"binary-expr","locations":[{"start":{"line":374,"column":8},"end":{"line":374,"column":21}},{"start":{"line":374,"column":25},"end":{"line":374,"column":33}}],"line":374},"77":{"loc":{"start":{"line":378,"column":11},"end":{"line":378,"column":48}},"type":"cond-expr","locations":[{"start":{"line":378,"column":29},"end":{"line":378,"column":37}},{"start":{"line":378,"column":40},"end":{"line":378,"column":48}}],"line":378},"78":{"loc":{"start":{"line":417,"column":4},"end":{"line":420,"column":5}},"type":"if","locations":[{"start":{"line":417,"column":4},"end":{"line":420,"column":5}},{"start":{},"end":{}}],"line":417},"79":{"loc":{"start":{"line":421,"column":4},"end":{"line":424,"column":5}},"type":"if","locations":[{"start":{"line":421,"column":4},"end":{"line":424,"column":5}},{"start":{},"end":{}}],"line":421},"80":{"loc":{"start":{"line":430,"column":4},"end":{"line":441,"column":5}},"type":"if","locations":[{"start":{"line":430,"column":4},"end":{"line":441,"column":5}},{"start":{},"end":{}}],"line":430},"81":{"loc":{"start":{"line":431,"column":6},"end":{"line":434,"column":7}},"type":"if","locations":[{"start":{"line":431,"column":6},"end":{"line":434,"column":7}},{"start":{},"end":{}}],"line":431},"82":{"loc":{"start":{"line":446,"column":4},"end":{"line":448,"column":5}},"type":"if","locations":[{"start":{"line":446,"column":4},"end":{"line":448,"column":5}},{"start":{},"end":{}}],"line":446},"83":{"loc":{"start":{"line":460,"column":8},"end":{"line":460,"column":62}},"type":"binary-expr","locations":[{"start":{"line":460,"column":8},"end":{"line":460,"column":30}},{"start":{"line":460,"column":34},"end":{"line":460,"column":62}}],"line":460},"84":{"loc":{"start":{"line":463,"column":6},"end":{"line":481,"column":7}},"type":"if","locations":[{"start":{"line":463,"column":6},"end":{"line":481,"column":7}},{"start":{},"end":{}}],"line":463},"85":{"loc":{"start":{"line":464,"column":32},"end":{"line":464,"column":93}},"type":"binary-expr","locations":[{"start":{"line":464,"column":32},"end":{"line":464,"column":85}},{"start":{"line":464,"column":89},"end":{"line":464,"column":93}}],"line":464},"86":{"loc":{"start":{"line":464,"column":33},"end":{"line":464,"column":66}},"type":"binary-expr","locations":[{"start":{"line":464,"column":33},"end":{"line":464,"column":60}},{"start":{"line":464,"column":64},"end":{"line":464,"column":66}}],"line":464},"87":{"loc":{"start":{"line":465,"column":36},"end":{"line":467,"column":16}},"type":"cond-expr","locations":[{"start":{"line":466,"column":12},"end":{"line":466,"column":50}},{"start":{"line":467,"column":12},"end":{"line":467,"column":16}}],"line":465},"88":{"loc":{"start":{"line":469,"column":137},"end":{"line":469,"column":173}},"type":"binary-expr","locations":[{"start":{"line":469,"column":137},"end":{"line":469,"column":164}},{"start":{"line":469,"column":168},"end":{"line":469,"column":173}}],"line":469},"89":{"loc":{"start":{"line":492,"column":8},"end":{"line":495,"column":26}},"type":"binary-expr","locations":[{"start":{"line":492,"column":8},"end":{"line":492,"column":37}},{"start":{"line":493,"column":8},"end":{"line":493,"column":38}},{"start":{"line":494,"column":8},"end":{"line":494,"column":22}},{"start":{"line":495,"column":8},"end":{"line":495,"column":26}}],"line":492},"90":{"loc":{"start":{"line":498,"column":8},"end":{"line":498,"column":75}},"type":"binary-expr","locations":[{"start":{"line":498,"column":8},"end":{"line":498,"column":35}},{"start":{"line":498,"column":39},"end":{"line":498,"column":53}},{"start":{"line":498,"column":57},"end":{"line":498,"column":75}}],"line":498},"91":{"loc":{"start":{"line":500,"column":134},"end":{"line":500,"column":166}},"type":"binary-expr","locations":[{"start":{"line":500,"column":134},"end":{"line":500,"column":157}},{"start":{"line":500,"column":161},"end":{"line":500,"column":166}}],"line":500},"92":{"loc":{"start":{"line":522,"column":6},"end":{"line":551,"column":7}},"type":"if","locations":[{"start":{"line":522,"column":6},"end":{"line":551,"column":7}},{"start":{"line":532,"column":13},"end":{"line":551,"column":7}}],"line":522},"93":{"loc":{"start":{"line":528,"column":24},"end":{"line":528,"column":51}},"type":"binary-expr","locations":[{"start":{"line":528,"column":24},"end":{"line":528,"column":43}},{"start":{"line":528,"column":47},"end":{"line":528,"column":51}}],"line":528},"94":{"loc":{"start":{"line":529,"column":26},"end":{"line":529,"column":55}},"type":"binary-expr","locations":[{"start":{"line":529,"column":26},"end":{"line":529,"column":47}},{"start":{"line":529,"column":51},"end":{"line":529,"column":55}}],"line":529},"95":{"loc":{"start":{"line":532,"column":13},"end":{"line":551,"column":7}},"type":"if","locations":[{"start":{"line":532,"column":13},"end":{"line":551,"column":7}},{"start":{"line":536,"column":13},"end":{"line":551,"column":7}}],"line":532},"96":{"loc":{"start":{"line":536,"column":13},"end":{"line":551,"column":7}},"type":"if","locations":[{"start":{"line":536,"column":13},"end":{"line":551,"column":7}},{"start":{"line":539,"column":13},"end":{"line":551,"column":7}}],"line":536},"97":{"loc":{"start":{"line":546,"column":24},"end":{"line":546,"column":51}},"type":"binary-expr","locations":[{"start":{"line":546,"column":24},"end":{"line":546,"column":43}},{"start":{"line":546,"column":47},"end":{"line":546,"column":51}}],"line":546},"98":{"loc":{"start":{"line":547,"column":26},"end":{"line":547,"column":55}},"type":"binary-expr","locations":[{"start":{"line":547,"column":26},"end":{"line":547,"column":47}},{"start":{"line":547,"column":51},"end":{"line":547,"column":55}}],"line":547},"99":{"loc":{"start":{"line":548,"column":27},"end":{"line":548,"column":57}},"type":"binary-expr","locations":[{"start":{"line":548,"column":27},"end":{"line":548,"column":49}},{"start":{"line":548,"column":53},"end":{"line":548,"column":57}}],"line":548},"100":{"loc":{"start":{"line":549,"column":31},"end":{"line":549,"column":65}},"type":"binary-expr","locations":[{"start":{"line":549,"column":31},"end":{"line":549,"column":57}},{"start":{"line":549,"column":61},"end":{"line":549,"column":65}}],"line":549},"101":{"loc":{"start":{"line":555,"column":4},"end":{"line":557,"column":5}},"type":"if","locations":[{"start":{"line":555,"column":4},"end":{"line":557,"column":5}},{"start":{},"end":{}}],"line":555},"102":{"loc":{"start":{"line":555,"column":8},"end":{"line":555,"column":91}},"type":"binary-expr","locations":[{"start":{"line":555,"column":8},"end":{"line":555,"column":48}},{"start":{"line":555,"column":52},"end":{"line":555,"column":91}}],"line":555},"103":{"loc":{"start":{"line":570,"column":22},"end":{"line":570,"column":98}},"type":"cond-expr","locations":[{"start":{"line":570,"column":43},"end":{"line":570,"column":54}},{"start":{"line":570,"column":57},"end":{"line":570,"column":98}}],"line":570},"104":{"loc":{"start":{"line":570,"column":57},"end":{"line":570,"column":98}},"type":"cond-expr","locations":[{"start":{"line":570,"column":78},"end":{"line":570,"column":86}},{"start":{"line":570,"column":89},"end":{"line":570,"column":98}}],"line":570},"105":{"loc":{"start":{"line":591,"column":4},"end":{"line":593,"column":5}},"type":"if","locations":[{"start":{"line":591,"column":4},"end":{"line":593,"column":5}},{"start":{},"end":{}}],"line":591},"106":{"loc":{"start":{"line":596,"column":4},"end":{"line":598,"column":5}},"type":"if","locations":[{"start":{"line":596,"column":4},"end":{"line":598,"column":5}},{"start":{},"end":{}}],"line":596},"107":{"loc":{"start":{"line":608,"column":4},"end":{"line":610,"column":5}},"type":"if","locations":[{"start":{"line":608,"column":4},"end":{"line":610,"column":5}},{"start":{},"end":{}}],"line":608},"108":{"loc":{"start":{"line":660,"column":29},"end":{"line":660,"column":58}},"type":"binary-expr","locations":[{"start":{"line":660,"column":29},"end":{"line":660,"column":53}},{"start":{"line":660,"column":57},"end":{"line":660,"column":58}}],"line":660},"109":{"loc":{"start":{"line":661,"column":32},"end":{"line":661,"column":63}},"type":"binary-expr","locations":[{"start":{"line":661,"column":32},"end":{"line":661,"column":57}},{"start":{"line":661,"column":61},"end":{"line":661,"column":63}}],"line":661},"110":{"loc":{"start":{"line":666,"column":6},"end":{"line":666,"column":61}},"type":"cond-expr","locations":[{"start":{"line":666,"column":33},"end":{"line":666,"column":56}},{"start":{"line":666,"column":59},"end":{"line":666,"column":61}}],"line":666},"111":{"loc":{"start":{"line":692,"column":4},"end":{"line":694,"column":5}},"type":"if","locations":[{"start":{"line":692,"column":4},"end":{"line":694,"column":5}},{"start":{},"end":{}}],"line":692},"112":{"loc":{"start":{"line":698,"column":4},"end":{"line":700,"column":5}},"type":"if","locations":[{"start":{"line":698,"column":4},"end":{"line":700,"column":5}},{"start":{},"end":{}}],"line":698},"113":{"loc":{"start":{"line":701,"column":4},"end":{"line":703,"column":5}},"type":"if","locations":[{"start":{"line":701,"column":4},"end":{"line":703,"column":5}},{"start":{},"end":{}}],"line":701},"114":{"loc":{"start":{"line":701,"column":8},"end":{"line":701,"column":65}},"type":"binary-expr","locations":[{"start":{"line":701,"column":8},"end":{"line":701,"column":32}},{"start":{"line":701,"column":36},"end":{"line":701,"column":65}}],"line":701},"115":{"loc":{"start":{"line":729,"column":4},"end":{"line":731,"column":5}},"type":"if","locations":[{"start":{"line":729,"column":4},"end":{"line":731,"column":5}},{"start":{},"end":{}}],"line":729},"116":{"loc":{"start":{"line":734,"column":4},"end":{"line":736,"column":5}},"type":"if","locations":[{"start":{"line":734,"column":4},"end":{"line":736,"column":5}},{"start":{},"end":{}}],"line":734},"117":{"loc":{"start":{"line":737,"column":4},"end":{"line":739,"column":5}},"type":"if","locations":[{"start":{"line":737,"column":4},"end":{"line":739,"column":5}},{"start":{},"end":{}}],"line":737},"118":{"loc":{"start":{"line":737,"column":8},"end":{"line":737,"column":65}},"type":"binary-expr","locations":[{"start":{"line":737,"column":8},"end":{"line":737,"column":32}},{"start":{"line":737,"column":36},"end":{"line":737,"column":65}}],"line":737},"119":{"loc":{"start":{"line":742,"column":4},"end":{"line":744,"column":5}},"type":"if","locations":[{"start":{"line":742,"column":4},"end":{"line":744,"column":5}},{"start":{},"end":{}}],"line":742},"120":{"loc":{"start":{"line":778,"column":8},"end":{"line":780,"column":9}},"type":"if","locations":[{"start":{"line":778,"column":8},"end":{"line":780,"column":9}},{"start":{},"end":{}}],"line":778},"121":{"loc":{"start":
[...]
e/auth.js": {"path":"/home/runner/work/crm-inventory-missreceipt/crm-inventory-missreceipt/backend/src/middleware/auth.js","statementMap":{"0":{"start":{"line":7,"column":12},"end":{"line":7,"column":35}},"1":{"start":{"line":13,"column":21},"end":{"line":13,"column":49}},"2":{"start":{"line":14,"column":2},"end":{"line":16,"column":3}},"3":{"start":{"line":15,"column":4},"end":{"line":15,"column":71}},"4":{"start":{"line":18,"column":16},"end":{"line":18,"column":40}},"5":{"start":{"line":19,"column":2},"end":{"line":25,"column":3}},"6":{"start":{"line":20,"column":20},"end":{"line":20,"column":61}},"7":{"start":{"line":21,"column":4},"end":{"line":21,"column":23}},"8":{"start":{"line":22,"column":4},"end":{"line":22,"column":11}},"9":{"start":{"line":24,"column":4},"end":{"line":24,"column":72}},"10":{"start":{"line":35,"column":2},"end":{"line":40,"column":4}},"11":{"start":{"line":36,"column":4},"end":{"line":38,"column":5}},"12":{"start":{"line":37,"column":6},"end":{"line":37,"column":74}},"13":{"start":{"line":39,"column":4},"end":{"line":39,"column":11}},"14":{"start":{"line":43,"column":0},"end":{"line":43,"column":47}}},"fnMap":{"0":{"name":"authenticate","decl":{"start":{"line":12,"column":9},"end":{"line":12,"column":21}},"loc":{"start":{"line":12,"column":38},"end":{"line":26,"column":1}},"line":12},"1":{"name":"requireRole","decl":{"start":{"line":34,"column":9},"end":{"line":34,"column":20}},"loc":{"start":{"line":34,"column":31},"end":{"line":41,"column":1}},"line":34},"2":{"name":"(anonymous_2)","decl":{"start":{"line":35,"column":9},"end":{"line":35,"column":10}},"loc":{"start":{"line":35,"column":29},"end":{"line":40,"column":3}},"line":35}},"branchMap":{"0":{"loc":{"start":{"line":14,"column":2},"end":{"line":16,"column":3}},"type":"if","locations":[{"start":{"line":14,"column":2},"end":{"line":16,"column":3}},{"start":{},"end":{}}],"line":14},"1":{"loc":{"start":{"line":14,"column":6},"end":{"line":14,"column":54}},"type":"binary-expr","locations":[{"start":{"line":14,"column":6},"end":{"line":14,"column":17}},{"start":{"line":14,"column":21},"end":{"line":14,"column":54}}],"line":14},"2":{"loc":{"start":{"line":36,"column":4},"end":{"line":38,"column":5}},"type":"if","locations":[{"start":{"line":36,"column":4},"end":{"line":38,"column":5}},{"start":{},"end":{}}],"line":36},"3":{"loc":{"start":{"line":36,"column":8},"end":{"line":36,"column":51}},"type":"binary-expr","locations":[{"start":{"line":36,"column":8},"end":{"line":36,"column":17}},{"start":{"line":36,"column":21},"end":{"line":36,"column":51}}],"line":36}},"s":{"0":0,"1":0,"2":0,"3":0,"4":0,"5":0,"6":0,"7":0,"8":0,"9":0,"10":0,"11":0,"12":0,"13":0,"14":0},"f":{"0":0,"1":0,"2":0},"b":{"0":[0,0],"1":[0,0],"2":[0,0],"3":[0,0]}}
,"/home/runner/work/crm-inventory-missreceipt/crm-inventory-missreceipt/backend/src/middleware/errorHandler.js": {"path":"/home/runner/work/crm-inventory-missreceipt/crm-inventory-missreceipt/backend/src/middleware/errorHandler.js","statementMap":{"0":{"start":{"line":8,"column":2},"end":{"line":8,"column":47}},"1":{"start":{"line":11,"column":2},"end":{"line":16,"column":3}},"2":{"start":{"line":12,"column":4},"end":{"line":15,"column":7}},"3":{"start":{"line":14,"column":37},"end":{"line":14,"column":72}},"4":{"start":{"line":19,"column":2},"end":{"line":23,"column":3}},"5":{"start":{"line":20,"column":4},"end":{"line":22,"column":7}},"6":{"start":{"line":26,"column":2},"end":{"line":28,"column":3}},"7":{"start":{"line":27,"column":4},"end":{"line":27,"column":72}},"8":{"start":{"line":30,"column":17},"end":{"line":30,"column":52}},"9":{"start":{"line":31,"column":18},"end":{"line":31,"column":56}},"10":{"start":{"line":33,"column":2},"end":{"line":33,"column":46}},"11":{"start":{"line":36,"column":0},"end":{"line":36,"column":34}}},"fnMap":{"0":{"name":"errorHandler","decl":{"start":{"line":7,"column":9},"end":{"line":7,"column":21}},"loc":{"start":{"line":7,"column":44},"end":{"line":34,"column":1}},"line":7},"1":{"name":"(anonymous_1)","decl":{"start":{"line":14,"column":30},"end":{"line":14,"column":31}},"loc":{"start":{"line":14,"column":37},"end":{"line":14,"column":72}},"line":14}},"branchMap":{"0":{"loc":{"start":{"line":8,"column":27},"end":{"line":8,"column":45}},"type":"binary-expr","locations":[{"start":{"line":8,"column":27},"end":{"line":8,"column":38}},{"start":{"line":8,"column":42},"end":{"line":8,"column":45}}],"line":8},"1":{"loc":{"start":{"line":11,"column":2},"end":{"line":16,"column":3}},"type":"if","locations":[{"start":{"line":11,"column":2},"end":{"line":16,"column":3}},{"start":{},"end":{}}],"line":11},"2":{"loc":{"start":{"line":19,"column":2},"end":{"line":23,"column":3}},"type":"if","locations":[{"start":{"line":19,"column":2},"end":{"line":23,"column":3}},{"start":{},"end":{}}],"line":19},"3":{"loc":{"start":{"line":26,"column":2},"end":{"line":28,"column":3}},"type":"if","locations":[{"start":{"line":26,"column":2},"end":{"line":28,"column":3}},{"start":{},"end":{}}],"line":26},"4":{"loc":{"start":{"line":26,"column":6},"end":{"line":26,"column":74}},"type":"binary-expr","locations":[{"start":{"line":26,"column":6},"end":{"line":26,"column":38}},{"start":{"line":26,"column":42},"end":{"line":26,"column":74}}],"line":26},"5":{"loc":{"start":{"line":30,"column":17},"end":{"line":30,"column":52}},"type":"binary-expr","locations":[{"start":{"line":30,"column":17},"end":{"line":30,"column":27}},{"start":{"line":30,"column":31},"end":{"line":30,"column":45}},{"start":{"line":30,"column":49},"end":{"line":30,"column":52}}],"line":30},"6":{"loc":{"start":{"line":31,"column":18},"end":{"line":31,"column":56}},"type":"binary-expr","locations":[{"start":{"line":31,"column":18},"end":{"line":31,"column":29}},{"start":{"line":31,"column":33},"end":{"line":31,"column":56}}],"line":31}},"s":{"0":0,"1":0,"2":0,"3":0,"4":0,"5":0,"6":0,"7":0,"8":0,"9":0,"10":0,"11":0},"f":{"0":0,"1":0},"b":{"0":[0,0],"1":[0,0],"2":[0,0],"3":[0,0],"4":[0,0],"5":[0,0,0],"6":[0,0]}}
,"/home/runner/work/crm-inventory-missreceipt/crm-inventory-missreceipt/backend/src/middleware/requestLogger.js": {"path":"/home/runner/work/crm-inventory-missreceipt/crm-inventory-missreceipt/backend/src/middleware/requestLogger.js","statementMap":{"0":{"start":{"line":7,"column":16},"end":{"line":7,"column":26}},"1":{"start":{"line":9,"column":2},"end":{"line":14,"column":5}},"2":{"start":{"line":10,"column":20},"end":{"line":10,"column":38}},"3":{"start":{"line":11,"column":4},"end":{"line":13,"column":6}},"4":{"start":{"line":16,"column":2},"end":{"line":16,"column":9}},"5":{"start":{"line":19,"column":0},"end":{"line":19,"column":35}}},"fnMap":{"0":{"name":"requestLogger","decl":{"start":{"line":6,"column":9},"end":{"line":6,"column":22}},"loc":{"start":{"line":6,"column":39},"end":{"line":17,"column":1}},"line":6},"1":{"name":"(anonymous_1)","decl":{"start":{"line":9,"column":19},"end":{"line":9,"column":20}},"loc":{"start":{"line":9,"column":25},"end":{"line":14,"column":3}},"line":9}},"branchMap":{},"s":{"0":0,"1":0,"2":0,"3":0,"4":0,"5":0},"f":{"0":0,"1":0},"b":{}}
,"/home/runner/work/crm-inventory-missreceipt/crm-inventory-missreceipt/backend/src/routes/admin.js": {"path":"/home/runner/work/crm-inventory-missreceipt/crm-inventory-missreceipt/backend/src/routes/admin.js","statementMap":{"0":{"start":{"line":11,"column":16},"end":{"line":11,"column":34}},"1":{"start":{"line":12,"column":38},"end":{"line":12,"column":67}},"2":{"start":{"line":13,"column":27},"end":{"line":13,"column":66}},"3":{"start":{"line":20,"column":4},"end":{"line":20,"column":45}},"4":{"start":{"line":22,"column":15},"end":{"line":22,"column":31}},"5":{"start":{"line":25,"column":0},"end":{"line":25,"column":63}},"6":{"start":{"line":52,"column":0},"end":{"line":52,"column":34}},"7":{"start":{"line":64,"column":0},"end":{"line":64,"column":32}},"8":{"start":{"line":94,"column":0},"end":{"line":94,"column":37}},"9":{"start":{"line":112,"column":0},"end":{"line":112,"column":40}},"10":{"start":{"line":130,"column":0},"end":{"line":130,"column":56}},"11":{"start":{"line":132,"column":0},"end":{"line":132,"column":24}}},"fnMap":{},"branchMap":{},"s":{"0":0,"1":0,"2":0,"3":0,"4":0,"5":0,"6":0,"7":0,"8":0,"9":0,"10":0,"11":0},"f":{},"b":{}}
,"/home/runner/work/crm-inventory-missreceipt/crm-inventory-missreceipt/backend/src/routes/auth.js": {"path":"/home/runner/work/crm-inventory-missreceipt/crm-inventory-missreceipt/backend/src/routes/auth.js","statementMap":{"0":{"start":{"line":9,"column":16},"end":{"line":9,"column":34}},"1":{"start":{"line":10,"column":30},"end":{"line":10,"column":70}},"2":{"start":{"line":11,"column":25},"end":{"line":11,"column":54}},"3":{"start":{"line":13,"column":15},"end":{"line":13,"column":31}},"4":{"start":{"line":40,"column":0},"end":{"line":40,"column":29}},"5":{"start":{"line":52,"column":0},"end":{"line":52,"column":45}},"6":{"start":{"line":64,"column":0},"end":{"line":64,"column":36}},"7":{"start":{"line":66,"column":0},"end":{"line":66,"column":24}}},"fnMap":{},"branchMap":{},"s":{"0":0,"1":0,"2":0,"3":0,"4":0,"5":0,"6":0,"7":0},"f":{},"b":{}}
,"/home/runner/work/crm-inventory-missreceipt/crm-inventory-missreceipt/backend/src/routes/inventory.js": {"path":"/home/runner/work/crm-inventory-missreceipt/crm-inventory-missreceipt/backend/src/routes/inventory.js","statementMap":{"0":{"start":{"line":12,"column":16},"end":{"line":12,"column":34}},"1":{"start":{"line":13,"column":15},"end":{"line":13,"column":32}},"2":{"start":{"line":14,"column":25},"end":{"line":14,"column":54}},"3":{"start":{"line":15,"column":27},"end":{"line":15,"column":66}},"4":{"start":{"line":26,"column":4},"end":{"line":26,"column":49}},"5":{"start":{"line":28,"column":15},"end":{"line":28,"column":31}},"6":{"start":{"line":31,"column":15},"end":{"line":41,"column":2}},"7":{"start":{"line":35,"column":4},"end":{"line":39,"column":5}},"8":{"start":{"line":36,"column":6},"end":{"line":36,"column":21}},"9":{"start":{"line":38,"column":6},"end":{"line":38,"column":52}},"10":{"start":{"line":56,"column":0},"end":{"line":56,"column":42}},"11":{"start":{"line":60,"column":0},"end":{"line":60,"column":41}},"12":{"start":{"line":88,"column":0},"end":{"line":88,"column":63}},"13":{"start":{"line":109,"column":0},"end":{"line":109,"column":36}},"14":{"start":{"line":127,"column":0},"end":{"line":127,"column":55}},"15":{"start":{"line":158,"column":0},"end":{"line":158,"column":51}},"16":{"start":{"line":185,"column":0},"end":{"line":185,"column":50}},"17":{"start":{"line":211,"column":0},"end":{"line":211,"column":56}},"18":{"start":{"line":229,"column":0},"end":{"line":229,"column":49}},"19":{"start":{"line":247,"column":0},"end":{"line":247,"column":47}},"20":{"start":{"line":249,"column":0},"end":{"line":249,"column":24}}},"fnMap":{"0":{"name":"(anonymous_0)","decl":{"start":{"line":34,"column":14},"end":{"line":34,"column":15}},"loc":{"start":{"line":34,"column":34},"end":{"line":40,"column":3}},"line":34}},"branchMap":{"0":{"loc":{"start":{"line":35,"column":4},"end":{"line":39,"column":5}},"type":"if","locations":[{"start":{"line":35,"column":4},"end":{"line":39,"column":5}},{"start":{"line":37,"column":11},"end":{"line":39,"column":5}}],"line":35},"1":{"loc":{"start":{"line":35,"column":8},"end":{"line":35,"column":74}},"type":"binary-expr","locations":[{"start":{"line":35,"column":8},"end":{"line":35,"column":36}},{"start":{"line":35,"column":40},"end":{"line":35,"column":74}}],"line":35}},"s":{"0":0,"1":0,"2":0,"3":0,"4":0,"5":0,"6":0,"7":0,"8":0,"9":0,"10":0,"11":0,"12":0,"13":0,"14":0,"15":0,"16":0,"17":0,"18":0,"19":0,"20":0},"f":{"0":0},"b":{"0":[0,0],"1":[0,0]}}
,"/home/runner/work/crm-inventory-missreceipt/crm-inventory-missreceipt/backend/src/routes/inventoryTemplate.js": {"path":"/home/runner/work/crm-inventory-missreceipt/crm-inventory-missreceipt/backend/src/routes/inventoryTemplate.js","statementMap":{"0":{"start":{"line":7,"column":16},"end":{"line":7,"column":34}},"1":{"start":{"line":8,"column":15},"end":{"line":8,"column":32}},"2":{"start":{"line":9,"column":25},"end":{"line":9,"column":54}},"3":{"start":{"line":10,"column":27},"end":{"line":10,"column":66}},"4":{"start":{"line":11,"column":46},"end":{"line":11,"column":99}},"5":{"start":{"line":13,"column":15},"end":{"line":13,"column":31}},"6":{"start":{"line":15,"column":15},"end":{"line":25,"column":2}},"7":{"start":{"line":19,"column":4},"end":{"line":23,"column":5}},"8":{"start":{"line":20,"column":6},"end":{"line":20,"column":21}},"9":{"start":{"line":22,"column":6},"end":{"line":22,"column":52}},"10":{"start":{"line":27,"column":0},"end":{"line":27,"column":41}},"11":{"start":{"line":29,"column":0},"end":{"line":29,"column":64}},"12":{"start":{"line":30,"column":0},"end":{"line":30,"column":66}},"13":{"start":{"line":32,"column":0},"end":{"line":32,"column":24}}},"fnMap":{"0":{"name":"(anonymous_0)","decl":{"start":{"line":18,"column":14},"end":{"line":18,"column":15}},"loc":{"start":{"line":18,"column":34},"end":{"line":24,"column":3}},"line":18}},"branchMap":{"0":{"loc":{"start":{"line":19,"column":4},"end":{"line":23,"column":5}},"type":"if","locations":[{"start":{"line":19,"column":4},"end":{"line":23,"column":5}},{"start":{"line":21,"column":11},"end":{"line":23,"column":5}}],"line":19},"1":{"loc":{"start":{"line":19,"column":8},"end":{"line":19,"column":74}},"type":"binary-expr","locations":[{"start":{"line":19,"column":8},"end":{"line":19,"column":36}},{"start":{"line":19,"column":40},"end":{"line":19,"column":74}}],"line":19}},"s":{"0":0,"1":0,"2":0,"3":0,"4":0,"5":0,"6":0,"7":0,"8":0,"9":0,"10":0,"11":0,"12":0,"13":0},"f":{"0":0},"b":{"0":[0,0],"1":[0,0]}}
,"/home/runner/work/crm-inventory-missreceipt/crm-inventory-missreceipt/backend/src/routes/miscReceipt.js": {"path":"/home/runner/work/crm-inventory-missreceipt/crm-inventory-missreceipt/backend/src/routes/miscReceipt.js","statementMap":{"0":{"start":{"line":11,"column":16},"end":{"line":11,"column":34}},"1":{"start":{"line":12,"column":15},"end":{"line":12,"column":32}},"2":{"start":{"line":13,"column":25},"end":{"line":13,"column":54}},"3":{"start":{"line":14,"column":27},"end":{"line":14,"column":66}},"4":{"start":{"line":21,"column":4},"end":{"line":21,"column":51}},"5":{"start":{"line":23,"column":15},"end":{"line":23,"column":31}},"6":{"start":{"line":25,"column":18},"end":{"line":35,"column":2}},"7":{"start":{"line":29,"column":4},"end":{"line":33,"column":5}},"8":{"start":{"line":30,"column":6},"end":{"line":30,"column":21}},"9":{"start":{"line":32,"column":6},"end":{"line":32,"column":52}},"10":{"start":{"line":50,"column":0},"end":{"line":50,"column":42}},"11":{"start":{"line":54,"column":0},"end":{"line":54,"column":41}},"12":{"start":{"line":76,"column":0},"end":{"line":76,"column":62}},"13":{"start":{"line":98,"column":0},"end":{"line":98,"column":57}},"14":{"start":{"line":110,"column":0},"end":{"line":110,"column":36}},"15":{"start":{"line":128,"column":0},"end":{"line":128,"column":38}},"16":{"start":{"line":130,"column":0},"end":{"line":130,"column":24}}},"fnMap":{"0":{"name":"(anonymous_0)","decl":{"start":{"line":28,"column":14},"end":{"line":28,"column":15}},"loc":{"start":{"line":28,"column":34},"end":{"line":34,"column":3}},"line":28}},"branchMap":{"0":{"loc":{"start":{"line":29,"column":4},"end":{"line":33,"column":5}},"type":"if","locations":[{"start":{"line":29,"column":4},"end":{"line":33,"column":5}},{"start":{"line":31,"column":11},"end":{"line":33,"column":5}}],"line":29},"1":{"loc":{"start":{"line":29,"column":8},"end":{"line":29,"column":74}},"type":"binary-expr","locations":[{"start":{"line":29,"column":8},"end":{"line":29,"column":36}},{"start":{"line":29,"column":40},"end":{"line":29,"column":74}}],"line":29}},"s":{"0":0,"1":0,"2":0,"3":0,"4":0,"5":0,"6":0,"7":0,"8":0,"9":0,"10":0,"11":0,"12":0,"13":0,"14":0,"15":0,"16":0},"f":{"0":0},"b":{"0":[0,0],"1":[0,0]}}
,"/home/runner/work/crm-inventory-missreceipt/crm-inventory-missreceipt/backend/src/routes/reports.js": {"path":"/home/runner/work/crm-inventory-missreceipt/crm-inventory-missreceipt/backend/src/routes/reports.js","statementMap":{"0":{"start":{"line":11,"column":16},"end":{"line":11,"column":34}},"1":{"start":{"line":12,"column":38},"end":{"line":12,"column":67}},"2":{"start":{"line":13,"column":56},"end":{"line":13,"column":99}},"3":{"start":{"line":15,"column":15},"end":{"line":15,"column":31}},"4":{"start":{"line":17,"column":0},"end":{"line":17,"column":25}},"5":{"start":{"line":29,"column":0},"end":{"line":29,"column":36}},"6":{"start":{"line":57,"column":0},"end":{"line":57,"column":34}},"7":{"start":{"line":84,"column":0},"end":{"line":84,"column":67}},"8":{"start":{"line":112,"column":0},"end":{"line":112,"column":69}},"9":{"start":{"line":114,"column":0},"end":{"line":114,"column":24}}},"fnMap":{},"branchMap":{},"s":{"0":0,"1":0,"2":0,"3":0,"4":0,"5":0,"6":0,"7":0,"8":0,"9":0},"f":{},"b":{}}
,"/home/runner/work/crm-inventory-missreceipt/crm-inventory-missreceipt/backend/src/routes/standardReceipt.js": {"path":"/home/runner/work/crm-inventory-missreceipt/crm-inventory-missreceipt/backend/src/routes/standardReceipt.js","statementMap":{"0":{"start":{"line":6,"column":16},"end":{"line":6,"column":34}},"1":{"start":{"line":7,"column":15},"end":{"line":7,"column":32}},"2":{"start":{"line":8,"column":25},"end":{"line":8,"column":54}},"3":{"start":{"line":9,"column":27},"end":{"line":9,"column":66}},"4":{"start":{"line":16,"column":4},"end":{"line":16,"column":55}},"5":{"start":{"line":18,"column":15},"end":{"line":18,"column":31}},"6":{"start":{"line":20,"column":18},"end":{"line":30,"column":2}},"7":{"start":{"line":24,"column":4},"end":{"line":28,"column":5}},"8":{"start":{"line":25,"column":6},"end":{"line":25,"column":21}},"9":{"start":{"line":27,"column":6},"end":{"line":27,"column":52}},"10":{"start":{"line":33,"column":0},"end":{"line":33,"column":42}},"11":{"start":{"line":36,"column":0},"end":{"line":36,"column":41}},"12":{"start":{"line":37,"column":0},"end":{"line":37,"column":66}},"13":{"start":{"line":38,"column":0},"end":{"line":38,"column":57}},"14":{"start":{"line":39,"column":0},"end":{"line":39,"column":36}},"15":{"start":{"line":40,"column":0},"end":{"line":40,"column":38}},"16":{"start":{"line":42,"column":0},"end":{"line":42,"column":24}}},"fnMap":{"0":{"name":"(anonymous_0)","decl":{"start":{"line":23,"column":14},"end":{"line":23,"column":15}},"loc":{"start":{"line":23,"column":34},"end":{"line":29,"column":3}},"line":23}},"branchMap":{"0":{"loc":{"start":{"line":24,"column":4},"end":{"line":28,"column":5}},"type":"if","locations":[{"start":{"line":24,"column":4},"end":{"line":28,"column":5}},{"start":{"line":26,"column":11},"end":{"line":28,"column":5}}],"line":24},"1":{"loc":{"start":{"line":24,"column":8},"end":{"line":24,"column":74}},"type":"binary-expr","locations":[{"start":{"line":24,"column":8},"end":{"line":24,"column":36}},{"start":{"line":24,"column":40},"end":{"line":24,"column":74}}],"line":24}},"s":{"0":0,"1":0,"2":0,"3":0,"4":0,"5":0,"6":0,"7":0,"8":0,"9":0,"10":0,"11":0,"12":0,"13":0,"14":0,"15":0,"16":0},"f":{"0":0},"b":{"0":[0,0],"1":[0,0]}}
,"/home/runner/work/crm-inventory-missreceipt/crm-inventory-missreceipt/backend/src/services/prisma.js": {"path":"/home/runner/work/crm-inventory-missreceipt/crm-inventory-missreceipt/backend/src/services/prisma.js","statementMap":{"0":{"start":{"line":7,"column":25},"end":{"line":7,"column":50}},"1":{"start":{"line":9,"column":15},"end":{"line":11,"column":2}},"2":{"start":{"line":13,"column":0},"end":{"line":13,"column":24}}},"fnMap":{},"branchMap":{"0":{"loc":{"start":{"line":10,"column":7},"end":{"line":10,"column":78}},"type":"cond-expr","locations":[{"start":{"line":10,"column":48},"end":{"line":10,"column":66}},{"start":{"line":10,"column":69},"end":{"line":10,"column":78}}],"line":10}},"s":{"0":2,"1":2,"2":2},"f":{},"b":{"0":[0,2]},"_coverageSchema":"1a1c01bbd47fc00a2c39e90264f33305004495a9","hash":"46bcf282cb504e1103a92e5afe9423a5f301b858"}
}
