{"/home/runner/work/crm-inventory-missreceipt/crm-inventory-missreceipt/backend/src/controllers/adminController.js": {"path":"/home/runner/work/crm-inventory-missreceipt/crm-inventory-missreceipt/backend/src/controllers/adminController.js","statementMap":{"0":{"start":{"line":6,"column":15},"end":{"line":6,"column":34}},"1":{"start":{"line":7,"column":15},"end":{"line":7,"column":32}},"2":{"start":{"line":8,"column":15},"end":{"line":8,"column":44}},"3":{"start":{"line":15,"column":2},"end":{"line":35,"column":3}},"4":{"start":{"line":16,"column":38},"end":{"line":16,"column":46}},"5":{"start":{"line":18,"column":4},"end":{"line":20,"column":5}},"6":{"start":{"line":19,"column":6},"end":{"line":19,"column":81}},"7":{"start":{"line":22,"column":23},"end":{"line":22,"column":51}},"8":{"start":{"line":23,"column":21},"end":{"line":23,"column":70}},"9":{"start":{"line":25,"column":25},"end":{"line":25,"column":56}},"10":{"start":{"line":27,"column":17},"end":{"line":30,"column":6}},"11":{"start":{"line":32,"column":4},"end":{"line":32,"column":38}},"12":{"start":{"line":34,"column":4},"end":{"line":34,"column":14}},"13":{"start":{"line":43,"column":2},"end":{"line":61,"column":3}},"14":{"start":{"line":44,"column":17},"end":{"line":44,"column":59}},"15":{"start":{"line":45,"column":18},"end":{"line":45,"column":64}},"16":{"start":{"line":46,"column":17},"end":{"line":46,"column":35}},"17":{"start":{"line":48,"column":27},"end":{"line":56,"column":6}},"18":{"start":{"line":58,"column":4},"end":{"line":58,"column":51}},"19":{"start":{"line":60,"column":4},"end":{"line":60,"column":14}},"20":{"start":{"line":69,"column":2},"end":{"line":92,"column":3}},"21":{"start":{"line":70,"column":19},"end":{"line":70,"column":42}},"22":{"start":{"line":71,"column":38},"end":{"line":71,"column":46}},"23":{"start":{"line":73,"column":23},"end":{"line":73,"column":51}},"24":{"start":{"line":74,"column":17},"end":{"line":74,"column":19}},"25":{"start":{"line":75,"column":4},"end":{"line":75,"column":34}},"26":{"start":{"line":75,"column":15},"end":{"line":75,"column":34}},"27":{"start":{"line":76,"column":4},"end":{"line":76,"column":60}},"28":{"start":{"line":76,"column":43},"end":{"line":76,"column":60}},"29":{"start":{"line":77,"column":4},"end":{"line":77,"column":64}},"30":{"start":{"line":77,"column":39},"end":{"line":77,"column":64}},"31":{"start":{"line":79,"column":4},"end":{"line":81,"column":5}},"32":{"start":{"line":80,"column":6},"end":{"line":80,"column":85}},"33":{"start":{"line":83,"column":17},"end":{"line":87,"column":6}},"34":{"start":{"line":89,"column":4},"end":{"line":89,"column":26}},"35":{"start":{"line":91,"column":4},"end":{"line":91,"column":14}},"36":{"start":{"line":101,"column":2},"end":{"line":131,"column":3}},"37":{"start":{"line":102,"column":19},"end":{"line":102,"column":42}},"38":{"start":{"line":105,"column":4},"end":{"line":107,"column":5}},"39":{"start":{"line":106,"column":6},"end":{"line":106,"column":81}},"40":{"start":{"line":110,"column":23},"end":{"line":110,"column":78}},"41":{"start":{"line":111,"column":4},"end":{"line":113,"column":5}},"42":{"start":{"line":112,"column":6},"end":{"line":112,"column":64}},"43":{"start":{"line":114,"column":4},"end":{"line":121,"column":5}},"44":{"start":{"line":115,"column":25},"end":{"line":117,"column":8}},"45":{"start":{"line":118,"column":6},"end":{"line":120,"column":7}},"46":{"start":{"line":119,"column":8},"end":{"line":119,"column":88}},"47":{"start":{"line":123,"column":4},"end":{"line":126,"column":7}},"48":{"start":{"line":128,"column":4},"end":{"line":128,"column":64}},"49":{"start":{"line":130,"column":4},"end":{"line":130,"column":14}},"50":{"start":{"line":139,"column":2},"end":{"line":157,"column":3}},"51":{"start":{"line":140,"column":19},"end":{"line":140,"column":42}},"52":{"start":{"line":143,"column":24},"end":{"line":143,"column":61}},"53":{"start":{"line":144,"column":25},"end":{"line":144,"column":59}},"54":{"start":{"line":146,"column":4},"end":{"line":149,"column":7}},"55":{"start":{"line":151,"column":4},"end":{"line":154,"column":7}},"56":{"start":{"line":156,"column":4},"end":{"line":156,"column":14}},"57":{"start":{"line":160,"column":0},"end":{"line":160,"column":82}}},"fnMap":{"0":{"name":"createUser","decl":{"start":{"line":14,"column":15},"end":{"line":14,"column":25}},"loc":{"start":{"line":14,"column":42},"end":{"line":36,"column":1}},"line":14},"1":{"name":"listUsers","decl":{"start":{"line":42,"column":15},"end":{"line":42,"column":24}},"loc":{"start":{"line":42,"column":41},"end":{"line":62,"column":1}},"line":42},"2":{"name":"updateUser","decl":{"start":{"line":68,"column":15},"end":{"line":68,"column":25}},"loc":{"start":{"line":68,"column":42},"end":{"line":93,"column":1}},"line":68},"3":{"name":"deleteUser","decl":{"start":{"line":100,"column":15},"end":{"line":100,"column":25}},"loc":{"start":{"line":100,"column":42},"end":{"line":132,"column":1}},"line":100},"4":{"name":"resetPassword","decl":{"start":{"line":138,"column":15},"end":{"line":138,"column":28}},"loc":{"start":{"line":138,"column":45},"end":{"line":158,"column":1}},"line":138}},"branchMap":{"0":{"loc":{"start":{"line":18,"column":4},"end":{"line":20,"column":5}},"type":"if","locations":[{"start":{"line":18,"column":4},"end":{"line":20,"column":5}},{"start":{},"end":{}}],"line":18},"1":{"loc":{"start":{"line":18,"column":8},"end":{"line":18,"column":27}},"type":"binary-expr","locations":[{"start":{"line":18,"column":8},"end":{"line":18,"column":14}},{"start":{"line":18,"column":18},"end":{"line":18,"column":27}}],"line":18},"2":{"loc":{"start":{"line":23,"column":21},"end":{"line":23,"column":70}},"type":"cond-expr","locations":[{"start":{"line":23,"column":57},"end":{"line":23,"column":61}},{"start":{"line":23,"column":64},"end":{"line":23,"column":70}}],"line":23},"3":{"loc":{"start":{"line":23,"column":21},"end":{"line":23,"column":54}},"type":"binary-expr","locations":[{"start":{"line":23,"column":21},"end":{"line":23,"column":25}},{"start":{"line":23,"column":29},"end":{"line":23,"column":54}}],"line":23},"4":{"loc":{"start":{"line":44,"column":29},"end":{"line":44,"column":58}},"type":"binary-expr","locations":[{"start":{"line":44,"column":29},"end":{"line":44,"column":53}},{"start":{"line":44,"column":57},"end":{"line":44,"column":58}}],"line":44},"5":{"loc":{"start":{"line":45,"column":32},"end":{"line":45,"column":63}},"type":"binary-expr","locations":[{"start":{"line":45,"column":32},"end":{"line":45,"column":57}},{"start":{"line":45,"column":61},"end":{"line":45,"column":63}}],"line":45},"6":{"loc":{"start":{"line":75,"column":4},"end":{"line":75,"column":34}},"type":"if","locations":[{"start":{"line":75,"column":4},"end":{"line":75,"column":34}},{"start":{},"end":{}}],"line":75},"7":{"loc":{"start":{"line":76,"column":4},"end":{"line":76,"column":60}},"type":"if","locations":[{"start":{"line":76,"column":4},"end":{"line":76,"column":60}},{"start":{},"end":{}}],"line":76},"8":{"loc":{"start":{"line":76,"column":8},"end":{"line":76,"column":41}},"type":"binary-expr","locations":[{"start":{"line":76,"column":8},"end":{"line":76,"column":12}},{"start":{"line":76,"column":16},"end":{"line":76,"column":41}}],"line":76},"9":{"loc":{"start":{"line":77,"column":4},"end":{"line":77,"column":64}},"type":"if","locations":[{"start":{"line":77,"column":4},"end":{"line":77,"column":64}},{"start":{},"end":{}}],"line":77},"10":{"loc":{"start":{"line":79,"column":4},"end":{"line":81,"column":5}},"type":"if","locations":[{"start":{"line":79,"column":4},"end":{"line":81,"column":5}},{"start":{},"end":{}}],"line":79},"11":{"loc":{"start":{"line":105,"column":4},"end":{"line":107,"column":5}},"type":"if","locations":[{"start":{"line":105,"column":4},"end":{"line":107,"column":5}},{"start":{},"end":{}}],"line":105},"12":{"loc":{"start":{"line":111,"column":4},"end":{"line":113,"column":5}},"type":"if","locations":[{"start":{"line":111,"column":4},"end":{"line":113,"column":5}},{"start":{},"end":{}}],"line":111},"13":{"loc":{"start":{"line":114,"column":4},"end":{"line":121,"column":5}},"type":"if","locations":[{"start":{"line":114,"column":4},"end":{"line":121,"column":5}},{"start":{},"end":{}}],"line":114},"14":{"loc":{"start":{"line":118,"column":6},"end":{"line":120,"column":7}},"type":"if","locations":[{"start":{"line":118,"column":6},"end":{"line":120,"column":7}},{"start":{},"end":{}}],"line":118}},"s":{"0":0,"1":0,"2":0,"3":0,"4":0,"5":0,"6":0,"7":0,"8":0,"9":0,"10":0,"11":0,"12":0,"13":0,"14":0,"15":0,"16":0,"17":0,"18":0,"19":0,"20":0,"21":0,"22":0,"23":0,"24":0,"25":0,"26":0,"27":0,"28":0,"29":0,"30":0,"31":0,"32":0,"33":0,"34":0,"35":0,"36":0,"37":0,"38":0,"39":0,"40":0,"41":0,"42":0,"43":0,"44":0,"45":0,"46":0,"47":0,"48":0,"49":0,"50":0,"51":0,"52":0,"53":0,"54":0,"55":0,"56":0,"57":0},"f":{"0":0,"1":0,"2":0,"3":0,"4":0},"b":{"0":[0,0],"1":[0,0],"2":[0,0],"3":[0,0],"4":[0,0],"5":[0,0],"6":[0,0],"7":[0,0],"8":[0,0],"9":[0,0],"10":[0,0],"11":[0,0],"12":[0,0],"13":[0,0],"14":[0,0]}}
,"/home/runner/work/crm-inventory-missreceipt/crm-inventory-missreceipt/backend/src/controllers/applyReceiptController.js": {"path":"/home/runner/work/crm-inventory-missreceipt/crm-inventory-missreceipt/backend/src/controllers/applyReceiptController.js","statementMap":{"0":{"start":{"line":7,"column":18},"end":{"line":7,"column":43}},"1":{"start":{"line":8,"column":14},"end":{"line":8,"column":30}},"2":{"start":{"line":9,"column":15},"end":{"line":9,"column":33}},"3":{"start":{"line":10,"column":15},"end":{"line":10,"column":33}},"4":{"start":{"line":11,"column":15},"end":{"line":11,"column":44}},"5":{"start":{"line":12,"column":35},"end":{"line":12,"column":74}},"6":{"start":{"line":15,"column":24},"end":{"line":15,"column":41}},"7":{"start":{"line":20,"column":28},"end":{"line":20,"column":74}},"8":{"start":{"line":21,"column":20},"end":{"line":21,"column":58}},"9":{"start":{"line":22,"column":26},"end":{"line":22,"column":30}},"10":{"start":{"line":23,"column":26},"end":{"line":23,"column":31}},"11":{"start":{"line":26,"column":22},"end":{"line":26,"column":65}},"12":{"start":{"line":27,"column":22},"end":{"line":27,"column":135}},"13":{"start":{"line":28,"column":22},"end":{"line":28,"column":129}},"14":{"start":{"line":29,"column":22},"end":{"line":29,"column":150}},"15":{"start":{"line":31,"column":27},"end":{"line":31,"column":47}},"16":{"start":{"line":32,"column":27},"end":{"line":32,"column":45}},"17":{"start":{"line":35,"column":2},"end":{"line":35,"column":30}},"18":{"start":{"line":35,"column":20},"end":{"line":35,"column":30}},"19":{"start":{"line":36,"column":2},"end":{"line":36,"column":44}},"20":{"start":{"line":36,"column":32},"end":{"line":36,"column":44}},"21":{"start":{"line":37,"column":2},"end":{"line":37,"column":59}},"22":{"start":{"line":37,"column":29},"end":{"line":37,"column":59}},"23":{"start":{"line":38,"column":2},"end":{"line":40,"column":3}},"24":{"start":{"line":39,"column":4},"end":{"line":39,"column":52}},"25":{"start":{"line":41,"column":2},"end":{"line":43,"column":3}},"26":{"start":{"line":42,"column":4},"end":{"line":42,"column":27}},"27":{"start":{"line":44,"column":2},"end":{"line":44,"column":22}},"28":{"start":{"line":48,"column":2},"end":{"line":48,"column":23}},"29":{"start":{"line":48,"column":13},"end":{"line":48,"column":23}},"30":{"start":{"line":49,"column":2},"end":{"line":49,"column":61}},"31":{"start":{"line":53,"column":14},"end":{"line":53,"column":24}},"32":{"start":{"line":54,"column":21},"end":{"line":54,"column":78}},"33":{"start":{"line":55,"column":2},"end":{"line":55,"column":46}},"34":{"start":{"line":55,"column":18},"end":{"line":55,"column":46}},"35":{"start":{"line":56,"column":20},"end":{"line":56,"column":79}},"36":{"start":{"line":57,"column":2},"end":{"line":57,"column":48}},"37":{"start":{"line":66,"column":2},"end":{"line":66,"column":30}},"38":{"start":{"line":66,"column":18},"end":{"line":66,"column":30}},"39":{"start":{"line":68,"column":21},"end":{"line":68,"column":45}},"40":{"start":{"line":69,"column":2},"end":{"line":69,"column":31}},"41":{"start":{"line":69,"column":19},"end":{"line":69,"column":31}},"42":{"start":{"line":72,"column":23},"end":{"line":72,"column":64}},"43":{"start":{"line":73,"column":2},"end":{"line":73,"column":43}},"44":{"start":{"line":73,"column":20},"end":{"line":73,"column":43}},"45":{"start":{"line":76,"column":28},"end":{"line":76,"column":73}},"46":{"start":{"line":77,"column":2},"end":{"line":77,"column":53}},"47":{"start":{"line":77,"column":25},"end":{"line":77,"column":53}},"48":{"start":{"line":80,"column":2},"end":{"line":90,"column":3}},"49":{"start":{"line":81,"column":17},"end":{"line":81,"column":37}},"50":{"start":{"line":82,"column":4},"end":{"line":87,"column":5}},"51":{"start":{"line":83,"column":19},"end":{"line":83,"column":37}},"52":{"start":{"line":84,"column":20},"end":{"line":84,"column":64}},"53":{"start":{"line":85,"column":18},"end":{"line":85,"column":57}},"54":{"start":{"line":86,"column":6},"end":{"line":86,"column":39}},"55":{"start":{"line":92,"column":2},"end":{"line":92,"column":14}},"56":{"start":{"line":100,"column":2},"end":{"line":106,"column":7}},"57":{"start":{"line":101,"column":17},"end":{"line":101,"column":46}},"58":{"start":{"line":103,"column":19},"end":{"line":103,"column":59}},"59":{"start":{"line":104,"column":19},"end":{"line":104,"column":59}},"60":{"start":{"line":105,"column":6},"end":{"line":105,"column":25}},"61":{"start":{"line":113,"column":2},"end":{"line":115,"column":3}},"62":{"start":{"line":114,"column":4},"end":{"line":114,"column":31}},"63":{"start":{"line":117,"column":18},"end":{"line":117,"column":68}},"64":{"start":{"line":117,"column":59},"end":{"line":117,"column":67}},"65":{"start":{"line":120,"column":2},"end":{"line":122,"column":3}},"66":{"start":{"line":121,"column":4},"end":{"line":121,"column":59}},"67":{"start":{"line":125,"column":24},"end":{"line":125,"column":49}},"68":{"start":{"line":128,"column":2},"end":{"line":130,"column":3}},"69":{"start":{"line":129,"column":4},"end":{"line":129,"column":101}},"70":{"start":{"line":133,"column":2},"end":{"line":149,"column":3}},"71":{"start":{"line":133,"column":15},"end":{"line":133,"column":16}},"72":{"start":{"line":134,"column":16},"end":{"line":134,"column":26}},"73":{"start":{"line":135,"column":23},"end":{"line":135,"column":61}},"74":{"start":{"line":136,"column":4},"end":{"line":138,"column":5}},"75":{"start":{"line":137,"column":6},"end":{"line":137,"column":55}},"76":{"start":{"line":141,"column":23},"end":{"line":144,"column":6}},"77":{"start":{"line":142,"column":18},"end":{"line":142,"column":49}},"78":{"start":{"line":143,"column":6},"end":{"line":143,"column":24}},"79":{"start":{"line":146,"column":4},"end":{"line":148,"column":5}},"80":{"start":{"line":147,"column":6},"end":{"line":147,"column":73}},"81":{"start":{"line":151,"column":2},"end":{"line":151,"column":14}},"82":{"start":{"line":159,"column":18},"end":{"line":159,"column":53}},"83":{"start":{"line":159,"column":44},"end":{"line":159,"column":52}},"84":{"start":{"line":160,"column":24},"end":{"line":160,"column":49}},"85":{"start":{"line":162,"column":24},"end":{"line":162,"column":62}},"86":{"start":{"line":163,"column":25},"end":{"line":165,"column":30}},"87":{"start":{"line":164,"column":18},"end":{"line":164,"column":49}},"88":{"start":{"line":165,"column":19},"end":{"line":165,"column":29}},"89":{"start":{"line":167,"column":2},"end":{"line":170,"column":4}},"90":{"start":{"line":177,"column":14},"end":{"line":177,"column":61}},"91":{"start":{"line":178,"column":16},"end":{"line":178,"column":52}},"92":{"start":{"line":180,"column":19},"end":{"line":187,"column":4}},"93":{"start":{"line":189,"column":16},"end":{"line":189,"column":42}},"94":{"start":{"line":190,"column":2},"end":{"line":192,"column":3}},"95":{"start":{"line":191,"column":4},"end":{"line":191,"column":70}},"96":{"start":{"line":195,"column":29},"end":{"line":195,"column":53}},"97":{"start":{"line":196,"column":25},"end":{"line":196,"column":64}},"98":{"start":{"line":198,"column":2},"end":{"line":198,"column":117}},"99":{"start":{"line":200,"column":2},"end":{"line":204,"column":4}},"100":{"start":{"line":211,"column":14},"end":{"line":211,"column":65}},"101":{"start":{"line":212,"column":16},"end":{"line":212,"column":50}},"102":{"start":{"line":214,"column":19},"end":{"line":221,"column":4}},"103":{"start":{"line":223,"column":16},"end":{"line":223,"column":42}},"104":{"start":{"line":224,"column":2},"end":{"line":226,"column":3}},"105":{"start":{"line":225,"column":4},"end":{"line":225,"column":70}},"106":{"start":{"line":228,"column":18},"end":{"line":228,"column":26}},"107":{"start":{"line":229,"column":2},"end":{"line":234,"column":4}},"108":{"start":{"line":255,"column":2},"end":{"line":257,"column":3}},"109":{"start":{"line":256,"column":4},"end":{"line":256,"column":84}},"110":{"start":{"line":260,"column":20},"end":{"line":267,"column":3}},"111":{"start":{"line":261,"column":4},"end":{"line":266,"column":31}},"112":{"start":{"line":269,"column":2},"end":{"line":287,"column":21}},"113":{"start":{"line":294,"column":18},"end":{"line":294,"column":89}},"114":{"start":{"line":295,"column":14},"end":{"line":295,"column":55}},"115":{"start":{"line":297,"column":2},"end":{"line":299,"column":3}},"116":{"start":{"line":298,"column":4},"end":{"line":298,"column":76}},"117":{"start":{"line":301,"column":2},"end":{"line":322,"column":3}},"118":{"start":{"line":302,"column":4},"end":{"line":302,"column":65}},"119":{"start":{"line":303,"column":4},"end":{"line":303,"column":147}},"120":{"start":{"line":306,"column":23},"end":{"line":306,"column":50}},"121":{"start":{"line":308,"column":21},"end":{"line":308,"column":82}},"122":{"start":{"line":310,"column":4},"end":{"line":310,"column":84}},"123":{"start":{"line":313,"column":4},"end":{"line":317,"column":6}},"124":{"start":{"line":320,"column":4},"end":{"line":320,"column":74}},"125":{"start":{"line":321,"column":4},"end":{"line":321,"column":16}},"126":{"start":{"line":329,"column":2},"end":{"line":376,"column":3}},"127":{"start":{"line":330,"column":4},"end":{"line":332,"column":5}},"128":{"start":{"line":331,"column":6},"end":{"line":331,"column":70}},"129":{"start":{"line":334,"column":20},"end":{"line":339,"column":6}},"130":{"start":{"line":341,"column":4},"end":{"line":343,"column":5}},"131":{"start":{"line":342,"column":6},"end":{"line":342,"column":67}},"132":{"start":{"line":345,"column":28},"end":{"line":345,"column":48}},"133":{"start":{"line":346,"column":4},"end":{"line":348,"column":5}},"134":{"start":{"line":347,"column":6},"end":{"line":347,"column":62}},"135":{"start":{"line":350,"column":21},"end":{"line":350,"column":23}},"136":{"start":{"line":351,"column":4},"end":{"line":367,"column":5}},"137":{"start":{"line":351,"column":17},"end":{"line":351,"column":18}},"138":{"start":{"line":352,"column":25},"end":{"line":352,"column":49}},"139":{"start":{"line":354,"column":6},"end":{"line":366,"column":7}},"140":{"start":{"line":355,"column":8},"end":{"line":365,"column":11}},"141":{"start":{"line":369,"column":4},"end":{"line":373,"column":7}},"142":{"start":{"line":375,"column":4},"end":{"line":375,"column":14}},"143":{"start":{"line":384,"column":2},"end":{"line":526,"column":3}},"144":{"start":{"line":385,"column":4},"end":{"line":387,"column":5}},"145":{"start":{"line":386,"column":6},"end":{"line":386,"column":70}},"146":{"start":{"line":390,"column":28},"end":{"line":394,"column":5}},"147":{"start":{"line":395,"column":20},"end":{"line":395,"column":64}},"148":{"start":{"line":395,"column":48},"end":{"line":395,"column":63}},"149":{"start":{"line":396,"column":4},"end":{"line":400,"column":5}},"150":{"start":{"line":397,"column":6},"end":{"line":399,"column":9}},"151":{"start":{"line":402,"column":20},"end":{"line":407,"column":6}},"152":{"start":{"line":409,"column":4},"end":{"line":411,"column":5}},"153":{"start":{"line":410,"column":6},"end":{"line":410,"column":67}},"154":{"start":{"line":413,"column":28},"end":{"line":413,"column":48}},"155":{"start":{"line":414,"column":4},"end":{"line":416,"column":5}},"156":{"start":{"line":415,"column":6},"end":{"line":415,"column":62}},"157":{"start":{"line":418,"column":30},"end":{"line":418,"column":55}},"158":{"start":{"line":419,"column":23},"end":{"line":421,"column":24}},"159":{"start":{"line":423,"column":29},"end":{"line":423,"column":31}},"160":{"start":{"line":424,"column":19},"end":{"line":424,"column":21}},"161":{"start":{"line":425,"column":18},"end":{"line":425,"column":45}},"162":{"start":{"line":428,"column":31},"end":{"line":511,"column":6}},"163":{"start":{"line":429,"column":6},"end":{"line":510,"column":9}},"164":{"start":{"line":430,"column":26},"end":{"line":430,"column":38}},"165":{"start":{"line":431,"column":50},"end":{"line":431,"column":53}},"166":{"start":{"line":434,"column":28},"end":{"line":434,"column":32}},"167":{"start":{"line":435,"column":30},"end":{"line":435,"column":34}},"168":{"start":{"line":436,"column":8},"end":{"line":460,"column":9}},"169":{"start":{"line":437,"column":32},"end":{"line":444,"column":11}},"170":{"start":{"line":438,"column":24},"end":{"line":438,"column":64}},"171":{"start":{"line":445,"column":10},"end":{"line":445,"column":54}},"172":{"start":{"line":446,"column":10},"end":{"line":446,"column":58}},"173":{"start":{"line":449,"column":27},"end":{"line":449,"column":72}},"174":{"start":{"line":450,"column":10},"end":{"line":458,"column":11}},"175":{"start":{"line":451,"column":12},"end":{"line":457,"column":15}},"176":{"start":{"line":459,"column":10},"end":{"line":459,"column":17}},"177":{"start":{"line":463,"column":8},"end":{"line":509,"column":9}},"178":{"start":{"line":464,"column":10},"end":{"line":508,"column":11}},"179":{"start":{"line":466,"column":34},"end":{"line":473,"column":13}},"180":{"start":{"line":467,"column":26},"end":{"line":467,"column":63}},"181":{"start":{"line":475,"column":30},"end":{"line":475,"column":53}},"182":{"start":{"line":476,"column":27},"end":{"line":476,"column":47}},"183":{"start":{"line":477,"column":32},"end":{"line":477,"column":57}},"184":{"start":{"line":478,"column":36},"end":{"line":478,"column":66}},"185":{"start":{"line":481,"column":32},"end":{"line":486,"column":13}},"186":{"start":{"line":488,"column":12},"end":{"line":497,"column":15}},"187":{"start":{"line":500,"column":29},"end":{"line":500,"column":67}},"188":{"start":{"line":501,"column":12},"end":{"line":507,"column":15}},"189":{"start":{"line":514,"column":4},"end":{"line":514,"column":42}},"190":{"start":{"line":516,"column":4},"end":{"line":523,"column":7}},"191":{"start":{"line":518,"column":62},"end":{"line":518,"column":91}},"192":{"start":{"line":525,"column":4},"end":{"line":525,"column":14}},"193":{"start":{"line":533,"column":2},"end":{"line":819,"column":3}},"194":{"start":{"line":534,"column":4},"end":{"line":536,"column":5}},"195":{"start":{"line":535,"column":6},"end":{"line":535,"column":70}},"196":{"start":{"line":539,"column":28},"end":{"line":543,"column":5}},"197":{"start":{"line":544,"column":20},"end":{"line":544,"column":64}},"198":{"start":{"line":544,"column":48},"end":{"line":544,"column":63}},"199":{"start":{"line":545,"column":4},"end":{"line":549,"column":5}},"200":{"start":{"line":546,"column":6},"end":{"line":548,"column":9}},"201":{"start":{"line":551,"column":20},"end":{"line":556,"column":6}},"202":{"start":{"line":558,"column":4},"end":{"line":560,"column":5}},"203":{"start":{"line":559,"column":6},"end":{"line":559,"column":67}},"204":{"start":{"line":562,"column":28},"end":{"line":562,"column":48}},"205":{"start":{"line":563,"column":4},"end":{"line":565,"column":5}},"206":{"start":{"line":564,"column":6},"end":{"line":564,"column":62}},"207":{"start":{"line":567,"column":30},"end":{"line":567,"column":55}},"208":{"start":{"line":570,"column":25},"end":{"line":579,"column":6}},"209":{"start":{"line":575,"column":60},"end":{"line":575,"column":89}},"210":{"start":{"line":581,"column":23},"end":{"line":583,"column":24}},"211":{"start":{"line":585,"column":23},"end":{"line":585,"column":24}},"212":{"start":{"line":586,"column":23},"end":{"line":586,"column":24}},"213":{"start":{"line":587,"column":21},"end":{"line":587,"column":23}},"214":{"start":{"line":588,"column":25},"end":{"line":588,"column":27}},"215":{"start":{"line":589,"column":28},"end":{"line":589,"column":30}},"216":{"start":{"line":590,"column":29},"end":{"line":590,"column":31}},"217":{"start":{"line":591,"column":22},"end":{"line":591,"column":32}},"218":{"start":{"line":594,"column":18},"end":{"line":594,"column":45}},"219":{"start":{"line":596,"column":31},"end":{"line":759,"column":6}},"220":{"start":{"line":597,"column":6},"end":{"line":758,"column":9}},"221":{"start":{"line":598,"column":26},"end":{"line":598,"column":38}},"222":{"start":{"line":599,"column":50},"end":{"line":599,"column":53}},"223":{"start":{"line":602,"column":28},"end":{"line":602,"column":32}},"224":{"start":{"line":603,"column":30},"end":{"line":603,"column":34}},"225":{"start":{"line":604,"column":8},"end":{"line":647,"column":9}},"226":{"start":{"line":605,"column":32},"end":{"line":612,"column":11}},"227":{"start":{"line":606,"column":24},"end":{"line":606,"column":64}},"228":{"start":{"line":613,"column":10},"end":{"line":613,"column":54}},"229":{"start":{"line":614,"column":10},"end":{"line":614,"column":58}},"230":{"start":{"line":616,"column":10},"end":{"line":618,"column":12}},"231":{"start":{"line":621,"column":10},"end":{"line":645,"column":11}},"232":{"start":{"line":622,"column":12},"end":{"line":622,"column":27}},"233":{"start":{"line":623,"column":29},"end":{"line":623,"column":74}},"234":{"start":{"line":624,"column":12},"end":{"line":636,"column":15}},"235":{"start":{"line":638,"column":12},"end":{"line":640,"column":13}},"236":{"start":{"line":639,"column":14},"end":{"line":639,"column":66}},"237":{"start":{"line":642,"column":12},"end":{"line":644,"column":14}},"238":{"start":{"line":646,"column":10},"end":{"line":646,"column":17}},"239":{"start":{"line":650,"column":8},"end":{"line":757,"column":9}},"240":{"start":{"line":651,"column":26},"end":{"line":651,"column":30}},"241":{"start":{"line":652,"column":23},"end":{"line":652,"column":27}},"242":{"start":{"line":653,"column":28},"end":{"line":653,"column":32}},"243":{"start":{"line":657,"column":32},"end":{"line":657,"column":47}},"244":{"start":{"line":659,"column":10},"end":{"line":756,"column":11}},"245":{"start":{"line":661,"column":34},"end":{"line":668,"column":13}},"246":{"start":{"line":662,"column":26},"end":{"line":662,"column":63}},"247":{"start":{"line":670,"column":12},"end":{"line":670,"column":48}},"248":{"start":{"line":671,"column":12},"end":{"line":671,"column":42}},"249":{"start":{"line":672,"column":12},"end":{"line":672,"column":52}},"250":{"start":{"line":673,"column":12},"end":{"line":675,"column":13}},"251":{"start":{"line":674,"column":14},"end":{"line":674,"column":44}},"252":{"start":{"line":677,"column":12},"end":{"line":679,"column":14}},"253":{"start":{"line":682,"column":34},"end":{"line":689,"column":13}},"254":{"start":{"line":683,"column":26},"end":{"line":683,"column":93}},"255":{"start":{"line":691,"column":33},"end":{"line":691,"column":59}},"256":{"start":{"line":693,"column":12},"end":{"line":725,"column":13}},"257":{"start":{"line":695,"column":14},"end":{"line":695,"column":29}},"258":{"start":{"line":696,"column":31},"end":{"line":696,"column":102}},"259":{"start":{"line":697,"column":14},"end":{"line":709,"column":17}},"260":{"start":{"line":711,"column":14},"end":{"line":713,"column":15}},"261":{"start":{"line":712,"column":16},"end":{"line":712,"column":90}},"262":{"start":{"line":715,"column":14},"end":{"line":717,"column":16}},"263":{"start":{"line":720,"column":14},"end":{"line":720,"column":29}},"264":{"start":{"line":721,"column":14},"end":{"line":721,"column":95}},"265":{"start":{"line":722,"column":14},"end":{"line":724,"column":16}},"266":{"start":{"line":729,"column":12},"end":{"line":729,"column":27}},"267":{"start":{"line":730,"column":29},"end":{"line":730,"column":71}},"268":{"start":{"line":731,"column":30},"end":{"line":731,"column":76}},"269":{"start":{"line":733,"column":12},"end":{"line":747,"column":15}},"270":{"start":{"line":749,"column":12},"end":{"line":751,"column":13}},"271":{"start":{"line":750,"column":14},"end":{"line":750,"column":88}},"272":{"start":{"line":753,"column":12},"end":{"line":755,"column":14}},"273":{"start":{"line":762,"column":4},"end":{"line":762,"column":42}},"274":{"start":{"line":764,"column":20},"end":{"line":764,"column":30}},"275":{"start":{"line":765,"column":22},"end":{"line":765,"column":63}},"276":{"start":{"line":766,"column":30},"end":{"line":766,"column":100}},"277":{"start":{"line":766,"column":67},"end":{"line":766,"column":96}},"278":{"start":{"line":767,"column":34},"end":{"line":767,"column":76}},"279":{"start":{"line":770,"column":4},"end":{"line":772,"column":5}},"280":{"start":{"line":771,"column":6},"end":{"line":771,"column":70}},"281":{"start":{"line":776,"column":6},"end":{"line":776,"column":80}},"282":{"start":{"line":779,"column":6},"end":{"line":781,"column":57}},"283":{"start":{"line":783,"column":27},"end":{"line":783,"column":141}},"284":{"start":{"line":785,"column":6},"end":{"line":787,"column":49}},"285":{"start":{"line":790,"column":26},"end":{"line":799,"column":6}},"286":{"start":{"line":801,"column":4},"end":{"line":803,"column":6}},"287":{"start":{"line":805,"column":4},"end":{"line":816,"column":7}},"288":{"start":{"line":818,"column":4},"end":{"line":818,"column":14}},"289":{"start":{"line":826,"column":2},"end":{"line":847,"column":3}},"290":{"start":{"line":827,"column":17},"end":{"line":827,"column":59}},"291":{"start":{"line":828,"column":18},"end":{"line":828,"column":64}},"292":{"start":{"line":829,"column":17},"end":{"line":829,"column":35}},"293":{"start":{"line":831,"column":18},"end":{"line":831,"column":73}},"294":{"start":{"line":833,"column":29},"end":{"line":842,"column":6}},"295":{"start":{"line":844,"column":4},"end":{"line":844,"column":53}},"296":{"start":{"line":846,"column":4},"end":{"line":846,"column":14}},"297":{"start":{"line":854,"column":2},"end":{"line":879,"column":3}},"298":{"start":{"line":855,"column":21},"end":{"line":855,"column":44}},"299":{"start":{"line":856,"column":4},"end":{"line":858,"column":5}},"300":{"start":{"line":857,"column":6},"end":{"line":857,"column":67}},"301":{"start":{"line":860,"column":25},"end":{"line":866,"column":6}},"302":{"start":{"line":868,"column":4},"end":{"line":870,"column":5}},"303":{"start":{"line":869,"column":6},"end":{"line":869,"column":66}},"304":{"start":{"line":872,"column":4},"end":{"line":874,"column":5}},"305":{"start":{"line":873,"column":6},"end":{"line":873,"column":63}},"306":{"start":{"line":876,"column":4},"end":{"line":876,"column":34}},"307":{"start":{"line":878,"column":4},"end":{"line":878,"column":14}},"308":{"start":{"line":887,"column":2},"end":{"line":917,"column":3}},"309":{"start":{"line":888,"column":21},"end":{"line":888,"column":44}},"310":{"start":{"line":889,"column":4},"end":{"line":891,"column":5}},"311":{"start":{"line":890,"column":6},"end":{"line":890,"column":67}},"312":{"start":{"line":893,"column":19},"end":{"line":895,"column":6}},"313":{"start":{"line":897,"column":4},"end":{"line":899,"column":5}},"314":{"start":{"line":898,"column":6},"end":{"line":898,"column":66}},"315":{"start":{"line":901,"column":4},"end":{"line":903,"column":5}},"316":{"start":{"line":902,"column":6},"end":{"line":902,"column":63}},"317":{"start":{"line":905,"column":4},"end":{"line":914,"column":7}},"318":{"start":{"line":916,"column":4},"end":{"line":916,"column":14}},"319":{"start":{"line":926,"column":17},"end":{"line":926,"column":152}},"320":{"start":{"line":927,"column":17},"end":{"line":927,"column":111}},"321":{"start":{"line":928,"column":18},"end":{"line":928,"column":53}},"322":{"start":{"line":931,"column":14},"end":{"line":931,"column":22}},"323":{"start":{"line":932,"column":14},"end":{"line":932,"column":56}},"324":{"start":{"line":934,"column":2},"end":{"line":934,"column":59}},"325":{"start":{"line":935,"column":2},"end":{"line":935,"column":92}},"326":{"start":{"line":936,"column":2},"end":{"line":936,"column":23}},"327":{"start":{"line":939,"column":0},"end":{"line":947,"column":2}}},"fnMap":{"0":{"name":"asText","decl":{"start":{"line":34,"column":9},"end":{"line":34,"column":15}},"loc":{"start":{"line":34,"column":22},"end":{"line":45,"column":1}},"line":34},"1":{"name":"snippet","decl":{"start":{"line":47,"column":9},"end":{"line":47,"column":16}},"loc":{"start":{"line":47,"column":37},"end":{"line":50,"column":1}},"line":47},"2":{"name":"extractSoapFaultMessage","decl":{"start":{"line":52,"column":9},"end":{"line":52,"column":32}},"loc":{"start":{"line":52,"column":39},"end":{"line":58,"column":1}},"line":52},"3":{"name":"normalizeOracleDate","decl":{"start":{"line":65,"column":9},"end":{"line":65,"column":28}},"loc":{"start":{"line":65,"column":40},"end":{"line":93,"column":1}},"line":65},"4":{"name":"getReceiptFields","decl":{"start":{"line":99,"column":9},"end":{"line":99,"column":25}},"loc":{"start":{"line":99,"column":35},"end":{"line":107,"column":1}},"line":99},"5":{"name":"(anonymous_5)","decl":{"start":{"line":101,"column":12},"end":{"line":101,"column":13}},"loc":{"start":{"line":101,"column":17},"end":{"line":101,"column":46}},"line":101},"6":{"name":"(anonymous_6)","decl":{"start":{"line":102,"column":10},"end":{"line":102,"column":11}},"loc":{"start":{"line":102,"column":20},"end":{"line":106,"column":5}},"line":102},"7":{"name":"validateCsv","decl":{"start":{"line":112,"column":9},"end":{"line":112,"column":20}},"loc":{"start":{"line":112,"column":30},"end":{"line":152,"column":1}},"line":112},"8":{"name":"(anonymous_8)","decl":{"start":{"line":117,"column":52},"end":{"line":117,"column":53}},"loc":{"start":{"line":117,"column":59},"end":{"line":117,"column":67}},"line":117},"9":{"name":"(anonymous_9)","decl":{"start":{"line":141,"column":42},"end":{"line":141,"column":43}},"loc":{"start":{"line":141,"column":51},"end":{"line":144,"column":5}},"line":141},"10":{"name":"normalizeRow","decl":{"start":{"line":158,"column":9},"end":{"line":158,"column":21}},"loc":{"start":{"line":158,"column":27},"end":{"line":171,"column":1}},"line":158},"11":{"name":"(anonymous_11)","decl":{"start":{"line":159,"column":39},"end":{"line":159,"column":40}},"loc":{"start":{"line":159,"column":44},"end":{"line":159,"column":52}},"line":159},"12":{"name":"(anonymous_12)","decl":{"start":{"line":164,"column":9},"end":{"line":164,"column":10}},"loc":{"start":{"line":164,"column":18},"end":{"line":164,"column":49}},"line":164},"13":{"name":"(anonymous_13)","decl":{"start":{"line":165,"column":12},"end":{"line":165,"column":13}},"loc":{"start":{"line":165,"column":19},"end":{"line":165,"column":29}},"line":165},"14":{"name":"lookupInvoice","decl":{"start":{"line":176,"column":15},"end":{"line":176,"column":28}},"loc":{"start":{"line":176,"column":56},"end":{"line":205,"column":1}},"line":176},"15":{"name":"lookupReceipt","decl":{"start":{"line":210,"column":15},"end":{"line":210,"column":28}},"loc":{"start":{"line":210,"column":56},"end":{"line":235,"column":1}},"line":210},"16":{"name":"buildApplyReceiptXml","decl":{"start":{"line":253,"column":9},"end":{"line":253,"column":29}},"loc":{"start":{"line":253,"column":81},"end":{"line":288,"column":1}},"line":253},"17":{"name":"(anonymous_17)","decl":{"start":{"line":260,"column":20},"end":{"line":260,"column":21}},"loc":{"start":{"line":260,"column":29},"end":{"line":267,"column":3}},"line":260},"18":{"name":"applyReceiptSoap","decl":{"start":{"line":293,"column":15},"end":{"line":293,"column":31}},"loc":{"start":{"line":293,"column":83},"end":{"line":323,"column":1}},"line":293},"19":{"name":"previewPayload","decl":{"start":{"line":328,"column":15},"end":{"line":328,"column":29}},"loc":{"start":{"line":328,"column":46},"end":{"line":377,"column":1}},"line":328},"20":{"name":"verifyPayload","decl":{"start":{"line":383,"column":15},"end":{"line":383,"column":28}},"loc":{"start":{"line":383,"column":45},"end":{"line":527,"column":1}},"line":383},"21":{"name":"(anonymous_21)","decl":{"start":{"line":395,"column":43},"end":{"line":395,"column":44}},"loc":{"start":{"line":395,"column":48},"end":{"line":395,"column":63}},"line":395},"22":{"name":"(anonymous_22)","decl":{"start":{"line":428,"column":53},"end":{"line":428,"column":54}},"loc":{"start":{"line":428,"column":72},"end":{"line":511,"column":5}},"line":428},"23":{"name":"(anonymous_23)","decl":{"start":{"line":429,"column":19},"end":{"line":429,"column":20}},"loc":{"start":{"line":429,"column":31},"end":{"line":510,"column":7}},"line":429},"24":{"name":"(anonymous_24)","decl":{"start":{"line":438,"column":12},"end":{"line":438,"column":13}},"loc":{"start":{"line":438,"column":24},"end":{"line":438,"column":64}},"line":438},"25":{"name":"(anonymous_25)","decl":{"start":{"line":467,"column":14},"end":{"line":467,"column":15}},"loc":{"start":{"line":467,"column":26},"end":{"line":467,"column":63}},"line":467},"26":{"name":"(anonymous_26)","decl":{"start":{"line":518,"column":50},"end":{"line":518,"column":51}},"loc":{"start":{"line":518,"column":62},"end":{"line":518,"column":91}},"line":518},"27":{"name":"upload","decl":{"start":{"line":532,"column":15},"end":{"line":532,"column":21}},"loc":{"start":{"line":532,"column":38},"end":{"line":820,"column":1}},"line":532},"28":{"name":"(anonymous_28)","decl":{"start":{"line":544,"column":43},"end":{"line":544,"column":44}},"loc":{"start":{"line":544,"column":48},"end":{"line":544,"column":63}},"line":544},"29":{"name":"(anonymous_29)","decl":{"start":{"line":575,"column":48},"end":{"line":575,"column":49}},"loc":{"start":{"line":575,"column":60},"end":{"line":575,"column":89}},"line":575},"30":{"name":"(anonymous_30)","decl":{"start":{"line":596,"column":53},"end":{"line":596,"column":54}},"loc":{"start":{"line":596,"column":72},"end":{"line":759,"column":5}},"line":596},"31":{"name":"(anonymous_31)","decl":{"start":{"line":597,"column":19},"end":{"line":597,"column":20}},"loc":{"start":{"line":597,"column":31},"end":{"line":758,"column":7}},"line":597},"32":{"name":"(anonymous_32)","decl":{"start":{"line":606,"column":12},"end":{"line":606,"column":13}},"loc":{"start":{"line":606,"column":24},"end":{"line":606,"column":64}},"line":606},"33":{"name":"(anonymous_33)","decl":{"start":{"line":662,"column":14},"end":{"line":662,"column":15}},"loc":{"start":{"line":662,"column":26},"end":{"line":662,"column":63}},"line":662},"34":{"name":"(anonymous_34)","decl":{"start":{"line":683,"column":14},"end":{"line":683,"column":15}},"loc":{"start":{"line":683,"column":26},"end":{"line":683,"column":93}},"line":683},"35":{"name":"(anonymous_35)","decl":{"start":{"line":766,"column":55},"end":{"line":766,"column":56}},"loc":{"start":{"line":766,"column":67},"end":{"line":766,"column":96}},"line":766},"36":{"name":"listUploads","decl":{"start":{"line":825,"column":15},"end":{"line":825,"column":26}},"loc":{"start":{"line":825,"column":43},"end":{"line":848,"column":1}},"line":825},"37":{"name":"getUpload","decl":{"start":{"line":853,"column":15},"end":{"line":853,"column":24}},"loc":{"start":{"line":853,"column":41},"end":{"line":880,"column":1}},"line":853},"38":{"name":"getUploadProgress","decl":{"start":{"line":886,"column":15},"end":{"line":886,"column":32}},"loc":{"start":{"line":886,"column":49},"end":{"line":918,"column":1}},"line":886},"39":{"name":"downloadTemplate","decl":{"start":{"line":924,"column":9},"end":{"line":924,"column":25}},"loc":{"start":{"line":924,"column":37},"end":{"line":937,"column":1}},"line":924}},"branchMap":{"0":{"loc":{"start":{"line":20,"column":28},"end":{"line":20,"column":74}},"type":"binary-expr","locations":[{"start":{"line":20,"column":28},"end":{"line":20,"column":69}},{"start":{"line":20,"column":73},"end":{"line":20,"column":74}}],"line":20},"1":{"loc":{"start":{"line":21,"column":20},"end":{"line":21,"column":58}},"type":"binary-expr","locations":[{"start":{"line":21,"column":20},"end":{"line":21,"column":53}},{"start":{"line":21,"column":57},"end":{"line":21,"column":58}}],"line":21},"2":{"loc":{"start":{"line":35,"column":2},"end":{"line":35,"column":30}},"type":"if","locations":[{"start":{"line":35,"column":2},"end":{"line":35,"column":30}},{"start":{},"end":{}}],"line":35},"3":{"loc":{"start":{"line":36,"column":2},"end":{"line":36,"column":44}},"type":"if","locations":[{"start":{"line":36,"column":2},"end":{"line":36,"column":44}},{"start":{},"end":{}}],"line":36},"4":{"loc":{"start":{"line":37,"column":2},"end":{"line":37,"column":59}},"type":"if","locations":[{"start":{"line":37,"column":2},"end":{"line":37,"column":59}},{"start":{},"end":{}}],"line":37},"5":{"loc":{"start":{"line":38,"column":2},"end":{"line":40,"column":3}},"type":"if","locations":[{"start":{"line":38,"column":2},"end":{"line":40,"column":3}},{"start":{},"end":{}}],"line":38},"6":{"loc":{"start":{"line":38,"column":6},"end":{"line":38,"column":44}},"type":"binary-expr","locations":[{"start":{"line":38,"column":6},"end":{"line":38,"column":16}},{"start":{"line":38,"column":20},"end":{"line":38,"column":44}}],"line":38},"7":{"loc":{"start":{"line":41,"column":2},"end":{"line":43,"column":3}},"type":"if","locations":[{"start":{"line":41,"column":2},"end":{"line":43,"column":3}},{"start":{},"end":{}}],"line":41},"8":{"loc":{"start":{"line":41,"column":6},"end":{"line":41,"column":47}},"type":"binary-expr","locations":[{"start":{"line":41,"column":6},"end":{"line":41,"column":30}},{"start":{"line":41,"column":34},"end":{"line":41,"column":47}}],"line":41},"9":{"loc":{"start":{"line":47,"column":23},"end":{"line":47,"column":35}},"type":"default-arg","locations":[{"start":{"line":47,"column":32},"end":{"line":47,"column":35}}],"line":47},"10":{"loc":{"start":{"line":48,"column":2},"end":{"line":48,"column":23}},"type":"if","locations":[{"start":{"line":48,"column":2},"end":{"line":48,"column":23}},{"start":{},"end":{}}],"line":48},"11":{"loc":{"start":{"line":49,"column":9},"end":{"line":49,"column":60}},"type":"cond-expr","locations":[{"start":{"line":49,"column":32},"end":{"line":49,"column":53}},{"start":{"line":49,"column":56},"end":{"line":49,"column":60}}],"line":49},"12":{"loc":{"start":{"line":53,"column":14},"end":{"line":53,"column":24}},"type":"binary-expr","locations":[{"start":{"line":53,"column":14},"end":{"line":53,"column":18}},{"start":{"line":53,"column":22},"end":{"line":53,"column":24}}],"line":53},"13":{"loc":{"start":{"line":55,"column":2},"end":{"line":55,"column":46}},"type":"if","locations":[{"start":{"line":55,"column":2},"end":{"line":55,"column":46}},{"start":{},"end":{}}],"line":55},"14":{"loc":{"start":{"line":57,"column":9},"end":{"line":57,"column":47}},"type":"cond-expr","locations":[{"start":{"line":57,"column":21},"end":{"line":57,"column":40}},{"start":{"line":57,"column":43},"end":{"line":57,"column":47}}],"line":57},"15":{"loc":{"start":{"line":66,"column":2},"end":{"line":66,"column":30}},"type":"if","locations":[{"start":{"line":66,"column":2},"end":{"line":66,"column":30}},{"start":{},"end":{}}],"line":66},"16":{"loc":{"start":{"line":69,"column":2},"end":{"line":69,"column":31}},"type":"if","locations":[{"start":{"line":69,"column":2},"end":{"line":69,"column":31}},{"start":{},"end":{}}],"line":69},"17":{"loc":{"start":{"line":73,"column":2},"end":{"line":73,"column":43}},"type":"if","locations":[{"start":{"line":73,"column":2},"end":{"line":73,"column":43}},{"start":{},"end":{}}],"line":73},"18":{"loc":{"start":{"line":77,"column":2},"end":{"line":77,"column":53}},"type":"if","locations":[{"start":{"line":77,"column":2},"end":{"line":77,"column":53}},{"start":{},"end":{}}],"line":77},"19":{"loc":{"start":{"line":82,"column":4},"end":{"line":87,"column":5}},"type":"if","locations":[{"start":{"line":82,"column":4},"end":{"line":87,"column":5}},{"start":{},"end":{}}],"line":82},"20":{"loc":{"start":{"line":113,"column":2},"end":{"line":115,"column":3}},"type":"if","locations":[{"start":{"line":113,"column":2},"end":{"line":115,"column":3}},{"start":{},"end":{}}],"line":113},"21":{"loc":{"start":{"line":113,"column":6},"end":{"line":113,"column":38}},"type":"binary-expr","locations":[{"start":{"line":113,"column":6},"end":{"line":113,"column":14}},{"start":{"line":113,"column":18},"end":{"line":113,"column":38}}],"line":113},"22":{"loc":{"start":{"line":117,"column":30},"end":{"line":117,"column":46}},"type":"binary-expr","locations":[{"start":{"line":117,"column":30},"end":{"line":117,"column":40}},{"start":{"line":117,"column":44},"end":{"line":117,"column":46}}],"line":117},"23":{"loc":{"start":{"line":120,"column":2},"end":{"line":122,"column":3}},"type":"if","locations":[{"start":{"line":120,"column":2},"end":{"line":122,"column":3}},{"start":{},"end":{}}],"line":120},"24":{"loc":{"start":{"line":128,"column":2},"end":{"line":130,"column":3}},"type":"if","locations":[{"start":{"line":128,"column":2},"end":{"line":130,"column":3}},{"start":{},"end":{}}],"line":128},"25":{"loc":{"start":{"line":135,"column":30},"end":{"line":135,"column":53}},"type":"binary-expr","locations":[{"start":{"line":135,"column":30},"end":{"line":135,"column":47}},{"start":{"line":135,"column":51},"end":{"line":135,"column":53}}],"line":135},"26":{"loc":{"start":{"line":136,"column":4},"end":{"line":138,"column":5}},"type":"if","locations":[{"start":{"line":136,"column":4},"end":{"line":138,"column":5}},{"start":{},"end":{}}],"line":136},"27":{"loc":{"start":{"line":142,"column":25},"end":{"line":142,"column":41}},"type":"binary-expr","locations":[{"start":{"line":142,"column":25},"end":{"line":142,"column":35}},{"start":{"line":142,"column":39},"end":{"line":142,"column":41}}],"line":142},"28":{"loc":{"start":{"line":146,"column":4},"end":{"line":148,"column":5}},"type":"if","locations":[{"start":{"line":146,"column":4},"end":{"line":148,"column":5}},{"start":{},"end":{}}],"line":146},"29":{"loc":{"start":{"line":162,"column":31},"end":{"line":162,"column":54}},"type":"binary-expr","locations":[{"start":{"line":162,"column":31},"end":{"line":162,"column":48}},{"start":{"line":162,"column":52},"end":{"line":162,"column":54}}],"line":162},"30":{"loc":{"start":{"line":164,"column":25},"end":{"line":164,"column":41}},"type":"binary-expr","locations":[{"start":{"line":164,"column":25},"end":{"line":164,"column":35}},{"start":{"line":164,"column":39},"end":{"line":164,"column":41}}],"line":164},"31":{"loc":{"start":{"line":189,"column":16},"end":{"line":189,"column":42}},"type":"binary-expr","locations":[{"start":{"line":189,"column":16},"end":{"line":189,"column":36}},{"start":{"line":189,"column":40},"end":{"line":189,"column":42}}],"line":189},"32":{"loc":{"start":{"line":190,"column":2},"end":{"line":192,"column":3}},"type":"if","locations":[{"start":{"line":190,"column":2},"end":{"line":192,"column":3}},{"start":{},"end":{}}],"line":190},"33":{"loc":{"start":{"line":223,"column":16},"end":{"line":223,"column":42}},"type":"binary-expr","locations":[{"start":{"line":223,"column":16},"end":{"line":223,"column":36}},{"start":{"line":223,"column":40},"end":{"line":223,"column":42}}],"line":223},"34":{"loc":{"start":{"line":224,"column":2},"end":{"line":226,"column":3}},"type":"if","locations":[{"start":{"line":224,"column":2},"end":{"line":226,"column":3}},{"start":{},"end":{}}],"line":224},"35":{"loc":{"start":{"line":255,"column":2},"end":{"line":257,"column":3}},"type":"if","locations":[{"start":{"line":255,"column":2},"end":{"line":257,"column":3}},{"start":{},"end":{}}],"line":255},"36":{"loc":{"start":{"line":255,"column":6},"end":{"line":255,"column":65}},"type":"binary-expr","locations":[{"start":{"line":255,"column":6},"end":{"line":255,"column":20}},{"start":{"line":255,"column":24},"end":{"line":255,"column":34}},{"start":{"line":255,"column":38},"end":{"line":255,"column":45}},{"start":{"line":255,"column":49},"end":{"line":255,"column":65}}],"line":255},"37":{"loc":{"start":{"line":297,"column":2},"end":{"line":299,"column":3}},"type":"if","locations":[{"start":{"line":297,"column":2},"end":{"line":299,"column":3}},{"start":{},"end":{}}],"line":297},"38":{"loc":{"start":{"line":330,"column":4},"end":{"line":332,"column":5}},"type":"if","locations":[{"start":{"line":330,"column":4},"end":{"line":332,"column":5}},{"start":{},"end":{}}],"line":330},"39":{"loc":{"start":{"line":341,"column":4},"end":{"line":343,"column":5}},"type":"if","locations":[{"start":{"line":341,"column":4},"end":{"line":343,"column":5}},{"start":{},"end":{}}],"line":341},"40":{"loc":{"start":{"line":346,"column":4},"end":{"line":348,"column":5}},"type":"if","locations":[{"start":{"line":346,"column":4},"end":{"line":348,"column":5}},{"start":{},"end":{}}],"line":346},"41":{"loc":{"start":{"line":385,"column":4},"end":{"line":387,"column":5}},"type":"if","locations":[{"start":{"line":385,"column":4},"end":{"line":387,"column":5}},{"start":{},"end":{}}],"line":385},"42":{"loc":{"start":{"line":396,"column":4},"end":{"line":400,"column":5}},"type":"if","locations":[{"start":{"line":396,"column":4},"end":{"line":400,"column":5}},{"start":{},"end":{}}],"line":396},"43":{"loc":{"start":{"line":409,"column":4},"end":{"line":411,"column":5}},"type":"if","locations":[{"start":{"line":409,"column":4},"end":{"line":411,"column":5}},{"start":{},"end":{}}],"line":409},"44":{"loc":{"start":{"line":414,"column":4},"end":{"line":416,"column":5}},"type":"if","locations":[{"start":{"line":414,"column":4},"end":{"line":416,"column":5}},{"start":{},"end":{}}],"line":414},"45":{"loc":{"start":{"line":449,"column":27},"end":{"line":449,"column":72}},"type":"binary-expr","locations":[{"start":{"line":449,"column":27},"end":{"line":449,"column":45}},{"start":{"line":449,"column":49},"end":{"line":449,"column":72}}],"line":449},"46":{"loc":{"start":{"line":478,"column":36},"end":{"line":478,"column":66}},"type":"binary-expr","locations":[{"start":{"line":478,"column":36},"end":{"line":478,"column":51}},{"start":{"line":478,"column":55},"end":{"line":478,"column":66}}],"line":478},"47":{"loc":{"start":{"line":500,"column":29},"end":{"line":500,"column":67}},"type":"binary-expr","locations":[{"start":{"line":500,"column":29},"end":{"line":500,"column":40}},{"start":{"line":500,"column":44},"end":{"line":500,"column":67}}],"line":500},"48":{"loc":{"start":{"line":534,"column":4},"end":{"line":536,"column":5}},"type":"if","locations":[{"start":{"line":534,"column":4},"end":{"line":536,"column":5}},{"start":{},"end":{}}],"line":534},"49":{"loc":{"start":{"line":545,"column":4},"end":{"line":549,"column":5}},"type":"if","locations":[{"start":{"line":545,"column":4},"end":{"line":549,"column":5}},{"start":{},"end":{}}],"line":545},"50":{"loc":{"start":{"line":558,"column":4},"end":{"line":560,"column":5}},"type":"if","locations":[{"start":{"line":558,"column":4},"end":{"line":560,"column":5}},{"start":{},"end":{}}],"line":558},"51":{"loc":{"start":{"line":563,"column":4},"end":{"line":565,"column":5}},"type":"if","locations":[{"start":{"line":563,"column":4},"end":{"line":565,"column":5}},{"start":{},"end":{}}],"line":563},"52":{"loc":{"start":{"line":617,"column":178},"end":{"line":617,"column":202}},"type":"binary-expr","locations":[{"start":{"line":617,"column":178},"end":{"line":617,"column":193}},{"start":{"line":617,"column":197},"end":{"line":617,"column":202}}],"line":617},"53":{"loc":{"start":{"line":623,"column":29},"end":{"line":623,"column":74}},"type":"binary-expr","locations":[{"start":{"line":623,"column":29},"end":{"line":623,"column":47}},{"start":{"line":623,"column":51},"end":{"line":623,"column":74}}],"line":623},"54":{"loc":{"start":{"line":633,"column":30},"end":{"line":633,"column":65}},"type":"binary-expr","locations":[{"start":{"line":633,"column":30},"end":{"line":633,"column":57}},{"start":{"line":633,"column":61},"end":{"line":633,"column":65}}],"line":633},"55":{"loc":{"start":{"line":638,"column":12},"end":{"line":640,"column":13}},"type":"if","locations":[{"start":{"line":638,"column":12},"end":{"line":640,"column":13}},{"start":{},"end":{}}],"line":638},"56":{"loc":{"start":{"line":673,"column":12},"end":{"line":675,"column":13}},"type":"if","locations":[{"start":{"line":673,"column":12},"end":{"line":675,"column":13}},{"start":{},"end":{}}],"line":673},"57":{"loc":{"start":{"line":693,"column":12},"end":{"line":725,"column":13}},"type":"if","locations":[{"start":{"line":693,"column":12},"end":{"line":725,"column":13}},{"start":{"line":718,"column":19},"end":{"line":725,"column":13}}],"line":693},"58":{"loc":{"start":{"line":693,"column":16},"end":{"line":693,"column":122}},"type":"binary-expr","locations":[{"start":{"line":693,"column":16},"end":{"line":693,"column":43}},{"start":{"line":693,"column":47},"end":{"line":693,"column":82}},{"start":{"line":693,"column":86},"end":{"line":693,"column":122}}],"line":693},"59":{"loc":{"start":{"line":696,"column":31},"end":{"line":696,"column":102}},"type":"binary-expr","locations":[{"start":{"line":696,"column":31},"end":{"line":696,"column":68}},{"start":{"line":696,"column":72},"end":{"line":696,"column":102}}],"line":696},"60":{"loc":{"start":{"line":711,"column":14},"end":{"line":713,"column":15}},"type":"if","locations":[{"start":{"line":711,"column":14},"end":{"line":713,"column":15}},{"start":{},"end":{}}],"line":711},"61":{"loc":{"start":{"line":730,"column":29},"end":{"line":730,"column":71}},"type":"binary-expr","locations":[{"start":{"line":730,"column":29},"end":{"line":730,"column":40}},{"start":{"line":730,"column":44},"end":{"line":730,"column":71}}],"line":730},"62":{"loc":{"start":{"line":731,"column":30},"end":{"line":731,"column":76}},"type":"cond-expr","locations":[{"start":{"line":731,"column":42},"end":{"line":731,"column":57}},{"start":{"line":731,"column":60},"end":{"line":731,"column":76}}],"line":731},"63":{"loc":{"start":{"line":740,"column":30},"end":{"line":742,"column":110}},"type":"cond-expr","locations":[{"start":{"line":741,"column":18},"end":{"line":741,"column":89}},{"start":{"line":742,"column":18},"end":{"line":742,"column":110}}],"line":740},"64":{"loc":{"start":{"line":744,"column":30},"end":{"line":744,"column":58}},"type":"binary-expr","locations":[{"start":{"line":744,"column":30},"end":{"line":744,"column":50}},{"start":{"line":744,"column":54},"end":{"line":744,"column":58}}],"line":744},"65":{"loc":{"start":{"line":749,"column":12},"end":{"line":751,"column":13}},"type":"if","locations":[{"start":{"line":749,"column":12},"end":{"line":751,"column":13}},{"start":{},"end":{}}],"line":749},"66":{"loc":{"start":{"line":770,"column":4},"end":{"line":772,"column":5}},"type":"if","locations":[{"start":{"line":770,"column":4},"end":{"line":772,"column":5}},{"start":{},"end":{}}],"line":770},"67":{"loc":{"start":{"line":776,"column":6},"end":{"line":776,"column":80}},"type":"cond-expr","locations":[{"start":{"line":776,"column":27},"end":{"line":776,"column":36}},{"start":{"line":776,"column":39},"end":{"line":776,"column":80}}],"line":776},"68":{"loc":{"start":{"line":776,"column":39},"end":{"line":776,"column":80}},"type":"cond-expr","locations":[{"start":{"line":776,"column":60},"end":{"line":776,"column":68}},{"start":{"line":776,"column":71},"end":{"line":776,"column":80}}],"line":776},"69":{"loc":{"start":{"line":779,"column":6},"end":{"line":781,"column":57}},"type":"binary-expr","locations":[{"start":{"line":779,"column":6},"end":{"line":779,"column":23}},{"start":{"line":780,"column":6},"end":{"line":780,"column":24}},{"start":{"line":781,"column":6},"end":{"line":781,"column":57}}],"line":779},"70":{"loc":{"start":{"line":785,"column":6},"end":{"line":787,"column":49}},"type":"cond-expr","locations":[{"start":{"line":786,"column":10},"end":{"line":786,"column":59}},{"start":{"line":787,"column":10},"end":{"line":787,"column":49}}],"line":785},"71":{"loc":{"start":{"line":827,"column":29},"end":{"line":827,"column":58}},"type":"binary-expr","locations":[{"start":{"line":827,"column":29},"end":{"line":827,"column":53}},{"start":{"line":827,"column":57},"end":{"line":827,"column":58}}],"line":827},"72":{"loc":{"start":{"line":828,"column":32},"end":{"line":828,"column":63}},"type":"binary-expr","locations":[{"start":{"line":828,"column":32},"end":{"line":828,"column":57}},{"start":{"line":828,"column":61},"end":{"line":828,"column":63}}],"line":828},"73":{"loc":{"start":{"line":831,"column":18},"end":{"line":831,"column":73}},"type":"cond-expr","locations":[{"start":{"line":831,"column":45},"end":{"line":831,"column":68}},{"start":{"line":831,"column":71},"end":{"line":831,"column":73}}],"line":831},"74":{"loc":{"start":{"line":856,"column":4},"end":{"line":858,"column":5}},"type":"if","locations":[{"start":{"line":856,"column":4},"end":{"line":858,"column":5}},{"start":{},"end":{}}],"line":856},"75":{"loc":{"start":{"line":868,"column":4},"end":{"line":870,"column":5}},"type":"if","locations":[{"start":{"line":868,"column":4},"end":{"line":870,"column":5}},{"start":{},"end":{}}],"line":868},"76":{"loc":{"start":{"line":872,"column":4},"end":{"line":874,"column":5}},"type":"if","locations":[{"start":{"line":872,"column":4},"end":{"line":874,"column":5}},{"start":{},"end":{}}],"line":872},"77":{"loc":{"start":{"line":872,"column":8},"end":{"line":872,"column":71}},"type":"binary-expr","locations":[{"start":{"line":872,"column":8},"end":{"line":872,"column":32}},{"start":{"line":872,"column":36},"end":{"line":872,"column":71}}],"line":872},"78":{"loc":{"start":{"line":889,"column":4},"end":{"line":891,"column":5}},"type":"if","locations":[{"start":{"line":889,"column":4},"end":{"line":891,"column":5}},{"start":{},"end":{}}],"line":889},"79":{"loc":{"start":{"line":897,"column":4},"end":{"line":899,"column":5}},"type":"if","locations":[{"start":{"line":897,"column":4},"end":{"line":899,"column":5}},{"start":{},"end":{}}],"line":897},"80":{"loc":{"start":{"line":901,"column":4},"end":{"line":903,"column":5}},"type":"if","locations":[{"start":{"line":901,"column":4},"end":{"line":903,"column":5}},{"start":{},"end":{}}],"line":901},"81":{"loc":{"start":{"line":901,"column":8},"end":{"line":901,"column":65}},"type":"binary-expr","locations":[{"start":{"line":901,"column":8},"end":{"line":901,"column":32}},{"start":{"line":901,"column":36},"end":{"line":901,"column":65}}],"line":901}},"s":{"0":0,"1":0,"2":0,"3":0,"4":0,"5":0,"6":0,"7":0,"8":0,"9":0,"10":0,"11":0,"12":0,"13":0,"14":0,"15":0,"16":0,"17":0,"18":0,"19":0,"20":0,"21":0,"22":0,"23":0,"24":0,"25":0,"26":0,"27":0,"28":0,"29":0,"30":0,"31":0,"32":0,"33":0,"34":0,"35":0,"36":0,"37":0,"38":0,"39":0,"40":0,"41":0,"42":0,"43":0,"44":0,"45":0,"46":0,"47":0,"48":0,"49":0,"50":0,"51":0,"52":0,"53":0,"54":0,"55":0,"56":0,"57":0,"58":0,"59":0,"60":0,"61":0,"62":0,"63":0,"64":0,"65":0,"66":0,"67":0,"68":0,"69":0,"70":0,"71":0,"72":0,"73":0,"74":0,"75":0,"76":0,"77":0,"78":0,"79":0,"80":0,"81":0,"82":0,"83":0,"84":0,"85":0,"86":0,"87":0,"88":0,"89":0,"90":0,"91":0,"92":0,"93":0,"94":0,"95":0,"96":0,"97":0,"98":0,"99":0,"100":0,"101":0,"102":0,"103":0,"104":0,"105":0,"106":0,"107":0,"108":0,"109":0,"110":0,"111":0,"112":0,"113":0,"114":0,"115":0,"116":0,"117":0,"118":0,"119":0,"120":0,"121":0,"122":0,"123":0,"124":0,"125":0,"126":0,"127":0,"128":0,"129":0,"130":0,"131":0,"132":0,"133":0,"134":0,"135":0,"136":0,"137":0,"138":0,"139":0,"140":0,"141":0,"142":0,"143":0,"144":0,"145":0,"146":0,"147":0,"148":0,"149":0,"150":0,"151":0,"152":0,"153":0,"154":0,"155":0,"156":0,"157":0,"158":0,"159":0,"160":0,"161":0,"162":0,"163":0,"164":0,"165":0,"166":0,"167":0,"168":0,"169":0,"170":0,"171":0,"172":0,"173":0,"174":0,"175":0,"176":0,"177":0,"178":0,"179":0,"180":0,"181":0,"182":0,"183":0,"184":0,"185":0,"186":0,"187":0,"188":0,"189":0,"190":0,"191":0,"192":0,"193":0,"194":0,"195":0,"196":0,"197":0,"198":0,"199":0,"200":0,"201":0,"202":0,"203":0,"204":0,"205":0,"206":0,"207":0,"208":0,"209":0,"210":0,"211":0,"212":0,"213":0,"214":0,"215":0,"216":0,"217":0,"218":0,"219":0,"220":0,"221":0,"222":0,"223":0,"224":0,"225":0,"226":0,"227":0,"228":0,"229":0,"230":0,"231":0,"232":0,"233":0,"234":0,"235":0,"236":0,"237":0,"238":0,"239":0,"240":0,"241":0,"242":0,"243":0,"244":0,"245":0,"246":0,"247":0,"248":0,"249":0,"250":0,"251":0,"252":0,"253":0,"254":0,"255":0,"256":0,"257":0,"258":0,"259":0,"260":0,"261":0,"262":0,"263":0,"264":0,"265":0,"266":0,"267":0,"268":0,"269":0,"270":0,"271":0,"272":0,"273":0,"274":0,"275":0,"276":0,"277":0,"278":0,"279":0,"280":0,"281":0,"282":0,"283":0,"284":0,"285":0,"286":0,"287":0,"288":0,"289":0,"290":0,"291":0,"292":0,"293":0,"294":0,"295":0,"296":0,"297":0,"298":0,"299":0,"300":0,"301":0,"302":0,"303":0,"304":0,"305":0,"306":0,"307":0,"308":0,"309":0,"310":0,"311":0,"312":0,"313":0,"314":0,"315":0,"316":0,"317":0,"318":0,"319":0,"320":0,"321":0,"322":0,"323":0,"324":0,"325":0,"326":0,"327":0},"f":{"0":0,"1":0,"2":0,"3":0,"4":0,"5":0,"6":0,"7":0,"8":0,"9":0,"10":0,"11":0,"12":0,"13":0,"14":0,"15":0,"16":0,"17":0,"18":0,"19":0,"20":0,"21":0,"22":0,"23":0,"24":0,"25":0,"26":0,"27":0,"28":0,"29":0,"30":0,"31":0,"32":0,"33":0,"34":0,"35":0,"36":0,"37":0,"38":0,"39":0},"b":{"0":[0,0],"1":[0,0],"2":[0,0],"3":[0,0],"4":[0,0],"5":[0,0],"6":[0,0],"7":[0,0],"8":[0,0],"9":[0],"10":[0,0],"11":[0,0],"12":[0,0],"13":[0,0],"14":[0,0],"15":[0,0],"16":[0,0],"17":[0,0],"18":[0,0],"19":[0,0],"20":[0,0],"21":[0,0],"22":[0,0],"23":[0,0],"24":[0,0],"25":[0,0],"26":[0,0],"27":[0,0],"28":[0,0],"29":[0,0],"30":[0,0],"31":[0,0],"32":[0,0],"33":[0,0],"34":[0,0],"35":[0,0],"36":[0,0,0,0],"37":[0,0],"38":[0,0],"39":[0,0],"40":[0,0],"41":[0,0],"42":[0,0],"43":[0,0],"44":[0,0],"45":[0,0],"46":[0,0],"47":[0,0],"48":[0,0],"49":[0,0],"50":[0,0],"51":[0,0],"52":[0,0],"53":[0,0],"54":[0,0],"55":[0,0],"56":[0,0],"57":[0,0],"58":[0,0,0],"59":[0,0],"60":[0,0],"61":[0,0],"62":[0,0],"63":[0,0],"64":[0,0],"65":[0,0],"66":[0,0],"67":[0,0],"68":[0,0],"69":[0,0,0],"70":[0,0],"71":[0,0],"72":[0,0],"73":[0,0],"74":[0,0],"75":[0,0],"76":[0,0],"77":[0,0],"78":[0,0],"79":[0,0],"80":[0,0],"81":[0,0]}}
,"/home/runner/work/crm-inventory-missreceipt/crm-inventory-missreceipt/backend/src/controllers/arInvoiceController.js": {"path":"/home/runner/work/crm-inventory-missreceipt/crm-inventory-missreceipt/backend/src/controllers/arInvoiceController.js","statementMap":{"0":{"start":{"line":6,"column":14},"end":{"line":6,"column":30}},"1":{"start":{"line":7,"column":15},"end":{"line":7,"column":44}},"2":{"start":{"line":8,"column":30},"end":{"line":8,"column":79}},"3":{"start":{"line":16,"column":2},"end":{"line":92,"column":3}},"4":{"start":{"line":17,"column":18},"end":{"line":17,"column":26}},"5":{"start":{"line":20,"column":4},"end":{"line":38,"column":5}},"6":{"start":{"line":21,"column":6},"end":{"line":21,"column":141}},"7":{"start":{"line":23,"column":25},"end":{"line":26,"column":7}},"8":{"start":{"line":28,"column":6},"end":{"line":37,"column":7}},"9":{"start":{"line":30,"column":8},"end":{"line":33,"column":10}},"10":{"start":{"line":34,"column":8},"end":{"line":34,"column":81}},"11":{"start":{"line":36,"column":8},"end":{"line":36,"column":94}},"12":{"start":{"line":41,"column":29},"end":{"line":41,"column":31}},"13":{"start":{"line":43,"column":4},"end":{"line":45,"column":5}},"14":{"start":{"line":44,"column":6},"end":{"line":44,"column":108}},"15":{"start":{"line":47,"column":4},"end":{"line":49,"column":5}},"16":{"start":{"line":48,"column":6},"end":{"line":48,"column":90}},"17":{"start":{"line":51,"column":4},"end":{"line":53,"column":5}},"18":{"start":{"line":52,"column":6},"end":{"line":52,"column":112}},"19":{"start":{"line":55,"column":4},"end":{"line":57,"column":5}},"20":{"start":{"line":56,"column":6},"end":{"line":56,"column":92}},"21":{"start":{"line":59,"column":4},"end":{"line":71,"column":5}},"22":{"start":{"line":60,"column":6},"end":{"line":60,"column":81}},"23":{"start":{"line":63,"column":6},"end":{"line":70,"column":7}},"24":{"start":{"line":64,"column":8},"end":{"line":66,"column":9}},"25":{"start":{"line":65,"column":10},"end":{"line":65,"column":118}},"26":{"start":{"line":67,"column":8},"end":{"line":69,"column":9}},"27":{"start":{"line":68,"column":10},"end":{"line":68,"column":132}},"28":{"start":{"line":74,"column":4},"end":{"line":80,"column":5}},"29":{"start":{"line":75,"column":6},"end":{"line":79,"column":9}},"30":{"start":{"line":83,"column":4},"end":{"line":88,"column":7}},"31":{"start":{"line":91,"column":4},"end":{"line":91,"column":14}},"32":{"start":{"line":104,"column":2},"end":{"line":263,"column":3}},"33":{"start":{"line":105,"column":18},"end":{"line":105,"column":26}},"34":{"start":{"line":108,"column":4},"end":{"line":126,"column":5}},"35":{"start":{"line":109,"column":6},"end":{"line":109,"column":133}},"36":{"start":{"line":111,"column":25},"end":{"line":114,"column":7}},"37":{"start":{"line":116,"column":6},"end":{"line":125,"column":7}},"38":{"start":{"line":118,"column":8},"end":{"line":121,"column":10}},"39":{"start":{"line":122,"column":8},"end":{"line":122,"column":73}},"40":{"start":{"line":124,"column":8},"end":{"line":124,"column":86}},"41":{"start":{"line":129,"column":4},"end":{"line":133,"column":5}},"42":{"start":{"line":130,"column":6},"end":{"line":132,"column":9}},"43":{"start":{"line":135,"column":4},"end":{"line":139,"column":5}},"44":{"start":{"line":136,"column":6},"end":{"line":138,"column":9}},"45":{"start":{"line":141,"column":4},"end":{"line":145,"column":5}},"46":{"start":{"line":142,"column":6},"end":{"line":144,"column":9}},"47":{"start":{"line":147,"column":4},"end":{"line":151,"column":5}},"48":{"start":{"line":148,"column":6},"end":{"line":150,"column":9}},"49":{"start":{"line":153,"column":4},"end":{"line":157,"column":5}},"50":{"start":{"line":154,"column":6},"end":{"line":156,"column":9}},"51":{"start":{"line":160,"column":4},"end":{"line":171,"column":5}},"52":{"start":{"line":161,"column":6},"end":{"line":165,"column":7}},"53":{"start":{"line":162,"column":8},"end":{"line":164,"column":11}},"54":{"start":{"line":166,"column":6},"end":{"line":170,"column":7}},"55":{"start":{"line":167,"column":8},"end":{"line":169,"column":11}},"56":{"start":{"line":174,"column":21},"end":{"line":174,"column":154}},"57":{"start":{"line":175,"column":21},"end":{"line":175,"column":48}},"58":{"start":{"line":176,"column":21},"end":{"line":176,"column":48}},"59":{"start":{"line":178,"column":4},"end":{"line":182,"column":5}},"60":{"start":{"line":179,"column":6},"end":{"line":181,"column":9}},"61":{"start":{"line":184,"column":4},"end":{"line":184,"column":94}},"62":{"start":{"line":185,"column":4},"end":{"line":185,"column":54}},"63":{"start":{"line":188,"column":25},"end":{"line":194,"column":6}},"64":{"start":{"line":196,"column":25},"end":{"line":196,"column":34}},"65":{"start":{"line":197,"column":26},"end":{"line":197,"column":56}},"66":{"start":{"line":198,"column":23},"end":{"line":198,"column":27}},"67":{"start":{"line":199,"column":21},"end":{"line":199,"column":25}},"68":{"start":{"line":201,"column":4},"end":{"line":232,"column":5}},"69":{"start":{"line":203,"column":23},"end":{"line":213,"column":8}},"70":{"start":{"line":215,"column":6},"end":{"line":215,"column":35}},"71":{"start":{"line":216,"column":6},"end":{"line":216,"column":60}},"72":{"start":{"line":218,"column":6},"end":{"line":218,"column":65}},"73":{"start":{"line":219,"column":6},"end":{"line":219,"column":65}},"74":{"start":{"line":222,"column":6},"end":{"line":222,"column":32}},"75":{"start":{"line":223,"column":6},"end":{"line":223,"column":50}},"76":{"start":{"line":224,"column":6},"end":{"line":226,"column":24}},"77":{"start":{"line":227,"column":6},"end":{"line":227,"column":69}},"78":{"start":{"line":229,"column":6},"end":{"line":229,"column":66}},"79":{"start":{"line":230,"column":6},"end":{"line":230,"column":47}},"80":{"start":{"line":231,"column":6},"end":{"line":231,"column":67}},"81":{"start":{"line":235,"column":4},"end":{"line":243,"column":7}},"82":{"start":{"line":245,"column":4},"end":{"line":252,"column":5}},"83":{"start":{"line":246,"column":6},"end":{"line":251,"column":9}},"84":{"start":{"line":254,"column":4},"end":{"line":259,"column":7}},"85":{"start":{"line":262,"column":4},"end":{"line":262,"column":14}},"86":{"start":{"line":271,"column":2},"end":{"line":292,"column":3}},"87":{"start":{"line":272,"column":17},"end":{"line":272,"column":59}},"88":{"start":{"line":273,"column":18},"end":{"line":273,"column":64}},"89":{"start":{"line":274,"column":17},"end":{"line":274,"column":35}},"90":{"start":{"line":276,"column":18},"end":{"line":276,"column":73}},"91":{"start":{"line":278,"column":29},"end":{"line":287,"column":6}},"92":{"start":{"line":289,"column":4},"end":{"line":289,"column":53}},"93":{"start":{"line":291,"column":4},"end":{"line":291,"column":14}},"94":{"start":{"line":300,"column":2},"end":{"line":337,"column":3}},"95":{"start":{"line":301,"column":21},"end":{"line":301,"column":44}},"96":{"start":{"line":302,"column":4},"end":{"line":304,"column":5}},"97":{"start":{"line":303,"column":6},"end":{"line":303,"column":67}},"98":{"start":{"line":306,"column":25},"end":{"line":311,"column":6}},"99":{"start":{"line":313,"column":4},"end":{"line":315,"column":5}},"100":{"start":{"line":314,"column":6},"end":{"line":314,"column":66}},"101":{"start":{"line":317,"column":4},"end":{"line":319,"column":5}},"102":{"start":{"line":318,"column":6},"end":{"line":318,"column":63}},"103":{"start":{"line":322,"column":25},"end":{"line":332,"column":5}},"104":{"start":{"line":325,"column":8},"end":{"line":326,"column":50}},"105":{"start":{"line":325,"column":14},"end":{"line":325,"column":58}},"106":{"start":{"line":326,"column":16},"end":{"line":326,"column":48}},"107":{"start":{"line":329,"column":8},"end":{"line":330,"column":51}},"108":{"start":{"line":329,"column":14},"end":{"line":329,"column":59}},"109":{"start":{"line":330,"column":16},"end":{"line":330,"column":49}},"110":{"start":{"line":334,"column":4},"end":{"line":334,"column":34}},"111":{"start":{"line":336,"column":4},"end":{"line":336,"column":14}},"112":{"start":{"line":345,"column":2},"end":{"line":370,"column":3}},"113":{"start":{"line":346,"column":43},"end":{"line":346,"column":52}},"114":{"start":{"line":348,"column":4},"end":{"line":352,"column":5}},"115":{"start":{"line":349,"column":6},"end":{"line":351,"column":9}},"116":{"start":{"line":354,"column":21},"end":{"line":354,"column":94}},"117":{"start":{"line":356,"column":4},"end":{"line":360,"column":5}},"118":{"start":{"line":357,"column":6},"end":{"line":359,"column":9}},"119":{"start":{"line":362,"column":26},"end":{"line":362,"column":78}},"120":{"start":{"line":364,"column":4},"end":{"line":367,"column":7}},"121":{"start":{"line":369,"column":4},"end":{"line":369,"column":14}},"122":{"start":{"line":378,"column":2},"end":{"line":387,"column":3}},"123":{"start":{"line":379,"column":17},"end":{"line":379,"column":59}},"124":{"start":{"line":380,"column":18},"end":{"line":380,"column":64}},"125":{"start":{"line":382,"column":19},"end":{"line":382,"column":78}},"126":{"start":{"line":384,"column":4},"end":{"line":384,"column":28}},"127":{"start":{"line":386,"column":4},"end":{"line":386,"column":14}},"128":{"start":{"line":390,"column":0},"end":{"line":397,"column":2}}},"fnMap":{"0":{"name":"previewPayload","decl":{"start":{"line":15,"column":15},"end":{"line":15,"column":29}},"loc":{"start":{"line":15,"column":46},"end":{"line":93,"column":1}},"line":15},"1":{"name":"createInvoice","decl":{"start":{"line":103,"column":15},"end":{"line":103,"column":28}},"loc":{"start":{"line":103,"column":45},"end":{"line":264,"column":1}},"line":103},"2":{"name":"listUploads","decl":{"start":{"line":270,"column":15},"end":{"line":270,"column":26}},"loc":{"start":{"line":270,"column":43},"end":{"line":293,"column":1}},"line":270},"3":{"name":"getUpload","decl":{"start":{"line":299,"column":15},"end":{"line":299,"column":24}},"loc":{"start":{"line":299,"column":41},"end":{"line":338,"column":1}},"line":299},"4":{"name":"(anonymous_4)","decl":{"start":{"line":324,"column":20},"end":{"line":324,"column":21}},"loc":{"start":{"line":324,"column":26},"end":{"line":327,"column":7}},"line":324},"5":{"name":"(anonymous_5)","decl":{"start":{"line":328,"column":49},"end":{"line":328,"column":50}},"loc":{"start":{"line":328,"column":55},"end":{"line":331,"column":7}},"line":328},"6":{"name":"getMetadata","decl":{"start":{"line":344,"column":15},"end":{"line":344,"column":26}},"loc":{"start":{"line":344,"column":43},"end":{"line":371,"column":1}},"line":344},"7":{"name":"listMetadata","decl":{"start":{"line":377,"column":15},"end":{"line":377,"column":27}},"loc":{"start":{"line":377,"column":44},"end":{"line":388,"column":1}},"line":377}},"branchMap":{"0":{"loc":{"start":{"line":20,"column":4},"end":{"line":38,"column":5}},"type":"if","locations":[{"start":{"line":20,"column":4},"end":{"line":38,"column":5}},{"start":{},"end":{}}],"line":20},"1":{"loc":{"start":{"line":20,"column":8},"end":{"line":20,"column":52}},"type":"binary-expr","locations":[{"start":{"line":20,"column":8},"end":{"line":20,"column":28}},{"start":{"line":20,"column":32},"end":{"line":20,"column":52}}],"line":20},"2":{"loc":{"start":{"line":28,"column":6},"end":{"line":37,"column":7}},"type":"if","locations":[{"start":{"line":28,"column":6},"end":{"line":37,"column":7}},{"start":{"line":35,"column":13},"end":{"line":37,"column":7}}],"line":28},"3":{"loc":{"start":{"line":43,"column":4},"end":{"line":45,"column":5}},"type":"if","locations":[{"start":{"line":43,"column":4},"end":{"line":45,"column":5}},{"start":{},"end":{}}],"line":43},"4":{"loc":{"start":{"line":43,"column":8},"end":{"line":43,"column":87}},"type":"binary-expr","locations":[{"start":{"line":43,"column":8},"end":{"line":43,"column":29}},{"start":{"line":43,"column":33},"end":{"line":43,"column":59}},{"start":{"line":43,"column":63},"end":{"line":43,"column":87}}],"line":43},"5":{"loc":{"start":{"line":47,"column":4},"end":{"line":49,"column":5}},"type":"if","locations":[{"start":{"line":47,"column":4},"end":{"line":49,"column":5}},{"start":{},"end":{}}],"line":47},"6":{"loc":{"start":{"line":47,"column":8},"end":{"line":47,"column":59}},"type":"binary-expr","locations":[{"start":{"line":47,"column":8},"end":{"line":47,"column":32}},{"start":{"line":47,"column":36},"end":{"line":47,"column":59}}],"line":47},"7":{"loc":{"start":{"line":51,"column":4},"end":{"line":53,"column":5}},"type":"if","locations":[{"start":{"line":51,"column":4},"end":{"line":53,"column":5}},{"start":{},"end":{}}],"line":51},"8":{"loc":{"start":{"line":51,"column":8},"end":{"line":51,"column":91}},"type":"binary-expr","locations":[{"start":{"line":51,"column":8},"end":{"line":51,"column":35}},{"start":{"line":51,"column":39},"end":{"line":51,"column":68}},{"start":{"line":51,"column":72},"end":{"line":51,"column":91}}],"line":51},"9":{"loc":{"start":{"line":55,"column":4},"end":{"line":57,"column":5}},"type":"if","locations":[{"start":{"line":55,"column":4},"end":{"line":57,"column":5}},{"start":{},"end":{}}],"line":55},"10":{"loc":{"start":{"line":55,"column":8},"end":{"line":55,"column":61}},"type":"binary-expr","locations":[{"start":{"line":55,"column":8},"end":{"line":55,"column":29}},{"start":{"line":55,"column":33},"end":{"line":55,"column":61}}],"line":55},"11":{"loc":{"start":{"line":59,"column":4},"end":{"line":71,"column":5}},"type":"if","locations":[{"start":{"line":59,"column":4},"end":{"line":71,"column":5}},{"start":{"line":61,"column":11},"end":{"line":71,"column":5}}],"line":59},"12":{"loc":{"start":{"line":59,"column":8},"end":{"line":59,"column":139}},"type":"binary-expr","locations":[{"start":{"line":59,"column":8},"end":{"line":59,"column":40}},{"start":{"line":59,"column":44},"end":{"line":59,"column":91}},{"start":{"line":59,"column":95},"end":{"line":59,"column":139}}],"line":59},"13":{"loc":{"start":{"line":64,"column":8},"end":{"line":66,"column":9}},"type":"if","locations":[{"start":{"line":64,"column":8},"end":{"line":66,"column":9}},{"start":{},"end":{}}],"line":64},"14":{"loc":{"start":{"line":64,"column":12},"end":{"line":64,"column":69}},"type":"binary-expr","locations":[{"start":{"line":64,"column":12},"end":{"line":64,"column":28}},{"start":{"line":64,"column":32},"end":{"line":64,"column":48}},{"start":{"line":64,"column":52},"end":{"line":64,"column":69}}],"line":64},"15":{"loc":{"start":{"line":67,"column":8},"end":{"line":69,"column":9}},"type":"if","locations":[{"start":{"line":67,"column":8},"end":{"line":69,"column":9}},{"start":{},"end":{}}],"line":67},"16":{"loc":{"start":{"line":67,"column":12},"end":{"line":67,"column":83}},"type":"binary-expr","locations":[{"start":{"line":67,"column":12},"end":{"line":67,"column":26}},{"start":{"line":67,"column":30},"end":{"line":67,"column":52}},{"start":{"line":67,"column":56},"end":{"line":67,"column":83}}],"line":67},"17":{"loc":{"start":{"line":74,"column":4},"end":{"line":80,"column":5}},"type":"if","locations":[{"start":{"line":74,"column":4},"end":{"line":80,"column":5}},{"start":{},"end":{}}],"line":74},"18":{"loc":{"start":{"line":87,"column":16},"end":{"line":87,"column":149}},"type":"binary-expr","locations":[{"start":{"line":87,"column":16},"end":{"line":87,"column":49}},{"start":{"line":87,"column":53},"end":{"line":87,"column":149}}],"line":87},"19":{"loc":{"start":{"line":108,"column":4},"end":{"line":126,"column":5}},"type":"if","locations":[{"start":{"line":108,"column":4},"end":{"line":126,"column":5}},{"start":{},"end":{}}],"line":108},"20":{"loc":{"start":{"line":108,"column":8},"end":{"line":108,"column":52}},"type":"binary-expr","locations":[{"start":{"line":108,"column":8},"end":{"line":108,"column":28}},{"start":{"line":108,"column":32},"end":{"line":108,"column":52}}],"line":108},"21":{"loc":{"start":{"line":116,"column":6},"end":{"line":125,"column":7}},"type":"if","locations":[{"start":{"line":116,"column":6},"end":{"line":125,"column":7}},{"start":{"line":123,"column":13},"end":{"line":125,"column":7}}],"line":116},"22":{"loc":{"start":{"line":129,"column":4},"end":{"line":133,"column":5}},"type":"if","locations":[{"start":{"line":129,"column":4},"end":{"line":133,"column":5}},{"start":{},"end":{}}],"line":129},"23":{"loc":{"start":{"line":129,"column":8},"end":{"line":129,"column":87}},"type":"binary-expr","locations":[{"start":{"line":129,"column":8},"end":{"line":129,"column":29}},{"start":{"line":129,"column":33},"end":{"line":129,"column":59}},{"start":{"line":129,"column":63},"end":{"line":129,"column":87}}],"line":129},"24":{"loc":{"start":{"line":135,"column":4},"end":{"line":139,"column":5}},"type":"if","locations":[{"start":{"line":135,"column":4},"end":{"line":139,"column":5}},{"start":{},"end":{}}],"line":135},"25":{"loc":{"start":{"line":135,"column":8},"end":{"line":135,"column":59}},"type":"binary-expr","locations":[{"start":{"line":135,"column":8},"end":{"line":135,"column":32}},{"start":{"line":135,"column":36},"end":{"line":135,"column":59}}],"line":135},"26":{"loc":{"start":{"line":141,"column":4},"end":{"line":145,"column":5}},"type":"if","locations":[{"start":{"line":141,"column":4},"end":{"line":145,"column":5}},{"start":{},"end":{}}],"line":141},"27":{"loc":{"start":{"line":141,"column":8},"end":{"line":141,"column":91}},"type":"binary-expr","locations":[{"start":{"line":141,"column":8},"end":{"line":141,"column":35}},{"start":{"line":141,"column":39},"end":{"line":141,"column":68}},{"start":{"line":141,"column":72},"end":{"line":141,"column":91}}],"line":141},"28":{"loc":{"start":{"line":147,"column":4},"end":{"line":151,"column":5}},"type":"if","locations":[{"start":{"line":147,"column":4},"end":{"line":151,"column":5}},{"start":{},"end":{}}],"line":147},"29":
[...]
309,"column":6},"end":{"line":309,"column":30}},{"start":{},"end":{}}],"line":309},"49":{"loc":{"start":{"line":312,"column":24},"end":{"line":312,"column":72}},"type":"binary-expr","locations":[{"start":{"line":312,"column":24},"end":{"line":312,"column":39}},{"start":{"line":312,"column":43},"end":{"line":312,"column":66}},{"start":{"line":312,"column":70},"end":{"line":312,"column":72}}],"line":312},"50":{"loc":{"start":{"line":313,"column":26},"end":{"line":313,"column":78}},"type":"binary-expr","locations":[{"start":{"line":313,"column":26},"end":{"line":313,"column":43}},{"start":{"line":313,"column":47},"end":{"line":313,"column":72}},{"start":{"line":313,"column":76},"end":{"line":313,"column":78}}],"line":313},"51":{"loc":{"start":{"line":314,"column":21},"end":{"line":314,"column":63}},"type":"binary-expr","locations":[{"start":{"line":314,"column":21},"end":{"line":314,"column":33}},{"start":{"line":314,"column":37},"end":{"line":314,"column":57}},{"start":{"line":314,"column":61},"end":{"line":314,"column":63}}],"line":314},"52":{"loc":{"start":{"line":317,"column":14},"end":{"line":317,"column":82}},"type":"cond-expr","locations":[{"start":{"line":317,"column":46},"end":{"line":317,"column":70}},{"start":{"line":317,"column":73},"end":{"line":317,"column":82}}],"line":317},"53":{"loc":{"start":{"line":317,"column":46},"end":{"line":317,"column":70}},"type":"binary-expr","locations":[{"start":{"line":317,"column":46},"end":{"line":317,"column":64}},{"start":{"line":317,"column":68},"end":{"line":317,"column":70}}],"line":317},"54":{"loc":{"start":{"line":318,"column":17},"end":{"line":318,"column":91}},"type":"cond-expr","locations":[{"start":{"line":318,"column":51},"end":{"line":318,"column":77}},{"start":{"line":318,"column":80},"end":{"line":318,"column":91}}],"line":318},"55":{"loc":{"start":{"line":318,"column":51},"end":{"line":318,"column":77}},"type":"binary-expr","locations":[{"start":{"line":318,"column":51},"end":{"line":318,"column":71}},{"start":{"line":318,"column":75},"end":{"line":318,"column":77}}],"line":318},"56":{"loc":{"start":{"line":319,"column":16},"end":{"line":319,"column":76}},"type":"cond-expr","locations":[{"start":{"line":319,"column":45},"end":{"line":319,"column":67}},{"start":{"line":319,"column":70},"end":{"line":319,"column":76}}],"line":319},"57":{"loc":{"start":{"line":326,"column":6},"end":{"line":332,"column":7}},"type":"if","locations":[{"start":{"line":326,"column":6},"end":{"line":332,"column":7}},{"start":{},"end":{}}],"line":326},"58":{"loc":{"start":{"line":343,"column":4},"end":{"line":345,"column":5}},"type":"if","locations":[{"start":{"line":343,"column":4},"end":{"line":345,"column":5}},{"start":{},"end":{}}],"line":343},"59":{"loc":{"start":{"line":360,"column":26},"end":{"line":360,"column":79}},"type":"cond-expr","locations":[{"start":{"line":360,"column":39},"end":{"line":360,"column":56}},{"start":{"line":360,"column":59},"end":{"line":360,"column":79}}],"line":360},"60":{"loc":{"start":{"line":369,"column":28},"end":{"line":369,"column":66}},"type":"binary-expr","locations":[{"start":{"line":369,"column":28},"end":{"line":369,"column":60}},{"start":{"line":369,"column":64},"end":{"line":369,"column":66}}],"line":369},"61":{"loc":{"start":{"line":374,"column":8},"end":{"line":385,"column":9}},"type":"if","locations":[{"start":{"line":374,"column":8},"end":{"line":385,"column":9}},{"start":{},"end":{}}],"line":374},"62":{"loc":{"start":{"line":377,"column":31},"end":{"line":377,"column":86}},"type":"cond-expr","locations":[{"start":{"line":377,"column":39},"end":{"line":377,"column":52}},{"start":{"line":377,"column":55},"end":{"line":377,"column":86}}],"line":377},"63":{"loc":{"start":{"line":380,"column":10},"end":{"line":382,"column":11}},"type":"if","locations":[{"start":{"line":380,"column":10},"end":{"line":382,"column":11}},{"start":{},"end":{}}],"line":380},"64":{"loc":{"start":{"line":380,"column":14},"end":{"line":380,"column":121}},"type":"binary-expr","locations":[{"start":{"line":380,"column":14},"end":{"line":380,"column":19}},{"start":{"line":380,"column":23},"end":{"line":380,"column":121}}],"line":380},"65":{"loc":{"start":{"line":388,"column":8},"end":{"line":398,"column":9}},"type":"if","locations":[{"start":{"line":388,"column":8},"end":{"line":398,"column":9}},{"start":{},"end":{}}],"line":388},"66":{"loc":{"start":{"line":392,"column":10},"end":{"line":394,"column":11}},"type":"if","locations":[{"start":{"line":392,"column":10},"end":{"line":394,"column":11}},{"start":{},"end":{}}],"line":392},"67":{"loc":{"start":{"line":429,"column":63},"end":{"line":429,"column":85}},"type":"binary-expr","locations":[{"start":{"line":429,"column":63},"end":{"line":429,"column":73}},{"start":{"line":429,"column":77},"end":{"line":429,"column":85}}],"line":429},"68":{"loc":{"start":{"line":433,"column":4},"end":{"line":435,"column":5}},"type":"if","locations":[{"start":{"line":433,"column":4},"end":{"line":435,"column":5}},{"start":{},"end":{}}],"line":433},"69":{"loc":{"start":{"line":433,"column":8},"end":{"line":433,"column":47}},"type":"binary-expr","locations":[{"start":{"line":433,"column":8},"end":{"line":433,"column":16}},{"start":{"line":433,"column":20},"end":{"line":433,"column":47}}],"line":433},"70":{"loc":{"start":{"line":437,"column":4},"end":{"line":439,"column":5}},"type":"if","locations":[{"start":{"line":437,"column":4},"end":{"line":439,"column":5}},{"start":{},"end":{}}],"line":437},"71":{"loc":{"start":{"line":442,"column":4},"end":{"line":446,"column":5}},"type":"if","locations":[{"start":{"line":442,"column":4},"end":{"line":446,"column":5}},{"start":{"line":444,"column":11},"end":{"line":446,"column":5}}],"line":442},"72":{"loc":{"start":{"line":459,"column":26},"end":{"line":459,"column":63}},"type":"cond-expr","locations":[{"start":{"line":459,"column":39},"end":{"line":459,"column":56}},{"start":{"line":459,"column":59},"end":{"line":459,"column":63}}],"line":459},"73":{"loc":{"start":{"line":482,"column":30},"end":{"line":482,"column":68}},"type":"binary-expr","locations":[{"start":{"line":482,"column":30},"end":{"line":482,"column":62}},{"start":{"line":482,"column":66},"end":{"line":482,"column":68}}],"line":482},"74":{"loc":{"start":{"line":491,"column":10},"end":{"line":512,"column":11}},"type":"if","locations":[{"start":{"line":491,"column":10},"end":{"line":512,"column":11}},{"start":{},"end":{}}],"line":491},"75":{"loc":{"start":{"line":496,"column":33},"end":{"line":496,"column":88}},"type":"cond-expr","locations":[{"start":{"line":496,"column":41},"end":{"line":496,"column":54}},{"start":{"line":496,"column":57},"end":{"line":496,"column":88}}],"line":496},"76":{"loc":{"start":{"line":498,"column":12},"end":{"line":503,"column":13}},"type":"if","locations":[{"start":{"line":498,"column":12},"end":{"line":503,"column":13}},{"start":{},"end":{}}],"line":498},"77":{"loc":{"start":{"line":506,"column":12},"end":{"line":509,"column":13}},"type":"if","locations":[{"start":{"line":506,"column":12},"end":{"line":509,"column":13}},{"start":{},"end":{}}],"line":506},"78":{"loc":{"start":{"line":506,"column":16},"end":{"line":506,"column":136}},"type":"binary-expr","locations":[{"start":{"line":506,"column":16},"end":{"line":506,"column":21}},{"start":{"line":506,"column":25},"end":{"line":506,"column":136}}],"line":506},"79":{"loc":{"start":{"line":515,"column":10},"end":{"line":520,"column":11}},"type":"if","locations":[{"start":{"line":515,"column":10},"end":{"line":520,"column":11}},{"start":{},"end":{}}],"line":515},"80":{"loc":{"start":{"line":517,"column":33},"end":{"line":517,"column":95}},"type":"cond-expr","locations":[{"start":{"line":517,"column":41},"end":{"line":517,"column":54}},{"start":{"line":517,"column":57},"end":{"line":517,"column":95}}],"line":517},"81":{"loc":{"start":{"line":523,"column":10},"end":{"line":535,"column":11}},"type":"if","locations":[{"start":{"line":523,"column":10},"end":{"line":535,"column":11}},{"start":{},"end":{}}],"line":523},"82":{"loc":{"start":{"line":527,"column":12},"end":{"line":530,"column":13}},"type":"if","locations":[{"start":{"line":527,"column":12},"end":{"line":530,"column":13}},{"start":{},"end":{}}],"line":527},"83":{"loc":{"start":{"line":552,"column":10},"end":{"line":555,"column":11}},"type":"if","locations":[{"start":{"line":552,"column":10},"end":{"line":555,"column":11}},{"start":{},"end":{}}],"line":552},"84":{"loc":{"start":{"line":557,"column":10},"end":{"line":560,"column":11}},"type":"if","locations":[{"start":{"line":557,"column":10},"end":{"line":560,"column":11}},{"start":{},"end":{}}],"line":557},"85":{"loc":{"start":{"line":557,"column":14},"end":{"line":557,"column":73}},"type":"binary-expr","locations":[{"start":{"line":557,"column":14},"end":{"line":557,"column":40}},{"start":{"line":557,"column":44},"end":{"line":557,"column":73}}],"line":557},"86":{"loc":{"start":{"line":563,"column":10},"end":{"line":565,"column":11}},"type":"if","locations":[{"start":{"line":563,"column":10},"end":{"line":565,"column":11}},{"start":{},"end":{}}],"line":563},"87":{"loc":{"start":{"line":579,"column":10},"end":{"line":583,"column":11}},"type":"if","locations":[{"start":{"line":579,"column":10},"end":{"line":583,"column":11}},{"start":{"line":581,"column":17},"end":{"line":583,"column":11}}],"line":579},"88":{"loc":{"start":{"line":596,"column":21},"end":{"line":596,"column":59}},"type":"binary-expr","locations":[{"start":{"line":596,"column":21},"end":{"line":596,"column":54}},{"start":{"line":596,"column":58},"end":{"line":596,"column":59}}],"line":596},"89":{"loc":{"start":{"line":598,"column":2},"end":{"line":600,"column":3}},"type":"if","locations":[{"start":{"line":598,"column":2},"end":{"line":600,"column":3}},{"start":{},"end":{}}],"line":598},"90":{"loc":{"start":{"line":598,"column":6},"end":{"line":598,"column":28}},"type":"binary-expr","locations":[{"start":{"line":598,"column":6},"end":{"line":598,"column":15}},{"start":{"line":598,"column":19},"end":{"line":598,"column":28}}],"line":598},"91":{"loc":{"start":{"line":602,"column":2},"end":{"line":604,"column":3}},"type":"if","locations":[{"start":{"line":602,"column":2},"end":{"line":604,"column":3}},{"start":{},"end":{}}],"line":602},"92":{"loc":{"start":{"line":607,"column":23},"end":{"line":607,"column":54}},"type":"binary-expr","locations":[{"start":{"line":607,"column":23},"end":{"line":607,"column":30}},{"start":{"line":607,"column":34},"end":{"line":607,"column":54}}],"line":607}},"s":{"0":2,"1":2,"2":2,"3":27,"4":27,"5":27,"6":27,"7":27,"8":27,"9":27,"10":27,"11":27,"12":27,"13":27,"14":27,"15":27,"16":27,"17":27,"18":16,"19":0,"20":0,"21":0,"22":9,"23":0,"24":9,"25":9,"26":9,"27":0,"28":4,"29":1,"30":3,"31":3,"32":3,"33":2,"34":2,"35":2,"36":2,"37":2,"38":2,"39":2,"40":2,"41":2,"42":1,"43":1,"44":2,"45":2,"46":6,"47":3,"48":3,"49":3,"50":3,"51":1,"52":2,"53":2,"54":2,"55":2,"56":2,"57":2,"58":1,"59":1,"60":1,"61":1,"62":1,"63":1,"64":0,"65":1,"66":1,"67":1,"68":1,"69":1,"70":1,"71":0,"72":2,"73":1,"74":1,"75":2,"76":2,"77":2,"78":2,"79":7,"80":7,"81":7,"82":3,"83":3,"84":0,"85":0,"86":3,"87":3,"88":3,"89":6,"90":3,"91":3,"92":1,"93":1,"94":1,"95":2,"96":4,"97":0,"98":0,"99":8,"100":8,"101":8,"102":4,"103":4,"104":4,"105":2,"106":2,"107":9,"108":9,"109":9,"110":9,"111":2,"112":7,"113":7,"114":0,"115":7,"116":7,"117":3,"118":4,"119":4,"120":4,"121":4,"122":0,"123":0,"124":0,"125":0,"126":0,"127":0,"128":0,"129":0,"130":0,"131":0,"132":0,"133":0,"134":0,"135":0,"136":0,"137":0,"138":0,"139":0,"140":0,"141":0,"142":0,"143":0,"144":0,"145":0,"146":0,"147":0,"148":0,"149":0,"150":0,"151":0,"152":0,"153":0,"154":5,"155":5,"156":5,"157":5,"158":5,"159":5,"160":0,"161":5,"162":0,"163":5,"164":0,"165":5,"166":5,"167":8,"168":8,"169":8,"170":8,"171":8,"172":8,"173":0,"174":0,"175":4,"176":4,"177":4,"178":4,"179":4,"180":4,"181":4,"182":4,"183":1,"184":1,"185":1,"186":1,"187":1,"188":1,"189":1,"190":1,"191":1,"192":1,"193":1,"194":0,"195":3,"196":0,"197":0,"198":0,"199":3,"200":0,"201":0,"202":0,"203":0,"204":0,"205":0,"206":3,"207":3,"208":5,"209":0,"210":0,"211":5,"212":0,"213":0,"214":5,"215":1,"216":4,"217":4,"218":4,"219":3,"220":1,"221":0,"222":0,"223":0,"224":0,"225":0,"226":0,"227":0,"228":0,"229":0,"230":2,"231":2},"f":{"0":27,"1":16,"2":9,"3":4,"4":2,"5":2,"6":2,"7":2,"8":7,"9":8,"10":9,"11":0,"12":0,"13":0,"14":0,"15":0,"16":5,"17":8,"18":0,"19":0,"20":4,"21":0},"b":{"0":[27,1],"1":[27,1],"2":[27,1],"3":[27,1],"4":[27,27],"5":[0,16],"6":[0,0],"7":[4],"8":[0,9],"9":[9,0],"10":[9,0],"11":[1,3],"12":[2,0],"13":[2,1,1],"14":[3,3],"15":[1,2],"16":[2,0],"17":[2,1,1],"18":[2,1],"19":[1,1],"20":[0,1],"21":[1,0],"22":[0,1],"23":[0,1],"24":[1,0],"25":[1,0],"26":[1,1],"27":[1,0],"28":[1,0],"29":[1,1],"30":[2,0],"31":[2,1,0],"32":[7,0],"33":[3,4],"34":[7,7],"35":[0,3],"36":[3,3],"37":[6,3,1],"38":[1,2],"39":[1,0],"40":[8,0],"41":[4,4],"42":[2,2],"43":[9,8,2,2],"44":[2,7],"45":[7,6,0,0],"46":[0,7],"47":[7,6,3,3],"48":[3,4],"49":[4,2,1],"50":[4,1,0],"51":[4,2,2],"52":[0,4],"53":[0,0],"54":[0,4],"55":[0,0],"56":[1,3],"57":[0,0],"58":[0,0],"59":[0,0],"60":[0,0],"61":[0,0],"62":[0,0],"63":[0,0],"64":[0,0],"65":[0,0],"66":[0,0],"67":[5,0],"68":[0,5],"69":[5,5],"70":[0,5],"71":[0,5],"72":[8,0],"73":[4,0],"74":[1,3],"75":[1,0],"76":[1,0],"77":[1,0],"78":[1,1],"79":[0,3],"80":[0,0],"81":[0,3],"82":[0,0],"83":[0,5],"84":[0,5],"85":[5,5],"86":[1,4],"87":[3,1],"88":[0,0],"89":[0,0],"90":[0,0],"91":[0,0],"92":[0,0]},"_coverageSchema":"1a1c01bbd47fc00a2c39e90264f33305004495a9","hash":"41a90e5d3333c693ef7cc50a290032f173aca8d5"}
,"/home/runner/work/crm-inventory-missreceipt/crm-inventory-missreceipt/backend/src/services/fusionSalesMetadataService.js": {"path":"/home/runner/work/crm-inventory-missreceipt/crm-inventory-missreceipt/backend/src/services/fusionSalesMetadataService.js","statementMap":{"0":{"start":{"line":6,"column":15},"end":{"line":6,"column":34}},"1":{"start":{"line":15,"column":2},"end":{"line":26,"column":3}},"2":{"start":{"line":16,"column":21},"end":{"line":21,"column":6}},"3":{"start":{"line":22,"column":4},"end":{"line":22,"column":20}},"4":{"start":{"line":24,"column":4},"end":{"line":24,"column":69}},"5":{"start":{"line":25,"column":4},"end":{"line":25,"column":16}},"6":{"start":{"line":36,"column":2},"end":{"line":47,"column":3}},"7":{"start":{"line":37,"column":21},"end":{"line":42,"column":6}},"8":{"start":{"line":43,"column":4},"end":{"line":43,"column":20}},"9":{"start":{"line":45,"column":4},"end":{"line":45,"column":86}},"10":{"start":{"line":46,"column":4},"end":{"line":46,"column":16}},"11":{"start":{"line":56,"column":2},"end":{"line":58,"column":3}},"12":{"start":{"line":57,"column":4},"end":{"line":57,"column":14}},"13":{"start":{"line":60,"column":2},"end":{"line":67,"column":4}},"14":{"start":{"line":77,"column":19},"end":{"line":77,"column":70}},"15":{"start":{"line":79,"column":2},"end":{"line":82,"column":3}},"16":{"start":{"line":80,"column":4},"end":{"line":80,"column":118}},"17":{"start":{"line":81,"column":4},"end":{"line":81,"column":14}},"18":{"start":{"line":84,"column":2},"end":{"line":84,"column":40}},"19":{"start":{"line":93,"column":35},"end":{"line":93,"column":42}},"20":{"start":{"line":94,"column":15},"end":{"line":94,"column":33}},"21":{"start":{"line":96,"column":2},"end":{"line":110,"column":3}},"22":{"start":{"line":97,"column":29},"end":{"line":104,"column":6}},"23":{"start":{"line":106,"column":4},"end":{"line":106,"column":43}},"24":{"start":{"line":108,"column":4},"end":{"line":108,"column":74}},"25":{"start":{"line":109,"column":4},"end":{"line":109,"column":16}},"26":{"start":{"line":113,"column":0},"end":{"line":119,"column":2}}},"fnMap":{"0":{"name":"findBySalesHeader","decl":{"start":{"line":14,"column":15},"end":{"line":14,"column":32}},"loc":{"start":{"line":14,"column":61},"end":{"line":27,"column":1}},"line":14},"1":{"name":"findByCustomerType","decl":{"start":{"line":35,"column":15},"end":{"line":35,"column":33}},"loc":{"start":{"line":35,"column":62},"end":{"line":48,"column":1}},"line":35},"2":{"name":"mapToArInvoiceHeader","decl":{"start":{"line":55,"column":9},"end":{"line":55,"column":29}},"loc":{"start":{"line":55,"column":40},"end":{"line":68,"column":1}},"line":55},"3":{"name":"getArInvoiceHeaderMapping","decl":{"start":{"line":76,"column":15},"end":{"line":76,"column":40}},"loc":{"start":{"line":76,"column":69},"end":{"line":85,"column":1}},"line":76},"4":{"name":"getAllMetadata","decl":{"start":{"line":92,"column":15},"end":{"line":92,"column":29}},"loc":{"start":{"line":92,"column":44},"end":{"line":111,"column":1}},"line":92}},"branchMap":{"0":{"loc":{"start":{"line":56,"column":2},"end":{"line":58,"column":3}},"type":"if","locations":[{"start":{"line":56,"column":2},"end":{"line":58,"column":3}},{"start":{},"end":{}}],"line":56},"1":{"loc":{"start":{"line":79,"column":2},"end":{"line":82,"column":3}},"type":"if","locations":[{"start":{"line":79,"column":2},"end":{"line":82,"column":3}},{"start":{},"end":{}}],"line":79},"2":{"loc":{"start":{"line":92,"column":30},"end":{"line":92,"column":42}},"type":"default-arg","locations":[{"start":{"line":92,"column":40},"end":{"line":92,"column":42}}],"line":92},"3":{"loc":{"start":{"line":93,"column":10},"end":{"line":93,"column":18}},"type":"default-arg","locations":[{"start":{"line":93,"column":17},"end":{"line":93,"column":18}}],"line":93},"4":{"loc":{"start":{"line":93,"column":20},"end":{"line":93,"column":30}},"type":"default-arg","locations":[{"start":{"line":93,"column":28},"end":{"line":93,"column":30}}],"line":93}},"s":{"0":0,"1":0,"2":0,"3":0,"4":0,"5":0,"6":0,"7":0,"8":0,"9":0,"10":0,"11":0,"12":0,"13":0,"14":0,"15":0,"16":0,"17":0,"18":0,"19":0,"20":0,"21":0,"22":0,"23":0,"24":0,"25":0,"26":0},"f":{"0":0,"1":0,"2":0,"3":0,"4":0},"b":{"0":[0,0],"1":[0,0],"2":[0],"3":[0],"4":[0]}}
,"/home/runner/work/crm-inventory-missreceipt/crm-inventory-missreceipt/backend/src/services/prisma.js": {"path":"/home/runner/work/crm-inventory-missreceipt/crm-inventory-missreceipt/backend/src/services/prisma.js","statementMap":{"0":{"start":{"line":7,"column":25},"end":{"line":7,"column":50}},"1":{"start":{"line":9,"column":15},"end":{"line":11,"column":2}},"2":{"start":{"line":13,"column":0},"end":{"line":13,"column":24}}},"fnMap":{},"branchMap":{"0":{"loc":{"start":{"line":10,"column":7},"end":{"line":10,"column":78}},"type":"cond-expr","locations":[{"start":{"line":10,"column":48},"end":{"line":10,"column":66}},{"start":{"line":10,"column":69},"end":{"line":10,"column":78}}],"line":10}},"s":{"0":2,"1":2,"2":2},"f":{},"b":{"0":[0,2]},"_coverageSchema":"1a1c01bbd47fc00a2c39e90264f33305004495a9","hash":"46bcf282cb504e1103a92e5afe9423a5f301b858"}
,"/home/runner/work/crm-inventory-missreceipt/crm-inventory-missreceipt/backend/src/utils/csv.js": {"path":"/home/runner/work/crm-inventory-missreceipt/crm-inventory-missreceipt/backend/src/utils/csv.js","statementMap":{"0":{"start":{"line":14,"column":2},"end":{"line":14,"column":57}},"1":{"start":{"line":14,"column":45},"end":{"line":14,"column":57}},"2":{"start":{"line":15,"column":14},"end":{"line":15,"column":70}},"3":{"start":{"line":16,"column":2},"end":{"line":16,"column":20}},"4":{"start":{"line":19,"column":0},"end":{"line":19,"column":31}}},"fnMap":{"0":{"name":"csvEscape","decl":{"start":{"line":13,"column":9},"end":{"line":13,"column":18}},"loc":{"start":{"line":13,"column":26},"end":{"line":17,"column":1}},"line":13}},"branchMap":{"0":{"loc":{"start":{"line":14,"column":2},"end":{"line":14,"column":57}},"type":"if","locations":[{"start":{"line":14,"column":2},"end":{"line":14,"column":57}},{"start":{},"end":{}}],"line":14},"1":{"loc":{"start":{"line":14,"column":6},"end":{"line":14,"column":43}},"type":"binary-expr","locations":[{"start":{"line":14,"column":6},"end":{"line":14,"column":20}},{"start":{"line":14,"column":24},"end":{"line":14,"column":43}}],"line":14}},"s":{"0":0,"1":0,"2":0,"3":0,"4":0},"f":{"0":0},"b":{"0":[0,0],"1":[0,0]}}
}
