TN:
SF:src/controllers/adminController.js
FN:14,createUser
FN:42,listUsers
FN:68,updateUser
FN:100,deleteUser
FN:138,resetPassword
FNF:5
FNH:0
FNDA:0,createUser
FNDA:0,listUsers
FNDA:0,updateUser
FNDA:0,deleteUser
FNDA:0,resetPassword
DA:6,0
DA:7,0
DA:8,0
DA:15,0
DA:16,0
DA:18,0
DA:19,0
DA:22,0
DA:23,0
DA:25,0
DA:27,0
DA:32,0
DA:34,0
DA:43,0
DA:44,0
DA:45,0
DA:46,0
DA:48,0
DA:58,0
DA:60,0
DA:69,0
DA:70,0
DA:71,0
DA:73,0
DA:74,0
DA:75,0
DA:76,0
DA:77,0
DA:79,0
DA:80,0
DA:83,0
DA:89,0
DA:91,0
DA:101,0
DA:102,0
DA:105,0
DA:106,0
DA:110,0
DA:111,0
DA:112,0
DA:114,0
DA:115,0
DA:118,0
DA:119,0
DA:123,0
DA:128,0
DA:130,0
DA:139,0
DA:140,0
DA:143,0
DA:144,0
DA:146,0
DA:151,0
DA:156,0
DA:160,0
LF:55
LH:0
BRDA:18,0,0,0
BRDA:18,0,1,0
BRDA:18,1,0,0
BRDA:18,1,1,0
BRDA:23,2,0,0
BRDA:23,2,1,0
BRDA:23,3,0,0
BRDA:23,3,1,0
BRDA:44,4,0,0
BRDA:44,4,1,0
BRDA:45,5,0,0
BRDA:45,5,1,0
BRDA:75,6,0,0
BRDA:75,6,1,0
BRDA:76,7,0,0
BRDA:76,7,1,0
BRDA:76,8,0,0
BRDA:76,8,1,0
BRDA:77,9,0,0
BRDA:77,9,1,0
BRDA:79,10,0,0
BRDA:79,10,1,0
BRDA:105,11,0,0
BRDA:105,11,1,0
BRDA:111,12,0,0
BRDA:111,12,1,0
BRDA:114,13,0,0
BRDA:114,13,1,0
BRDA:118,14,0,0
BRDA:118,14,1,0
BRF:30
BRH:0
end_of_record
TN:
SF:src/controllers/applyReceiptController.js
FN:34,asText
FN:47,snippet
FN:52,extractSoapFaultMessage
FN:65,normalizeOracleDate
FN:99,getReceiptFields
FN:101,(anonymous_5)
FN:102,(anonymous_6)
FN:112,validateCsv
FN:117,(anonymous_8)
FN:141,(anonymous_9)
FN:158,normalizeRow
FN:159,(anonymous_11)
FN:164,(anonymous_12)
FN:165,(anonymous_13)
FN:176,lookupInvoice
FN:210,lookupReceipt
FN:253,buildApplyReceiptXml
FN:260,(anonymous_17)
FN:293,applyReceiptSoap
FN:328,previewPayload
FN:383,verifyPayload
FN:395,(anonymous_21)
FN:428,(anonymous_22)
FN:429,(anonymous_23)
FN:438,(anonymous_24)
FN:467,(anonymous_25)
FN:518,(anonymous_26)
FN:532,upload
FN:544,(anonymous_28)
FN:575,(anonymous_29)
FN:596,(anonymous_30)
FN:597,(anonymous_31)
FN:606,(anonymous_32)
FN:662,(anonymous_33)
FN:683,(anonymous_34)
FN:766,(anonymous_35)
FN:825,listUploads
FN:853,getUpload
FN:886,getUploadProgress
FN:924,downloadTemplate
FNF:40
FNH:0
FNDA:0,asText
FNDA:0,snippet
FNDA:0,extractSoapFaultMessage
FNDA:0,normalizeOracleDate
FNDA:0,getReceiptFields
FNDA:0,(anonymous_5)
FNDA:0,(anonymous_6)
FNDA:0,validateCsv
FNDA:0,(anonymous_8)
FNDA:0,(anonymous_9)
FNDA:0,normalizeRow
FNDA:0,(anonymous_11)
FNDA:0,(anonymous_12)
FNDA:0,(anonymous_13)
FNDA:0,lookupInvoice
FNDA:0,lookupReceipt
FNDA:0,buildApplyReceiptXml
FNDA:0,(anonymous_17)
FNDA:0,applyReceiptSoap
FNDA:0,previewPayload
FNDA:0,verifyPayload
FNDA:0,(anonymous_21)
FNDA:0,(anonymous_22)
FNDA:0,(anonymous_23)
FNDA:0,(anonymous_24)
FNDA:0,(anonymous_25)
FNDA:0,(anonymous_26)
FNDA:0,upload
FNDA:0,(anonymous_28)
FNDA:0,(anonymous_29)
FNDA:0,(anonymous_30)
FNDA:0,(anonymous_31)
FNDA:0,(anonymous_32)
FNDA:0,(anonymous_33)
FNDA:0,(anonymous_34)
FNDA:0,(anonymous_35)
FNDA:0,listUploads
FNDA:0,getUpload
FNDA:0,getUploadProgress
FNDA:0,downloadTemplate
DA:7,0
DA:8,0
DA:9,0
DA:10,0
DA:11,0
DA:12,0
DA:15,0
DA:20,0
DA:21,0
DA:22,0
DA:23,0
DA:26,0
DA:27,0
DA:28,0
DA:29,0
DA:31,0
DA:32,0
DA:35,0
DA:36,0
DA:37,0
DA:38,0
DA:39,0
DA:41,0
DA:42,0
DA:44,0
DA:48,0
DA:49,0
DA:53,0
DA:54,0
DA:55,0
DA:56,0
DA:57,0
DA:66,0
DA:68,0
DA:69,0
DA:72,0
DA:73,0
DA:76,0
DA:77,0
DA:80,0
DA:81,0
DA:82,0
DA:83,0
DA:84,0
DA:85,0
DA:86,0
DA:92,0
DA:100,0
DA:101,0
DA:103,0
DA:104,0
DA:105,0
DA:113,0
DA:114,0
DA:117,0
DA:120,0
DA:121,0
DA:125,0
DA:128,0
DA:129,0
DA:133,0
DA:134,0
DA:135,0
DA:136,0
DA:137,0
DA:141,0
DA:142,0
DA:143,0
DA:146,0
DA:147,0
DA:151,0
DA:159,0
DA:160,0
DA:162,0
DA:163,0
DA:164,0
DA:165,0
DA:167,0
DA:177,0
DA:178,0
DA:180,0
DA:189,0
DA:190,0
DA:191,0
DA:195,0
DA:196,0
DA:198,0
DA:200,0
DA:211,0
DA:212,0
DA:214,0
DA:223,0
DA:224,0
DA:225,0
DA:228,0
DA:229,0
DA:255,0
DA:256,0
DA:260,0
DA:261,0
DA:269,0
DA:294,0
DA:295,0
DA:297,0
DA:298,0
DA:301,0
DA:302,0
DA:303,0
DA:306,0
DA:308,0
DA:310,0
DA:313,0
DA:320,0
DA:321,0
DA:329,0
DA:330,0
DA:331,0
DA:334,0
DA:341,0
DA:342,0
DA:345,0
DA:346,0
DA:347,0
DA:350,0
DA:351,0
DA:352,0
DA:354,0
DA:355,0
DA:369,0
DA:375,0
DA:384,0
DA:385,0
DA:386,0
DA:390,0
DA:395,0
DA:396,0
DA:397,0
DA:402,0
DA:409,0
DA:410,0
DA:413,0
DA:414,0
DA:415,0
DA:418,0
DA:419,0
DA:423,0
DA:424,0
DA:425,0
DA:428,0
DA:429,0
DA:430,0
DA:431,0
DA:434,0
DA:435,0
DA:436,0
DA:437,0
DA:438,0
DA:445,0
DA:446,0
DA:449,0
DA:450,0
DA:451,0
DA:459,0
DA:463,0
DA:464,0
DA:466,0
DA:467,0
DA:475,0
DA:476,0
DA:477,0
DA:478,0
DA:481,0
DA:488,0
DA:500,0
DA:501,0
DA:514,0
DA:516,0
DA:518,0
DA:525,0
DA:533,0
DA:534,0
DA:535,0
DA:539,0
DA:544,0
DA:545,0
DA:546,0
DA:551,0
DA:558,0
DA:559,0
DA:562,0
DA:563,0
DA:564,0
DA:567,0
DA:570,0
DA:575,0
DA:581,0
DA:585,0
DA:586,0
DA:587,0
DA:588,0
DA:589,0
DA:590,0
DA:591,0
DA:594,0
DA:596,0
DA:597,0
DA:598,0
DA:599,0
DA:602,0
DA:603,0
DA:604,0
DA:605,0
DA:606,0
DA:613,0
DA:614,0
DA:616,0
DA:621,0
DA:622,0
DA:623,0
DA:624,0
DA:638,0
DA:639,0
DA:642,0
DA:646,0
DA:650,0
DA:651,0
DA:652,0
DA:653,0
DA:657,0
DA:659,0
DA:661,0
DA:662,0
DA:670,0
DA:671,0
DA:672,0
DA:673,0
DA:674,0
DA:677,0
DA:682,0
DA:683,0
DA:691,0
DA:693,0
DA:695,0
DA:696,0
DA:697,0
DA:711,0
DA:712,0
DA:715,0
DA:720,0
DA:721,0
DA:722,0
DA:729,0
DA:730,0
DA:731,0
DA:733,0
DA:749,0
DA:750,0
DA:753,0
DA:762,0
DA:764,0
DA:765,0
DA:766,0
DA:767,0
DA:770,0
DA:771,0
DA:776,0
DA:779,0
DA:783,0
DA:785,0
DA:790,0
DA:801,0
DA:805,0
DA:818,0
DA:826,0
DA:827,0
DA:828,0
DA:829,0
DA:831,0
DA:833,0
DA:844,0
DA:846,0
DA:854,0
DA:855,0
DA:856,0
DA:857,0
DA:860,0
DA:868,0
DA:869,0
DA:872,0
DA:873,0
DA:876,0
DA:878,0
DA:887,0
DA:888,0
DA:889,0
DA:890,0
DA:893,0
DA:897,0
DA:898,0
DA:901,0
DA:902,0
DA:905,0
DA:916,0
DA:926,0
DA:927,0
DA:928,0
DA:931,0
DA:932,0
DA:934,0
DA:935,0
DA:936,0
DA:939,0
LF:312
LH:0
BRDA:20,0,0,0
BRDA:20,0,1,0
BRDA:21,1,0,0
BRDA:21,1,1,0
BRDA:35,2,0,0
BRDA:35,2,1,0
BRDA:36,3,0,0
BRDA:36,3,1,0
BRDA:37,4,0,0
BRDA:37,4,1,0
BRDA:38,5,0,0
BRDA:38,5,1,0
BRDA:38,6,0,0
BRDA:38,6,1,0
BRDA:41,7,0,0
BRDA:41,7,1,0
BRDA:41,8,0,0
BRDA:41,8,1,0
BRDA:47,9,0,0
BRDA:48,10,0,0
BRDA:48,10,1,0
BRDA:49,11,0,0
BRDA:49,11,1,0
BRDA:53,12,0,0
BRDA:53,12,1,0
BRDA:55,13,0,0
BRDA:55,13,1,0
BRDA:57,14,0,0
BRDA:57,14,1,0
BRDA:66,15,0,0
BRDA:66,15,1,0
BRDA:69,16,0,0
BRDA:69,16,1,0
BRDA:73,17,0,0
BRDA:73,17,1,0
BRDA:77,18,0,0
BRDA:77,18,1,0
BRDA:82,19,0,0
BRDA:82,19,1,0
BRDA:113,20,0,0
BRDA:113,20,1,0
BRDA:113,21,0,0
BRDA:113,21,1,0
BRDA:117,22,0,0
BRDA:117,22,1,0
BRDA:120,23,0,0
BRDA:120,23,1,0
BRDA:128,24,0,0
BRDA:128,24,1,0
BRDA:135,25,0,0
BRDA:135,25,1,0
BRDA:136,26,0,0
BRDA:136,26,1,0
BRDA:142,27,0,0
BRDA:142,27,1,0
BRDA:146,28,0,0
BRDA:146,28,1,0
BRDA:162,29,0,0
BRDA:162,29,1,0
BRDA:164,30,0,0
BRDA:164,30,1,0
BRDA:189,31,0,0
BRDA:189,31,1,0
BRDA:190,32,0,0
BRDA:190,32,1,0
BRDA:223,33,0,0
BRDA:223,33,1,0
BRDA:224,34,0,0
BRDA:224,34,1,0
BRDA:255,35,0,0
BRDA:255,35,1,0
BRDA:255,36,0,0
BRDA:255,36,1,0
BRDA:255,36,2,0
BRDA:255,36,3,0
BRDA:297,37,0,0
BRDA:297,37,1,0
BRDA:330,38,0,0
BRDA:330,38,1,0
BRDA:341,39,0,0
BRDA:341,39,1,0
BRDA:346,40,0,0
BRDA:346,40,1,0
BRDA:385,41,0,0
BRDA:385,41,1,0
BRDA:396,42,0,0
BRDA:396,42,1,0
BRDA:409,43,0,0
BRDA:409,43,1,0
BRDA:414,44,0,0
BRDA:414,44,1,0
BRDA:449,45,0,0
BRDA:449,45,1,0
BRDA:478,46,0,0
BRDA:478,46,1,0
BRDA:500,47,0,0
BRDA:500,47,1,0
BRDA:534,48,0,0
BRDA:534,48,1,0
BRDA:545,49,0,0
BRDA:545,49,1,0
BRDA:558,50,0,0
BRDA:558,50,1,0
BRDA:563,51,0,0
BRDA:563,51,1,0
BRDA:617,52,0,0
BRDA:617,52,1,0
BRDA:623,53,0,0
BRDA:623,53,1,0
BRDA:633,54,0,0
BRDA:633,54,1,0
BRDA:638,55,0,0
BRDA:638,55,1,0
BRDA:673,56,0,0
BRDA:673,56,1,0
BRDA:693,57,0,0
BRDA:693,57,1,0
BRDA:693,58,0,0
BRDA:693,58,1,0
BRDA:693,58,2,0
BRDA:696,59,0,0
BRDA:696,59,1,0
BRDA:711,60,0,0
BRDA:711,60,1,0
BRDA:730,61,0,0
BRDA:730,61,1,0
BRDA:731,62,0,0
BRDA:731,62,1,0
BRDA:740,63,0,0
BRDA:740,63,1,0
BRDA:744,64,0,0
BRDA:744,64,1,0
BRDA:749,65,0,0
BRDA:749,65,1,0
BRDA:770,66,0,0
BRDA:770,66,1,0
BRDA:776,67,0,0
BRDA:776,67,1,0
BRDA:776,68,0,0
BRDA:776,68,1,0
BRDA:779,69,0,0
BRDA:779,69,1,0
BRDA:779,69,2,0
BRDA:785,70,0,0
BRDA:785,70,1,0
BRDA:827,71,0,0
BRDA:827,71,1,0
BRDA:828,72,0,0
BRDA:828,72,1,0
BRDA:831,73,0,0
BRDA:831,73,1,0
BRDA:856,74,0,0
BRDA:856,74,1,0
BRDA:868,75,0,0
BRDA:868,75,1,0
BRDA:872,76,0,0
BRDA:872,76,1,0
BRDA:872,77,0,0
BRDA:872,77,1,0
BRDA:889,78,0,0
BRDA:889,78,1,0
BRDA:897,79,0,0
BRDA:897,79,1,0
BRDA:901,80,0,0
BRDA:901,80,1,0
BRDA:901,81,0,0
BRDA:901,81,1,0
BRF:167
BRH:0
end_of_record
TN:
SF:src/controllers/arInvoiceController.js
FN:15,previewPayload
FN:103,createInvoice
FN:270,listUploads
FN:299,getUpload
FN:324,(anonymous_4)
FN:328,(anonymous_5)
FN:344,getMetadata
FN:377,listMetadata
FNF:8
FNH:0
FNDA:0,previewPayload
FNDA:0,createInvoice
FNDA:0,listUploads
FNDA:0,getUpload
FNDA:0,(anonymous_4)
FNDA:0,(anonymous_5)
FNDA:0,getMetadata
FNDA:0,listMetadata
DA:6,0
DA:7,0
DA:8,0
DA:16,0
DA:17,0
DA:20,0
DA:21,0
DA:23,0
DA:28,0
DA:30,0
DA:34,0
DA:36,0
DA:41,0
DA:43,0
DA:44,0
DA:47,0
DA:48,0
DA:51,0
DA:52,0
DA:55,0
DA:56,0
DA:59,0
DA:60,0
DA:63,0
DA:64,0
DA:65,0
DA:67,0
DA:68,0
DA:74,0
DA:75,0
DA:83,0
DA:91,0
DA:104,0
DA:105,0
DA:108,0
DA:109,0
DA:111,0
DA:116,0
DA:118,0
DA:122,0
DA:124,0
DA:129,0
DA:130,0
DA:135,0
DA:136,0
DA:141,0
DA:142,0
DA:147,0
DA:148,0
DA:153,0
DA:154,0
DA:160,0
DA:161,0
DA:162,0
DA:166,0
DA:167,0
DA:174,0
DA:175,0
DA:176,0
DA:178,0
DA:179,0
DA:184,0
DA:185,0
DA:188,0
DA:196,0
DA:197,0
DA:198,0
DA:199,0
DA:201,0
DA:203,0
DA:215,0
DA:216,0
DA:218,0
DA:219,0
DA:222,0
DA:223,0
DA:224,0
DA:227,0
DA:229,0
DA:230,0
DA:231,0
DA:235,0
DA:245,0
DA:246,0
DA:254,0
DA:262,0
DA:271,0
DA:272,0
DA:273,0
DA:274,0
DA:276,0
DA:278,0
DA:289,0
DA:291,0
DA:300,0
DA:301,0
DA:302,0
DA:303,0
DA:306,0
DA:313,0
DA:314,0
DA:317,0
DA:318,0
DA:322,0
DA:325,0
DA:326,0
DA:329,0
DA:330,0
DA:334,0
DA:336,0
DA:345,0
DA:346,0
DA:348,0
DA:349,0
DA:354,0
DA:356,0
DA:357,0
DA:362,0
DA:364,0
DA:369,0
DA:378,0
DA:379,0
DA:380,0
DA:382,0
DA:384,0
DA:386,0
DA:390,0
LF:127
LH:0
BRDA:20,0,0,0
BRDA:20,0,1,0
BRDA:20,1,0,0
BRDA:20,1,1,0
BRDA:28,2,0,0
BRDA:28,2,1,0
BRDA:43,3,0,0
BRDA:43,3,1,0
BRDA:43,4,0,0
BRDA:43,4,1,0
BRDA:43,4,2,0
BRDA:47,5,0,0
BRDA:47,5,1,0
BRDA:47,6,0,0
BRDA:47,6,1,0
BRDA:51,7,0,0
BRDA:51,7,1,0
BRDA:51,8,0,0
BRDA:51,8,1,0
BRDA:51,8,2,0
BRDA:55,9,0,0
BRDA:55,9,1,0
BRDA:55,10,0,0
BRDA:55,10,1,0
BRDA:59,11,0,0
BRDA:59,11,1,0
BRDA:59,12,0,0
BRDA:59,12,1,0
BRDA:59,12,2,0
BRDA:64,13,0,0
BRDA:64,13,1,0
BRDA:64,14,0,0
BRDA:64,14,1,0
BRDA:64,14,2,0
BRDA:67,15,0,0
BRDA:67,15,1,0
BRDA:67,16,0,0
BRDA:67,16,1,0
BRDA:67,16,2,0
BRDA:74,17,0,0
BRDA:74,17,1,0
BRDA:87,18,0,0
BRDA:87,18,1,0
BRDA:108,19,0,0
BRDA:108,19,1,0
BRDA:108,20,0,0
BRDA:108,20,1,0
BRDA:116,21,0,0
BRDA:116,21,1,0
BRDA:129,22,0,0
BRDA:129,22,1,0
BRDA:129,23,0,0
BRDA:129,23,1,0
BRDA:129,23,2,0
BRDA:135,24,0,0
BRDA:135,24,1,0
BRDA:135,25,0,0
BRDA:135,25,1,0
BRDA:141,26,0,0
BRDA:141,26,1,0
BRDA:141,27,0,0
BRDA:141,27,1,0
BRDA:141,27,2,0
BRDA:147,28,0,0
BRDA:147,28,1,0
BRDA:147,29,0,0
BRDA:147,29,1,0
BRDA:153,30,0,0
BRDA:153,30,1,0
BRDA:153,31,0,0
BRDA:153,31,1,0
BRDA:153,31,2,0
BRDA:161,32,0,0
BRDA:161,32,1,0
BRDA:161,33,0,0
BRDA:161,33,1,0
BRDA:161,33,2,0
BRDA:166,34,0,0
BRDA:166,34,1,0
BRDA:166,35,0,0
BRDA:166,35,1,0
BRDA:166,35,2,0
BRDA:174,36,0,0
BRDA:174,36,1,0
BRDA:178,37,0,0
BRDA:178,37,1,0
BRDA:178,38,0,0
BRDA:178,38,1,0
BRDA:223,39,0,0
BRDA:223,39,1,0
BRDA:224,40,0,0
BRDA:224,40,1,0
BRDA:245,41,0,0
BRDA:245,41,1,0
BRDA:246,42,0,0
BRDA:246,42,1,0
BRDA:250,43,0,0
BRDA:250,43,1,0
BRDA:258,44,0,0
BRDA:258,44,1,0
BRDA:272,45,0,0
BRDA:272,45,1,0
BRDA:273,46,0,0
BRDA:273,46,1,0
BRDA:276,47,0,0
BRDA:276,47,1,0
BRDA:302,48,0,0
BRDA:302,48,1,0
BRDA:313,49,0,0
BRDA:313,49,1,0
BRDA:317,50,0,0
BRDA:317,50,1,0
BRDA:317,51,0,0
BRDA:317,51,1,0
BRDA:328,52,0,0
BRDA:328,52,1,0
BRDA:348,53,0,0
BRDA:348,53,1,0
BRDA:348,54,0,0
BRDA:348,54,1,0
BRDA:356,55,0,0
BRDA:356,55,1,0
BRDA:379,56,0,0
BRDA:379,56,1,0
BRDA:380,57,0,0
BRDA:380,57,1,0
BRF:126
BRH:0
end_of_record
TN:
SF:src/controllers/arInvoiceDataController.js
FN:42,asText
FN:55,normalizeDate
FN:97,validateCsv
FN:98,(anonymous_3)
FN:99,(anonymous_4)
FN:106,(anonymous_5)
FN:118,normalizeRow
FN:165,previewCsvPayload
FN:268,(anonymous_8)
FN:292,uploadCsv
FN:393,listRecords
FN:434,listBatches
FN:452,(anonymous_12)
FN:467,generatePayload
FN:534,(anonymous_14)
FN:555,deleteBatch
FN:580,downloadTemplate
FNF:17
FNH:0
FNDA:0,asText
FNDA:0,normalizeDate
FNDA:0,validateCsv
FNDA:0,(anonymous_3)
FNDA:0,(anonymous_4)
FNDA:0,(anonymous_5)
FNDA:0,normalizeRow
FNDA:0,previewCsvPayload
FNDA:0,(anonymous_8)
FNDA:0,uploadCsv
FNDA:0,listRecords
FNDA:0,listBatches
FNDA:0,(anonymous_12)
FNDA:0,generatePayload
FNDA:0,(anonymous_14)
FNDA:0,deleteBatch
FNDA:0,downloadTemplate
DA:6,0
DA:7,0
DA:8,0
DA:9,0
DA:12,0
DA:26,0
DA:40,0
DA:43,0
DA:44,0
DA:45,0
DA:46,0
DA:47,0
DA:49,0
DA:50,0
DA:52,0
DA:56,0
DA:57,0
DA:60,0
DA:61,0
DA:64,0
DA:65,0
DA:68,0
DA:69,0
DA:72,0
DA:73,0
DA:76,0
DA:77,0
DA:78,0
DA:79,0
DA:80,0
DA:81,0
DA:83,0
DA:84,0
DA:85,0
DA:87,0
DA:88,0
DA:89,0
DA:91,0
DA:94,0
DA:98,0
DA:99,0
DA:100,0
DA:101,0
DA:104,0
DA:105,0
DA:106,0
DA:107,0
DA:108,0
DA:110,0
DA:111,0
DA:115,0
DA:119,0
DA:120,0
DA:123,0
DA:124,0
DA:125,0
DA:126,0
DA:128,0
DA:132,0
DA:166,0
DA:167,0
DA:168,0
DA:171,0
DA:172,0
DA:174,0
DA:178,0
DA:179,0
DA:188,0
DA:194,0
DA:195,0
DA:199,0
DA:200,0
DA:201,0
DA:204,0
DA:207,0
DA:208,0
DA:210,0
DA:211,0
DA:212,0
DA:214,0
DA:215,0
DA:216,0
DA:217,0
DA:219,0
DA:223,0
DA:224,0
DA:232,0
DA:233,0
DA:234,0
DA:235,0
DA:236,0
DA:255,0
DA:268,0
DA:273,0
DA:275,0
DA:284,0
DA:293,0
DA:294,0
DA:295,0
DA:298,0
DA:299,0
DA:301,0
DA:305,0
DA:306,0
DA:315,0
DA:321,0
DA:322,0
DA:326,0
DA:327,0
DA:328,0
DA:331,0
DA:334,0
DA:337,0
DA:338,0
DA:340,0
DA:341,0
DA:342,0
DA:344,0
DA:345,0
DA:346,0
DA:347,0
DA:349,0
DA:353,0
DA:354,0
DA:362,0
DA:363,0
DA:364,0
DA:372,0
DA:375,0
DA:377,0
DA:385,0
DA:394,0
DA:395,0
DA:396,0
DA:397,0
DA:399,0
DA:400,0
DA:402,0
DA:403,0
DA:404,0
DA:406,0
DA:407,0
DA:409,0
DA:410,0
DA:413,0
DA:424,0
DA:426,0
DA:435,0
DA:436,0
DA:437,0
DA:438,0
DA:441,0
DA:451,0
DA:452,0
DA:459,0
DA:468,0
DA:469,0
DA:471,0
DA:472,0
DA:477,0
DA:478,0
DA:479,0
DA:481,0
DA:484,0
DA:485,0
DA:488,0
DA:493,0
DA:494,0
DA:498,0
DA:499,0
DA:500,0
DA:501,0
DA:502,0
DA:521,0
DA:534,0
DA:539,0
DA:547,0
DA:556,0
DA:557,0
DA:559,0
DA:560,0
DA:561,0
DA:564,0
DA:566,0
DA:572,0
DA:581,0
DA:582,0
DA:606,0
DA:608,0
DA:609,0
DA:610,0
DA:613,0
LF:192
LH:0
BRDA:43,0,0,0
BRDA:43,0,1,0
BRDA:44,1,0,0
BRDA:44,1,1,0
BRDA:45,2,0,0
BRDA:45,2,1,0
BRDA:46,3,0,0
BRDA:46,3,1,0
BRDA:46,4,0,0
BRDA:46,4,1,0
BRDA:49,5,0,0
BRDA:49,5,1,0
BRDA:49,6,0,0
BRDA:49,6,1,0
BRDA:56,7,0,0
BRDA:56,7,1,0
BRDA:57,8,0,0
BRDA:57,8,1,0
BRDA:61,9,0,0
BRDA:61,9,1,0
BRDA:65,10,0,0
BRDA:65,10,1,0
BRDA:69,11,0,0
BRDA:69,11,1,0
BRDA:73,12,0,0
BRDA:73,12,1,0
BRDA:77,13,0,0
BRDA:77,13,1,0
BRDA:80,14,0,0
BRDA:80,14,1,0
BRDA:98,15,0,0
BRDA:98,15,1,0
BRDA:100,16,0,0
BRDA:100,16,1,0
BRDA:108,17,0,0
BRDA:108,17,1,0
BRDA:108,17,2,0
BRDA:110,18,0,0
BRDA:110,18,1,0
BRDA:119,19,0,0
BRDA:119,19,1,0
BRDA:120,20,0,0
BRDA:120,20,1,0
BRDA:124,21,0,0
BRDA:124,21,1,0
BRDA:124,22,0,0
BRDA:124,22,1,0
BRDA:135,23,0,0
BRDA:135,23,1,0
BRDA:135,23,2,0
BRDA:136,24,0,0
BRDA:136,24,1,0
BRDA:136,24,2,0
BRDA:137,25,0,0
BRDA:137,25,1,0
BRDA:138,26,0,0
BRDA:138,26,1,0
BRDA:138,26,2,0
BRDA:139,27,0,0
BRDA:139,27,1,0
BRDA:139,27,2,0
BRDA:140,28,0,0
BRDA:140,28,1,0
BRDA:140,28,2,0
BRDA:143,29,0,0
BRDA:143,29,1,0
BRDA:144,30,0,0
BRDA:144,30,1,0
BRDA:145,31,0,0
BRDA:145,31,1,0
BRDA:145,32,0,0
BRDA:145,32,1,0
BRDA:146,33,0,0
BRDA:146,33,1,0
BRDA:146,34,0,0
BRDA:146,34,1,0
BRDA:149,35,0,0
BRDA:149,35,1,0
BRDA:150,36,0,0
BRDA:150,36,1,0
BRDA:151,37,0,0
BRDA:151,37,1,0
BRDA:154,38,0,0
BRDA:154,38,1,0
BRDA:155,39,0,0
BRDA:155,39,1,0
BRDA:155,40,0,0
BRDA:155,40,1,0
BRDA:156,41,0,0
BRDA:156,41,1,0
BRDA:156,42,0,0
BRDA:156,42,1,0
BRDA:167,43,0,0
BRDA:167,43,1,0
BRDA:172,44,0,0
BRDA:172,44,1,0
BRDA:194,45,0,0
BRDA:194,45,1,0
BRDA:194,46,0,0
BRDA:194,46,1,0
BRDA:200,47,0,0
BRDA:200,47,1,0
BRDA:223,48,0,0
BRDA:223,48,1,0
BRDA:234,49,0,0
BRDA:234,49,1,0
BRDA:235,50,0,0
BRDA:235,50,1,0
BRDA:294,51,0,0
BRDA:294,51,1,0
BRDA:299,52,0,0
BRDA:299,52,1,0
BRDA:321,53,0,0
BRDA:321,53,1,0
BRDA:321,54,0,0
BRDA:321,54,1,0
BRDA:327,55,0,0
BRDA:327,55,1,0
BRDA:353,56,0,0
BRDA:353,56,1,0
BRDA:395,57,0,0
BRDA:395,57,1,0
BRDA:396,58,0,0
BRDA:396,58,1,0
BRDA:403,59,0,0
BRDA:403,59,1,0
BRDA:406,60,0,0
BRDA:406,60,1,0
BRDA:409,61,0,0
BRDA:409,61,1,0
BRDA:437,62,0,0
BRDA:437,62,1,0
BRDA:471,63,0,0
BRDA:471,63,1,0
BRDA:471,64,0,0
BRDA:471,64,1,0
BRDA:471,64,2,0
BRDA:478,65,0,0
BRDA:478,65,1,0
BRDA:484,66,0,0
BRDA:484,66,1,0
BRDA:493,67,0,0
BRDA:493,67,1,0
BRDA:500,68,0,0
BRDA:500,68,1,0
BRDA:501,69,0,0
BRDA:501,69,1,0
BRDA:560,70,0,0
BRDA:560,70,1,0
BRF:149
BRH:0
end_of_record
TN:
SF:src/controllers/authController.js
FN:14,login
FN:69,logout
FN:91,me
FNF:3
FNH:0
FNDA:0,login
FNDA:0,logout
FNDA:0,me
DA:6,0
DA:7,0
DA:8,0
DA:15,0
DA:16,0
DA:18,0
DA:19,0
DA:23,0
DA:24,0
DA:25,0
DA:29,0
DA:30,0
DA:34,0
DA:35,0
DA:36,0
DA:40,0
DA:47,0
DA:56,0
DA:61,0
DA:70,0
DA:71,0
DA:72,0
DA:81,0
DA:83,0
DA:92,0
DA:93,0
DA:98,0
DA:99,0
DA:102,0
DA:104,0
DA:108,0
LF:31
LH:0
BRDA:18,0,0,0
BRDA:18,0,1,0
BRDA:18,1,0,0
BRDA:18,1,1,0
BRDA:24,2,0,0
BRDA:24,2,1,0
BRDA:29,3,0,0
BRDA:29,3,1,0
BRDA:35,4,0,0
BRDA:35,4,1,0
BRDA:43,5,0,0
BRDA:43,5,1,0
BRDA:71,6,0,0
BRDA:71,6,1,0
BRDA:98,7,0,0
BRDA:98,7,1,0
BRF:16
BRH:0
end_of_record
TN:
SF:src/controllers/inventoryController.js
FN:25,sanitizeForDatabase
FN:114,normalizeRow
FN:151,validateRow
FN:186,extractBranchFromRef
FN:196,cleanReference
FN:212,formatDateToISO
FN:224,(anonymous_6)
FN:225,(anonymous_7)
FN:293,mapRowToPayload
FN:348,extractOracleError
FN:388,normalize
FN:421,stringifyResponseBody
FN:443,processUploadRows
FN:479,flushRecords
FN:539,processRow
FN:629,(anonymous_15)
FN:700,bulkUpload
FN:750,(anonymous_17)
FN:755,(anonymous_18)
FN:769,listUploads
FN:800,getFailures
FN:822,(anonymous_21)
FN:824,(anonymous_22)
FN:837,retryUpload
FN:892,(anonymous_24)
FN:893,(anonymous_25)
FN:1028,downloadTemplate
FN:1045,getUploadProgress
FN:1078,getUploadDetail
FN:1116,(anonymous_29)
FN:1118,(anonymous_30)
FN:1132,(anonymous_31)
FN:1134,(anonymous_32)
FN:1158,getDebugLog
FN:1202,(anonymous_34)
FN:1212,(anonymous_35)
FN:1236,getSuccessRecords
FN:1265,(anonymous_37)
FN:1267,(anonymous_38)
FN:1282,exportFailures
FN:1303,(anonymous_40)
FN:1342,(anonymous_41)
FN:1346,(anonymous_42)
FNF:43
FNH:0
FNDA:0,sanitizeForDatabase
FNDA:0,normalizeRow
FNDA:0,validateRow
FNDA:0,extractBranchFromRef
FNDA:0,cleanReference
FNDA:0,formatDateToISO
FNDA:0,(anonymous_6)
FNDA:0,(anonymous_7)
FNDA:0,mapRowToPayload
FNDA:0,extractOracleError
FNDA:0,normalize
FNDA:0,stringifyResponseBody
FNDA:0,processUploadRows
FNDA:0,flushRecords
FNDA:0,processRow
FNDA:0,(anonymous_15)
FNDA:0,bulkUpload
FNDA:0,(anonymous_17)
FNDA:0,(anonymous_18)
FNDA:0,listUploads
FNDA:0,getFailures
FNDA:0,(anonymous_21)
FNDA:0,(anonymous_22)
FNDA:0,retryUpload
FNDA:0,(anonymous_24)
FNDA:0,(anonymous_25)
FNDA:0,downloadTemplate
FNDA:0,getUploadProgress
FNDA:0,getUploadDetail
FNDA:0,(anonymous_29)
FNDA:0,(anonymous_30)
FNDA:0,(anonymous_31)
FNDA:0,(anonymous_32)
FNDA:0,getDebugLog
FNDA:0,(anonymous_34)
FNDA:0,(anonymous_35)
FNDA:0,getSuccessRecords
FNDA:0,(anonymous_37)
FNDA:0,(anonymous_38)
FNDA:0,exportFailures
FNDA:0,(anonymous_40)
FNDA:0,(anonymous_41)
FNDA:0,(anonymous_42)
DA:6,0
DA:7,0
DA:8,0
DA:9,0
DA:12,0
DA:13,0
DA:16,0
DA:26,0
DA:29,0
DA:32,0
DA:35,0
DA:38,0
DA:39,0
DA:40,0
DA:42,0
DA:44,0
DA:47,0
DA:52,0
DA:53,0
DA:54,0
DA:56,0
DA:57,0
DA:60,0
DA:65,0
DA:78,0
DA:115,0
DA:116,0
DA:117,0
DA:118,0
DA:119,0
DA:120,0
DA:121,0
DA:122,0
DA:123,0
DA:125,0
DA:126,0
DA:129,0
DA:130,0
DA:131,0
DA:134,0
DA:135,0
DA:138,0
DA:152,0
DA:153,0
DA:155,0
DA:156,0
DA:158,0
DA:159,0
DA:160,0
DA:162,0
DA:163,0
DA:164,0
DA:167,0
DA:169,0
DA:170,0
DA:171,0
DA:172,0
DA:173,0
DA:176,0
DA:177,0
DA:179,0
DA:187,0
DA:188,0
DA:189,0
DA:197,0
DA:198,0
DA:213,0
DA:214,0
DA:217,0
DA:218,0
DA:219,0
DA:220,0
DA:221,0
DA:224,0
DA:225,0
DA:226,0
DA:229,0
DA:234,0
DA:236,0
DA:237,0
DA:238,0
DA:239,0
DA:241,0
DA:242,0
DA:246,0
DA:247,0
DA:248,0
DA:249,0
DA:251,0
DA:252,0
DA:256,0
DA:257,0
DA:260,0
DA:261,0
DA:262,0
DA:264,0
DA:266,0
DA:269,0
DA:270,0
DA:274,0
DA:275,0
DA:277,0
DA:278,0
DA:281,0
DA:295,0
DA:296,0
DA:297,0
DA:301,0
DA:304,0
DA:309,0
DA:311,0
DA:313,0
DA:335,0
DA:338,0
DA:349,0
DA:350,0
DA:351,0
DA:352,0
DA:354,0
DA:358,0
DA:362,0
DA:363,0
DA:364,0
DA:365,0
DA:366,0
DA:367,0
DA:369,0
DA:370,0
DA:372,0
DA:373,0
DA:375,0
DA:379,0
DA:380,0
DA:381,0
DA:382,0
DA:383,0
DA:389,0
DA:390,0
DA:391,0
DA:392,0
DA:393,0
DA:395,0
DA:396,0
DA:397,0
DA:398,0
DA:400,0
DA:402,0
DA:403,0
DA:404,0
DA:405,0
DA:406,0
DA:407,0
DA:410,0
DA:412,0
DA:415,0
DA:422,0
DA:423,0
DA:424,0
DA:425,0
DA:427,0
DA:428,0
DA:429,0
DA:430,0
DA:432,0
DA:433,0
DA:444,0
DA:445,0
DA:446,0
DA:447,0
DA:448,0
DA:452,0
DA:453,0
DA:462,0
DA:463,0
DA:466,0
DA:474,0
DA:480,0
DA:481,0
DA:482,0
DA:483,0
DA:485,0
DA:489,0
DA:490,0
DA:491,0
DA:492,0
DA:494,0
DA:497,0
DA:500,0
DA:501,0
DA:502,0
DA:508,0
DA:509,0
DA:510,0
DA:511,0
DA:513,0
DA:517,0
DA:518,0
DA:519,0
DA:520,0
DA:522,0
DA:525,0
DA:528,0
DA:529,0
DA:530,0
DA:540,0
DA:541,0
DA:542,0
DA:543,0
DA:544,0
DA:546,0
DA:554,0
DA:555,0
DA:557,0
DA:558,0
DA:561,0
DA:562,0
DA:569,0
DA:573,0
DA:574,0
DA:575,0
DA:576,0
DA:579,0
DA:582,0
DA:593,0
DA:594,0
DA:603,0
DA:607,0
DA:611,0
DA:612,0
DA:624,0
DA:625,0
DA:626,0
DA:628,0
DA:629,0
DA:632,0
DA:633,0
DA:634,0
DA:635,0
DA:642,0
DA:643,0
DA:646,0
DA:647,0
DA:649,0
DA:651,0
DA:652,0
DA:666,0
DA:667,0
DA:671,0
DA:678,0
DA:681,0
DA:682,0
DA:691,0
DA:701,0
DA:702,0
DA:703,0
DA:706,0
DA:707,0
DA:708,0
DA:712,0
DA:719,0
DA:720,0
DA:724,0
DA:725,0
DA:729,0
DA:741,0
DA:750,0
DA:751,0
DA:752,0
DA:756,0
DA:760,0
DA:770,0
DA:771,0
DA:772,0
DA:773,0
DA:777,0
DA:779,0
DA:790,0
DA:792,0
DA:801,0
DA:802,0
DA:803,0
DA:804,0
DA:808,0
DA:809,0
DA:810,0
DA:812,0
DA:813,0
DA:816,0
DA:822,0
DA:824,0
DA:827,0
DA:829,0
DA:838,0
DA:839,0
DA:840,0
DA:841,0
DA:844,0
DA:845,0
DA:846,0
DA:848,0
DA:849,0
DA:852,0
DA:853,0
DA:854,0
DA:857,0
DA:862,0
DA:863,0
DA:864,0
DA:865,0
DA:874,0
DA:875,0
DA:878,0
DA:884,0
DA:885,0
DA:886,0
DA:889,0
DA:890,0
DA:892,0
DA:893,0
DA:896,0
DA:897,0
DA:901,0
DA:902,0
DA:905,0
DA:906,0
DA:913,0
DA:917,0
DA:918,0
DA:919,0
DA:920,0
DA:923,0
DA:924,0
DA:934,0
DA:935,0
DA:943,0
DA:947,0
DA:951,0
DA:952,0
DA:962,0
DA:963,0
DA:964,0
DA:965,0
DA:967,0
DA:976,0
DA:977,0
DA:978,0
DA:979,0
DA:980,0
DA:982,0
DA:983,0
DA:985,0
DA:986,0
DA:996,0
DA:1007,0
DA:1016,0
DA:1018,0
DA:1020,0
DA:1029,0
DA:1030,0
DA:1032,0
DA:1033,0
DA:1035,0
DA:1036,0
DA:1037,0
DA:1046,0
DA:1047,0
DA:1048,0
DA:1049,0
DA:1052,0
DA:1053,0
DA:1054,0
DA:1056,0
DA:1057,0
DA:1060,0
DA:1069,0
DA:1079,0
DA:1080,0
DA:1081,0
DA:1082,0
DA:1085,0
DA:1089,0
DA:1090,0
DA:1092,0
DA:1093,0
DA:1096,0
DA:1097,0
DA:1098,0
DA:1099,0
DA:1101,0
DA:1102,0
DA:1103,0
DA:1104,0
DA:1106,0
DA:1107,0
DA:1116,0
DA:1118,0
DA:1122,0
DA:1123,0
DA:1132,0
DA:1134,0
DA:1138,0
DA:1148,0
DA:1159,0
DA:1160,0
DA:1161,0
DA:1162,0
DA:1165,0
DA:1169,0
DA:1170,0
DA:1172,0
DA:1173,0
DA:1176,0
DA:1177,0
DA:1178,0
DA:1180,0
DA:1184,0
DA:1186,0
DA:1202,0
DA:1203,0
DA:1204,0
DA:1205,0
DA:1206,0
DA:1208,0
DA:1212,0
DA:1218,0
DA:1228,0
DA:1237,0
DA:1238,0
DA:1239,0
DA:1240,0
DA:1243,0
DA:1244,0
DA:1245,0
DA:1247,0
DA:1248,0
DA:1251,0
DA:1252,0
DA:1253,0
DA:1255,0
DA:1265,0
DA:1267,0
DA:1270,0
DA:1272,0
DA:1283,0
DA:1284,0
DA:1285,0
DA:1286,0
DA:1289,0
DA:1290,0
DA:1291,0
DA:1293,0
DA:1294,0
DA:1297,0
DA:1303,0
DA:1304,0
DA:1305,0
DA:1306,0
DA:1307,0
DA:1308,0
DA:1313,0
DA:1318,0
DA:1319,0
DA:1320,0
DA:1321,0
DA:1322,0
DA:1323,0
DA:1324,0
DA:1330,0
DA:1342,0
DA:1343,0
DA:1346,0
DA:1354,0
DA:1357,0
DA:1359,0
DA:1362,0
DA:1365,0
DA:1367,0
DA:1368,0
DA:1369,0
DA:1371,0
DA:1375,0
LF:481
LH:0
BRDA:25,0,0,0
BRDA:26,1,0,0
BRDA:26,1,1,0
BRDA:38,2,0,0
BRDA:38,2,1,0
BRDA:118,3,0,0
BRDA:118,3,1,0
BRDA:119,4,0,0
BRDA:119,4,1,0
BRDA:121,5,0,0
BRDA:121,5,1,0
BRDA:122,6,0,0
BRDA:122,6,1,0
BRDA:122,7,0,0
BRDA:122,7,1,0
BRDA:125,8,0,0
BRDA:125,8,1,0
BRDA:130,9,0,0
BRDA:130,9,1,0
BRDA:130,10,0,0
BRDA:130,10,1,0
BRDA:134,11,0,0
BRDA:134,11,1,0
BRDA:152,12,0,0
BRDA:152,12,1,0
BRDA:152,13,0,0
BRDA:152,13,1,0
BRDA:155,14,0,0
BRDA:155,14,1,0
BRDA:155,15,0,0
BRDA:155,15,1,0
BRDA:159,16,0,0
BRDA:159,16,1,0
BRDA:159,17,0,0
BRDA:159,17,1,0
BRDA:163,18,0,0
BRDA:163,18,1,0
BRDA:170,19,0,0
BRDA:170,19,1,0
BRDA:170,20,0,0
BRDA:170,20,1,0
BRDA:172,21,0,0
BRDA:172,21,1,0
BRDA:176,22,0,0
BRDA:176,22,1,0
BRDA:187,23,0,0
BRDA:187,23,1,0
BRDA:189,24,0,0
BRDA:189,24,1,0
BRDA:197,25,0,0
BRDA:197,25,1,0
BRDA:213,26,0,0
BRDA:213,26,1,0
BRDA:214,27,0,0
BRDA:214,27,1,0
BRDA:218,28,0,0
BRDA:218,28,1,0
BRDA:220,29,0,0
BRDA:220,29,1,0
BRDA:225,30,0,0
BRDA:225,30,1,0
BRDA:234,31,0,0
BRDA:234,31,1,0
BRDA:237,32,0,0
BRDA:237,32,1,0
BRDA:237,33,0,0
BRDA:237,33,1,0
BRDA:247,34,0,0
BRDA:247,34,1,0
BRDA:247,35,0,0
BRDA:247,35,1,0
BRDA:256,36,0,0
BRDA:256,36,1,0
BRDA:256,37,0,0
BRDA:256,37,1,0
BRDA:256,37,2,0
BRDA:266,38,0,0
BRDA:266,38,1,0
BRDA:266,38,2,0
BRDA:269,39,0,0
BRDA:269,39,1,0
BRDA:277,40,0,0
BRDA:277,40,1,0
BRDA:296,41,0,0
BRDA:296,41,1,0
BRDA:296,42,0,0
BRDA:296,42,1,0
BRDA:297,43,0,0
BRDA:297,43,1,0
BRDA:301,44,0,0
BRDA:301,44,1,0
BRDA:301,44,2,0
BRDA:304,45,0,0
BRDA:304,45,1,0
BRDA:309,46,0,0
BRDA:309,46,1,0
BRDA:350,47,0,0
BRDA:350,47,1,0
BRDA:358,48,0,0
BRDA:358,48,1,0
BRDA:358,49,0,0
BRDA:358,49,1,0
BRDA:358,49,2,0
BRDA:362,50,0,0
BRDA:362,50,1,0
BRDA:363,51,0,0
BRDA:363,51,1,0
BRDA:364,52,0,0
BRDA:364,52,1,0
BRDA:365,53,0,0
BRDA:365,53,1,0
BRDA:366,54,0,0
BRDA:366,54,1,0
BRDA:366,55,0,0
BRDA:366,55,1,0
BRDA:369,56,0,0
BRDA:369,56,1,0
BRDA:372,57,0,0
BRDA:372,57,1,0
BRDA:379,58,0,0
BRDA:379,58,1,0
BRDA:380,59,0,0
BRDA:380,59,1,0
BRDA:381,60,0,0
BRDA:381,60,1,0
BRDA:382,61,0,0
BRDA:382,61,1,0
BRDA:389,62,0,0
BRDA:389,62,1,0
BRDA:389,63,0,0
BRDA:389,63,1,0
BRDA:390,64,0,0
BRDA:390,64,1,0
BRDA:392,65,0,0
BRDA:392,65,1,0
BRDA:392,66,0,0
BRDA:392,66,1,0
BRDA:395,67,0,0
BRDA:395,67,1,0
BRDA:398,68,0,0
BRDA:398,68,1,0
BRDA:402,69,0,0
BRDA:402,69,1,0
BRDA:405,70,0,0
BRDA:405,70,1,0
BRDA:407,71,0,0
BRDA:407,71,1,0
BRDA:421,72,0,0
BRDA:422,73,0,0
BRDA:422,73,1,0
BRDA:422,74,0,0
BRDA:422,74,1,0
BRDA:423,75,0,0
BRDA:423,75,1,0
BRDA:425,76,0,0
BRDA:425,76,1,0
BRDA:425,77,0,0
BRDA:425,77,1,0
BRDA:429,78,0,0
BRDA:429,78,1,0
BRDA:429,79,0,0
BRDA:429,79,1,0
BRDA:433,80,0,0
BRDA:433,80,1,0
BRDA:480,81,0,0
BRDA:480,81,1,0
BRDA:501,82,0,0
BRDA:501,82,1,0
BRDA:508,83,0,0
BRDA:508,83,1,0
BRDA:529,84,0,0
BRDA:529,84,1,0
BRDA:541,85,0,0
BRDA:541,85,1,0
BRDA:542,86,0,0
BRDA:542,86,1,0
BRDA:557,87,0,0
BRDA:557,87,1,0
BRDA:571,88,0,0
BRDA:571,88,1,0
BRDA:574,89,0,0
BRDA:574,89,1,0
BRDA:575,90,0,0
BRDA:575,90,1,0
BRDA:575,91,0,0
BRDA:575,91,1,0
BRDA:576,92,0,0
BRDA:576,92,1,0
BRDA:580,93,0,0
BRDA:580,93,1,0
BRDA:603,94,0,0
BRDA:603,94,1,0
BRDA:603,94,2,0
BRDA:603,94,3,0
BRDA:609,95,0,0
BRDA:609,95,1,0
BRDA:609,95,2,0
BRDA:611,96,0,0
BRDA:611,96,1,0
BRDA:633,97,0,0
BRDA:633,97,1,0
BRDA:639,98,0,0
BRDA:639,98,1,0
BRDA:640,99,0,0
BRDA:640,99,1,0
BRDA:643,100,0,0
BRDA:643,100,1,0
BRDA:647,101,0,0
BRDA:647,101,1,0
BRDA:657,102,0,0
BRDA:657,102,1,0
BRDA:658,103,0,0
BRDA:658,103,1,0
BRDA:659,104,0,0
BRDA:659,104,1,0
BRDA:660,105,0,0
BRDA:660,105,1,0
BRDA:666,106,0,0
BRDA:666,106,1,0
BRDA:666,107,0,0
BRDA:666,107,1,0
BRDA:681,108,0,0
BRDA:681,108,1,0
BRDA:681,109,0,0
BRDA:681,109,1,0
BRDA:702,110,0,0
BRDA:702,110,1,0
BRDA:707,111,0,0
BRDA:707,111,1,0
BRDA:719,112,0,0
BRDA:719,112,1,0
BRDA:771,113,0,0
BRDA:771,113,1,0
BRDA:772,114,0,0
BRDA:772,114,1,0
BRDA:777,115,0,0
BRDA:777,115,1,0
BRDA:803,116,0,0
BRDA:803,116,1,0
BRDA:809,117,0,0
BRDA:809,117,1,0
BRDA:812,118,0,0
BRDA:812,118,1,0
BRDA:812,119,0,0
BRDA:812,119,1,0
BRDA:840,120,0,0
BRDA:840,120,1,0
BRDA:845,121,0,0
BRDA:845,121,1,0
BRDA:848,122,0,0
BRDA:848,122,1,0
BRDA:848,123,0,0
BRDA:848,123,1,0
BRDA:853,124,0,0
BRDA:853,124,1,0
BRDA:896,125,0,0
BRDA:896,125,1,0
BRDA:901,126,0,0
BRDA:901,126,1,0
BRDA:915,127,0,0
BRDA:915,127,1,0
BRDA:918,128,0,0
BRDA:918,128,1,0
BRDA:919,129,0,0
BRDA:919,129,1,0
BRDA:919,130,0,0
BRDA:919,130,1,0
BRDA:920,131,0,0
BRDA:920,131,1,0
BRDA:923,132,0,0
BRDA:923,132,1,0
BRDA:923,133,0,0
BRDA:923,133,1,0
BRDA:934,134,0,0
BRDA:934,134,1,0
BRDA:943,135,0,0
BRDA:943,135,1,0
BRDA:943,135,2,0
BRDA:943,135,3,0
BRDA:949,136,0,0
BRDA:949,136,1,0
BRDA:949,136,2,0
BRDA:951,137,0,0
BRDA:951,137,1,0
BRDA:951,138,0,0
BRDA:951,138,1,0
BRDA:963,139,0,0
BRDA:963,139,1,0
BRDA:972,140,0,0
BRDA:972,140,1,0
BRDA:973,141,0,0
BRDA:973,141,1,0
BRDA:977,142,0,0
BRDA:977,142,1,0
BRDA:980,143,0,0
BRDA:980,143,1,0
BRDA:990,144,0,0
BRDA:990,144,1,0
BRDA:991,145,0,0
BRDA:991,145,1,0
BRDA:992,146,0,0
BRDA:992,146,1,0
BRDA:993,147,0,0
BRDA:993,147,1,0
BRDA:999,148,0,0
BRDA:999,148,1,0
BRDA:1000,149,0,0
BRDA:1000,149,1,0
BRDA:1012,150,0,0
BRDA:1012,150,1,0
BRDA:1048,151,0,0
BRDA:1048,151,1,0
BRDA:1053,152,0,0
BRDA:1053,152,1,0
BRDA:1056,153,0,0
BRDA:1056,153,1,0
BRDA:1056,154,0,0
BRDA:1056,154,1,0
BRDA:1081,155,0,0
BRDA:1081,155,1,0
BRDA:1089,156,0,0
BRDA:1089,156,1,0
BRDA:1092,157,0,0
BRDA:1092,157,1,0
BRDA:1092,158,0,0
BRDA:1092,158,1,0
BRDA:1096,159,0,0
BRDA:1096,159,1,0
BRDA:1097,160,0,0
BRDA:1097,160,1,0
BRDA:1099,161,0,0
BRDA:1099,161,1,0
BRDA:1106,162,0,0
BRDA:1106,162,1,0
BRDA:1106,163,0,0
BRDA:1106,163,1,0
BRDA:1111,164,0,0
BRDA:1111,164,1,0
BRDA:1112,165,0,0
BRDA:1112,165,1,0
BRDA:1122,166,0,0
BRDA:1122,166,1,0
BRDA:1122,167,0,0
BRDA:1122,167,1,0
BRDA:1127,168,0,0
BRDA:1127,168,1,0
BRDA:1128,169,0,0
BRDA:1128,169,1,0
BRDA:1161,170,0,0
BRDA:1161,170,1,0
BRDA:1169,171,0,0
BRDA:1169,171,1,0
BRDA:1172,172,0,0
BRDA:1172,172,1,0
BRDA:1172,173,0,0
BRDA:1172,173,1,0
BRDA:1176,174,0,0
BRDA:1176,174,1,0
BRDA:1177,175,0,0
BRDA:1177,175,1,0
BRDA:1203,176,0,0
BRDA:1203,176,1,0
BRDA:1203,177,0,0
BRDA:1203,177,1,0
BRDA:1204,178,0,0
BRDA:1204,178,1,0
BRDA:1239,179,0,0
BRDA:1239,179,1,0
BRDA:1244,180,0,0
BRDA:1244,180,1,0
BRDA:1247,181,0,0
BRDA:1247,181,1,0
BRDA:1247,182,0,0
BRDA:1247,182,1,0
BRDA:1251,183,0,0
BRDA:1251,183,1,0
BRDA:1252,184,0,0
BRDA:1252,184,1,0
BRDA:1285,185,0,0
BRDA:1285,185,1,0
BRDA:1290,186,0,0
BRDA:1290,186,1,0
BRDA:1293,187,0,0
BRDA:1293,187,1,0
BRDA:1293,188,0,0
BRDA:1293,188,1,0
BRDA:1307,189,0,0
BRDA:1307,189,1,0
BRDA:1307,190,0,0
BRDA:1307,190,1,0
BRDA:1307,190,2,0
BRDA:1321,191,0,0
BRDA:1321,191,1,0
BRDA:1322,192,0,0
BRDA:1322,192,1,0
BRDA:1345,193,0,0
BRDA:1345,193,1,0
BRDA:1346,194,0,0
BRDA:1346,194,1,0
BRDA:1347,195,0,0
BRDA:1347,195,1,0
BRDA:1348,196,0,0
BRDA:1348,196,1,0
BRDA:1349,197,0,0
BRDA:1349,197,1,0
BRDA:1350,198,0,0
BRDA:1350,198,1,0
BRDA:1351,199,0,0
BRDA:1351,199,1,0
BRDA:1352,200,0,0
BRDA:1352,200,1,0
BRDA:1362,201,0,0
BRDA:1362,201,1,0
BRF:413
BRH:0
end_of_record
TN:
SF:src/controllers/inventoryTemplateController.js
FN:78,validationError
FN:84,parseCsv
FN:104,buildHeaderMap
FN:112,ensureRequiredHeaders
FN:118,(anonymous_4)
FN:133,pickField
FN:147,pickOptionalField
FN:158,parseQuantity
FN:170,parseDate
FN:239,extractSubinventoryFromOrderRef
FN:251,currentDateString
FN:259,convertRecords
FN:266,(anonymous_12)
FN:272,(anonymous_13)
FN:279,(anonymous_14)
FN:298,(anonymous_15)
FN:345,(anonymous_16)
FN:373,toCsvValue
FN:382,toCsv
FN:385,(anonymous_19)
FN:385,(anonymous_20)
FN:392,previewTemplate
FN:417,downloadTemplate
FNF:23
FNH:0
FNDA:0,validationError
FNDA:0,parseCsv
FNDA:0,buildHeaderMap
FNDA:0,ensureRequiredHeaders
FNDA:0,(anonymous_4)
FNDA:0,pickField
FNDA:0,pickOptionalField
FNDA:0,parseQuantity
FNDA:0,parseDate
FNDA:0,extractSubinventoryFromOrderRef
FNDA:0,currentDateString
FNDA:0,convertRecords
FNDA:0,(anonymous_12)
FNDA:0,(anonymous_13)
FNDA:0,(anonymous_14)
FNDA:0,(anonymous_15)
FNDA:0,(anonymous_16)
FNDA:0,toCsvValue
FNDA:0,toCsv
FNDA:0,(anonymous_19)
FNDA:0,(anonymous_20)
FNDA:0,previewTemplate
FNDA:0,downloadTemplate
DA:12,0
DA:14,0
DA:26,0
DA:67,0
DA:73,0
DA:75,0
DA:76,0
DA:79,0
DA:80,0
DA:81,0
DA:85,0
DA:92,0
DA:93,0
DA:96,0
DA:105,0
DA:106,0
DA:107,0
DA:109,0
DA:113,0
DA:114,0
DA:116,0
DA:117,0
DA:118,0
DA:119,0
DA:120,0
DA:124,0
DA:125,0
DA:134,0
DA:135,0
DA:136,0
DA:137,0
DA:138,0
DA:141,0
DA:148,0
DA:149,0
DA:150,0
DA:151,0
DA:152,0
DA:155,0
DA:159,0
DA:160,0
DA:161,0
DA:163,0
DA:164,0
DA:165,0
DA:167,0
DA:171,0
DA:172,0
DA:177,0
DA:178,0
DA:180,0
DA:184,0
DA:185,0
DA:186,0
DA:188,0
DA:189,0
DA:190,0
DA:193,0
DA:194,0
DA:196,0
DA:197,0
DA:198,0
DA:200,0
DA:201,0
DA:202,0
DA:205,0
DA:206,0
DA:208,0
DA:213,0
DA:214,0
DA:215,0
DA:217,0
DA:223,0
DA:227,0
DA:228,0
DA:229,0
DA:231,0
DA:232,0
DA:235,0
DA:240,0
DA:241,0
DA:243,0
DA:244,0
DA:245,0
DA:246,0
DA:248,0
DA:252,0
DA:253,0
DA:254,0
DA:255,0
DA:256,0
DA:260,0
DA:262,0
DA:263,0
DA:264,0
DA:266,0
DA:267,0
DA:268,0
DA:272,0
DA:273,0
DA:277,0
DA:279,0
DA:280,0
DA:281,0
DA:282,0
DA:283,0
DA:286,0
DA:287,0
DA:290,0
DA:293,0
DA:296,0
DA:298,0
DA:299,0
DA:300,0
DA:304,0
DA:306,0
DA:313,0
DA:314,0
DA:316,0
DA:317,0
DA:319,0
DA:320,0
DA:322,0
DA:324,0
DA:336,0
DA:337,0
DA:338,0
DA:339,0
DA:341,0
DA:345,0
DA:348,0
DA:350,0
DA:366,0
DA:367,0
DA:370,0
DA:374,0
DA:375,0
DA:376,0
DA:377,0
DA:379,0
DA:383,0
DA:384,0
DA:385,0
DA:388,0
DA:389,0
DA:393,0
DA:394,0
DA:395,0
DA:398,0
DA:399,0
DA:400,0
DA:402,0
DA:410,0
DA:411,0
DA:413,0
DA:418,0
DA:419,0
DA:420,0
DA:423,0
DA:424,0
DA:425,0
DA:427,0
DA:428,0
DA:429,0
DA:430,0
DA:432,0
DA:433,0
DA:435,0
DA:439,0
LF:169
LH:0
BRDA:92,0,0,0
BRDA:92,0,1,0
BRDA:113,1,0,0
BRDA:113,1,1,0
BRDA:117,2,0,0
BRDA:117,2,1,0
BRDA:119,3,0,0
BRDA:119,3,1,0
BRDA:124,4,0,0
BRDA:124,4,1,0
BRDA:136,5,0,0
BRDA:136,5,1,0
BRDA:137,6,0,0
BRDA:137,6,1,0
BRDA:138,7,0,0
BRDA:138,7,1,0
BRDA:150,8,0,0
BRDA:150,8,1,0
BRDA:151,9,0,0
BRDA:151,9,1,0
BRDA:152,10,0,0
BRDA:152,10,1,0
BRDA:158,11,0,0
BRDA:159,12,0,0
BRDA:159,12,1,0
BRDA:160,13,0,0
BRDA:160,13,1,0
BRDA:164,14,0,0
BRDA:164,14,1,0
BRDA:171,15,0,0
BRDA:171,15,1,0
BRDA:178,16,0,0
BRDA:178,16,1,0
BRDA:185,17,0,0
BRDA:185,17,1,0
BRDA:194,18,0,0
BRDA:194,18,1,0
BRDA:196,19,0,0
BRDA:196,19,1,0
BRDA:196,20,0,0
BRDA:196,20,1,0
BRDA:197,21,0,0
BRDA:197,21,1,0
BRDA:201,22,0,0
BRDA:201,22,1,0
BRDA:205,23,0,0
BRDA:205,23,1,0
BRDA:217,24,0,0
BRDA:217,24,1,0
BRDA:218,25,0,0
BRDA:218,25,1,0
BRDA:218,25,2,0
BRDA:218,25,3,0
BRDA:218,25,4,0
BRDA:218,25,5,0
BRDA:231,26,0,0
BRDA:231,26,1,0
BRDA:240,27,0,0
BRDA:240,27,1,0
BRDA:245,28,0,0
BRDA:245,28,1,0
BRDA:267,29,0,0
BRDA:267,29,1,0
BRDA:279,30,0,0
BRDA:279,30,1,0
BRDA:280,31,0,0
BRDA:280,31,1,0
BRDA:300,32,0,0
BRDA:300,32,1,0
BRDA:304,33,0,0
BRDA:304,33,1,0
BRDA:313,34,0,0
BRDA:313,34,1,0
BRDA:319,35,0,0
BRDA:319,35,1,0
BRDA:322,36,0,0
BRDA:322,36,1,0
BRDA:336,37,0,0
BRDA:336,37,1,0
BRDA:348,38,0,0
BRDA:348,38,1,0
BRDA:352,39,0,0
BRDA:352,39,1,0
BRDA:354,40,0,0
BRDA:354,40,1,0
BRDA:366,41,0,0
BRDA:366,41,1,0
BRDA:374,42,0,0
BRDA:374,42,1,0
BRDA:374,43,0,0
BRDA:374,43,1,0
BRDA:376,44,0,0
BRDA:376,44,1,0
BRDA:376,45,0,0
BRDA:376,45,1,0
BRDA:376,45,2,0
BRDA:394,46,0,0
BRDA:394,46,1,0
BRDA:410,47,0,0
BRDA:410,47,1,0
BRDA:419,48,0,0
BRDA:419,48,1,0
BRDA:432,49,0,0
BRDA:432,49,1,0
BRF:104
BRH:0
end_of_record
TN:
SF:src/controllers/miscReceiptController.js
FN:40,escapeXml
FN:50,ensureNegativeAmount
FN:58,normalizeDate
FN:104,normalizeRow
FN:119,validateCsv
FN:120,(anonymous_5)
FN:121,(anonymous_6)
FN:128,(anonymous_7)
FN:144,generateSoapEnvelope
FN:189,sendSoapRequest
FN:220,previewXml
FN:242,(anonymous_11)
FN:243,(anonymous_12)
FN:258,upload
FN:282,(anonymous_14)
FN:305,(anonymous_15)
FN:306,(anonymous_16)
FN:381,listUploads
FN:409,getUpload
FN:433,(anonymous_19)
FN:435,(anonymous_20)
FN:448,getUploadProgress
FN:480,downloadTemplate
FNF:23
FNH:1
FNDA:0,escapeXml
FNDA:0,ensureNegativeAmount
FNDA:0,normalizeDate
FNDA:0,normalizeRow
FNDA:0,validateCsv
FNDA:0,(anonymous_5)
FNDA:0,(anonymous_6)
FNDA:0,(anonymous_7)
FNDA:0,generateSoapEnvelope
FNDA:0,sendSoapRequest
FNDA:0,previewXml
FNDA:0,(anonymous_11)
FNDA:0,(anonymous_12)
FNDA:0,upload
FNDA:0,(anonymous_14)
FNDA:0,(anonymous_15)
FNDA:0,(anonymous_16)
FNDA:0,listUploads
FNDA:0,getUpload
FNDA:0,(anonymous_19)
FNDA:0,(anonymous_20)
FNDA:0,getUploadProgress
FNDA:1,downloadTemplate
DA:6,1
DA:7,1
DA:8,1
DA:9,1
DA:12,1
DA:26,1
DA:28,1
DA:31,1
DA:32,1
DA:33,1
DA:34,1
DA:35,1
DA:37,1
DA:38,1
DA:41,0
DA:42,0
DA:51,0
DA:52,0
DA:53,0
DA:54,0
DA:55,0
DA:59,0
DA:60,0
DA:63,0
DA:64,0
DA:67,0
DA:68,0
DA:71,0
DA:72,0
DA:75,0
DA:76,0
DA:79,0
DA:80,0
DA:81,0
DA:86,0
DA:87,0
DA:88,0
DA:90,0
DA:91,0
DA:92,0
DA:94,0
DA:95,0
DA:96,0
DA:98,0
DA:101,0
DA:105,0
DA:120,0
DA:121,0
DA:122,0
DA:123,0
DA:126,0
DA:127,0
DA:128,0
DA:129,0
DA:130,0
DA:132,0
DA:133,0
DA:137,0
DA:146,0
DA:152,0
DA:153,0
DA:154,0
DA:158,0
DA:162,0
DA:190,0
DA:192,0
DA:193,0
DA:196,0
DA:197,0
DA:200,0
DA:204,0
DA:206,0
DA:208,0
DA:209,0
DA:212,0
DA:213,0
DA:221,0
DA:222,0
DA:223,0
DA:226,0
DA:233,0
DA:234,0
DA:237,0
DA:238,0
DA:239,0
DA:242,0
DA:243,0
DA:249,0
DA:251,0
DA:259,0
DA:260,0
DA:261,0
DA:264,0
DA:271,0
DA:272,0
DA:275,0
DA:276,0
DA:277,0
DA:281,0
DA:282,0
DA:284,0
DA:288,0
DA:298,0
DA:299,0
DA:300,0
DA:301,0
DA:302,0
DA:304,0
DA:305,0
DA:306,0
DA:307,0
DA:308,0
DA:310,0
DA:311,0
DA:313,0
DA:315,0
DA:316,0
DA:317,0
DA:318,0
DA:321,0
DA:322,0
DA:324,0
DA:334,0
DA:335,0
DA:336,0
DA:341,0
DA:343,0
DA:344,0
DA:346,0
DA:347,0
DA:350,0
DA:351,0
DA:352,0
DA:354,0
DA:363,0
DA:365,0
DA:374,0
DA:382,0
DA:383,0
DA:384,0
DA:385,0
DA:387,0
DA:389,0
DA:400,0
DA:402,0
DA:410,0
DA:411,0
DA:412,0
DA:413,0
DA:416,0
DA:424,0
DA:425,0
DA:427,0
DA:428,0
DA:431,0
DA:433,0
DA:435,0
DA:439,0
DA:441,0
DA:449,0
DA:450,0
DA:451,0
DA:452,0
DA:455,0
DA:459,0
DA:460,0
DA:463,0
DA:464,0
DA:467,0
DA:473,0
DA:481,1
DA:482,1
DA:483,1
DA:484,1
DA:486,1
DA:487,1
DA:488,1
DA:491,1
LF:178
LH:22
BRDA:37,0,0,1
BRDA:37,0,1,1
BRDA:38,1,0,1
BRDA:38,1,1,1
BRDA:41,2,0,0
BRDA:41,2,1,0
BRDA:51,3,0,0
BRDA:51,3,1,0
BRDA:52,4,0,0
BRDA:52,4,1,0
BRDA:54,5,0,0
BRDA:54,5,1,0
BRDA:55,6,0,0
BRDA:55,6,1,0
BRDA:59,7,0,0
BRDA:59,7,1,0
BRDA:60,8,0,0
BRDA:60,8,1,0
BRDA:64,9,0,0
BRDA:64,9,1,0
BRDA:68,10,0,0
BRDA:68,10,1,0
BRDA:72,11,0,0
BRDA:72,11,1,0
BRDA:76,12,0,0
BRDA:76,12,1,0
BRDA:80,13,0,0
BRDA:80,13,1,0
BRDA:87,14,0,0
BRDA:87,14,1,0
BRDA:108,15,0,0
BRDA:108,15,1,0
BRDA:112,16,0,0
BRDA:112,16,1,0
BRDA:113,17,0,0
BRDA:113,17,1,0
BRDA:114,18,0,0
BRDA:114,18,1,0
BRDA:120,19,0,0
BRDA:120,19,1,0
BRDA:122,20,0,0
BRDA:122,20,1,0
BRDA:130,21,0,0
BRDA:130,21,1,0
BRDA:130,21,2,0
BRDA:132,22,0,0
BRDA:132,22,1,0
BRDA:153,23,0,0
BRDA:153,23,1,0
BRDA:153,24,0,0
BRDA:153,24,1,0
BRDA:153,24,2,0
BRDA:158,25,0,0
BRDA:158,25,1,0
BRDA:192,26,0,0
BRDA:192,26,1,0
BRDA:222,27,0,0
BRDA:222,27,1,0
BRDA:233,28,0,0
BRDA:233,28,1,0
BRDA:238,29,0,0
BRDA:238,29,1,0
BRDA:260,30,0,0
BRDA:260,30,1,0
BRDA:271,31,0,0
BRDA:271,31,1,0
BRDA:276,32,0,0
BRDA:276,32,1,0
BRDA:322,33,0,0
BRDA:322,33,1,0
BRDA:330,34,0,0
BRDA:330,34,1,0
BRDA:331,35,0,0
BRDA:331,35,1,0
BRDA:346,36,0,0
BRDA:346,36,1,0
BRDA:350,37,0,0
BRDA:350,37,1,0
BRDA:350,38,0,0
BRDA:350,38,1,0
BRDA:383,39,0,0
BRDA:383,39,1,0
BRDA:384,40,0,0
BRDA:384,40,1,0
BRDA:387,41,0,0
BRDA:387,41,1,0
BRDA:412,42,0,0
BRDA:412,42,1,0
BRDA:424,43,0,0
BRDA:424,43,1,0
BRDA:427,44,0,0
BRDA:427,44,1,0
BRDA:427,45,0,0
BRDA:427,45,1,0
BRDA:451,46,0,0
BRDA:451,46,1,0
BRDA:459,47,0,0
BRDA:459,47,1,0
BRDA:463,48,0,0
BRDA:463,48,1,0
BRDA:463,49,0,0
BRDA:463,49,1,0
BRF:102
BRH:4
end_of_record
TN:
SF:src/controllers/reportsController.js
FN:13,dashboard
FN:69,(anonymous_1)
FN:84,(anonymous_2)
FN:99,(anonymous_3)
FN:115,(anonymous_4)
FN:139,failures
FN:163,(anonymous_6)
FN:165,(anonymous_7)
FN:178,(anonymous_8)
FN:180,(anonymous_9)
FN:192,(anonymous_10)
FN:194,(anonymous_11)
FN:208,activity
FN:244,exportReport
FN:263,(anonymous_14)
FN:283,(anonymous_15)
FN:310,(anonymous_16)
FN:339,(anonymous_17)
FN:377,(anonymous_18)
FN:384,(anonymous_19)
FN:414,getUploadDetail
FN:441,(anonymous_21)
FN:443,(anonymous_22)
FN:444,(anonymous_23)
FN:467,(anonymous_24)
FN:469,(anonymous_25)
FN:503,getAllUploads
FN:539,(anonymous_27)
FN:540,(anonymous_28)
FN:541,(anonymous_29)
FN:542,(anonymous_30)
FN:546,(anonymous_31)
FNF:32
FNH:0
FNDA:0,dashboard
FNDA:0,(anonymous_1)
FNDA:0,(anonymous_2)
FNDA:0,(anonymous_3)
FNDA:0,(anonymous_4)
FNDA:0,failures
FNDA:0,(anonymous_6)
FNDA:0,(anonymous_7)
FNDA:0,(anonymous_8)
FNDA:0,(anonymous_9)
FNDA:0,(anonymous_10)
FNDA:0,(anonymous_11)
FNDA:0,activity
FNDA:0,exportReport
FNDA:0,(anonymous_14)
FNDA:0,(anonymous_15)
FNDA:0,(anonymous_16)
FNDA:0,(anonymous_17)
FNDA:0,(anonymous_18)
FNDA:0,(anonymous_19)
FNDA:0,getUploadDetail
FNDA:0,(anonymous_21)
FNDA:0,(anonymous_22)
FNDA:0,(anonymous_23)
FNDA:0,(anonymous_24)
FNDA:0,(anonymous_25)
FNDA:0,getAllUploads
FNDA:0,(anonymous_27)
FNDA:0,(anonymous_28)
FNDA:0,(anonymous_29)
FNDA:0,(anonymous_30)
FNDA:0,(anonymous_31)
DA:6,0
DA:7,0
DA:14,0
DA:15,0
DA:16,0
DA:30,0
DA:68,0
DA:69,0
DA:70,0
DA:71,0
DA:72,0
DA:81,0
DA:82,0
DA:84,0
DA:85,0
DA:86,0
DA:87,0
DA:96,0
DA:97,0
DA:99,0
DA:100,0
DA:101,0
DA:102,0
DA:111,0
DA:112,0
DA:115,0
DA:117,0
DA:131,0
DA:140,0
DA:141,0
DA:142,0
DA:143,0
DA:144,0
DA:146,0
DA:147,0
DA:148,0
DA:150,0
DA:151,0
DA:152,0
DA:154,0
DA:155,0
DA:163,0
DA:165,0
DA:169,0
DA:170,0
DA:178,0
DA:180,0
DA:184,0
DA:185,0
DA:192,0
DA:194,0
DA:198,0
DA:200,0
DA:209,0
DA:210,0
DA:211,0
DA:212,0
DA:213,0
DA:215,0
DA:216,0
DA:217,0
DA:218,0
DA:219,0
DA:220,0
DA:223,0
DA:234,0
DA:236,0
DA:245,0
DA:246,0
DA:248,0
DA:249,0
DA:250,0
DA:251,0
DA:253,0
DA:254,0
DA:256,0
DA:257,0
DA:263,0
DA:264,0
DA:273,0
DA:274,0
DA:275,0
DA:277,0
DA:283,0
DA:284,0
DA:296,0
DA:301,0
DA:302,0
DA:304,0
DA:310,0
DA:311,0
DA:323,0
DA:328,0
DA:331,0
DA:339,0
DA:340,0
DA:341,0
DA:342,0
DA:343,0
DA:347,0
DA:351,0
DA:352,0
DA:353,0
DA:354,0
DA:355,0
DA:356,0
DA:357,0
DA:362,0
DA:377,0
DA:378,0
DA:384,0
DA:393,0
DA:394,0
DA:398,0
DA:399,0
DA:400,0
DA:401,0
DA:402,0
DA:404,0
DA:415,0
DA:416,0
DA:417,0
DA:419,0
DA:420,0
DA:423,0
DA:424,0
DA:434,0
DA:435,0
DA:439,0
DA:441,0
DA:443,0
DA:444,0
DA:448,0
DA:449,0
DA:450,0
DA:460,0
DA:461,0
DA:465,0
DA:467,0
DA:469,0
DA:473,0
DA:474,0
DA:475,0
DA:485,0
DA:486,0
DA:490,0
DA:492,0
DA:495,0
DA:504,0
DA:505,0
DA:506,0
DA:507,0
DA:510,0
DA:538,0
DA:539,0
DA:540,0
DA:541,0
DA:542,0
DA:546,0
DA:549,0
DA:550,0
DA:552,0
DA:559,0
DA:563,0
LF:164
LH:0
BRDA:71,0,0,0
BRDA:71,0,1,0
BRDA:86,1,0,0
BRDA:86,1,1,0
BRDA:96,2,0,0
BRDA:96,2,1,0
BRDA:101,3,0,0
BRDA:101,3,1,0
BRDA:111,4,0,0
BRDA:111,4,1,0
BRDA:111,5,0,0
BRDA:111,5,1,0
BRDA:112,6,0,0
BRDA:112,6,1,0
BRDA:112,7,0,0
BRDA:112,7,1,0
BRDA:121,8,0,0
BRDA:121,8,1,0
BRDA:122,9,0,0
BRDA:122,9,1,0
BRDA:123,10,0,0
BRDA:123,10,1,0
BRDA:124,11,0,0
BRDA:124,11,1,0
BRDA:125,12,0,0
BRDA:125,12,1,0
BRDA:142,13,0,0
BRDA:142,13,1,0
BRDA:143,14,0,0
BRDA:143,14,1,0
BRDA:147,15,0,0
BRDA:147,15,1,0
BRDA:148,16,0,0
BRDA:148,16,1,0
BRDA:154,17,0,0
BRDA:154,17,1,0
BRDA:154,18,0,0
BRDA:154,18,1,0
BRDA:156,19,0,0
BRDA:156,19,1,0
BRDA:156,20,0,0
BRDA:156,20,1,0
BRDA:169,21,0,0
BRDA:169,21,1,0
BRDA:169,22,0,0
BRDA:169,22,1,0
BRDA:171,23,0,0
BRDA:171,23,1,0
BRDA:171,24,0,0
BRDA:171,24,1,0
BRDA:184,25,0,0
BRDA:184,25,1,0
BRDA:184,26,0,0
BRDA:184,26,1,0
BRDA:186,27,0,0
BRDA:186,27,1,0
BRDA:186,28,0,0
BRDA:186,28,1,0
BRDA:211,29,0,0
BRDA:211,29,1,0
BRDA:212,30,0,0
BRDA:212,30,1,0
BRDA:216,31,0,0
BRDA:216,31,1,0
BRDA:217,32,0,0
BRDA:217,32,1,0
BRDA:217,33,0,0
BRDA:217,33,1,0
BRDA:219,34,0,0
BRDA:219,34,1,0
BRDA:220,35,0,0
BRDA:220,35,1,0
BRDA:246,36,0,0
BRDA:249,37,0,0
BRDA:249,37,1,0
BRDA:250,38,0,0
BRDA:250,38,1,0
BRDA:251,39,0,0
BRDA:251,39,1,0
BRDA:256,40,0,0
BRDA:256,40,1,0
BRDA:258,41,0,0
BRDA:258,41,1,0
BRDA:266,42,0,0
BRDA:266,42,1,0
BRDA:269,43,0,0
BRDA:269,43,1,0
BRDA:275,44,0,0
BRDA:275,44,1,0
BRDA:278,45,0,0
BRDA:278,45,1,0
BRDA:287,46,0,0
BRDA:287,46,1,0
BRDA:289,47,0,0
BRDA:289,47,1,0
BRDA:290,48,0,0
BRDA:290,48,1,0
BRDA:291,49,0,0
BRDA:291,49,1,0
BRDA:292,50,0,0
BRDA:292,50,1,0
BRDA:302,51,0,0
BRDA:302,51,1,0
BRDA:305,52,0,0
BRDA:305,52,1,0
BRDA:314,53,0,0
BRDA:314,53,1,0
BRDA:316,54,0,0
BRDA:316,54,1,0
BRDA:317,55,0,0
BRDA:317,55,1,0
BRDA:318,56,0,0
BRDA:318,56,1,0
BRDA:319,57,0,0
BRDA:319,57,1,0
BRDA:332,58,0,0
BRDA:332,58,1,0
BRDA:343,59,0,0
BRDA:343,59,1,0
BRDA:343,60,0,0
BRDA:343,60,1,0
BRDA:343,60,2,0
BRDA:354,61,0,0
BRDA:354,61,1,0
BRDA:355,62,0,0
BRDA:355,62,1,0
BRDA:381,63,0,0
BRDA:381,63,1,0
BRDA:382,64,0,0
BRDA:382,64,1,0
BRDA:384,65,0,0
BRDA:384,65,1,0
BRDA:385,66,0,0
BRDA:385,66,1,0
BRDA:386,67,0,0
BRDA:386,67,1,0
BRDA:387,68,0,0
BRDA:387,68,1,0
BRDA:388,69,0,0
BRDA:388,69,1,0
BRDA:389,70,0,0
BRDA:389,70,1,0
BRDA:419,71,0,0
BRDA:419,71,1,0
BRDA:423,72,0,0
BRDA:423,72,1,0
BRDA:434,73,0,0
BRDA:434,73,1,0
BRDA:444,74,0,0
BRDA:444,74,1,0
BRDA:449,75,0,0
BRDA:449,75,1,0
BRDA:460,76,0,0
BRDA:460,76,1,0
BRDA:474,77,0,0
BRDA:474,77,1,0
BRDA:485,78,0,0
BRDA:485,78,1,0
BRDA:505,79,0,0
BRDA:505,79,1,0
BRDA:506,80,0,0
BRDA:506,80,1,0
BRF:162
BRH:0
end_of_record
TN:
SF:src/controllers/standardReceiptController.js
FN:34,asText
FN:47,snippet
FN:52,normalizeDate
FN:98,normalizeAmount
FN:112,normalizeRow
FN:127,validateCsv
FN:128,(anonymous_6)
FN:129,(anonymous_7)
FN:136,(anonymous_8)
FN:148,normalizeRecords
FN:160,previewPayload
FN:189,(anonymous_11)
FN:200,upload
FN:261,(anonymous_13)
FN:262,(anonymous_14)
FN:269,(anonymous_15)
FN:277,(anonymous_16)
FN:291,(anonymous_17)
FN:407,listUploads
FN:432,getUpload
FN:456,(anonymous_20)
FN:458,(anonymous_21)
FN:472,getUploadProgress
FN:505,downloadTemplate
FNF:24
FNH:1
FNDA:0,asText
FNDA:0,snippet
FNDA:0,normalizeDate
FNDA:0,normalizeAmount
FNDA:0,normalizeRow
FNDA:0,validateCsv
FNDA:0,(anonymous_6)
FNDA:0,(anonymous_7)
FNDA:0,(anonymous_8)
FNDA:0,normalizeRecords
FNDA:0,previewPayload
FNDA:0,(anonymous_11)
FNDA:0,upload
FNDA:0,(anonymous_13)
FNDA:0,(anonymous_14)
FNDA:0,(anonymous_15)
FNDA:0,(anonymous_16)
FNDA:0,(anonymous_17)
FNDA:0,listUploads
FNDA:0,getUpload
FNDA:0,(anonymous_20)
FNDA:0,(anonymous_21)
FNDA:0,getUploadProgress
FNDA:1,downloadTemplate
DA:7,1
DA:8,1
DA:9,1
DA:10,1
DA:11,1
DA:13,1
DA:26,1
DA:29,1
DA:30,1
DA:31,1
DA:32,1
DA:35,0
DA:36,0
DA:37,0
DA:38,0
DA:39,0
DA:41,0
DA:42,0
DA:44,0
DA:48,0
DA:49,0
DA:53,0
DA:54,0
DA:57,0
DA:58,0
DA:61,0
DA:62,0
DA:65,0
DA:66,0
DA:69,0
DA:70,0
DA:73,0
DA:74,0
DA:75,0
DA:80,0
DA:81,0
DA:82,0
DA:84,0
DA:85,0
DA:86,0
DA:88,0
DA:89,0
DA:90,0
DA:92,0
DA:95,0
DA:99,0
DA:100,0
DA:103,0
DA:105,0
DA:106,0
DA:107,0
DA:109,0
DA:113,0
DA:128,0
DA:129,0
DA:130,0
DA:131,0
DA:134,0
DA:135,0
DA:136,0
DA:137,0
DA:138,0
DA:140,0
DA:141,0
DA:145,0
DA:149,0
DA:150,0
DA:151,0
DA:152,0
DA:154,0
DA:157,0
DA:161,0
DA:162,0
DA:163,0
DA:166,0
DA:173,0
DA:174,0
DA:177,0
DA:178,0
DA:179,0
DA:183,0
DA:184,0
DA:186,0
DA:189,0
DA:194,0
DA:196,0
DA:201,0
DA:202,0
DA:203,0
DA:206,0
DA:207,0
DA:210,0
DA:217,0
DA:218,0
DA:221,0
DA:222,0
DA:223,0
DA:227,0
DA:228,0
DA:230,0
DA:233,0
DA:244,0
DA:248,0
DA:249,0
DA:250,0
DA:251,0
DA:252,0
DA:253,0
DA:254,0
DA:255,0
DA:258,0
DA:261,0
DA:262,0
DA:263,0
DA:264,0
DA:266,0
DA:268,0
DA:270,0
DA:277,0
DA:281,0
DA:282,0
DA:285,0
DA:292,0
DA:299,0
DA:300,0
DA:301,0
DA:302,0
DA:303,0
DA:312,0
DA:313,0
DA:315,0
DA:316,0
DA:317,0
DA:319,0
DA:320,0
DA:321,0
DA:322,0
DA:324,0
DA:325,0
DA:326,0
DA:329,0
DA:330,0
DA:331,0
DA:336,0
DA:345,0
DA:346,0
DA:348,0
DA:349,0
DA:350,0
DA:356,0
DA:358,0
DA:359,0
DA:360,0
DA:362,0
DA:363,0
DA:367,0
DA:369,0
DA:372,0
DA:374,0
DA:376,0
DA:387,0
DA:391,0
DA:403,0
DA:408,0
DA:409,0
DA:410,0
DA:411,0
DA:413,0
DA:415,0
DA:426,0
DA:428,0
DA:433,0
DA:434,0
DA:435,0
DA:436,0
DA:439,0
DA:447,0
DA:448,0
DA:450,0
DA:451,0
DA:454,0
DA:456,0
DA:458,0
DA:462,0
DA:464,0
DA:473,0
DA:474,0
DA:475,0
DA:476,0
DA:479,0
DA:483,0
DA:484,0
DA:487,0
DA:488,0
DA:491,0
DA:501,0
DA:506,1
DA:508,1
DA:510,1
DA:511,1
DA:513,1
DA:514,1
DA:515,1
DA:518,1
LF:204
LH:19
BRDA:29,0,0,1
BRDA:29,0,1,1
BRDA:30,1,0,1
BRDA:30,1,1,1
BRDA:35,2,0,0
BRDA:35,2,1,0
BRDA:36,3,0,0
BRDA:36,3,1,0
BRDA:37,4,0,0
BRDA:37,4,1,0
BRDA:38,5,0,0
BRDA:38,5,1,0
BRDA:38,6,0,0
BRDA:38,6,1,0
BRDA:41,7,0,0
BRDA:41,7,1,0
BRDA:41,8,0,0
BRDA:41,8,1,0
BRDA:47,9,0,0
BRDA:48,10,0,0
BRDA:48,10,1,0
BRDA:49,11,0,0
BRDA:49,11,1,0
BRDA:53,12,0,0
BRDA:53,12,1,0
BRDA:54,13,0,0
BRDA:54,13,1,0
BRDA:58,14,0,0
BRDA:58,14,1,0
BRDA:62,15,0,0
BRDA:62,15,1,0
BRDA:66,16,0,0
BRDA:66,16,1,0
BRDA:70,17,0,0
BRDA:70,17,1,0
BRDA:74,18,0,0
BRDA:74,18,1,0
BRDA:81,19,0,0
BRDA:81,19,1,0
BRDA:99,20,0,0
BRDA:99,20,1,0
BRDA:100,21,0,0
BRDA:100,21,1,0
BRDA:106,22,0,0
BRDA:106,22,1,0
BRDA:114,23,0,0
BRDA:114,23,1,0
BRDA:115,24,0,0
BRDA:115,24,1,0
BRDA:117,25,0,0
BRDA:117,25,1,0
BRDA:118,26,0,0
BRDA:118,26,1,0
BRDA:119,27,0,0
BRDA:119,27,1,0
BRDA:121,28,0,0
BRDA:121,28,1,0
BRDA:122,29,0,0
BRDA:122,29,1,0
BRDA:128,30,0,0
BRDA:128,30,1,0
BRDA:130,31,0,0
BRDA:130,31,1,0
BRDA:138,32,0,0
BRDA:138,32,1,0
BRDA:138,32,2,0
BRDA:140,33,0,0
BRDA:140,33,1,0
BRDA:162,34,0,0
BRDA:162,34,1,0
BRDA:173,35,0,0
BRDA:173,35,1,0
BRDA:178,36,0,0
BRDA:178,36,1,0
BRDA:202,37,0,0
BRDA:202,37,1,0
BRDA:206,38,0,0
BRDA:206,38,1,0
BRDA:217,39,0,0
BRDA:217,39,1,0
BRDA:222,40,0,0
BRDA:222,40,1,0
BRDA:281,41,0,0
BRDA:281,41,1,0
BRDA:281,42,0,0
BRDA:281,42,1,0
BRDA:300,43,0,0
BRDA:300,43,1,0
BRDA:302,44,0,0
BRDA:302,44,1,0
BRDA:312,45,0,0
BRDA:312,45,1,0
BRDA:320,46,0,0
BRDA:320,46,1,0
BRDA:321,47,0,0
BRDA:321,47,1,0
BRDA:324,48,0,0
BRDA:324,48,1,0
BRDA:332,49,0,0
BRDA:332,49,1,0
BRDA:332,49,2,0
BRDA:342,50,0,0
BRDA:342,50,1,0
BRDA:343,51,0,0
BRDA:343,51,1,0
BRDA:345,52,0,0
BRDA:345,52,1,0
BRDA:362,53,0,0
BRDA:362,53,1,0
BRDA:367,54,0,0
BRDA:367,54,1,0
BRDA:367,55,0,0
BRDA:367,55,1,0
BRDA:369,56,0,0
BRDA:369,56,1,0
BRDA:369,56,2,0
BRDA:374,57,0,0
BRDA:374,57,1,0
BRDA:409,58,0,0
BRDA:409,58,1,0
BRDA:410,59,0,0
BRDA:410,59,1,0
BRDA:413,60,0,0
BRDA:413,60,1,0
BRDA:435,61,0,0
BRDA:435,61,1,0
BRDA:447,62,0,0
BRDA:447,62,1,0
BRDA:450,63,0,0
BRDA:450,63,1,0
BRDA:450,64,0,0
BRDA:450,64,1,0
BRDA:475,65,0,0
BRDA:475,65,1,0
BRDA:483,66,0,0
BRDA:483,66,1,0
BRDA:487,67,0,0
BRDA:487,67,1,0
BRDA:487,68,0,0
BRDA:487,68,1,0
BRF:140
BRH:4
end_of_record
TN:
SF:src/controllers/vendInvoiceController.js
FN:14,parseExcelFile
FN:32,normalizeDate
FN:94,getNextCrossReference
FN:134,uploadVendInvoice
FN:341,previewVendInvoice
FN:350,downloadPayloadsAsJson
FN:373,downloadPayloadsAsCsv
FNF:7
FNH:0
FNDA:0,parseExcelFile
FNDA:0,normalizeDate
FNDA:0,getNextCrossReference
FNDA:0,uploadVendInvoice
FNDA:0,previewVendInvoice
FNDA:0,downloadPayloadsAsJson
FNDA:0,downloadPayloadsAsCsv
DA:6,0
DA:7,0
DA:8,0
DA:9,0
DA:15,0
DA:16,0
DA:17,0
DA:18,0
DA:19,0
DA:21,0
DA:22,0
DA:23,0
DA:25,0
DA:33,0
DA:36,0
DA:37,0
DA:38,0
DA:39,0
DA:40,0
DA:43,0
DA:44,0
DA:47,0
DA:48,0
DA:49,0
DA:50,0
DA:54,0
DA:55,0
DA:58,0
DA:59,0
DA:62,0
DA:63,0
DA:66,0
DA:67,0
DA:70,0
DA:71,0
DA:72,0
DA:73,0
DA:74,0
DA:75,0
DA:77,0
DA:78,0
DA:79,0
DA:81,0
DA:82,0
DA:83,0
DA:85,0
DA:88,0
DA:96,0
DA:102,0
DA:112,0
DA:115,0
DA:116,0
DA:117,0
DA:118,0
DA:119,0
DA:120,0
DA:127,0
DA:135,0
DA:136,0
DA:137,0
DA:142,0
DA:143,0
DA:145,0
DA:146,0
DA:147,0
DA:150,0
DA:151,0
DA:153,0
DA:155,0
DA:156,0
DA:161,0
DA:162,0
DA:163,0
DA:164,0
DA:165,0
DA:166,0
DA:167,0
DA:174,0
DA:177,0
DA:178,0
DA:180,0
DA:181,0
DA:182,0
DA:185,0
DA:186,0
DA:190,0
DA:191,0
DA:192,0
DA:194,0
DA:195,0
DA:199,0
DA:202,0
DA:203,0
DA:204,0
DA:205,0
DA:208,0
DA:210,0
DA:212,0
DA:213,0
DA:214,0
DA:216,0
DA:217,0
DA:221,0
DA:222,0
DA:226,0
DA:227,0
DA:231,0
DA:232,0
DA:236,0
DA:237,0
DA:240,0
DA:241,0
DA:242,0
DA:246,0
DA:249,0
DA:261,0
DA:264,0
DA:265,0
DA:276,0
DA:288,0
DA:292,0
DA:293,0
DA:301,0
DA:302,0
DA:303,0
DA:305,0
DA:322,0
DA:324,0
DA:333,0
DA:343,0
DA:351,0
DA:352,0
DA:354,0
DA:355,0
DA:358,0
DA:359,0
DA:361,0
DA:362,0
DA:363,0
DA:365,0
DA:374,0
DA:375,0
DA:377,0
DA:378,0
DA:382,0
DA:383,0
DA:406,0
DA:408,0
DA:409,0
DA:410,0
DA:432,0
DA:436,0
DA:437,0
DA:438,0
DA:440,0
DA:441,0
DA:442,0
DA:444,0
DA:448,0
LF:159
LH:0
BRDA:18,0,0,0
BRDA:18,0,1,0
BRDA:33,1,0,0
BRDA:33,1,1,0
BRDA:36,2,0,0
BRDA:36,2,1,0
BRDA:44,3,0,0
BRDA:44,3,1,0
BRDA:48,4,0,0
BRDA:48,4,1,0
BRDA:55,5,0,0
BRDA:55,5,1,0
BRDA:59,6,0,0
BRDA:59,6,1,0
BRDA:63,7,0,0
BRDA:63,7,1,0
BRDA:67,8,0,0
BRDA:67,8,1,0
BRDA:71,9,0,0
BRDA:71,9,1,0
BRDA:74,10,0,0
BRDA:74,10,1,0
BRDA:112,11,0,0
BRDA:112,11,1,0
BRDA:119,12,0,0
BRDA:119,12,1,0
BRDA:119,13,0,0
BRDA:119,13,1,0
BRDA:136,14,0,0
BRDA:136,14,1,0
BRDA:136,15,0,0
BRDA:136,15,1,0
BRDA:136,15,2,0
BRDA:155,16,0,0
BRDA:155,16,1,0
BRDA:163,17,0,0
BRDA:163,17,1,0
BRDA:164,18,0,0
BRDA:164,18,1,0
BRDA:165,19,0,0
BRDA:165,19,1,0
BRDA:166,20,0,0
BRDA:166,20,1,0
BRDA:166,21,0,0
BRDA:166,21,1,0
BRDA:185,22,0,0
BRDA:185,22,1,0
BRDA:191,23,0,0
BRDA:191,23,1,0
BRDA:192,24,0,0
BRDA:192,24,1,0
BRDA:194,25,0,0
BRDA:194,25,1,0
BRDA:202,26,0,0
BRDA:202,26,1,0
BRDA:203,27,0,0
BRDA:203,27,1,0
BRDA:204,28,0,0
BRDA:204,28,1,0
BRDA:205,29,0,0
BRDA:205,29,1,0
BRDA:210,30,0,0
BRDA:210,30,1,0
BRDA:216,31,0,0
BRDA:216,31,1,0
BRDA:221,32,0,0
BRDA:221,32,1,0
BRDA:226,33,0,0
BRDA:226,33,1,0
BRDA:226,34,0,0
BRDA:226,34,1,0
BRDA:231,35,0,0
BRDA:231,35,1,0
BRDA:236,36,0,0
BRDA:236,36,1,0
BRDA:240,37,0,0
BRDA:240,37,1,0
BRDA:246,38,0,0
BRDA:246,38,1,0
BRDA:253,39,0,0
BRDA:253,39,1,0
BRDA:253,39,2,0
BRDA:254,40,0,0
BRDA:254,40,1,0
BRDA:255,41,0,0
BRDA:255,41,1,0
BRDA:264,42,0,0
BRDA:264,42,1,0
BRDA:268,43,0,0
BRDA:268,43,1,0
BRDA:273,44,0,0
BRDA:273,44,1,0
BRDA:292,45,0,0
BRDA:292,45,1,0
BRDA:354,46,0,0
BRDA:354,46,1,0
BRDA:354,47,0,0
BRDA:354,47,1,0
BRDA:377,48,0,0
BRDA:377,48,1,0
BRDA:377,49,0,0
BRDA:377,49,1,0
BRDA:409,50,0,0
BRDA:409,50,1,0
BRDA:411,51,0,0
BRDA:411,51,1,0
BRDA:412,52,0,0
BRDA:412,52,1,0
BRDA:413,53,0,0
BRDA:413,53,1,0
BRDA:414,54,0,0
BRDA:414,54,1,0
BRDA:415,55,0,0
BRDA:415,55,1,0
BRDA:416,56,0,0
BRDA:416,56,1,0
BRDA:417,57,0,0
BRDA:417,57,1,0
BRDA:418,58,0,0
BRDA:418,58,1,0
BRDA:419,59,0,0
BRDA:419,59,1,0
BRDA:420,60,0,0
BRDA:420,60,1,0
BRDA:421,61,0,0
BRDA:421,61,1,0
BRDA:422,62,0,0
BRDA:422,62,1,0
BRDA:423,63,0,0
BRDA:423,63,1,0
BRDA:424,64,0,0
BRDA:424,64,1,0
BRDA:425,65,0,0
BRDA:425,65,1,0
BRDA:426,66,0,0
BRDA:426,66,1,0
BRDA:427,67,0,0
BRDA:427,67,1,0
BRDA:428,68,0,0
BRDA:428,68,1,0
BRDA:429,69,0,0
BRDA:429,69,1,0
BRDA:430,70,0,0
BRDA:430,70,1,0
BRF:144
BRH:0
end_of_record
TN:
SF:src/middleware/activityLogger.js
FN:14,activityLogger
FN:16,(anonymous_1)
FNF:2
FNH:0
FNDA:0,activityLogger
FNDA:0,(anonymous_1)
DA:7,0
DA:16,0
DA:17,0
DA:21,0
DA:22,0
DA:25,0
DA:26,0
DA:39,0
DA:42,0
LF:9
LH:0
BRDA:17,0,0,0
BRDA:17,0,1,0
BRDA:21,1,0,0
BRDA:21,1,1,0
BRDA:21,2,0,0
BRDA:21,2,1,0
BRDA:31,3,0,0
BRDA:31,3,1,0
BRF:8
BRH:0
end_of_record
TN:
SF:src/middleware/auth.js
FN:12,authenticate
FN:34,requireRole
FN:35,(anonymous_2)
FNF:3
FNH:0
FNDA:0,authenticate
FNDA:0,requireRole
FNDA:0,(anonymous_2)
DA:7,0
DA:13,0
DA:14,0
DA:15,0
DA:18,0
DA:19,0
DA:20,0
DA:21,0
DA:22,0
DA:24,0
DA:35,0
DA:36,0
DA:37,0
DA:39,0
DA:43,0
LF:15
LH:0
BRDA:14,0,0,0
BRDA:14,0,1,0
BRDA:14,1,0,0
BRDA:14,1,1,0
BRDA:36,2,0,0
BRDA:36,2,1,0
BRDA:36,3,0,0
BRDA:36,3,1,0
BRF:8
BRH:0
end_of_record
TN:
SF:src/middleware/errorHandler.js
FN:7,errorHandler
FN:14,(anonymous_1)
FNF:2
FNH:0
FNDA:0,errorHandler
FNDA:0,(anonymous_1)
DA:8,0
DA:11,0
DA:12,0
DA:14,0
DA:19,0
DA:20,0
DA:26,0
DA:27,0
DA:30,0
DA:31,0
DA:33,0
DA:36,0
LF:12
LH:0
BRDA:8,0,0,0
BRDA:8,0,1,0
BRDA:11,1,0,0
BRDA:11,1,1,0
BRDA:19,2,0,0
BRDA:19,2,1,0
BRDA:26,3,0,0
BRDA:26,3,1,0
BRDA:26,4,0,0
BRDA:26,4,1,0
BRDA:30,5,0,0
BRDA:30,5,1,0
BRDA:30,5,2,0
BRDA:31,6,0,0
BRDA:31,6,1,0
BRF:15
BRH:0
end_of_record
TN:
SF:src/middleware/requestLogger.js
FN:6,requestLogger
FN:9,(anonymous_1)
FNF:2
FNH:0
FNDA:0,requestLogger
FNDA:0,(anonymous_1)
DA:7,0
DA:9,0
DA:10,0
DA:11,0
DA:16,0
DA:19,0
LF:6
LH:0
BRF:0
BRH:0
end_of_record
TN:
SF:src/routes/admin.js
FNF:0
FNH:0
DA:11,0
DA:12,0
DA:13,0
DA:20,0
DA:22,0
DA:25,0
DA:52,0
DA:64,0
DA:94,0
DA:112,0
DA:130,0
DA:132,0
LF:12
LH:0
BRF:0
BRH:0
end_of_record
TN:
SF:src/routes/applyReceipt.js
FN:25,(anonymous_0)
FNF:1
FNH:0
FNDA:0,(anonymous_0)
DA:6,0
DA:7,0
DA:8,0
DA:9,0
DA:18,0
DA:20,0
DA:22,0
DA:26,0
DA:27,0
DA:29,0
DA:35,0
DA:38,0
DA:39,0
DA:40,0
DA:41,0
DA:42,0
DA:43,0
DA:44,0
DA:46,0
LF:19
LH:0
BRDA:26,0,0,0
BRDA:26,0,1,0
BRDA:26,1,0,0
BRDA:26,1,1,0
BRF:4
BRH:0
end_of_record
TN:
SF:src/routes/arInvoice.js
FNF:0
FNH:0
DA:11,0
DA:12,0
DA:13,0
DA:21,0
DA:23,0
DA:26,0
DA:123,0
DA:176,0
DA:197,0
DA:217,0
DA:242,0
DA:263,0
DA:265,0
LF:13
LH:0
BRF:0
BRH:0
end_of_record
TN:
SF:src/routes/arInvoiceData.js
FN:31,(anonymous_0)
FNF:1
FNH:0
FNDA:0,(anonymous_0)
DA:12,0
DA:13,0
DA:14,0
DA:15,0
DA:24,0
DA:26,0
DA:28,0
DA:32,0
DA:33,0
DA:35,0
DA:41,0
DA:66,0
DA:90,0
DA:119,0
DA:131,0
DA:158,0
DA:176,0
DA:192,0
DA:194,0
LF:19
LH:0
BRDA:32,0,0,0
BRDA:32,0,1,0
BRDA:32,1,0,0
BRDA:32,1,1,0
BRF:4
BRH:0
end_of_record
TN:
SF:src/routes/auth.js
FNF:0
FNH:0
DA:9,0
DA:10,0
DA:11,0
DA:13,0
DA:40,0
DA:52,0
DA:64,0
DA:66,0
LF:8
LH:0
BRF:0
BRH:0
end_of_record
TN:
SF:src/routes/inventory.js
FN:35,(anonymous_0)
FNF:1
FNH:0
FNDA:0,(anonymous_0)
DA:12,0
DA:13,0
DA:14,0
DA:15,0
DA:27,0
DA:29,0
DA:32,0
DA:36,0
DA:37,0
DA:39,0
DA:57,0
DA:61,0
DA:89,0
DA:110,0
DA:128,0
DA:159,0
DA:186,0
DA:212,0
DA:230,0
DA:248,0
DA:266,0
DA:268,0
LF:22
LH:0
BRDA:36,0,0,0
BRDA:36,0,1,0
BRDA:36,1,0,0
BRDA:36,1,1,0
BRF:4
BRH:0
end_of_record
TN:
SF:src/routes/inventoryTemplate.js
FN:18,(anonymous_0)
FNF:1
FNH:0
FNDA:0,(anonymous_0)
DA:7,0
DA:8,0
DA:9,0
DA:10,0
DA:11,0
DA:13,0
DA:15,0
DA:19,0
DA:20,0
DA:22,0
DA:27,0
DA:29,0
DA:30,0
DA:32,0
LF:14
LH:0
BRDA:19,0,0,0
BRDA:19,0,1,0
BRDA:19,1,0,0
BRDA:19,1,1,0
BRF:4
BRH:0
end_of_record
TN:
SF:src/routes/miscReceipt.js
FN:29,(anonymous_0)
FNF:1
FNH:0
FNDA:0,(anonymous_0)
DA:11,0
DA:12,0
DA:13,0
DA:14,0
DA:22,0
DA:24,0
DA:26,0
DA:30,0
DA:31,0
DA:33,0
DA:51,0
DA:55,0
DA:77,0
DA:99,0
DA:111,0
DA:129,0
DA:147,0
DA:149,0
LF:18
LH:0
BRDA:30,0,0,0
BRDA:30,0,1,0
BRDA:30,1,0,0
BRDA:30,1,1,0
BRF:4
BRH:0
end_of_record
TN:
SF:src/routes/reports.js
FNF:0
FNH:0
DA:11,0
DA:12,0
DA:13,0
DA:15,0
DA:17,0
DA:29,0
DA:57,0
DA:84,0
DA:112,0
DA:136,0
DA:157,0
DA:159,0
LF:12
LH:0
BRF:0
BRH:0
end_of_record
TN:
SF:src/routes/standardReceipt.js
FN:24,(anonymous_0)
FNF:1
FNH:0
FNDA:0,(anonymous_0)
DA:6,0
DA:7,0
DA:8,0
DA:9,0
DA:17,0
DA:19,0
DA:21,0
DA:25,0
DA:26,0
DA:28,0
DA:34,0
DA:37,0
DA:38,0
DA:39,0
DA:40,0
DA:41,0
DA:42,0
DA:44,0
LF:18
LH:0
BRDA:25,0,0,0
BRDA:25,0,1,0
BRDA:25,1,0,0
BRDA:25,1,1,0
BRF:4
BRH:0
end_of_record
TN:
SF:src/routes/vendInvoice.js
FNF:0
FNH:0
DA:7,0
DA:8,0
DA:9,0
DA:15,0
DA:17,0
DA:20,0
DA:50,0
DA:78,0
DA:93,0
DA:108,0
DA:110,0
LF:11
LH:0
BRF:0
BRH:0
end_of_record
TN:
SF:src/services/OracleSoapClient.js
FN:19,(anonymous_0)
FN:60,(anonymous_1)
FN:72,(anonymous_2)
FN:82,(anonymous_3)
FN:125,(anonymous_4)
FN:148,(anonymous_5)
FN:187,(anonymous_6)
FN:198,(anonymous_7)
FN:220,(anonymous_8)
FN:264,(anonymous_9)
FN:285,(anonymous_10)
FN:341,(anonymous_11)
FN:355,(anonymous_12)
FN:364,(anonymous_13)
FN:366,(anonymous_14)
FN:412,(anonymous_15)
FN:424,(anonymous_16)
FN:449,(anonymous_17)
FN:469,(anonymous_18)
FN:471,(anonymous_19)
FN:575,(anonymous_20)
FN:593,createOracleSoapClient
FNF:22
FNH:14
FNDA:27,(anonymous_0)
FNDA:16,(anonymous_1)
FNDA:9,(anonymous_2)
FNDA:4,(anonymous_3)
FNDA:2,(anonymous_4)
FNDA:2,(anonymous_5)
FNDA:2,(anonymous_6)
FNDA:2,(anonymous_7)
FNDA:7,(anonymous_8)
FNDA:8,(anonymous_9)
FNDA:9,(anonymous_10)
FNDA:0,(anonymous_11)
FNDA:0,(anonymous_12)
FNDA:0,(anonymous_13)
FNDA:0,(anonymous_14)
FNDA:0,(anonymous_15)
FNDA:5,(anonymous_16)
FNDA:8,(anonymous_17)
FNDA:0,(anonymous_18)
FNDA:0,(anonymous_19)
FNDA:4,(anonymous_20)
FNDA:0,createOracleSoapClient
DA:14,2
DA:15,2
DA:16,2
DA:20,27
DA:21,27
DA:22,27
DA:23,27
DA:24,27
DA:25,27
DA:26,27
DA:27,27
DA:28,27
DA:31,27
DA:32,27
DA:33,27
DA:36,27
DA:39,27
DA:49,27
DA:61,16
DA:62,0
DA:63,0
DA:64,0
DA:73,9
DA:74,9
DA:75,9
DA:76,0
DA:83,4
DA:84,1
DA:87,3
DA:88,3
DA:90,3
DA:101,2
DA:102,2
DA:105,2
DA:108,2
DA:110,2
DA:111,2
DA:112,2
DA:113,2
DA:115,2
DA:117,1
DA:118,1
DA:126,2
DA:129,2
DA:130,6
DA:131,3
DA:132,3
DA:133,3
DA:134,3
DA:135,1
DA:140,2
DA:141,2
DA:149,2
DA:150,2
DA:151,2
DA:153,2
DA:154,1
DA:155,1
DA:159,1
DA:161,1
DA:162,1
DA:163,1
DA:165,1
DA:167,1
DA:168,1
DA:169,1
DA:171,1
DA:172,1
DA:180,0
DA:188,2
DA:189,1
DA:192,1
DA:200,2
DA:201,2
DA:203,2
DA:214,2
DA:221,7
DA:222,7
DA:225,7
DA:227,3
DA:228,3
DA:229,0
DA:230,0
DA:233,3
DA:234,3
DA:237,3
DA:238,6
DA:240,3
DA:241,3
DA:242,1
DA:243,1
DA:244,1
DA:247,2
DA:254,4
DA:256,0
DA:257,0
DA:265,8
DA:268,8
DA:269,8
DA:270,4
DA:274,4
DA:275,4
DA:276,2
DA:279,2
DA:286,9
DA:287,9
DA:290,9
DA:295,9
DA:297,7
DA:302,7
DA:304,7
DA:309,7
DA:312,4
DA:313,4
DA:314,4
DA:316,4
DA:322,0
DA:325,0
DA:326,0
DA:327,0
DA:334,0
DA:343,0
DA:344,0
DA:347,0
DA:348,0
DA:350,0
DA:351,0
DA:352,0
DA:354,0
DA:356,0
DA:364,0
DA:366,0
DA:369,0
DA:370,0
DA:371,0
DA:374,0
DA:375,0
DA:377,0
DA:380,0
DA:381,0
DA:384,0
DA:388,0
DA:389,0
DA:392,0
DA:393,0
DA:397,0
DA:400,0
DA:413,0
DA:425,5
DA:426,5
DA:428,5
DA:429,5
DA:430,5
DA:433,5
DA:434,0
DA:437,5
DA:438,0
DA:442,5
DA:443,0
DA:445,5
DA:448,5
DA:450,8
DA:452,8
DA:454,8
DA:456,8
DA:464,8
DA:466,8
DA:469,0
DA:471,0
DA:476,4
DA:477,4
DA:480,4
DA:482,4
DA:483,4
DA:486,4
DA:488,4
DA:491,4
DA:493,1
DA:494,1
DA:496,1
DA:498,1
DA:499,1
DA:500,1
DA:501,1
DA:502,1
DA:506,1
DA:507,1
DA:508,1
DA:511,0
DA:515,3
DA:516,0
DA:517,0
DA:519,0
DA:523,3
DA:524,0
DA:527,0
DA:528,0
DA:529,0
DA:533,0
DA:534,0
DA:538,3
DA:540,3
DA:552,5
DA:553,0
DA:554,0
DA:557,5
DA:558,0
DA:559,0
DA:563,5
DA:564,1
DA:568,4
DA:576,4
DA:579,4
DA:580,3
DA:582,1
DA:594,0
DA:595,0
DA:596,0
DA:598,0
DA:599,0
DA:602,0
DA:603,0
DA:607,0
DA:609,0
DA:619,2
DA:620,2
LF:226
LH:157
BRDA:24,0,0,27
BRDA:24,0,1,1
BRDA:25,1,0,27
BRDA:25,1,1,1
BRDA:26,2,0,27
BRDA:26,2,1,1
BRDA:27,3,0,27
BRDA:27,3,1,1
BRDA:28,4,0,27
BRDA:28,4,1,27
BRDA:61,5,0,0
BRDA:61,5,1,16
BRDA:63,6,0,0
BRDA:63,6,1,0
BRDA:72,7,0,4
BRDA:73,8,0,0
BRDA:73,8,1,9
BRDA:74,9,0,9
BRDA:74,9,1,0
BRDA:75,10,0,9
BRDA:75,10,1,0
BRDA:83,11,0,1
BRDA:83,11,1,3
BRDA:101,12,0,2
BRDA:101,12,1,0
BRDA:126,13,0,2
BRDA:126,13,1,1
BRDA:126,13,2,1
BRDA:130,14,0,3
BRDA:130,14,1,3
BRDA:134,15,0,1
BRDA:134,15,1,2
BRDA:140,16,0,2
BRDA:140,16,1,0
BRDA:150,17,0,2
BRDA:150,17,1,1
BRDA:150,17,2,1
BRDA:151,18,0,2
BRDA:151,18,1,1
BRDA:153,19,0,1
BRDA:153,19,1,1
BRDA:159,20,0,0
BRDA:159,20,1,1
BRDA:162,21,0,1
BRDA:162,21,1,0
BRDA:163,22,0,0
BRDA:163,22,1,1
BRDA:165,23,0,0
BRDA:165,23,1,1
BRDA:169,24,0,1
BRDA:169,24,1,0
BRDA:171,25,0,1
BRDA:171,25,1,0
BRDA:171,26,0,1
BRDA:171,26,1,1
BRDA:173,27,0,1
BRDA:173,27,1,0
BRDA:174,28,0,1
BRDA:174,28,1,0
BRDA:188,29,0,1
BRDA:188,29,1,1
BRDA:200,30,0,2
BRDA:200,30,1,0
BRDA:201,31,0,2
BRDA:201,31,1,1
BRDA:201,31,2,0
BRDA:222,32,0,7
BRDA:222,32,1,0
BRDA:225,33,0,3
BRDA:225,33,1,4
BRDA:225,34,0,7
BRDA:225,34,1,7
BRDA:228,35,0,0
BRDA:228,35,1,3
BRDA:238,36,0,3
BRDA:238,36,1,3
BRDA:238,37,0,6
BRDA:238,37,1,3
BRDA:238,37,2,1
BRDA:241,38,0,1
BRDA:241,38,1,2
BRDA:243,39,0,1
BRDA:243,39,1,0
BRDA:265,40,0,8
BRDA:265,40,1,0
BRDA:269,41,0,4
BRDA:269,41,1,4
BRDA:275,42,0,2
BRDA:275,42,1,2
BRDA:290,43,0,9
BRDA:290,43,1,8
BRDA:290,43,2,2
BRDA:290,43,3,2
BRDA:295,44,0,2
BRDA:295,44,1,7
BRDA:297,45,0,7
BRDA:297,45,1,6
BRDA:297,45,2,0
BRDA:297,45,3,0
BRDA:302,46,0,0
BRDA:302,46,1,7
BRDA:304,47,0,7
BRDA:304,47,1,6
BRDA:304,47,2,3
BRDA:304,47,3,3
BRDA:309,48,0,3
BRDA:309,48,1,4
BRDA:312,49,0,4
BRDA:312,49,1,2
BRDA:312,49,2,1
BRDA:313,50,0,4
BRDA:313,50,1,1
BRDA:313,50,2,0
BRDA:314,51,0,4
BRDA:314,51,1,2
BRDA:314,51,2,2
BRDA:317,52,0,0
BRDA:317,52,1,4
BRDA:317,53,0,0
BRDA:317,53,1,0
BRDA:318,54,0,0
BRDA:318,54,1,4
BRDA:318,55,0,0
BRDA:318,55,1,0
BRDA:319,56,0,1
BRDA:319,56,1,3
BRDA:326,57,0,0
BRDA:326,57,1,0
BRDA:343,58,0,0
BRDA:343,58,1,0
BRDA:360,59,0,0
BRDA:360,59,1,0
BRDA:369,60,0,0
BRDA:369,60,1,0
BRDA:374,61,0,0
BRDA:374,61,1,0
BRDA:377,62,0,0
BRDA:377,62,1,0
BRDA:380,63,0,0
BRDA:380,63,1,0
BRDA:380,64,0,0
BRDA:380,64,1,0
BRDA:388,65,0,0
BRDA:388,65,1,0
BRDA:392,66,0,0
BRDA:392,66,1,0
BRDA:429,67,0,5
BRDA:429,67,1,0
BRDA:433,68,0,0
BRDA:433,68,1,5
BRDA:433,69,0,5
BRDA:433,69,1,5
BRDA:437,70,0,0
BRDA:437,70,1,5
BRDA:442,71,0,0
BRDA:442,71,1,5
BRDA:459,72,0,8
BRDA:459,72,1,0
BRDA:482,73,0,4
BRDA:482,73,1,0
BRDA:491,74,0,1
BRDA:491,74,1,3
BRDA:496,75,0,1
BRDA:496,75,1,0
BRDA:498,76,0,1
BRDA:498,76,1,0
BRDA:506,77,0,1
BRDA:506,77,1,0
BRDA:506,78,0,1
BRDA:506,78,1,1
BRDA:515,79,0,0
BRDA:515,79,1,3
BRDA:517,80,0,0
BRDA:517,80,1,0
BRDA:523,81,0,0
BRDA:523,81,1,3
BRDA:527,82,0,0
BRDA:527,82,1,0
BRDA:552,83,0,0
BRDA:552,83,1,5
BRDA:557,84,0,0
BRDA:557,84,1,5
BRDA:557,85,0,5
BRDA:557,85,1,5
BRDA:563,86,0,1
BRDA:563,86,1,4
BRDA:579,87,0,3
BRDA:579,87,1,1
BRDA:596,88,0,0
BRDA:596,88,1,0
BRDA:598,89,0,0
BRDA:598,89,1,0
BRDA:598,90,0,0
BRDA:598,90,1,0
BRDA:602,91,0,0
BRDA:602,91,1,0
BRDA:607,92,0,0
BRDA:607,92,1,0
BRF:198
BRH:119
end_of_record
TN:
SF:src/services/fusionSalesMetadataService.js
FN:14,findBySalesHeader
FN:35,findByCustomerType
FN:55,mapToArInvoiceHeader
FN:76,getArInvoiceHeaderMapping
FN:92,getAllMetadata
FNF:5
FNH:0
FNDA:0,findBySalesHeader
FNDA:0,findByCustomerType
FNDA:0,mapToArInvoiceHeader
FNDA:0,getArInvoiceHeaderMapping
FNDA:0,getAllMetadata
DA:6,0
DA:15,0
DA:16,0
DA:22,0
DA:24,0
DA:25,0
DA:36,0
DA:37,0
DA:43,0
DA:45,0
DA:46,0
DA:56,0
DA:57,0
DA:60,0
DA:77,0
DA:79,0
DA:80,0
DA:81,0
DA:84,0
DA:93,0
DA:94,0
DA:96,0
DA:97,0
DA:106,0
DA:108,0
DA:109,0
DA:113,0
LF:27
LH:0
BRDA:56,0,0,0
BRDA:56,0,1,0
BRDA:79,1,0,0
BRDA:79,1,1,0
BRDA:92,2,0,0
BRDA:93,3,0,0
BRDA:93,4,0,0
BRF:7
BRH:0
end_of_record
TN:
SF:src/services/prisma.js
FNF:0
FNH:0
DA:7,2
DA:9,2
DA:13,2
LF:3
LH:3
BRDA:10,0,0,0
BRDA:10,0,1,2
BRF:2
BRH:1
end_of_record
TN:
SF:src/utils/csv.js
FN:13,csvEscape
FNF:1
FNH:0
FNDA:0,csvEscape
DA:14,0
DA:15,0
DA:16,0
DA:19,0
LF:4
LH:0
BRDA:14,0,0,0
BRDA:14,0,1,0
BRDA:14,1,0,0
BRDA:14,1,1,0
BRF:4
BRH:0
end_of_record
