TN:
SF:src/controllers/adminController.js
FN:14,createUser
FN:42,listUsers
FN:68,updateUser
FN:100,deleteUser
FN:138,resetPassword
FNF:5
FNH:0
FNDA:0,createUser
FNDA:0,listUsers
FNDA:0,updateUser
FNDA:0,deleteUser
FNDA:0,resetPassword
DA:6,0
DA:7,0
DA:8,0
DA:15,0
DA:16,0
DA:18,0
DA:19,0
DA:22,0
DA:23,0
DA:25,0
DA:27,0
DA:32,0
DA:34,0
DA:43,0
DA:44,0
DA:45,0
DA:46,0
DA:48,0
DA:58,0
DA:60,0
DA:69,0
DA:70,0
DA:71,0
DA:73,0
DA:74,0
DA:75,0
DA:76,0
DA:77,0
DA:79,0
DA:80,0
DA:83,0
DA:89,0
DA:91,0
DA:101,0
DA:102,0
DA:105,0
DA:106,0
DA:110,0
DA:111,0
DA:112,0
DA:114,0
DA:115,0
DA:118,0
DA:119,0
DA:123,0
DA:128,0
DA:130,0
DA:139,0
DA:140,0
DA:143,0
DA:144,0
DA:146,0
DA:151,0
DA:156,0
DA:160,0
LF:55
LH:0
BRDA:18,0,0,0
BRDA:18,0,1,0
BRDA:18,1,0,0
BRDA:18,1,1,0
BRDA:23,2,0,0
BRDA:23,2,1,0
BRDA:23,3,0,0
BRDA:23,3,1,0
BRDA:44,4,0,0
BRDA:44,4,1,0
BRDA:45,5,0,0
BRDA:45,5,1,0
BRDA:75,6,0,0
BRDA:75,6,1,0
BRDA:76,7,0,0
BRDA:76,7,1,0
BRDA:76,8,0,0
BRDA:76,8,1,0
BRDA:77,9,0,0
BRDA:77,9,1,0
BRDA:79,10,0,0
BRDA:79,10,1,0
BRDA:105,11,0,0
BRDA:105,11,1,0
BRDA:111,12,0,0
BRDA:111,12,1,0
BRDA:114,13,0,0
BRDA:114,13,1,0
BRDA:118,14,0,0
BRDA:118,14,1,0
BRF:30
BRH:0
end_of_record
TN:
SF:src/controllers/authController.js
FN:14,login
FN:69,logout
FN:91,me
FNF:3
FNH:0
FNDA:0,login
FNDA:0,logout
FNDA:0,me
DA:6,0
DA:7,0
DA:8,0
DA:15,0
DA:16,0
DA:18,0
DA:19,0
DA:23,0
DA:24,0
DA:25,0
DA:29,0
DA:30,0
DA:34,0
DA:35,0
DA:36,0
DA:40,0
DA:47,0
DA:56,0
DA:61,0
DA:70,0
DA:71,0
DA:72,0
DA:81,0
DA:83,0
DA:92,0
DA:93,0
DA:98,0
DA:99,0
DA:102,0
DA:104,0
DA:108,0
LF:31
LH:0
BRDA:18,0,0,0
BRDA:18,0,1,0
BRDA:18,1,0,0
BRDA:18,1,1,0
BRDA:24,2,0,0
BRDA:24,2,1,0
BRDA:29,3,0,0
BRDA:29,3,1,0
BRDA:35,4,0,0
BRDA:35,4,1,0
BRDA:43,5,0,0
BRDA:43,5,1,0
BRDA:71,6,0,0
BRDA:71,6,1,0
BRDA:98,7,0,0
BRDA:98,7,1,0
BRF:16
BRH:0
end_of_record
TN:
SF:src/controllers/inventoryController.js
FN:65,normalizeRow
FN:102,validateRow
FN:137,extractBranchFromRef
FN:147,cleanReference
FN:165,formatDateToISO
FN:177,(anonymous_5)
FN:178,(anonymous_6)
FN:238,mapRowToPayload
FN:293,extractOracleError
FN:333,normalize
FN:366,stringifyResponseBody
FN:388,processUploadRows
FN:416,flushRecords
FN:428,processRow
FN:518,(anonymous_14)
FN:589,bulkUpload
FN:639,(anonymous_16)
FN:644,(anonymous_17)
FN:658,listUploads
FN:689,getFailures
FN:711,(anonymous_20)
FN:713,(anonymous_21)
FN:726,retryUpload
FN:774,(anonymous_23)
FN:775,(anonymous_24)
FN:910,downloadTemplate
FN:927,getUploadProgress
FN:960,getUploadDetail
FN:998,(anonymous_28)
FN:1000,(anonymous_29)
FN:1014,(anonymous_30)
FN:1016,(anonymous_31)
FN:1040,getDebugLog
FN:1084,(anonymous_33)
FN:1094,(anonymous_34)
FN:1118,getSuccessRecords
FN:1147,(anonymous_36)
FN:1149,(anonymous_37)
FNF:38
FNH:0
FNDA:0,normalizeRow
FNDA:0,validateRow
FNDA:0,extractBranchFromRef
FNDA:0,cleanReference
FNDA:0,formatDateToISO
FNDA:0,(anonymous_5)
FNDA:0,(anonymous_6)
FNDA:0,mapRowToPayload
FNDA:0,extractOracleError
FNDA:0,normalize
FNDA:0,stringifyResponseBody
FNDA:0,processUploadRows
FNDA:0,flushRecords
FNDA:0,processRow
FNDA:0,(anonymous_14)
FNDA:0,bulkUpload
FNDA:0,(anonymous_16)
FNDA:0,(anonymous_17)
FNDA:0,listUploads
FNDA:0,getFailures
FNDA:0,(anonymous_20)
FNDA:0,(anonymous_21)
FNDA:0,retryUpload
FNDA:0,(anonymous_23)
FNDA:0,(anonymous_24)
FNDA:0,downloadTemplate
FNDA:0,getUploadProgress
FNDA:0,getUploadDetail
FNDA:0,(anonymous_28)
FNDA:0,(anonymous_29)
FNDA:0,(anonymous_30)
FNDA:0,(anonymous_31)
FNDA:0,getDebugLog
FNDA:0,(anonymous_33)
FNDA:0,(anonymous_34)
FNDA:0,getSuccessRecords
FNDA:0,(anonymous_36)
FNDA:0,(anonymous_37)
DA:6,0
DA:7,0
DA:8,0
DA:11,0
DA:12,0
DA:16,0
DA:29,0
DA:66,0
DA:67,0
DA:68,0
DA:69,0
DA:70,0
DA:71,0
DA:72,0
DA:73,0
DA:74,0
DA:76,0
DA:77,0
DA:80,0
DA:81,0
DA:82,0
DA:85,0
DA:86,0
DA:89,0
DA:103,0
DA:104,0
DA:106,0
DA:107,0
DA:109,0
DA:110,0
DA:111,0
DA:113,0
DA:114,0
DA:115,0
DA:118,0
DA:120,0
DA:121,0
DA:122,0
DA:123,0
DA:124,0
DA:127,0
DA:128,0
DA:130,0
DA:138,0
DA:139,0
DA:140,0
DA:148,0
DA:149,0
DA:150,0
DA:151,0
DA:166,0
DA:167,0
DA:170,0
DA:171,0
DA:172,0
DA:173,0
DA:174,0
DA:177,0
DA:178,0
DA:179,0
DA:182,0
DA:187,0
DA:189,0
DA:190,0
DA:191,0
DA:192,0
DA:194,0
DA:195,0
DA:199,0
DA:200,0
DA:201,0
DA:202,0
DA:204,0
DA:205,0
DA:209,0
DA:210,0
DA:213,0
DA:214,0
DA:215,0
DA:217,0
DA:219,0
DA:222,0
DA:223,0
DA:226,0
DA:240,0
DA:241,0
DA:242,0
DA:246,0
DA:249,0
DA:254,0
DA:256,0
DA:258,0
DA:280,0
DA:283,0
DA:294,0
DA:295,0
DA:296,0
DA:297,0
DA:299,0
DA:303,0
DA:307,0
DA:308,0
DA:309,0
DA:310,0
DA:311,0
DA:312,0
DA:314,0
DA:315,0
DA:317,0
DA:318,0
DA:320,0
DA:324,0
DA:325,0
DA:326,0
DA:327,0
DA:328,0
DA:334,0
DA:335,0
DA:336,0
DA:337,0
DA:338,0
DA:340,0
DA:341,0
DA:342,0
DA:343,0
DA:345,0
DA:347,0
DA:348,0
DA:349,0
DA:350,0
DA:351,0
DA:352,0
DA:355,0
DA:357,0
DA:360,0
DA:367,0
DA:368,0
DA:369,0
DA:370,0
DA:372,0
DA:373,0
DA:374,0
DA:375,0
DA:377,0
DA:378,0
DA:389,0
DA:390,0
DA:391,0
DA:392,0
DA:393,0
DA:397,0
DA:406,0
DA:407,0
DA:411,0
DA:417,0
DA:418,0
DA:419,0
DA:421,0
DA:422,0
DA:423,0
DA:429,0
DA:430,0
DA:431,0
DA:432,0
DA:433,0
DA:435,0
DA:443,0
DA:444,0
DA:446,0
DA:447,0
DA:450,0
DA:451,0
DA:458,0
DA:462,0
DA:463,0
DA:464,0
DA:465,0
DA:468,0
DA:471,0
DA:482,0
DA:483,0
DA:492,0
DA:496,0
DA:500,0
DA:501,0
DA:513,0
DA:514,0
DA:515,0
DA:517,0
DA:518,0
DA:521,0
DA:522,0
DA:523,0
DA:524,0
DA:531,0
DA:532,0
DA:535,0
DA:536,0
DA:538,0
DA:540,0
DA:541,0
DA:555,0
DA:556,0
DA:560,0
DA:567,0
DA:570,0
DA:571,0
DA:580,0
DA:590,0
DA:591,0
DA:592,0
DA:595,0
DA:596,0
DA:597,0
DA:601,0
DA:608,0
DA:609,0
DA:613,0
DA:614,0
DA:618,0
DA:630,0
DA:639,0
DA:640,0
DA:641,0
DA:645,0
DA:649,0
DA:659,0
DA:660,0
DA:661,0
DA:662,0
DA:666,0
DA:668,0
DA:679,0
DA:681,0
DA:690,0
DA:691,0
DA:692,0
DA:693,0
DA:697,0
DA:698,0
DA:699,0
DA:701,0
DA:702,0
DA:705,0
DA:711,0
DA:713,0
DA:716,0
DA:718,0
DA:727,0
DA:728,0
DA:729,0
DA:730,0
DA:733,0
DA:734,0
DA:735,0
DA:737,0
DA:738,0
DA:741,0
DA:742,0
DA:743,0
DA:746,0
DA:751,0
DA:752,0
DA:753,0
DA:762,0
DA:763,0
DA:766,0
DA:767,0
DA:768,0
DA:771,0
DA:772,0
DA:774,0
DA:775,0
DA:778,0
DA:779,0
DA:783,0
DA:784,0
DA:787,0
DA:788,0
DA:795,0
DA:799,0
DA:800,0
DA:801,0
DA:802,0
DA:805,0
DA:806,0
DA:816,0
DA:817,0
DA:825,0
DA:829,0
DA:833,0
DA:834,0
DA:844,0
DA:845,0
DA:846,0
DA:847,0
DA:849,0
DA:858,0
DA:859,0
DA:860,0
DA:861,0
DA:862,0
DA:864,0
DA:865,0
DA:867,0
DA:868,0
DA:878,0
DA:889,0
DA:898,0
DA:900,0
DA:902,0
DA:911,0
DA:912,0
DA:914,0
DA:915,0
DA:917,0
DA:918,0
DA:919,0
DA:928,0
DA:929,0
DA:930,0
DA:931,0
DA:934,0
DA:935,0
DA:936,0
DA:938,0
DA:939,0
DA:942,0
DA:951,0
DA:961,0
DA:962,0
DA:963,0
DA:964,0
DA:967,0
DA:971,0
DA:972,0
DA:974,0
DA:975,0
DA:978,0
DA:979,0
DA:980,0
DA:981,0
DA:983,0
DA:984,0
DA:985,0
DA:986,0
DA:988,0
DA:989,0
DA:998,0
DA:1000,0
DA:1004,0
DA:1005,0
DA:1014,0
DA:1016,0
DA:1020,0
DA:1030,0
DA:1041,0
DA:1042,0
DA:1043,0
DA:1044,0
DA:1047,0
DA:1051,0
DA:1052,0
DA:1054,0
DA:1055,0
DA:1058,0
DA:1059,0
DA:1060,0
DA:1062,0
DA:1066,0
DA:1068,0
DA:1084,0
DA:1085,0
DA:1086,0
DA:1087,0
DA:1088,0
DA:1090,0
DA:1094,0
DA:1100,0
DA:1110,0
DA:1119,0
DA:1120,0
DA:1121,0
DA:1122,0
DA:1125,0
DA:1126,0
DA:1127,0
DA:1129,0
DA:1130,0
DA:1133,0
DA:1134,0
DA:1135,0
DA:1137,0
DA:1147,0
DA:1149,0
DA:1152,0
DA:1154,0
DA:1158,0
LF:398
LH:0
BRDA:69,0,0,0
BRDA:69,0,1,0
BRDA:70,1,0,0
BRDA:70,1,1,0
BRDA:72,2,0,0
BRDA:72,2,1,0
BRDA:73,3,0,0
BRDA:73,3,1,0
BRDA:73,4,0,0
BRDA:73,4,1,0
BRDA:76,5,0,0
BRDA:76,5,1,0
BRDA:81,6,0,0
BRDA:81,6,1,0
BRDA:81,7,0,0
BRDA:81,7,1,0
BRDA:85,8,0,0
BRDA:85,8,1,0
BRDA:103,9,0,0
BRDA:103,9,1,0
BRDA:103,10,0,0
BRDA:103,10,1,0
BRDA:106,11,0,0
BRDA:106,11,1,0
BRDA:106,12,0,0
BRDA:106,12,1,0
BRDA:110,13,0,0
BRDA:110,13,1,0
BRDA:110,14,0,0
BRDA:110,14,1,0
BRDA:114,15,0,0
BRDA:114,15,1,0
BRDA:121,16,0,0
BRDA:121,16,1,0
BRDA:121,17,0,0
BRDA:121,17,1,0
BRDA:123,18,0,0
BRDA:123,18,1,0
BRDA:127,19,0,0
BRDA:127,19,1,0
BRDA:138,20,0,0
BRDA:138,20,1,0
BRDA:140,21,0,0
BRDA:140,21,1,0
BRDA:148,22,0,0
BRDA:148,22,1,0
BRDA:151,23,0,0
BRDA:151,23,1,0
BRDA:166,24,0,0
BRDA:166,24,1,0
BRDA:167,25,0,0
BRDA:167,25,1,0
BRDA:171,26,0,0
BRDA:171,26,1,0
BRDA:173,27,0,0
BRDA:173,27,1,0
BRDA:178,28,0,0
BRDA:178,28,1,0
BRDA:187,29,0,0
BRDA:187,29,1,0
BRDA:190,30,0,0
BRDA:190,30,1,0
BRDA:190,31,0,0
BRDA:190,31,1,0
BRDA:200,32,0,0
BRDA:200,32,1,0
BRDA:200,33,0,0
BRDA:200,33,1,0
BRDA:209,34,0,0
BRDA:209,34,1,0
BRDA:209,35,0,0
BRDA:209,35,1,0
BRDA:209,35,2,0
BRDA:219,36,0,0
BRDA:219,36,1,0
BRDA:219,36,2,0
BRDA:222,37,0,0
BRDA:222,37,1,0
BRDA:241,38,0,0
BRDA:241,38,1,0
BRDA:241,39,0,0
BRDA:241,39,1,0
BRDA:242,40,0,0
BRDA:242,40,1,0
BRDA:246,41,0,0
BRDA:246,41,1,0
BRDA:246,41,2,0
BRDA:249,42,0,0
BRDA:249,42,1,0
BRDA:254,43,0,0
BRDA:254,43,1,0
BRDA:295,44,0,0
BRDA:295,44,1,0
BRDA:303,45,0,0
BRDA:303,45,1,0
BRDA:303,46,0,0
BRDA:303,46,1,0
BRDA:303,46,2,0
BRDA:307,47,0,0
BRDA:307,47,1,0
BRDA:308,48,0,0
BRDA:308,48,1,0
BRDA:309,49,0,0
BRDA:309,49,1,0
BRDA:310,50,0,0
BRDA:310,50,1,0
BRDA:311,51,0,0
BRDA:311,51,1,0
BRDA:311,52,0,0
BRDA:311,52,1,0
BRDA:314,53,0,0
BRDA:314,53,1,0
BRDA:317,54,0,0
BRDA:317,54,1,0
BRDA:324,55,0,0
BRDA:324,55,1,0
BRDA:325,56,0,0
BRDA:325,56,1,0
BRDA:326,57,0,0
BRDA:326,57,1,0
BRDA:327,58,0,0
BRDA:327,58,1,0
BRDA:334,59,0,0
BRDA:334,59,1,0
BRDA:334,60,0,0
BRDA:334,60,1,0
BRDA:335,61,0,0
BRDA:335,61,1,0
BRDA:337,62,0,0
BRDA:337,62,1,0
BRDA:337,63,0,0
BRDA:337,63,1,0
BRDA:340,64,0,0
BRDA:340,64,1,0
BRDA:343,65,0,0
BRDA:343,65,1,0
BRDA:347,66,0,0
BRDA:347,66,1,0
BRDA:350,67,0,0
BRDA:350,67,1,0
BRDA:352,68,0,0
BRDA:352,68,1,0
BRDA:366,69,0,0
BRDA:367,70,0,0
BRDA:367,70,1,0
BRDA:367,71,0,0
BRDA:367,71,1,0
BRDA:368,72,0,0
BRDA:368,72,1,0
BRDA:370,73,0,0
BRDA:370,73,1,0
BRDA:370,74,0,0
BRDA:370,74,1,0
BRDA:374,75,0,0
BRDA:374,75,1,0
BRDA:374,76,0,0
BRDA:374,76,1,0
BRDA:378,77,0,0
BRDA:378,77,1,0
BRDA:417,78,0,0
BRDA:417,78,1,0
BRDA:421,79,0,0
BRDA:421,79,1,0
BRDA:430,80,0,0
BRDA:430,80,1,0
BRDA:431,81,0,0
BRDA:431,81,1,0
BRDA:446,82,0,0
BRDA:446,82,1,0
BRDA:460,83,0,0
BRDA:460,83,1,0
BRDA:463,84,0,0
BRDA:463,84,1,0
BRDA:464,85,0,0
BRDA:464,85,1,0
BRDA:464,86,0,0
BRDA:464,86,1,0
BRDA:465,87,0,0
BRDA:465,87,1,0
BRDA:469,88,0,0
BRDA:469,88,1,0
BRDA:492,89,0,0
BRDA:492,89,1,0
BRDA:492,89,2,0
BRDA:492,89,3,0
BRDA:498,90,0,0
BRDA:498,90,1,0
BRDA:498,90,2,0
BRDA:500,91,0,0
BRDA:500,91,1,0
BRDA:522,92,0,0
BRDA:522,92,1,0
BRDA:528,93,0,0
BRDA:528,93,1,0
BRDA:529,94,0,0
BRDA:529,94,1,0
BRDA:532,95,0,0
BRDA:532,95,1,0
BRDA:536,96,0,0
BRDA:536,96,1,0
BRDA:546,97,0,0
BRDA:546,97,1,0
BRDA:547,98,0,0
BRDA:547,98,1,0
BRDA:548,99,0,0
BRDA:548,99,1,0
BRDA:549,100,0,0
BRDA:549,100,1,0
BRDA:555,101,0,0
BRDA:555,101,1,0
BRDA:555,102,0,0
BRDA:555,102,1,0
BRDA:570,103,0,0
BRDA:570,103,1,0
BRDA:570,104,0,0
BRDA:570,104,1,0
BRDA:591,105,0,0
BRDA:591,105,1,0
BRDA:596,106,0,0
BRDA:596,106,1,0
BRDA:608,107,0,0
BRDA:608,107,1,0
BRDA:660,108,0,0
BRDA:660,108,1,0
BRDA:661,109,0,0
BRDA:661,109,1,0
BRDA:666,110,0,0
BRDA:666,110,1,0
BRDA:692,111,0,0
BRDA:692,111,1,0
BRDA:698,112,0,0
BRDA:698,112,1,0
BRDA:701,113,0,0
BRDA:701,113,1,0
BRDA:701,114,0,0
BRDA:701,114,1,0
BRDA:729,115,0,0
BRDA:729,115,1,0
BRDA:734,116,0,0
BRDA:734,116,1,0
BRDA:737,117,0,0
BRDA:737,117,1,0
BRDA:737,118,0,0
BRDA:737,118,1,0
BRDA:742,119,0,0
BRDA:742,119,1,0
BRDA:778,120,0,0
BRDA:778,120,1,0
BRDA:783,121,0,0
BRDA:783,121,1,0
BRDA:797,122,0,0
BRDA:797,122,1,0
BRDA:800,123,0,0
BRDA:800,123,1,0
BRDA:801,124,0,0
BRDA:801,124,1,0
BRDA:801,125,0,0
BRDA:801,125,1,0
BRDA:802,126,0,0
BRDA:802,126,1,0
BRDA:805,127,0,0
BRDA:805,127,1,0
BRDA:805,128,0,0
BRDA:805,128,1,0
BRDA:816,129,0,0
BRDA:816,129,1,0
BRDA:825,130,0,0
BRDA:825,130,1,0
BRDA:825,130,2,0
BRDA:825,130,3,0
BRDA:831,131,0,0
BRDA:831,131,1,0
BRDA:831,131,2,0
BRDA:833,132,0,0
BRDA:833,132,1,0
BRDA:833,133,0,0
BRDA:833,133,1,0
BRDA:845,134,0,0
BRDA:845,134,1,0
BRDA:854,135,0,0
BRDA:854,135,1,0
BRDA:855,136,0,0
BRDA:855,136,1,0
BRDA:859,137,0,0
BRDA:859,137,1,0
BRDA:862,138,0,0
BRDA:862,138,1,0
BRDA:872,139,0,0
BRDA:872,139,1,0
BRDA:873,140,0,0
BRDA:873,140,1,0
BRDA:874,141,0,0
BRDA:874,141,1,0
BRDA:875,142,0,0
BRDA:875,142,1,0
BRDA:881,143,0,0
BRDA:881,143,1,0
BRDA:882,144,0,0
BRDA:882,144,1,0
BRDA:894,145,0,0
BRDA:894,145,1,0
BRDA:930,146,0,0
BRDA:930,146,1,0
BRDA:935,147,0,0
BRDA:935,147,1,0
BRDA:938,148,0,0
BRDA:938,148,1,0
BRDA:938,149,0,0
BRDA:938,149,1,0
BRDA:963,150,0,0
BRDA:963,150,1,0
BRDA:971,151,0,0
BRDA:971,151,1,0
BRDA:974,152,0,0
BRDA:974,152,1,0
BRDA:974,153,0,0
BRDA:974,153,1,0
BRDA:978,154,0,0
BRDA:978,154,1,0
BRDA:979,155,0,0
BRDA:979,155,1,0
BRDA:981,156,0,0
BRDA:981,156,1,0
BRDA:988,157,0,0
BRDA:988,157,1,0
BRDA:988,158,0,0
BRDA:988,158,1,0
BRDA:993,159,0,0
BRDA:993,159,1,0
BRDA:994,160,0,0
BRDA:994,160,1,0
BRDA:1004,161,0,0
BRDA:1004,161,1,0
BRDA:1004,162,0,0
BRDA:1004,162,1,0
BRDA:1009,163,0,0
BRDA:1009,163,1,0
BRDA:1010,164,0,0
BRDA:1010,164,1,0
BRDA:1043,165,0,0
BRDA:1043,165,1,0
BRDA:1051,166,0,0
BRDA:1051,166,1,0
BRDA:1054,167,0,0
BRDA:1054,167,1,0
BRDA:1054,168,0,0
BRDA:1054,168,1,0
BRDA:1058,169,0,0
BRDA:1058,169,1,0
BRDA:1059,170,0,0
BRDA:1059,170,1,0
BRDA:1085,171,0,0
BRDA:1085,171,1,0
BRDA:1085,172,0,0
BRDA:1085,172,1,0
BRDA:1086,173,0,0
BRDA:1086,173,1,0
BRDA:1121,174,0,0
BRDA:1121,174,1,0
BRDA:1126,175,0,0
BRDA:1126,175,1,0
BRDA:1129,176,0,0
BRDA:1129,176,1,0
BRDA:1129,177,0,0
BRDA:1129,177,1,0
BRDA:1133,178,0,0
BRDA:1133,178,1,0
BRDA:1134,179,0,0
BRDA:1134,179,1,0
BRF:369
BRH:0
end_of_record
TN:
SF:src/controllers/inventoryTemplateController.js
FN:78,validationError
FN:84,parseCsv
FN:104,buildHeaderMap
FN:112,ensureRequiredHeaders
FN:118,(anonymous_4)
FN:133,pickField
FN:147,pickOptionalField
FN:158,parseQuantity
FN:170,parseDate
FN:208,extractSubinventoryFromOrderRef
FN:220,currentDateString
FN:228,convertRecords
FN:235,(anonymous_12)
FN:241,(anonymous_13)
FN:248,(anonymous_14)
FN:267,(anonymous_15)
FN:314,(anonymous_16)
FN:342,toCsvValue
FN:351,toCsv
FN:354,(anonymous_19)
FN:354,(anonymous_20)
FN:361,previewTemplate
FN:386,downloadTemplate
FNF:23
FNH:0
FNDA:0,validationError
FNDA:0,parseCsv
FNDA:0,buildHeaderMap
FNDA:0,ensureRequiredHeaders
FNDA:0,(anonymous_4)
FNDA:0,pickField
FNDA:0,pickOptionalField
FNDA:0,parseQuantity
FNDA:0,parseDate
FNDA:0,extractSubinventoryFromOrderRef
FNDA:0,currentDateString
FNDA:0,convertRecords
FNDA:0,(anonymous_12)
FNDA:0,(anonymous_13)
FNDA:0,(anonymous_14)
FNDA:0,(anonymous_15)
FNDA:0,(anonymous_16)
FNDA:0,toCsvValue
FNDA:0,toCsv
FNDA:0,(anonymous_19)
FNDA:0,(anonymous_20)
FNDA:0,previewTemplate
FNDA:0,downloadTemplate
DA:12,0
DA:14,0
DA:26,0
DA:67,0
DA:73,0
DA:75,0
DA:76,0
DA:79,0
DA:80,0
DA:81,0
DA:85,0
DA:92,0
DA:93,0
DA:96,0
DA:105,0
DA:106,0
DA:107,0
DA:109,0
DA:113,0
DA:114,0
DA:116,0
DA:117,0
DA:118,0
DA:119,0
DA:120,0
DA:124,0
DA:125,0
DA:134,0
DA:135,0
DA:136,0
DA:137,0
DA:138,0
DA:141,0
DA:148,0
DA:149,0
DA:150,0
DA:151,0
DA:152,0
DA:155,0
DA:159,0
DA:160,0
DA:161,0
DA:163,0
DA:164,0
DA:165,0
DA:167,0
DA:171,0
DA:172,0
DA:173,0
DA:174,0
DA:176,0
DA:177,0
DA:178,0
DA:180,0
DA:181,0
DA:182,0
DA:186,0
DA:187,0
DA:189,0
DA:192,0
DA:193,0
DA:195,0
DA:201,0
DA:204,0
DA:209,0
DA:210,0
DA:212,0
DA:213,0
DA:214,0
DA:215,0
DA:217,0
DA:221,0
DA:222,0
DA:223,0
DA:224,0
DA:225,0
DA:229,0
DA:231,0
DA:232,0
DA:233,0
DA:235,0
DA:236,0
DA:237,0
DA:241,0
DA:242,0
DA:246,0
DA:248,0
DA:249,0
DA:250,0
DA:251,0
DA:252,0
DA:255,0
DA:256,0
DA:259,0
DA:262,0
DA:265,0
DA:267,0
DA:268,0
DA:269,0
DA:273,0
DA:275,0
DA:282,0
DA:283,0
DA:285,0
DA:286,0
DA:288,0
DA:289,0
DA:291,0
DA:293,0
DA:305,0
DA:306,0
DA:307,0
DA:308,0
DA:310,0
DA:314,0
DA:317,0
DA:319,0
DA:335,0
DA:336,0
DA:339,0
DA:343,0
DA:344,0
DA:345,0
DA:346,0
DA:348,0
DA:352,0
DA:353,0
DA:354,0
DA:357,0
DA:358,0
DA:362,0
DA:363,0
DA:364,0
DA:367,0
DA:368,0
DA:369,0
DA:371,0
DA:379,0
DA:380,0
DA:382,0
DA:387,0
DA:388,0
DA:389,0
DA:392,0
DA:393,0
DA:394,0
DA:396,0
DA:397,0
DA:398,0
DA:399,0
DA:401,0
DA:402,0
DA:404,0
DA:408,0
LF:154
LH:0
BRDA:92,0,0,0
BRDA:92,0,1,0
BRDA:113,1,0,0
BRDA:113,1,1,0
BRDA:117,2,0,0
BRDA:117,2,1,0
BRDA:119,3,0,0
BRDA:119,3,1,0
BRDA:124,4,0,0
BRDA:124,4,1,0
BRDA:136,5,0,0
BRDA:136,5,1,0
BRDA:137,6,0,0
BRDA:137,6,1,0
BRDA:138,7,0,0
BRDA:138,7,1,0
BRDA:150,8,0,0
BRDA:150,8,1,0
BRDA:151,9,0,0
BRDA:151,9,1,0
BRDA:152,10,0,0
BRDA:152,10,1,0
BRDA:158,11,0,0
BRDA:159,12,0,0
BRDA:159,12,1,0
BRDA:160,13,0,0
BRDA:160,13,1,0
BRDA:164,14,0,0
BRDA:164,14,1,0
BRDA:171,15,0,0
BRDA:171,15,1,0
BRDA:174,16,0,0
BRDA:174,16,1,0
BRDA:176,17,0,0
BRDA:176,17,1,0
BRDA:176,18,0,0
BRDA:176,18,1,0
BRDA:177,19,0,0
BRDA:177,19,1,0
BRDA:181,20,0,0
BRDA:181,20,1,0
BRDA:186,21,0,0
BRDA:186,21,1,0
BRDA:195,22,0,0
BRDA:195,22,1,0
BRDA:196,23,0,0
BRDA:196,23,1,0
BRDA:196,23,2,0
BRDA:196,23,3,0
BRDA:196,23,4,0
BRDA:196,23,5,0
BRDA:209,24,0,0
BRDA:209,24,1,0
BRDA:214,25,0,0
BRDA:214,25,1,0
BRDA:236,26,0,0
BRDA:236,26,1,0
BRDA:248,27,0,0
BRDA:248,27,1,0
BRDA:249,28,0,0
BRDA:249,28,1,0
BRDA:269,29,0,0
BRDA:269,29,1,0
BRDA:273,30,0,0
BRDA:273,30,1,0
BRDA:282,31,0,0
BRDA:282,31,1,0
BRDA:288,32,0,0
BRDA:288,32,1,0
BRDA:291,33,0,0
BRDA:291,33,1,0
BRDA:305,34,0,0
BRDA:305,34,1,0
BRDA:317,35,0,0
BRDA:317,35,1,0
BRDA:321,36,0,0
BRDA:321,36,1,0
BRDA:323,37,0,0
BRDA:323,37,1,0
BRDA:335,38,0,0
BRDA:335,38,1,0
BRDA:343,39,0,0
BRDA:343,39,1,0
BRDA:343,40,0,0
BRDA:343,40,1,0
BRDA:345,41,0,0
BRDA:345,41,1,0
BRDA:345,42,0,0
BRDA:345,42,1,0
BRDA:345,42,2,0
BRDA:363,43,0,0
BRDA:363,43,1,0
BRDA:379,44,0,0
BRDA:379,44,1,0
BRDA:388,45,0,0
BRDA:388,45,1,0
BRDA:401,46,0,0
BRDA:401,46,1,0
BRF:98
BRH:0
end_of_record
TN:
SF:src/controllers/miscReceiptController.js
FN:35,asText
FN:48,extractXmlPayload
FN:56,extractSoapFaultMessage
FN:65,snippet
FN:74,validateCsv
FN:75,(anonymous_5)
FN:76,(anonymous_6)
FN:83,(anonymous_7)
FN:101,generateSoapEnvelope
FN:131,escapeXml
FN:141,ensureNegativeAmount
FN:156,normalizeDate
FN:170,normalizeRow
FN:193,normalizeRecords
FN:210,previewXml
FN:239,(anonymous_15)
FN:255,upload
FN:328,(anonymous_17)
FN:438,listUploads
FN:467,getUpload
FN:492,(anonymous_20)
FN:494,(anonymous_21)
FN:508,downloadTemplate
FNF:23
FNH:1
FNDA:0,asText
FNDA:0,extractXmlPayload
FNDA:0,extractSoapFaultMessage
FNDA:0,snippet
FNDA:0,validateCsv
FNDA:0,(anonymous_5)
FNDA:0,(anonymous_6)
FNDA:0,(anonymous_7)
FNDA:0,generateSoapEnvelope
FNDA:0,escapeXml
FNDA:0,ensureNegativeAmount
FNDA:0,normalizeDate
FNDA:0,normalizeRow
FNDA:0,normalizeRecords
FNDA:0,previewXml
FNDA:0,(anonymous_15)
FNDA:0,upload
FNDA:0,(anonymous_17)
FNDA:0,listUploads
FNDA:0,getUpload
FNDA:0,(anonymous_20)
FNDA:0,(anonymous_21)
FNDA:1,downloadTemplate
DA:7,1
DA:8,1
DA:9,1
DA:12,1
DA:25,1
DA:28,1
DA:30,1
DA:31,1
DA:32,1
DA:33,1
DA:36,0
DA:37,0
DA:38,0
DA:39,0
DA:40,0
DA:42,0
DA:43,0
DA:45,0
DA:49,0
DA:50,0
DA:51,0
DA:52,0
DA:53,0
DA:57,0
DA:58,0
DA:59,0
DA:60,0
DA:61,0
DA:62,0
DA:66,0
DA:67,0
DA:75,0
DA:76,0
DA:77,0
DA:78,0
DA:81,0
DA:82,0
DA:83,0
DA:84,0
DA:85,0
DA:87,0
DA:88,0
DA:92,0
DA:102,0
DA:105,0
DA:109,0
DA:132,0
DA:133,0
DA:142,0
DA:143,0
DA:144,0
DA:146,0
DA:147,0
DA:148,0
DA:149,0
DA:150,0
DA:152,0
DA:153,0
DA:157,0
DA:158,0
DA:159,0
DA:161,0
DA:162,0
DA:163,0
DA:164,0
DA:165,0
DA:167,0
DA:171,0
DA:194,0
DA:195,0
DA:196,0
DA:197,0
DA:199,0
DA:202,0
DA:211,0
DA:212,0
DA:213,0
DA:216,0
DA:223,0
DA:224,0
DA:227,0
DA:228,0
DA:229,0
DA:233,0
DA:234,0
DA:236,0
DA:239,0
DA:244,0
DA:246,0
DA:256,0
DA:257,0
DA:258,0
DA:261,0
DA:268,0
DA:269,0
DA:272,0
DA:273,0
DA:274,0
DA:278,0
DA:279,0
DA:281,0
DA:285,0
DA:288,0
DA:299,0
DA:303,0
DA:304,0
DA:305,0
DA:306,0
DA:307,0
DA:308,0
DA:309,0
DA:312,0
DA:313,0
DA:314,0
DA:315,0
DA:316,0
DA:318,0
DA:319,0
DA:328,0
DA:331,0
DA:332,0
DA:333,0
DA:334,0
DA:336,0
DA:337,0
DA:339,0
DA:341,0
DA:342,0
DA:348,0
DA:349,0
DA:351,0
DA:354,0
DA:355,0
DA:357,0
DA:358,0
DA:359,0
DA:360,0
DA:362,0
DA:363,0
DA:364,0
DA:367,0
DA:368,0
DA:369,0
DA:371,0
DA:375,0
DA:382,0
DA:385,0
DA:386,0
DA:388,0
DA:389,0
DA:390,0
DA:395,0
DA:396,0
DA:400,0
DA:402,0
DA:406,0
DA:409,0
DA:418,0
DA:422,0
DA:430,0
DA:439,0
DA:440,0
DA:441,0
DA:442,0
DA:444,0
DA:446,0
DA:457,0
DA:459,0
DA:468,0
DA:469,0
DA:470,0
DA:471,0
DA:474,0
DA:482,0
DA:483,0
DA:485,0
DA:486,0
DA:490,0
DA:492,0
DA:494,0
DA:498,0
DA:500,0
DA:509,1
DA:511,1
DA:513,1
DA:514,1
DA:516,1
DA:517,1
DA:518,1
DA:521,1
LF:190
LH:18
BRDA:36,0,0,0
BRDA:36,0,1,0
BRDA:37,1,0,0
BRDA:37,1,1,0
BRDA:38,2,0,0
BRDA:38,2,1,0
BRDA:39,3,0,0
BRDA:39,3,1,0
BRDA:39,4,0,0
BRDA:39,4,1,0
BRDA:42,5,0,0
BRDA:42,5,1,0
BRDA:42,6,0,0
BRDA:42,6,1,0
BRDA:49,7,0,0
BRDA:49,7,1,0
BRDA:51,8,0,0
BRDA:51,8,1,0
BRDA:53,9,0,0
BRDA:53,9,1,0
BRDA:58,10,0,0
BRDA:58,10,1,0
BRDA:60,11,0,0
BRDA:60,11,1,0
BRDA:62,12,0,0
BRDA:62,12,1,0
BRDA:65,13,0,0
BRDA:66,14,0,0
BRDA:66,14,1,0
BRDA:67,15,0,0
BRDA:67,15,1,0
BRDA:75,16,0,0
BRDA:75,16,1,0
BRDA:77,17,0,0
BRDA:77,17,1,0
BRDA:85,18,0,0
BRDA:85,18,1,0
BRDA:85,18,2,0
BRDA:87,19,0,0
BRDA:87,19,1,0
BRDA:102,20,0,0
BRDA:102,20,1,0
BRDA:105,21,0,0
BRDA:105,21,1,0
BRDA:132,22,0,0
BRDA:132,22,1,0
BRDA:142,23,0,0
BRDA:142,23,1,0
BRDA:143,24,0,0
BRDA:143,24,1,0
BRDA:147,25,0,0
BRDA:147,25,1,0
BRDA:149,26,0,0
BRDA:149,26,1,0
BRDA:152,27,0,0
BRDA:152,27,1,0
BRDA:153,28,0,0
BRDA:153,28,1,0
BRDA:157,29,0,0
BRDA:157,29,1,0
BRDA:158,30,0,0
BRDA:158,30,1,0
BRDA:162,31,0,0
BRDA:162,31,1,0
BRDA:164,32,0,0
BRDA:164,32,1,0
BRDA:175,33,0,0
BRDA:175,33,1,0
BRDA:180,34,0,0
BRDA:180,34,1,0
BRDA:180,35,0,0
BRDA:180,35,1,0
BRDA:184,36,0,0
BRDA:184,36,1,0
BRDA:184,37,0,0
BRDA:184,37,1,0
BRDA:187,38,0,0
BRDA:187,38,1,0
BRDA:188,39,0,0
BRDA:188,39,1,0
BRDA:189,40,0,0
BRDA:189,40,1,0
BRDA:212,41,0,0
BRDA:212,41,1,0
BRDA:223,42,0,0
BRDA:223,42,1,0
BRDA:228,43,0,0
BRDA:228,43,1,0
BRDA:257,44,0,0
BRDA:257,44,1,0
BRDA:268,45,0,0
BRDA:268,45,1,0
BRDA:273,46,0,0
BRDA:273,46,1,0
BRDA:336,47,0,0
BRDA:336,47,1,0
BRDA:336,48,0,0
BRDA:336,48,1,0
BRDA:339,49,0,0
BRDA:339,49,1,0
BRDA:340,50,0,0
BRDA:340,50,1,0
BRDA:348,51,0,0
BRDA:348,51,1,0
BRDA:351,52,0,0
BRDA:351,52,1,0
BRDA:352,53,0,0
BRDA:352,53,1,0
BRDA:352,53,2,0
BRDA:353,54,0,0
BRDA:353,54,1,0
BRDA:358,55,0,0
BRDA:358,55,1,0
BRDA:358,56,0,0
BRDA:358,56,1,0
BRDA:359,57,0,0
BRDA:359,57,1,0
BRDA:360,58,0,0
BRDA:360,58,1,0
BRDA:362,59,0,0
BRDA:362,59,1,0
BRDA:362,60,0,0
BRDA:362,60,1,0
BRDA:371,61,0,0
BRDA:371,61,1,0
BRDA:371,61,2,0
BRDA:371,61,3,0
BRDA:379,62,0,0
BRDA:379,62,1,0
BRDA:379,63,0,0
BRDA:379,63,1,0
BRDA:382,64,0,0
BRDA:382,64,1,0
BRDA:384,65,0,0
BRDA:384,65,1,0
BRDA:385,66,0,0
BRDA:385,66,1,0
BRDA:388,67,0,0
BRDA:388,67,1,0
BRDA:388,68,0,0
BRDA:388,68,1,0
BRDA:395,69,0,0
BRDA:395,69,1,0
BRDA:400,70,0,0
BRDA:400,70,1,0
BRDA:400,71,0,0
BRDA:400,71,1,0
BRDA:402,72,0,0
BRDA:402,72,1,0
BRDA:402,72,2,0
BRDA:406,73,0,0
BRDA:406,73,1,0
BRDA:440,74,0,0
BRDA:440,74,1,0
BRDA:441,75,0,0
BRDA:441,75,1,0
BRDA:444,76,0,0
BRDA:444,76,1,0
BRDA:470,77,0,0
BRDA:470,77,1,0
BRDA:482,78,0,0
BRDA:482,78,1,0
BRDA:485,79,0,0
BRDA:485,79,1,0
BRDA:485,80,0,0
BRDA:485,80,1,0
BRF:166
BRH:0
end_of_record
TN:
SF:src/controllers/reportsController.js
FN:12,dashboard
FN:68,(anonymous_1)
FN:83,(anonymous_2)
FN:98,(anonymous_3)
FN:114,(anonymous_4)
FN:138,failures
FN:162,(anonymous_6)
FN:164,(anonymous_7)
FN:177,(anonymous_8)
FN:179,(anonymous_9)
FN:191,(anonymous_10)
FN:193,(anonymous_11)
FN:207,activity
FN:243,exportReport
FN:262,(anonymous_14)
FN:275,(anonymous_15)
FNF:16
FNH:0
FNDA:0,dashboard
FNDA:0,(anonymous_1)
FNDA:0,(anonymous_2)
FNDA:0,(anonymous_3)
FNDA:0,(anonymous_4)
FNDA:0,failures
FNDA:0,(anonymous_6)
FNDA:0,(anonymous_7)
FNDA:0,(anonymous_8)
FNDA:0,(anonymous_9)
FNDA:0,(anonymous_10)
FNDA:0,(anonymous_11)
FNDA:0,activity
FNDA:0,exportReport
FNDA:0,(anonymous_14)
FNDA:0,(anonymous_15)
DA:6,0
DA:13,0
DA:14,0
DA:15,0
DA:29,0
DA:67,0
DA:68,0
DA:69,0
DA:70,0
DA:71,0
DA:80,0
DA:81,0
DA:83,0
DA:84,0
DA:85,0
DA:86,0
DA:95,0
DA:96,0
DA:98,0
DA:99,0
DA:100,0
DA:101,0
DA:110,0
DA:111,0
DA:114,0
DA:116,0
DA:130,0
DA:139,0
DA:140,0
DA:141,0
DA:142,0
DA:143,0
DA:145,0
DA:146,0
DA:147,0
DA:149,0
DA:150,0
DA:151,0
DA:153,0
DA:154,0
DA:162,0
DA:164,0
DA:168,0
DA:169,0
DA:177,0
DA:179,0
DA:183,0
DA:184,0
DA:191,0
DA:193,0
DA:197,0
DA:199,0
DA:208,0
DA:209,0
DA:210,0
DA:211,0
DA:212,0
DA:214,0
DA:215,0
DA:216,0
DA:217,0
DA:218,0
DA:219,0
DA:222,0
DA:233,0
DA:235,0
DA:244,0
DA:245,0
DA:247,0
DA:248,0
DA:249,0
DA:250,0
DA:252,0
DA:253,0
DA:255,0
DA:256,0
DA:262,0
DA:263,0
DA:265,0
DA:266,0
DA:269,0
DA:275,0
DA:276,0
DA:278,0
DA:279,0
DA:283,0
DA:284,0
DA:285,0
DA:286,0
DA:287,0
DA:289,0
DA:293,0
LF:92
LH:0
BRDA:70,0,0,0
BRDA:70,0,1,0
BRDA:85,1,0,0
BRDA:85,1,1,0
BRDA:95,2,0,0
BRDA:95,2,1,0
BRDA:100,3,0,0
BRDA:100,3,1,0
BRDA:110,4,0,0
BRDA:110,4,1,0
BRDA:110,5,0,0
BRDA:110,5,1,0
BRDA:111,6,0,0
BRDA:111,6,1,0
BRDA:111,7,0,0
BRDA:111,7,1,0
BRDA:120,8,0,0
BRDA:120,8,1,0
BRDA:121,9,0,0
BRDA:121,9,1,0
BRDA:122,10,0,0
BRDA:122,10,1,0
BRDA:123,11,0,0
BRDA:123,11,1,0
BRDA:124,12,0,0
BRDA:124,12,1,0
BRDA:141,13,0,0
BRDA:141,13,1,0
BRDA:142,14,0,0
BRDA:142,14,1,0
BRDA:146,15,0,0
BRDA:146,15,1,0
BRDA:147,16,0,0
BRDA:147,16,1,0
BRDA:153,17,0,0
BRDA:153,17,1,0
BRDA:153,18,0,0
BRDA:153,18,1,0
BRDA:155,19,0,0
BRDA:155,19,1,0
BRDA:155,20,0,0
BRDA:155,20,1,0
BRDA:168,21,0,0
BRDA:168,21,1,0
BRDA:168,22,0,0
BRDA:168,22,1,0
BRDA:170,23,0,0
BRDA:170,23,1,0
BRDA:170,24,0,0
BRDA:170,24,1,0
BRDA:183,25,0,0
BRDA:183,25,1,0
BRDA:183,26,0,0
BRDA:183,26,1,0
BRDA:185,27,0,0
BRDA:185,27,1,0
BRDA:185,28,0,0
BRDA:185,28,1,0
BRDA:210,29,0,0
BRDA:210,29,1,0
BRDA:211,30,0,0
BRDA:211,30,1,0
BRDA:215,31,0,0
BRDA:215,31,1,0
BRDA:216,32,0,0
BRDA:216,32,1,0
BRDA:216,33,0,0
BRDA:216,33,1,0
BRDA:218,34,0,0
BRDA:218,34,1,0
BRDA:219,35,0,0
BRDA:219,35,1,0
BRDA:245,36,0,0
BRDA:248,37,0,0
BRDA:248,37,1,0
BRDA:249,38,0,0
BRDA:249,38,1,0
BRDA:250,39,0,0
BRDA:250,39,1,0
BRDA:255,40,0,0
BRDA:255,40,1,0
BRDA:257,41,0,0
BRDA:257,41,1,0
BRDA:263,42,0,0
BRDA:263,42,1,0
BRDA:270,43,0,0
BRDA:270,43,1,0
BRF:87
BRH:0
end_of_record
TN:
SF:src/controllers/standardReceiptController.js
FN:26,asText
FN:39,snippet
FN:44,normalizeDate
FN:54,normalizeAmount
FN:64,normalizeRow
FN:79,validateCsv
FN:80,(anonymous_6)
FN:81,(anonymous_7)
FN:88,(anonymous_8)
FN:100,normalizeRecords
FN:112,previewPayload
FN:141,(anonymous_11)
FN:152,upload
FN:221,(anonymous_13)
FN:313,listUploads
FN:338,getUpload
FN:362,(anonymous_16)
FN:364,(anonymous_17)
FN:374,downloadTemplate
FNF:19
FNH:1
FNDA:0,asText
FNDA:0,snippet
FNDA:0,normalizeDate
FNDA:0,normalizeAmount
FNDA:0,normalizeRow
FNDA:0,validateCsv
FNDA:0,(anonymous_6)
FNDA:0,(anonymous_7)
FNDA:0,(anonymous_8)
FNDA:0,normalizeRecords
FNDA:0,previewPayload
FNDA:0,(anonymous_11)
FNDA:0,upload
FNDA:0,(anonymous_13)
FNDA:0,listUploads
FNDA:0,getUpload
FNDA:0,(anonymous_16)
FNDA:0,(anonymous_17)
FNDA:1,downloadTemplate
DA:7,1
DA:8,1
DA:9,1
DA:11,1
DA:24,1
DA:27,0
DA:28,0
DA:29,0
DA:30,0
DA:31,0
DA:33,0
DA:34,0
DA:36,0
DA:40,0
DA:41,0
DA:45,0
DA:46,0
DA:47,0
DA:48,0
DA:49,0
DA:50,0
DA:51,0
DA:55,0
DA:56,0
DA:57,0
DA:58,0
DA:59,0
DA:61,0
DA:65,0
DA:80,0
DA:81,0
DA:82,0
DA:83,0
DA:86,0
DA:87,0
DA:88,0
DA:89,0
DA:90,0
DA:92,0
DA:93,0
DA:97,0
DA:101,0
DA:102,0
DA:103,0
DA:104,0
DA:106,0
DA:109,0
DA:113,0
DA:114,0
DA:115,0
DA:118,0
DA:125,0
DA:126,0
DA:129,0
DA:130,0
DA:131,0
DA:135,0
DA:136,0
DA:138,0
DA:141,0
DA:146,0
DA:148,0
DA:153,0
DA:154,0
DA:155,0
DA:158,0
DA:159,0
DA:162,0
DA:169,0
DA:170,0
DA:173,0
DA:174,0
DA:175,0
DA:179,0
DA:180,0
DA:182,0
DA:185,0
DA:196,0
DA:200,0
DA:201,0
DA:202,0
DA:203,0
DA:204,0
DA:205,0
DA:206,0
DA:208,0
DA:209,0
DA:210,0
DA:211,0
DA:213,0
DA:214,0
DA:221,0
DA:224,0
DA:225,0
DA:226,0
DA:227,0
DA:228,0
DA:234,0
DA:235,0
DA:237,0
DA:238,0
DA:239,0
DA:241,0
DA:242,0
DA:243,0
DA:244,0
DA:246,0
DA:247,0
DA:248,0
DA:251,0
DA:252,0
DA:253,0
DA:258,0
DA:264,0
DA:265,0
DA:267,0
DA:268,0
DA:269,0
DA:273,0
DA:274,0
DA:278,0
DA:280,0
DA:284,0
DA:286,0
DA:297,0
DA:301,0
DA:309,0
DA:314,0
DA:315,0
DA:316,0
DA:317,0
DA:319,0
DA:321,0
DA:332,0
DA:334,0
DA:339,0
DA:340,0
DA:341,0
DA:342,0
DA:345,0
DA:353,0
DA:354,0
DA:356,0
DA:357,0
DA:360,0
DA:362,0
DA:364,0
DA:368,0
DA:370,0
DA:375,1
DA:377,1
DA:379,1
DA:380,1
DA:382,1
DA:383,1
DA:384,1
DA:387,1
LF:157
LH:13
BRDA:27,0,0,0
BRDA:27,0,1,0
BRDA:28,1,0,0
BRDA:28,1,1,0
BRDA:29,2,0,0
BRDA:29,2,1,0
BRDA:30,3,0,0
BRDA:30,3,1,0
BRDA:30,4,0,0
BRDA:30,4,1,0
BRDA:33,5,0,0
BRDA:33,5,1,0
BRDA:33,6,0,0
BRDA:33,6,1,0
BRDA:39,7,0,0
BRDA:40,8,0,0
BRDA:40,8,1,0
BRDA:41,9,0,0
BRDA:41,9,1,0
BRDA:45,10,0,0
BRDA:45,10,1,0
BRDA:46,11,0,0
BRDA:46,11,1,0
BRDA:48,12,0,0
BRDA:48,12,1,0
BRDA:50,13,0,0
BRDA:50,13,1,0
BRDA:55,14,0,0
BRDA:55,14,1,0
BRDA:56,15,0,0
BRDA:56,15,1,0
BRDA:58,16,0,0
BRDA:58,16,1,0
BRDA:66,17,0,0
BRDA:66,17,1,0
BRDA:67,18,0,0
BRDA:67,18,1,0
BRDA:69,19,0,0
BRDA:69,19,1,0
BRDA:70,20,0,0
BRDA:70,20,1,0
BRDA:71,21,0,0
BRDA:71,21,1,0
BRDA:73,22,0,0
BRDA:73,22,1,0
BRDA:74,23,0,0
BRDA:74,23,1,0
BRDA:80,24,0,0
BRDA:80,24,1,0
BRDA:82,25,0,0
BRDA:82,25,1,0
BRDA:90,26,0,0
BRDA:90,26,1,0
BRDA:90,26,2,0
BRDA:92,27,0,0
BRDA:92,27,1,0
BRDA:114,28,0,0
BRDA:114,28,1,0
BRDA:125,29,0,0
BRDA:125,29,1,0
BRDA:130,30,0,0
BRDA:130,30,1,0
BRDA:154,31,0,0
BRDA:154,31,1,0
BRDA:158,32,0,0
BRDA:158,32,1,0
BRDA:169,33,0,0
BRDA:169,33,1,0
BRDA:174,34,0,0
BRDA:174,34,1,0
BRDA:225,35,0,0
BRDA:225,35,1,0
BRDA:227,36,0,0
BRDA:227,36,1,0
BRDA:234,37,0,0
BRDA:234,37,1,0
BRDA:242,38,0,0
BRDA:242,38,1,0
BRDA:243,39,0,0
BRDA:243,39,1,0
BRDA:246,40,0,0
BRDA:246,40,1,0
BRDA:254,41,0,0
BRDA:254,41,1,0
BRDA:254,41,2,0
BRDA:264,42,0,0
BRDA:264,42,1,0
BRDA:273,43,0,0
BRDA:273,43,1,0
BRDA:278,44,0,0
BRDA:278,44,1,0
BRDA:278,45,0,0
BRDA:278,45,1,0
BRDA:280,46,0,0
BRDA:280,46,1,0
BRDA:280,46,2,0
BRDA:284,47,0,0
BRDA:284,47,1,0
BRDA:315,48,0,0
BRDA:315,48,1,0
BRDA:316,49,0,0
BRDA:316,49,1,0
BRDA:319,50,0,0
BRDA:319,50,1,0
BRDA:341,51,0,0
BRDA:341,51,1,0
BRDA:353,52,0,0
BRDA:353,52,1,0
BRDA:356,53,0,0
BRDA:356,53,1,0
BRDA:356,54,0,0
BRDA:356,54,1,0
BRF:112
BRH:0
end_of_record
TN:
SF:src/middleware/activityLogger.js
FN:14,activityLogger
FN:16,(anonymous_1)
FNF:2
FNH:0
FNDA:0,activityLogger
FNDA:0,(anonymous_1)
DA:7,0
DA:16,0
DA:17,0
DA:21,0
DA:22,0
DA:25,0
DA:26,0
DA:39,0
DA:42,0
LF:9
LH:0
BRDA:17,0,0,0
BRDA:17,0,1,0
BRDA:21,1,0,0
BRDA:21,1,1,0
BRDA:21,2,0,0
BRDA:21,2,1,0
BRDA:31,3,0,0
BRDA:31,3,1,0
BRF:8
BRH:0
end_of_record
TN:
SF:src/middleware/auth.js
FN:12,authenticate
FN:34,requireRole
FN:35,(anonymous_2)
FNF:3
FNH:0
FNDA:0,authenticate
FNDA:0,requireRole
FNDA:0,(anonymous_2)
DA:7,0
DA:13,0
DA:14,0
DA:15,0
DA:18,0
DA:19,0
DA:20,0
DA:21,0
DA:22,0
DA:24,0
DA:35,0
DA:36,0
DA:37,0
DA:39,0
DA:43,0
LF:15
LH:0
BRDA:14,0,0,0
BRDA:14,0,1,0
BRDA:14,1,0,0
BRDA:14,1,1,0
BRDA:36,2,0,0
BRDA:36,2,1,0
BRDA:36,3,0,0
BRDA:36,3,1,0
BRF:8
BRH:0
end_of_record
TN:
SF:src/middleware/errorHandler.js
FN:7,errorHandler
FN:14,(anonymous_1)
FNF:2
FNH:0
FNDA:0,errorHandler
FNDA:0,(anonymous_1)
DA:8,0
DA:11,0
DA:12,0
DA:14,0
DA:19,0
DA:20,0
DA:26,0
DA:27,0
DA:30,0
DA:31,0
DA:33,0
DA:36,0
LF:12
LH:0
BRDA:8,0,0,0
BRDA:8,0,1,0
BRDA:11,1,0,0
BRDA:11,1,1,0
BRDA:19,2,0,0
BRDA:19,2,1,0
BRDA:26,3,0,0
BRDA:26,3,1,0
BRDA:26,4,0,0
BRDA:26,4,1,0
BRDA:30,5,0,0
BRDA:30,5,1,0
BRDA:30,5,2,0
BRDA:31,6,0,0
BRDA:31,6,1,0
BRF:15
BRH:0
end_of_record
TN:
SF:src/middleware/requestLogger.js
FN:6,requestLogger
FN:9,(anonymous_1)
FNF:2
FNH:0
FNDA:0,requestLogger
FNDA:0,(anonymous_1)
DA:7,0
DA:9,0
DA:10,0
DA:11,0
DA:16,0
DA:19,0
LF:6
LH:0
BRF:0
BRH:0
end_of_record
TN:
SF:src/routes/admin.js
FNF:0
FNH:0
DA:11,0
DA:12,0
DA:13,0
DA:20,0
DA:22,0
DA:25,0
DA:52,0
DA:64,0
DA:94,0
DA:112,0
DA:130,0
DA:132,0
LF:12
LH:0
BRF:0
BRH:0
end_of_record
TN:
SF:src/routes/auth.js
FNF:0
FNH:0
DA:9,0
DA:10,0
DA:11,0
DA:13,0
DA:40,0
DA:52,0
DA:64,0
DA:66,0
LF:8
LH:0
BRF:0
BRH:0
end_of_record
TN:
SF:src/routes/inventory.js
FN:34,(anonymous_0)
FNF:1
FNH:0
FNDA:0,(anonymous_0)
DA:12,0
DA:13,0
DA:14,0
DA:15,0
DA:26,0
DA:28,0
DA:31,0
DA:35,0
DA:36,0
DA:38,0
DA:56,0
DA:60,0
DA:88,0
DA:109,0
DA:127,0
DA:158,0
DA:185,0
DA:211,0
DA:229,0
DA:247,0
DA:249,0
LF:21
LH:0
BRDA:35,0,0,0
BRDA:35,0,1,0
BRDA:35,1,0,0
BRDA:35,1,1,0
BRF:4
BRH:0
end_of_record
TN:
SF:src/routes/inventoryTemplate.js
FN:18,(anonymous_0)
FNF:1
FNH:0
FNDA:0,(anonymous_0)
DA:7,0
DA:8,0
DA:9,0
DA:10,0
DA:11,0
DA:13,0
DA:15,0
DA:19,0
DA:20,0
DA:22,0
DA:27,0
DA:29,0
DA:30,0
DA:32,0
LF:14
LH:0
BRDA:19,0,0,0
BRDA:19,0,1,0
BRDA:19,1,0,0
BRDA:19,1,1,0
BRF:4
BRH:0
end_of_record
TN:
SF:src/routes/miscReceipt.js
FN:28,(anonymous_0)
FNF:1
FNH:0
FNDA:0,(anonymous_0)
DA:11,0
DA:12,0
DA:13,0
DA:14,0
DA:21,0
DA:23,0
DA:25,0
DA:29,0
DA:30,0
DA:32,0
DA:50,0
DA:54,0
DA:76,0
DA:98,0
DA:110,0
DA:128,0
DA:130,0
LF:17
LH:0
BRDA:29,0,0,0
BRDA:29,0,1,0
BRDA:29,1,0,0
BRDA:29,1,1,0
BRF:4
BRH:0
end_of_record
TN:
SF:src/routes/reports.js
FNF:0
FNH:0
DA:11,0
DA:12,0
DA:13,0
DA:15,0
DA:17,0
DA:29,0
DA:57,0
DA:84,0
DA:112,0
DA:114,0
LF:10
LH:0
BRF:0
BRH:0
end_of_record
TN:
SF:src/routes/standardReceipt.js
FN:23,(anonymous_0)
FNF:1
FNH:0
FNDA:0,(anonymous_0)
DA:6,0
DA:7,0
DA:8,0
DA:9,0
DA:16,0
DA:18,0
DA:20,0
DA:24,0
DA:25,0
DA:27,0
DA:33,0
DA:36,0
DA:37,0
DA:38,0
DA:39,0
DA:40,0
DA:42,0
LF:17
LH:0
BRDA:24,0,0,0
BRDA:24,0,1,0
BRDA:24,1,0,0
BRDA:24,1,1,0
BRF:4
BRH:0
end_of_record
TN:
SF:src/services/prisma.js
FNF:0
FNH:0
DA:7,2
DA:9,2
DA:13,2
LF:3
LH:3
BRDA:10,0,0,0
BRDA:10,0,1,2
BRF:2
BRH:1
end_of_record
